[2026-05-30T23:00:03.340+0000] {taskinstance.py:1957} INFO - Dependencies all met for dep_context=non-requeueable deps ti=<TaskInstance: i_sense_pipeline.fetch_isense_data scheduled__2026-05-30T22:00:00+00:00 [queued]>
[2026-05-30T23:00:03.358+0000] {taskinstance.py:1957} INFO - Dependencies all met for dep_context=requeueable deps ti=<TaskInstance: i_sense_pipeline.fetch_isense_data scheduled__2026-05-30T22:00:00+00:00 [queued]>
[2026-05-30T23:00:03.358+0000] {taskinstance.py:2171} INFO - Starting attempt 1 of 2
[2026-05-30T23:00:03.390+0000] {taskinstance.py:2192} INFO - Executing <Task(BashOperator): fetch_isense_data> on 2026-05-30 22:00:00+00:00
[2026-05-30T23:00:03.400+0000] {standard_task_runner.py:60} INFO - Started process 2820 to run task
[2026-05-30T23:00:03.408+0000] {standard_task_runner.py:87} INFO - Running: ['***', 'tasks', 'run', 'i_sense_pipeline', 'fetch_isense_data', 'scheduled__2026-05-30T22:00:00+00:00', '--job-id', '4', '--raw', '--subdir', 'DAGS_FOLDER/i_sense_pipeline.py', '--cfg-path', '/tmp/tmp2n7qirvf']
[2026-05-30T23:00:03.412+0000] {standard_task_runner.py:88} INFO - Job 4: Subtask fetch_isense_data
[2026-05-30T23:00:03.655+0000] {task_command.py:423} INFO - Running <TaskInstance: i_sense_pipeline.fetch_isense_data scheduled__2026-05-30T22:00:00+00:00 [running]> on host af189d74c7bc
[2026-05-30T23:00:04.079+0000] {taskinstance.py:2481} INFO - Exporting env vars: AIRFLOW_CTX_DAG_OWNER='data_team' AIRFLOW_CTX_DAG_ID='i_sense_pipeline' AIRFLOW_CTX_TASK_ID='fetch_isense_data' AIRFLOW_CTX_EXECUTION_DATE='2026-05-30T22:00:00+00:00' AIRFLOW_CTX_TRY_NUMBER='1' AIRFLOW_CTX_DAG_RUN_ID='scheduled__2026-05-30T22:00:00+00:00'
[2026-05-30T23:00:04.081+0000] {subprocess.py:63} INFO - Tmp dir root location: /tmp
[2026-05-30T23:00:04.086+0000] {subprocess.py:75} INFO - Running command: ['/usr/bin/bash', '-c', 'python /opt/***/scripts/fetch_isense.py']
[2026-05-30T23:00:04.130+0000] {subprocess.py:86} INFO - Output:
[2026-05-30T23:01:25.314+0000] {subprocess.py:93} INFO - 
[2026-05-30T23:01:25.315+0000] {subprocess.py:93} INFO - ================================================================================
[2026-05-30T23:01:25.321+0000] {subprocess.py:93} INFO - 🏭 i-SENSE COMPLETE DATA FETCHER
[2026-05-30T23:01:25.324+0000] {subprocess.py:93} INFO -    SAP | AF | CAP | ENGRAIS
[2026-05-30T23:01:25.325+0000] {subprocess.py:93} INFO - ================================================================================
[2026-05-30T23:01:25.326+0000] {subprocess.py:93} INFO - 
[2026-05-30T23:01:25.327+0000] {subprocess.py:93} INFO - ================================================================================
[2026-05-30T23:01:25.329+0000] {subprocess.py:93} INFO - 🚀 FETCHING DATA FOR ALL DEPARTMENTS
[2026-05-30T23:01:25.330+0000] {subprocess.py:93} INFO -    Total machines: 17
[2026-05-30T23:01:25.331+0000] {subprocess.py:93} INFO - ================================================================================
[2026-05-30T23:01:25.332+0000] {subprocess.py:93} INFO - ✅ Logged in successfully
[2026-05-30T23:01:25.333+0000] {subprocess.py:93} INFO - 
[2026-05-30T23:01:25.334+0000] {subprocess.py:93} INFO - 📡 Asset 153 → SAP/Pompe_HRS_601ABP04
[2026-05-30T23:01:25.335+0000] {subprocess.py:93} INFO -       💾 Saved: AccelerationData.csv (721 rows, 3 parts)
[2026-05-30T23:01:25.336+0000] {subprocess.py:93} INFO -       💾 Saved: VibrationData.csv (721 rows, 3 parts)
[2026-05-30T23:01:25.339+0000] {subprocess.py:93} INFO -       💾 Saved: TemperatureData.csv (721 rows, 3 parts)
[2026-05-30T23:01:25.341+0000] {subprocess.py:93} INFO - 
[2026-05-30T23:01:25.344+0000] {subprocess.py:93} INFO - 📡 Asset 156 → SAP/Pompe_circulation_bac_commun_601AAP01
[2026-05-30T23:01:25.347+0000] {subprocess.py:93} INFO -       💾 Saved: AccelerationData.csv (721 rows, 2 parts)
[2026-05-30T23:01:25.349+0000] {subprocess.py:93} INFO -       💾 Saved: VibrationData.csv (721 rows, 2 parts)
[2026-05-30T23:01:25.350+0000] {subprocess.py:93} INFO -       💾 Saved: TemperatureData.csv (721 rows, 2 parts)
[2026-05-30T23:01:25.352+0000] {subprocess.py:93} INFO - 
[2026-05-30T23:01:25.356+0000] {subprocess.py:93} INFO - 📡 Asset 159 → SAP/Pompe_circulation_bac_commun_601AAP02
[2026-05-30T23:01:25.357+0000] {subprocess.py:93} INFO -       💾 Saved: AccelerationData.csv (457 rows, 3 parts)
[2026-05-30T23:01:25.358+0000] {subprocess.py:93} INFO -       💾 Saved: VibrationData.csv (457 rows, 3 parts)
[2026-05-30T23:01:25.359+0000] {subprocess.py:93} INFO -       💾 Saved: TemperatureData.csv (457 rows, 3 parts)
[2026-05-30T23:01:25.361+0000] {subprocess.py:93} INFO - 
[2026-05-30T23:01:25.363+0000] {subprocess.py:93} INFO - 📡 Asset 168 → AF/POMPE_A_VIDE_603AAC01
[2026-05-30T23:01:25.365+0000] {subprocess.py:93} INFO -       💾 Saved: AccelerationData.csv (721 rows, 1 parts)
[2026-05-30T23:01:25.365+0000] {subprocess.py:93} INFO -       💾 Saved: VibrationData.csv (721 rows, 1 parts)
[2026-05-30T23:01:25.368+0000] {subprocess.py:93} INFO -       💾 Saved: TemperatureData.csv (721 rows, 1 parts)
[2026-05-30T23:01:25.370+0000] {subprocess.py:93} INFO - 
[2026-05-30T23:01:25.371+0000] {subprocess.py:93} INFO - 📡 Asset 171 → AF/POMPE_A_VIDE_603AAC06
[2026-05-30T23:01:25.373+0000] {subprocess.py:93} INFO -       💾 Saved: AccelerationData.csv (721 rows, 4 parts)
[2026-05-30T23:01:25.374+0000] {subprocess.py:93} INFO -       💾 Saved: VibrationData.csv (721 rows, 4 parts)
[2026-05-30T23:01:25.375+0000] {subprocess.py:93} INFO -       💾 Saved: TemperatureData.csv (721 rows, 4 parts)
[2026-05-30T23:01:25.376+0000] {subprocess.py:93} INFO - 
[2026-05-30T23:01:25.378+0000] {subprocess.py:93} INFO - 📡 Asset 174 → AF/POMPE_A_VIDE_603ABC06
[2026-05-30T23:01:25.379+0000] {subprocess.py:93} INFO -       💾 Saved: AccelerationData.csv (721 rows, 4 parts)
[2026-05-30T23:01:25.381+0000] {subprocess.py:93} INFO -       💾 Saved: VibrationData.csv (721 rows, 4 parts)
[2026-05-30T23:01:25.383+0000] {subprocess.py:93} INFO -       💾 Saved: TemperatureData.csv (721 rows, 4 parts)
[2026-05-30T23:01:25.384+0000] {subprocess.py:93} INFO - 
[2026-05-30T23:01:25.386+0000] {subprocess.py:93} INFO - 📡 Asset 193 → AF/POMPE_B_FLASH_COOLER_603ABP01
[2026-05-30T23:01:25.387+0000] {subprocess.py:93} INFO -       💾 Saved: AccelerationData.csv (563 rows, 4 parts)
[2026-05-30T23:01:25.389+0000] {subprocess.py:93} INFO -       💾 Saved: VibrationData.csv (563 rows, 4 parts)
[2026-05-30T23:01:25.390+0000] {subprocess.py:93} INFO -       💾 Saved: TemperatureData.csv (563 rows, 4 parts)
[2026-05-30T23:01:25.391+0000] {subprocess.py:93} INFO - 
[2026-05-30T23:01:25.393+0000] {subprocess.py:93} INFO - 📡 Asset 177 → CAP/POMPE_DE_CIRCULATION_J_604JAP04
[2026-05-30T23:01:25.394+0000] {subprocess.py:93} INFO -       💾 Saved: AccelerationData.csv (524 rows, 6 parts)
[2026-05-30T23:01:25.396+0000] {subprocess.py:93} INFO -       💾 Saved: VibrationData.csv (524 rows, 6 parts)
[2026-05-30T23:01:25.398+0000] {subprocess.py:93} INFO -       💾 Saved: TemperatureData.csv (524 rows, 6 parts)
[2026-05-30T23:01:25.401+0000] {subprocess.py:93} INFO - 
[2026-05-30T23:01:25.402+0000] {subprocess.py:93} INFO - 📡 Asset 181 → CAP/POMPE_DE_CIRCULATION_K_604KAP04
[2026-05-30T23:01:25.411+0000] {subprocess.py:93} INFO -       💾 Saved: AccelerationData.csv (400 rows, 5 parts)
[2026-05-30T23:01:25.414+0000] {subprocess.py:93} INFO -       💾 Saved: VibrationData.csv (400 rows, 5 parts)
[2026-05-30T23:01:25.415+0000] {subprocess.py:93} INFO -       💾 Saved: TemperatureData.csv (400 rows, 5 parts)
[2026-05-30T23:01:25.417+0000] {subprocess.py:93} INFO - 
[2026-05-30T23:01:25.419+0000] {subprocess.py:93} INFO - 📡 Asset 185 → CAP/POMPE_DE_CIRCULATION_L_604LAP04
[2026-05-30T23:01:25.420+0000] {subprocess.py:93} INFO -       💾 Saved: AccelerationData.csv (682 rows, 7 parts)
[2026-05-30T23:01:25.421+0000] {subprocess.py:93} INFO -       💾 Saved: VibrationData.csv (682 rows, 7 parts)
[2026-05-30T23:01:25.423+0000] {subprocess.py:93} INFO -       💾 Saved: TemperatureData.csv (682 rows, 7 parts)
[2026-05-30T23:01:25.424+0000] {subprocess.py:93} INFO - 
[2026-05-30T23:01:25.426+0000] {subprocess.py:93} INFO - 📡 Asset 197 → ENGRAIS/Elevateur_607AAT01
[2026-05-30T23:01:25.427+0000] {subprocess.py:93} INFO -       💾 Saved: AccelerationData.csv (721 rows, 8 parts)
[2026-05-30T23:01:25.428+0000] {subprocess.py:93} INFO -       💾 Saved: VibrationData.csv (721 rows, 8 parts)
[2026-05-30T23:01:25.429+0000] {subprocess.py:93} INFO -       💾 Saved: TemperatureData.csv (721 rows, 8 parts)
[2026-05-30T23:01:25.430+0000] {subprocess.py:93} INFO - 
[2026-05-30T23:01:25.430+0000] {subprocess.py:93} INFO - 📡 Asset 201 → ENGRAIS/Elevateur_607AAT04
[2026-05-30T23:01:25.432+0000] {subprocess.py:93} INFO -       💾 Saved: AccelerationData.csv (721 rows, 8 parts)
[2026-05-30T23:01:25.433+0000] {subprocess.py:93} INFO -       💾 Saved: VibrationData.csv (721 rows, 8 parts)
[2026-05-30T23:01:25.437+0000] {subprocess.py:93} INFO -       💾 Saved: TemperatureData.csv (721 rows, 8 parts)
[2026-05-30T23:01:25.438+0000] {subprocess.py:93} INFO - 
[2026-05-30T23:01:25.440+0000] {subprocess.py:93} INFO - 📡 Asset 205 → ENGRAIS/Elevateur_607AAT05
[2026-05-30T23:01:25.441+0000] {subprocess.py:93} INFO -       💾 Saved: AccelerationData.csv (721 rows, 4 parts)
[2026-05-30T23:01:25.444+0000] {subprocess.py:93} INFO -       💾 Saved: VibrationData.csv (721 rows, 4 parts)
[2026-05-30T23:01:25.445+0000] {subprocess.py:93} INFO -       💾 Saved: TemperatureData.csv (721 rows, 4 parts)
[2026-05-30T23:01:25.446+0000] {subprocess.py:93} INFO - 
[2026-05-30T23:01:25.447+0000] {subprocess.py:93} INFO - 📡 Asset 209 → ENGRAIS/Elevateur_607AAT06
[2026-05-30T23:01:25.449+0000] {subprocess.py:93} INFO -       💾 Saved: AccelerationData.csv (721 rows, 8 parts)
[2026-05-30T23:01:25.450+0000] {subprocess.py:93} INFO -       💾 Saved: VibrationData.csv (721 rows, 8 parts)
[2026-05-30T23:01:25.451+0000] {subprocess.py:93} INFO -       💾 Saved: TemperatureData.csv (721 rows, 8 parts)
[2026-05-30T23:01:25.452+0000] {subprocess.py:93} INFO - 
[2026-05-30T23:01:25.454+0000] {subprocess.py:93} INFO - 📡 Asset 213 → ENGRAIS/Enrobeur_607AAM04
[2026-05-30T23:01:25.455+0000] {subprocess.py:93} INFO -       💾 Saved: AccelerationData.csv (725 rows, 8 parts)
[2026-05-30T23:01:25.456+0000] {subprocess.py:93} INFO -       💾 Saved: VibrationData.csv (725 rows, 8 parts)
[2026-05-30T23:01:25.459+0000] {subprocess.py:93} INFO -       💾 Saved: TemperatureData.csv (725 rows, 8 parts)
[2026-05-30T23:01:25.460+0000] {subprocess.py:93} INFO - 
[2026-05-30T23:01:25.461+0000] {subprocess.py:93} INFO - 📡 Asset 217 → ENGRAIS/Granulateur_607AAM03
[2026-05-30T23:01:25.462+0000] {subprocess.py:93} INFO -       💾 Saved: AccelerationData.csv (721 rows, 8 parts)
[2026-05-30T23:01:25.463+0000] {subprocess.py:93} INFO -       💾 Saved: VibrationData.csv (721 rows, 8 parts)
[2026-05-30T23:01:25.465+0000] {subprocess.py:93} INFO -       💾 Saved: TemperatureData.csv (721 rows, 8 parts)
[2026-05-30T23:01:25.466+0000] {subprocess.py:93} INFO - 
[2026-05-30T23:01:25.467+0000] {subprocess.py:93} INFO - 📡 Asset 221 → ENGRAIS/Tube_secheur_607AAF02
[2026-05-30T23:01:25.468+0000] {subprocess.py:93} INFO -       💾 Saved: AccelerationData.csv (721 rows, 8 parts)
[2026-05-30T23:01:25.469+0000] {subprocess.py:93} INFO -       💾 Saved: VibrationData.csv (721 rows, 8 parts)
[2026-05-30T23:01:25.470+0000] {subprocess.py:93} INFO -       💾 Saved: TemperatureData.csv (721 rows, 8 parts)
[2026-05-30T23:01:25.471+0000] {subprocess.py:93} INFO - 
[2026-05-30T23:01:25.473+0000] {subprocess.py:93} INFO - ================================================================================
[2026-05-30T23:01:25.474+0000] {subprocess.py:93} INFO - 📊 FETCH SUMMARY - ALL DEPARTMENTS
[2026-05-30T23:01:25.477+0000] {subprocess.py:93} INFO - ================================================================================
[2026-05-30T23:01:25.479+0000] {subprocess.py:93} INFO - 
[2026-05-30T23:01:25.481+0000] {subprocess.py:93} INFO - ✅ SAP: 3/3 machines
[2026-05-30T23:01:25.484+0000] {subprocess.py:93} INFO - 
[2026-05-30T23:01:25.485+0000] {subprocess.py:93} INFO - ✅ AF: 4/4 machines
[2026-05-30T23:01:25.486+0000] {subprocess.py:93} INFO - 
[2026-05-30T23:01:25.487+0000] {subprocess.py:93} INFO - ✅ CAP: 3/3 machines
[2026-05-30T23:01:25.488+0000] {subprocess.py:93} INFO - 
[2026-05-30T23:01:25.495+0000] {subprocess.py:93} INFO - ✅ ENGRAIS: 7/7 machines
[2026-05-30T23:01:25.527+0000] {subprocess.py:97} INFO - Command exited with return code 0
[2026-05-30T23:01:25.614+0000] {taskinstance.py:1138} INFO - Marking task as SUCCESS. dag_id=i_sense_pipeline, task_id=fetch_isense_data, execution_date=20260530T220000, start_date=20260530T230003, end_date=20260530T230125
[2026-05-30T23:01:25.804+0000] {local_task_job_runner.py:234} INFO - Task exited with return code 0
[2026-05-30T23:01:25.877+0000] {taskinstance.py:3281} INFO - 1 downstream tasks scheduled from follow-on schedule check
