[2026-06-02T17:46:05.805+0000] {taskinstance.py:1957} INFO - Dependencies all met for dep_context=non-requeueable deps ti=<TaskInstance: i_sense_pipeline.fetch_isense_data scheduled__2026-06-02T16:00:00+00:00 [queued]>
[2026-06-02T17:46:05.828+0000] {taskinstance.py:1957} INFO - Dependencies all met for dep_context=requeueable deps ti=<TaskInstance: i_sense_pipeline.fetch_isense_data scheduled__2026-06-02T16:00:00+00:00 [queued]>
[2026-06-02T17:46:05.844+0000] {taskinstance.py:2171} INFO - Starting attempt 1 of 2
[2026-06-02T17:46:05.938+0000] {taskinstance.py:2192} INFO - Executing <Task(BashOperator): fetch_isense_data> on 2026-06-02 16:00:00+00:00
[2026-06-02T17:46:05.956+0000] {standard_task_runner.py:60} INFO - Started process 169 to run task
[2026-06-02T17:46:05.968+0000] {standard_task_runner.py:87} INFO - Running: ['***', 'tasks', 'run', 'i_sense_pipeline', 'fetch_isense_data', 'scheduled__2026-06-02T16:00:00+00:00', '--job-id', '47', '--raw', '--subdir', 'DAGS_FOLDER/i_sense_pipeline.py', '--cfg-path', '/tmp/tmp3wuw9r7r']
[2026-06-02T17:46:05.989+0000] {standard_task_runner.py:88} INFO - Job 47: Subtask fetch_isense_data
[2026-06-02T17:46:06.179+0000] {task_command.py:423} INFO - Running <TaskInstance: i_sense_pipeline.fetch_isense_data scheduled__2026-06-02T16:00:00+00:00 [running]> on host 4c0785824885
[2026-06-02T17:46:06.517+0000] {taskinstance.py:2481} INFO - Exporting env vars: AIRFLOW_CTX_DAG_OWNER='data_team' AIRFLOW_CTX_DAG_ID='i_sense_pipeline' AIRFLOW_CTX_TASK_ID='fetch_isense_data' AIRFLOW_CTX_EXECUTION_DATE='2026-06-02T16:00:00+00:00' AIRFLOW_CTX_TRY_NUMBER='1' AIRFLOW_CTX_DAG_RUN_ID='scheduled__2026-06-02T16:00:00+00:00'
[2026-06-02T17:46:06.520+0000] {subprocess.py:63} INFO - Tmp dir root location: /tmp
[2026-06-02T17:46:06.523+0000] {subprocess.py:75} INFO - Running command: ['/usr/bin/bash', '-c', 'python /opt/***/scripts/fetch_isense.py']
[2026-06-02T17:46:06.584+0000] {subprocess.py:86} INFO - Output:
[2026-06-02T17:47:18.449+0000] {subprocess.py:93} INFO - 
[2026-06-02T17:47:18.451+0000] {subprocess.py:93} INFO - ================================================================================
[2026-06-02T17:47:18.452+0000] {subprocess.py:93} INFO - 🏭 i-SENSE COMPLETE DATA FETCHER
[2026-06-02T17:47:18.453+0000] {subprocess.py:93} INFO -    SAP | AF | CAP | ENGRAIS
[2026-06-02T17:47:18.456+0000] {subprocess.py:93} INFO - ================================================================================
[2026-06-02T17:47:18.458+0000] {subprocess.py:93} INFO - 
[2026-06-02T17:47:18.459+0000] {subprocess.py:93} INFO - ================================================================================
[2026-06-02T17:47:18.460+0000] {subprocess.py:93} INFO - 🚀 FETCHING DATA FOR ALL DEPARTMENTS
[2026-06-02T17:47:18.461+0000] {subprocess.py:93} INFO -    Total machines: 17
[2026-06-02T17:47:18.464+0000] {subprocess.py:93} INFO - ================================================================================
[2026-06-02T17:47:18.465+0000] {subprocess.py:93} INFO - ✅ Logged in successfully
[2026-06-02T17:47:18.465+0000] {subprocess.py:93} INFO - 
[2026-06-02T17:47:18.466+0000] {subprocess.py:93} INFO - 📡 Asset 153 → SAP/Pompe_HRS_601ABP04
[2026-06-02T17:47:18.467+0000] {subprocess.py:93} INFO -       💾 Saved: AccelerationData.csv (745 rows, 3 parts)
[2026-06-02T17:47:18.468+0000] {subprocess.py:93} INFO -       💾 Saved: VibrationData.csv (745 rows, 3 parts)
[2026-06-02T17:47:18.469+0000] {subprocess.py:93} INFO -       💾 Saved: TemperatureData.csv (745 rows, 3 parts)
[2026-06-02T17:47:18.470+0000] {subprocess.py:93} INFO - 
[2026-06-02T17:47:18.471+0000] {subprocess.py:93} INFO - 📡 Asset 156 → SAP/Pompe_circulation_bac_commun_601AAP01
[2026-06-02T17:47:18.471+0000] {subprocess.py:93} INFO -       💾 Saved: AccelerationData.csv (745 rows, 2 parts)
[2026-06-02T17:47:18.472+0000] {subprocess.py:93} INFO -       💾 Saved: VibrationData.csv (745 rows, 2 parts)
[2026-06-02T17:47:18.473+0000] {subprocess.py:93} INFO -       💾 Saved: TemperatureData.csv (745 rows, 2 parts)
[2026-06-02T17:47:18.474+0000] {subprocess.py:93} INFO - 
[2026-06-02T17:47:18.475+0000] {subprocess.py:93} INFO - 📡 Asset 159 → SAP/Pompe_circulation_bac_commun_601AAP02
[2026-06-02T17:47:18.475+0000] {subprocess.py:93} INFO -       💾 Saved: AccelerationData.csv (521 rows, 3 parts)
[2026-06-02T17:47:18.476+0000] {subprocess.py:93} INFO -       💾 Saved: VibrationData.csv (521 rows, 3 parts)
[2026-06-02T17:47:18.476+0000] {subprocess.py:93} INFO -       💾 Saved: TemperatureData.csv (521 rows, 3 parts)
[2026-06-02T17:47:18.479+0000] {subprocess.py:93} INFO - 
[2026-06-02T17:47:18.480+0000] {subprocess.py:93} INFO - 📡 Asset 168 → AF/POMPE_A_VIDE_603AAC01
[2026-06-02T17:47:18.480+0000] {subprocess.py:93} INFO -       💾 Saved: AccelerationData.csv (745 rows, 1 parts)
[2026-06-02T17:47:18.481+0000] {subprocess.py:93} INFO -       💾 Saved: VibrationData.csv (745 rows, 1 parts)
[2026-06-02T17:47:18.482+0000] {subprocess.py:93} INFO -       💾 Saved: TemperatureData.csv (745 rows, 1 parts)
[2026-06-02T17:47:18.482+0000] {subprocess.py:93} INFO - 
[2026-06-02T17:47:18.483+0000] {subprocess.py:93} INFO - 📡 Asset 171 → AF/POMPE_A_VIDE_603AAC06
[2026-06-02T17:47:18.483+0000] {subprocess.py:93} INFO -       💾 Saved: AccelerationData.csv (745 rows, 4 parts)
[2026-06-02T17:47:18.485+0000] {subprocess.py:93} INFO -       💾 Saved: VibrationData.csv (745 rows, 4 parts)
[2026-06-02T17:47:18.485+0000] {subprocess.py:93} INFO -       💾 Saved: TemperatureData.csv (745 rows, 4 parts)
[2026-06-02T17:47:18.486+0000] {subprocess.py:93} INFO - 
[2026-06-02T17:47:18.487+0000] {subprocess.py:93} INFO - 📡 Asset 174 → AF/POMPE_A_VIDE_603ABC06
[2026-06-02T17:47:18.488+0000] {subprocess.py:93} INFO -       💾 Saved: AccelerationData.csv (745 rows, 4 parts)
[2026-06-02T17:47:18.488+0000] {subprocess.py:93} INFO -       💾 Saved: VibrationData.csv (745 rows, 4 parts)
[2026-06-02T17:47:18.489+0000] {subprocess.py:93} INFO -       💾 Saved: TemperatureData.csv (745 rows, 4 parts)
[2026-06-02T17:47:18.490+0000] {subprocess.py:93} INFO - 
[2026-06-02T17:47:18.490+0000] {subprocess.py:93} INFO - 📡 Asset 193 → AF/POMPE_B_FLASH_COOLER_603ABP01
[2026-06-02T17:47:18.491+0000] {subprocess.py:93} INFO -       💾 Saved: AccelerationData.csv (630 rows, 4 parts)
[2026-06-02T17:47:18.492+0000] {subprocess.py:93} INFO -       💾 Saved: VibrationData.csv (630 rows, 4 parts)
[2026-06-02T17:47:18.492+0000] {subprocess.py:93} INFO -       💾 Saved: TemperatureData.csv (630 rows, 4 parts)
[2026-06-02T17:47:18.494+0000] {subprocess.py:93} INFO - 
[2026-06-02T17:47:18.496+0000] {subprocess.py:93} INFO - 📡 Asset 177 → CAP/POMPE_DE_CIRCULATION_J_604JAP04
[2026-06-02T17:47:18.496+0000] {subprocess.py:93} INFO -       💾 Saved: AccelerationData.csv (524 rows, 6 parts)
[2026-06-02T17:47:18.497+0000] {subprocess.py:93} INFO -       💾 Saved: VibrationData.csv (524 rows, 6 parts)
[2026-06-02T17:47:18.498+0000] {subprocess.py:93} INFO -       💾 Saved: TemperatureData.csv (524 rows, 6 parts)
[2026-06-02T17:47:18.499+0000] {subprocess.py:93} INFO - 
[2026-06-02T17:47:18.500+0000] {subprocess.py:93} INFO - 📡 Asset 181 → CAP/POMPE_DE_CIRCULATION_K_604KAP04
[2026-06-02T17:47:18.501+0000] {subprocess.py:93} INFO -       💾 Saved: AccelerationData.csv (400 rows, 5 parts)
[2026-06-02T17:47:18.502+0000] {subprocess.py:93} INFO -       💾 Saved: VibrationData.csv (400 rows, 5 parts)
[2026-06-02T17:47:18.503+0000] {subprocess.py:93} INFO -       💾 Saved: TemperatureData.csv (400 rows, 5 parts)
[2026-06-02T17:47:18.503+0000] {subprocess.py:93} INFO - 
[2026-06-02T17:47:18.504+0000] {subprocess.py:93} INFO - 📡 Asset 185 → CAP/POMPE_DE_CIRCULATION_L_604LAP04
[2026-06-02T17:47:18.505+0000] {subprocess.py:93} INFO -       💾 Saved: AccelerationData.csv (705 rows, 7 parts)
[2026-06-02T17:47:18.506+0000] {subprocess.py:93} INFO -       💾 Saved: VibrationData.csv (705 rows, 7 parts)
[2026-06-02T17:47:18.506+0000] {subprocess.py:93} INFO -       💾 Saved: TemperatureData.csv (705 rows, 7 parts)
[2026-06-02T17:47:18.507+0000] {subprocess.py:93} INFO - 
[2026-06-02T17:47:18.508+0000] {subprocess.py:93} INFO - 📡 Asset 197 → ENGRAIS/Elevateur_607AAT01
[2026-06-02T17:47:18.508+0000] {subprocess.py:93} INFO -       💾 Saved: AccelerationData.csv (745 rows, 8 parts)
[2026-06-02T17:47:18.510+0000] {subprocess.py:93} INFO -       💾 Saved: VibrationData.csv (745 rows, 8 parts)
[2026-06-02T17:47:18.511+0000] {subprocess.py:93} INFO -       💾 Saved: TemperatureData.csv (745 rows, 8 parts)
[2026-06-02T17:47:18.512+0000] {subprocess.py:93} INFO - 
[2026-06-02T17:47:18.513+0000] {subprocess.py:93} INFO - 📡 Asset 201 → ENGRAIS/Elevateur_607AAT04
[2026-06-02T17:47:18.514+0000] {subprocess.py:93} INFO -       💾 Saved: AccelerationData.csv (745 rows, 8 parts)
[2026-06-02T17:47:18.516+0000] {subprocess.py:93} INFO -       💾 Saved: VibrationData.csv (745 rows, 8 parts)
[2026-06-02T17:47:18.517+0000] {subprocess.py:93} INFO -       💾 Saved: TemperatureData.csv (745 rows, 8 parts)
[2026-06-02T17:47:18.518+0000] {subprocess.py:93} INFO - 
[2026-06-02T17:47:18.519+0000] {subprocess.py:93} INFO - 📡 Asset 205 → ENGRAIS/Elevateur_607AAT05
[2026-06-02T17:47:18.520+0000] {subprocess.py:93} INFO -       💾 Saved: AccelerationData.csv (745 rows, 4 parts)
[2026-06-02T17:47:18.521+0000] {subprocess.py:93} INFO -       💾 Saved: VibrationData.csv (745 rows, 4 parts)
[2026-06-02T17:47:18.522+0000] {subprocess.py:93} INFO -       💾 Saved: TemperatureData.csv (745 rows, 4 parts)
[2026-06-02T17:47:18.522+0000] {subprocess.py:93} INFO - 
[2026-06-02T17:47:18.523+0000] {subprocess.py:93} INFO - 📡 Asset 209 → ENGRAIS/Elevateur_607AAT06
[2026-06-02T17:47:18.524+0000] {subprocess.py:93} INFO -       💾 Saved: AccelerationData.csv (745 rows, 8 parts)
[2026-06-02T17:47:18.524+0000] {subprocess.py:93} INFO -       💾 Saved: VibrationData.csv (745 rows, 8 parts)
[2026-06-02T17:47:18.529+0000] {subprocess.py:93} INFO -       💾 Saved: TemperatureData.csv (745 rows, 8 parts)
[2026-06-02T17:47:18.531+0000] {subprocess.py:93} INFO - 
[2026-06-02T17:47:18.532+0000] {subprocess.py:93} INFO - 📡 Asset 213 → ENGRAIS/Enrobeur_607AAM04
[2026-06-02T17:47:18.533+0000] {subprocess.py:93} INFO -       💾 Saved: AccelerationData.csv (725 rows, 8 parts)
[2026-06-02T17:47:18.534+0000] {subprocess.py:93} INFO -       💾 Saved: VibrationData.csv (725 rows, 8 parts)
[2026-06-02T17:47:18.535+0000] {subprocess.py:93} INFO -       💾 Saved: TemperatureData.csv (725 rows, 8 parts)
[2026-06-02T17:47:18.536+0000] {subprocess.py:93} INFO - 
[2026-06-02T17:47:18.546+0000] {subprocess.py:93} INFO - 📡 Asset 217 → ENGRAIS/Granulateur_607AAM03
[2026-06-02T17:47:18.548+0000] {subprocess.py:93} INFO -       💾 Saved: AccelerationData.csv (745 rows, 8 parts)
[2026-06-02T17:47:18.550+0000] {subprocess.py:93} INFO -       💾 Saved: VibrationData.csv (745 rows, 8 parts)
[2026-06-02T17:47:18.561+0000] {subprocess.py:93} INFO -       💾 Saved: TemperatureData.csv (745 rows, 8 parts)
[2026-06-02T17:47:18.562+0000] {subprocess.py:93} INFO - 
[2026-06-02T17:47:18.566+0000] {subprocess.py:93} INFO - 📡 Asset 221 → ENGRAIS/Tube_secheur_607AAF02
[2026-06-02T17:47:18.570+0000] {subprocess.py:93} INFO -       💾 Saved: AccelerationData.csv (721 rows, 8 parts)
[2026-06-02T17:47:18.577+0000] {subprocess.py:93} INFO -       💾 Saved: VibrationData.csv (721 rows, 8 parts)
[2026-06-02T17:47:18.578+0000] {subprocess.py:93} INFO -       💾 Saved: TemperatureData.csv (721 rows, 8 parts)
[2026-06-02T17:47:18.580+0000] {subprocess.py:93} INFO - 
[2026-06-02T17:47:18.586+0000] {subprocess.py:93} INFO - ================================================================================
[2026-06-02T17:47:18.587+0000] {subprocess.py:93} INFO - 📊 FETCH SUMMARY - ALL DEPARTMENTS
[2026-06-02T17:47:18.591+0000] {subprocess.py:93} INFO - ================================================================================
[2026-06-02T17:47:18.598+0000] {subprocess.py:93} INFO - 
[2026-06-02T17:47:18.598+0000] {subprocess.py:93} INFO - ✅ SAP: 3/3 machines
[2026-06-02T17:47:18.602+0000] {subprocess.py:93} INFO - 
[2026-06-02T17:47:18.602+0000] {subprocess.py:93} INFO - ✅ AF: 4/4 machines
[2026-06-02T17:47:18.603+0000] {subprocess.py:93} INFO - 
[2026-06-02T17:47:18.604+0000] {subprocess.py:93} INFO - ✅ CAP: 3/3 machines
[2026-06-02T17:47:18.609+0000] {subprocess.py:93} INFO - 
[2026-06-02T17:47:18.610+0000] {subprocess.py:93} INFO - ✅ ENGRAIS: 7/7 machines
[2026-06-02T17:47:18.731+0000] {subprocess.py:97} INFO - Command exited with return code 0
[2026-06-02T17:47:18.800+0000] {taskinstance.py:1138} INFO - Marking task as SUCCESS. dag_id=i_sense_pipeline, task_id=fetch_isense_data, execution_date=20260602T160000, start_date=20260602T174605, end_date=20260602T174718
[2026-06-02T17:47:18.860+0000] {local_task_job_runner.py:234} INFO - Task exited with return code 0
[2026-06-02T17:47:18.981+0000] {taskinstance.py:3281} INFO - 0 downstream tasks scheduled from follow-on schedule check
