[2026-06-01T11:03:06.419+0000] {taskinstance.py:1957} INFO - Dependencies all met for dep_context=non-requeueable deps ti=<TaskInstance: i_sense_pipeline.run_spark_pipeline scheduled__2026-06-01T10:00:00+00:00 [queued]>
[2026-06-01T11:03:06.450+0000] {taskinstance.py:1957} INFO - Dependencies all met for dep_context=requeueable deps ti=<TaskInstance: i_sense_pipeline.run_spark_pipeline scheduled__2026-06-01T10:00:00+00:00 [queued]>
[2026-06-01T11:03:06.452+0000] {taskinstance.py:2171} INFO - Starting attempt 1 of 2
[2026-06-01T11:03:06.490+0000] {taskinstance.py:2192} INFO - Executing <Task(BashOperator): run_spark_pipeline> on 2026-06-01 10:00:00+00:00
[2026-06-01T11:03:06.502+0000] {standard_task_runner.py:60} INFO - Started process 3502 to run task
[2026-06-01T11:03:06.508+0000] {standard_task_runner.py:87} INFO - Running: ['***', 'tasks', 'run', 'i_sense_pipeline', 'run_spark_pipeline', 'scheduled__2026-06-01T10:00:00+00:00', '--job-id', '31', '--raw', '--subdir', 'DAGS_FOLDER/i_sense_pipeline.py', '--cfg-path', '/tmp/tmpizczv497']
[2026-06-01T11:03:06.513+0000] {standard_task_runner.py:88} INFO - Job 31: Subtask run_spark_pipeline
[2026-06-01T11:03:06.780+0000] {task_command.py:423} INFO - Running <TaskInstance: i_sense_pipeline.run_spark_pipeline scheduled__2026-06-01T10:00:00+00:00 [running]> on host df1f9e41c6bf
[2026-06-01T11:03:07.364+0000] {taskinstance.py:2481} INFO - Exporting env vars: AIRFLOW_CTX_DAG_OWNER='data_team' AIRFLOW_CTX_DAG_ID='i_sense_pipeline' AIRFLOW_CTX_TASK_ID='run_spark_pipeline' AIRFLOW_CTX_EXECUTION_DATE='2026-06-01T10:00:00+00:00' AIRFLOW_CTX_TRY_NUMBER='1' AIRFLOW_CTX_DAG_RUN_ID='scheduled__2026-06-01T10:00:00+00:00'
[2026-06-01T11:03:07.375+0000] {subprocess.py:63} INFO - Tmp dir root location: /tmp
[2026-06-01T11:03:07.380+0000] {subprocess.py:75} INFO - Running command: ['/usr/bin/bash', '-c', 'python /opt/***/scripts/run_pipeline.py']
[2026-06-01T11:03:07.417+0000] {subprocess.py:86} INFO - Output:
[2026-06-01T11:03:18.283+0000] {subprocess.py:93} INFO - :: loading settings :: url = jar:file:/home/***/.local/lib/python3.8/site-packages/pyspark/jars/ivy-2.5.1.jar!/org/apache/ivy/core/settings/ivysettings.xml
[2026-06-01T11:03:18.532+0000] {subprocess.py:93} INFO - Ivy Default Cache set to: /home/***/.ivy2/cache
[2026-06-01T11:03:18.538+0000] {subprocess.py:93} INFO - The jars for the packages stored in: /home/***/.ivy2/jars
[2026-06-01T11:03:18.576+0000] {subprocess.py:93} INFO - org.postgresql#postgresql added as a dependency
[2026-06-01T11:03:18.584+0000] {subprocess.py:93} INFO - :: resolving dependencies :: org.apache.spark#spark-submit-parent-70e1b4b6-c62a-49d7-b8f2-7e95b13cb244;1.0
[2026-06-01T11:03:18.592+0000] {subprocess.py:93} INFO - 	confs: [default]
[2026-06-01T11:03:19.141+0000] {subprocess.py:93} INFO - 	found org.postgresql#postgresql;42.7.3 in central
[2026-06-01T11:03:19.247+0000] {subprocess.py:93} INFO - 	found org.checkerframework#checker-qual;3.42.0 in central
[2026-06-01T11:03:19.278+0000] {subprocess.py:93} INFO - :: resolution report :: resolve 683ms :: artifacts dl 12ms
[2026-06-01T11:03:19.281+0000] {subprocess.py:93} INFO - 	:: modules in use:
[2026-06-01T11:03:19.282+0000] {subprocess.py:93} INFO - 	org.checkerframework#checker-qual;3.42.0 from central in [default]
[2026-06-01T11:03:19.284+0000] {subprocess.py:93} INFO - 	org.postgresql#postgresql;42.7.3 from central in [default]
[2026-06-01T11:03:19.286+0000] {subprocess.py:93} INFO - 	---------------------------------------------------------------------
[2026-06-01T11:03:19.287+0000] {subprocess.py:93} INFO - 	|                  |            modules            ||   artifacts   |
[2026-06-01T11:03:19.288+0000] {subprocess.py:93} INFO - 	|       conf       | number| search|dwnlded|evicted|| number|dwnlded|
[2026-06-01T11:03:19.289+0000] {subprocess.py:93} INFO - 	---------------------------------------------------------------------
[2026-06-01T11:03:19.291+0000] {subprocess.py:93} INFO - 	|      default     |   2   |   0   |   0   |   0   ||   2   |   0   |
[2026-06-01T11:03:19.292+0000] {subprocess.py:93} INFO - 	---------------------------------------------------------------------
[2026-06-01T11:03:19.293+0000] {subprocess.py:93} INFO - :: retrieving :: org.apache.spark#spark-submit-parent-70e1b4b6-c62a-49d7-b8f2-7e95b13cb244
[2026-06-01T11:03:19.294+0000] {subprocess.py:93} INFO - 	confs: [default]
[2026-06-01T11:03:19.300+0000] {subprocess.py:93} INFO - 	0 artifacts copied, 2 already retrieved (0kB/14ms)
[2026-06-01T11:03:20.165+0000] {subprocess.py:93} INFO - 26/06/01 11:03:20 WARN NativeCodeLoader: Unable to load native-hadoop library for your platform... using builtin-java classes where applicable
[2026-06-01T11:03:21.060+0000] {subprocess.py:93} INFO - Setting default log level to "WARN".
[2026-06-01T11:03:21.061+0000] {subprocess.py:93} INFO - To adjust logging level use sc.setLogLevel(newLevel). For SparkR, use setLogLevel(newLevel).
[2026-06-01T11:06:30.326+0000] {local_task_job_runner.py:121} ERROR - Received SIGTERM. Terminating subprocesses
[2026-06-01T11:06:30.555+0000] {process_utils.py:131} INFO - Sending 15 to group 3502. PIDs of all processes in the group: [3503, 3508, 3502]
[2026-06-01T11:06:30.622+0000] {process_utils.py:86} INFO - Sending the signal 15 to group 3502
[2026-06-01T11:06:30.777+0000] {taskinstance.py:2451} ERROR - Received SIGTERM. Terminating subprocesses.
[2026-06-01T11:06:30.800+0000] {subprocess.py:104} INFO - Sending SIGTERM signal to process group
[2026-06-01T11:06:32.307+0000] {process_utils.py:79} INFO - Process psutil.Process(pid=3508, status='terminated', started='11:03:09') (3508) terminated with exit code None
[2026-06-01T11:06:39.744+0000] {standard_task_runner.py:107} ERROR - Failed to execute job 31 for task run_spark_pipeline ((psycopg2.OperationalError) could not translate host name "postgres" to address: Temporary failure in name resolution

(Background on this error at: https://sqlalche.me/e/14/e3q8); 3502)
[2026-06-01T11:06:39.786+0000] {process_utils.py:79} INFO - Process psutil.Process(pid=3502, status='terminated', exitcode=1, started='11:03:06') (3502) terminated with exit code 1
[2026-06-01T11:06:39.787+0000] {process_utils.py:79} INFO - Process psutil.Process(pid=3503, status='terminated', started='11:03:07') (3503) terminated with exit code None
[2026-06-01T11:06:39.788+0000] {local_task_job_runner.py:234} INFO - Task exited with return code 143
