[2026-05-30T16:21:11.885+0000] {taskinstance.py:1957} INFO - Dependencies all met for dep_context=non-requeueable deps ti=<TaskInstance: i_sense_spark_pipeline.run_spark_pipeline scheduled__2026-05-22T19:00:00+00:00 [queued]>
[2026-05-30T16:21:11.971+0000] {taskinstance.py:1957} INFO - Dependencies all met for dep_context=requeueable deps ti=<TaskInstance: i_sense_spark_pipeline.run_spark_pipeline scheduled__2026-05-22T19:00:00+00:00 [queued]>
[2026-05-30T16:21:11.973+0000] {taskinstance.py:2171} INFO - Starting attempt 1 of 3
[2026-05-30T16:21:12.154+0000] {taskinstance.py:2192} INFO - Executing <Task(BashOperator): run_spark_pipeline> on 2026-05-22 19:00:00+00:00
[2026-05-30T16:21:12.180+0000] {standard_task_runner.py:60} INFO - Started process 234 to run task
[2026-05-30T16:21:12.200+0000] {standard_task_runner.py:87} INFO - Running: ['***', 'tasks', 'run', 'i_sense_spark_pipeline', 'run_spark_pipeline', 'scheduled__2026-05-22T19:00:00+00:00', '--job-id', '45', '--raw', '--subdir', 'DAGS_FOLDER/i_sense_pipeline.py', '--cfg-path', '/tmp/tmps4rjyn8p']
[2026-05-30T16:21:12.215+0000] {standard_task_runner.py:88} INFO - Job 45: Subtask run_spark_pipeline
[2026-05-30T16:21:13.257+0000] {task_command.py:423} INFO - Running <TaskInstance: i_sense_spark_pipeline.run_spark_pipeline scheduled__2026-05-22T19:00:00+00:00 [running]> on host 54460146df59
[2026-05-30T16:21:14.243+0000] {taskinstance.py:2481} INFO - Exporting env vars: AIRFLOW_CTX_DAG_OWNER='data_team' AIRFLOW_CTX_DAG_ID='i_sense_spark_pipeline' AIRFLOW_CTX_TASK_ID='run_spark_pipeline' AIRFLOW_CTX_EXECUTION_DATE='2026-05-22T19:00:00+00:00' AIRFLOW_CTX_TRY_NUMBER='1' AIRFLOW_CTX_DAG_RUN_ID='scheduled__2026-05-22T19:00:00+00:00'
[2026-05-30T16:21:14.247+0000] {subprocess.py:63} INFO - Tmp dir root location: /tmp
[2026-05-30T16:21:14.249+0000] {subprocess.py:75} INFO - Running command: ['/usr/bin/bash', '-c', 'python /opt/***/scripts/run_pipeline.py']
[2026-05-30T16:21:14.273+0000] {subprocess.py:86} INFO - Output:
[2026-05-30T16:21:14.426+0000] {subprocess.py:93} INFO - Traceback (most recent call last):
[2026-05-30T16:21:14.427+0000] {subprocess.py:93} INFO -   File "/opt/***/scripts/run_pipeline.py", line 9, in <module>
[2026-05-30T16:21:14.428+0000] {subprocess.py:93} INFO -     from spark_pipeline.main_pipeline import run_full_pipeline
[2026-05-30T16:21:14.429+0000] {subprocess.py:93} INFO -   File "/opt/***/scripts/spark_pipeline/__init__.py", line 13, in <module>
[2026-05-30T16:21:14.432+0000] {subprocess.py:93} INFO -     from spark_pipeline.bronze import BronzeLayer
[2026-05-30T16:21:14.434+0000] {subprocess.py:93} INFO -   File "/opt/***/scripts/spark_pipeline/bronze.py", line 7, in <module>
[2026-05-30T16:21:14.435+0000] {subprocess.py:93} INFO -     from pyspark.sql.functions import *
[2026-05-30T16:21:14.436+0000] {subprocess.py:93} INFO - ModuleNotFoundError: No module named 'pyspark'
[2026-05-30T16:21:14.437+0000] {subprocess.py:97} INFO - Command exited with return code 1
[2026-05-30T16:21:14.628+0000] {taskinstance.py:2699} ERROR - Task failed with exception
Traceback (most recent call last):
  File "/home/airflow/.local/lib/python3.8/site-packages/airflow/models/taskinstance.py", line 433, in _execute_task
    result = execute_callable(context=context, **execute_callable_kwargs)
  File "/home/airflow/.local/lib/python3.8/site-packages/airflow/operators/bash.py", line 212, in execute
    raise AirflowException(
airflow.exceptions.AirflowException: Bash command failed. The command returned a non-zero exit code 1.
[2026-05-30T16:21:14.637+0000] {taskinstance.py:1138} INFO - Marking task as UP_FOR_RETRY. dag_id=i_sense_spark_pipeline, task_id=run_spark_pipeline, execution_date=20260522T190000, start_date=20260530T162111, end_date=20260530T162114
[2026-05-30T16:21:14.689+0000] {standard_task_runner.py:107} ERROR - Failed to execute job 45 for task run_spark_pipeline (Bash command failed. The command returned a non-zero exit code 1.; 234)
[2026-05-30T16:21:14.733+0000] {local_task_job_runner.py:234} INFO - Task exited with return code 1
[2026-05-30T16:21:14.892+0000] {taskinstance.py:3281} INFO - 0 downstream tasks scheduled from follow-on schedule check
