[2026-05-30T16:20:42.964+0000] {taskinstance.py:1957} INFO - Dependencies all met for dep_context=non-requeueable deps ti=<TaskInstance: i_sense_spark_pipeline.fetch_isense_data manual__2026-05-30T16:20:39.142105+00:00 [queued]>
[2026-05-30T16:20:42.985+0000] {taskinstance.py:1957} INFO - Dependencies all met for dep_context=requeueable deps ti=<TaskInstance: i_sense_spark_pipeline.fetch_isense_data manual__2026-05-30T16:20:39.142105+00:00 [queued]>
[2026-05-30T16:20:42.986+0000] {taskinstance.py:2171} INFO - Starting attempt 1 of 3
[2026-05-30T16:20:43.053+0000] {taskinstance.py:2192} INFO - Executing <Task(BashOperator): fetch_isense_data> on 2026-05-30 16:20:39.142105+00:00
[2026-05-30T16:20:43.069+0000] {standard_task_runner.py:60} INFO - Started process 222 to run task
[2026-05-30T16:20:43.075+0000] {standard_task_runner.py:87} INFO - Running: ['***', 'tasks', 'run', 'i_sense_spark_pipeline', 'fetch_isense_data', 'manual__2026-05-30T16:20:39.142105+00:00', '--job-id', '44', '--raw', '--subdir', 'DAGS_FOLDER/i_sense_pipeline.py', '--cfg-path', '/tmp/tmphp7c29t1']
[2026-05-30T16:20:43.081+0000] {standard_task_runner.py:88} INFO - Job 44: Subtask fetch_isense_data
[2026-05-30T16:20:43.640+0000] {task_command.py:423} INFO - Running <TaskInstance: i_sense_spark_pipeline.fetch_isense_data manual__2026-05-30T16:20:39.142105+00:00 [running]> on host 54460146df59
[2026-05-30T16:20:44.305+0000] {taskinstance.py:2481} INFO - Exporting env vars: AIRFLOW_CTX_DAG_OWNER='data_team' AIRFLOW_CTX_DAG_ID='i_sense_spark_pipeline' AIRFLOW_CTX_TASK_ID='fetch_isense_data' AIRFLOW_CTX_EXECUTION_DATE='2026-05-30T16:20:39.142105+00:00' AIRFLOW_CTX_TRY_NUMBER='1' AIRFLOW_CTX_DAG_RUN_ID='manual__2026-05-30T16:20:39.142105+00:00'
[2026-05-30T16:20:44.307+0000] {subprocess.py:63} INFO - Tmp dir root location: /tmp
[2026-05-30T16:20:44.310+0000] {subprocess.py:75} INFO - Running command: ['/usr/bin/bash', '-c', 'python /opt/***/scripts/fetch_isense.py']
[2026-05-30T16:20:44.321+0000] {subprocess.py:86} INFO - Output:
[2026-05-30T16:21:42.762+0000] {subprocess.py:93} INFO - 
[2026-05-30T16:21:42.763+0000] {subprocess.py:93} INFO - ================================================================================
[2026-05-30T16:21:42.764+0000] {subprocess.py:93} INFO - 🏭 i-SENSE COMPLETE DATA FETCHER
[2026-05-30T16:21:42.764+0000] {subprocess.py:93} INFO -    SAP | AF | CAP | ENGRAIS
[2026-05-30T16:21:42.765+0000] {subprocess.py:93} INFO - ================================================================================
[2026-05-30T16:21:42.765+0000] {subprocess.py:93} INFO - 
[2026-05-30T16:21:42.766+0000] {subprocess.py:93} INFO - ================================================================================
[2026-05-30T16:21:42.766+0000] {subprocess.py:93} INFO - 🚀 FETCHING DATA FOR ALL DEPARTMENTS
[2026-05-30T16:21:42.767+0000] {subprocess.py:93} INFO -    Total machines: 17
[2026-05-30T16:21:42.768+0000] {subprocess.py:93} INFO - ================================================================================
[2026-05-30T16:21:42.769+0000] {subprocess.py:93} INFO - ✅ Logged in successfully
[2026-05-30T16:21:42.770+0000] {subprocess.py:93} INFO - 
[2026-05-30T16:21:42.770+0000] {subprocess.py:93} INFO - 📡 Asset 153 → SAP/Pompe_HRS_601ABP04
[2026-05-30T16:21:42.771+0000] {subprocess.py:93} INFO -       💾 Saved: AccelerationData.csv (721 rows, 3 parts)
[2026-05-30T16:21:42.772+0000] {subprocess.py:93} INFO -       💾 Saved: VibrationData.csv (721 rows, 3 parts)
[2026-05-30T16:21:42.772+0000] {subprocess.py:93} INFO -       💾 Saved: TemperatureData.csv (721 rows, 3 parts)
[2026-05-30T16:21:42.773+0000] {subprocess.py:93} INFO - 
[2026-05-30T16:21:42.773+0000] {subprocess.py:93} INFO - 📡 Asset 156 → SAP/Pompe_circulation_bac_commun_601AAP01
[2026-05-30T16:21:42.774+0000] {subprocess.py:93} INFO -       💾 Saved: AccelerationData.csv (721 rows, 2 parts)
[2026-05-30T16:21:42.774+0000] {subprocess.py:93} INFO -       💾 Saved: VibrationData.csv (721 rows, 2 parts)
[2026-05-30T16:21:42.775+0000] {subprocess.py:93} INFO -       💾 Saved: TemperatureData.csv (721 rows, 2 parts)
[2026-05-30T16:21:42.775+0000] {subprocess.py:93} INFO - 
[2026-05-30T16:21:42.776+0000] {subprocess.py:93} INFO - 📡 Asset 159 → SAP/Pompe_circulation_bac_commun_601AAP02
[2026-05-30T16:21:42.777+0000] {subprocess.py:93} INFO -       💾 Saved: AccelerationData.csv (457 rows, 3 parts)
[2026-05-30T16:21:42.777+0000] {subprocess.py:93} INFO -       💾 Saved: VibrationData.csv (457 rows, 3 parts)
[2026-05-30T16:21:42.778+0000] {subprocess.py:93} INFO -       💾 Saved: TemperatureData.csv (457 rows, 3 parts)
[2026-05-30T16:21:42.778+0000] {subprocess.py:93} INFO - 
[2026-05-30T16:21:42.779+0000] {subprocess.py:93} INFO - 📡 Asset 168 → AF/POMPE_A_VIDE_603AAC01
[2026-05-30T16:21:42.780+0000] {subprocess.py:93} INFO -       💾 Saved: AccelerationData.csv (721 rows, 1 parts)
[2026-05-30T16:21:42.780+0000] {subprocess.py:93} INFO -       💾 Saved: VibrationData.csv (721 rows, 1 parts)
[2026-05-30T16:21:42.781+0000] {subprocess.py:93} INFO -       💾 Saved: TemperatureData.csv (721 rows, 1 parts)
[2026-05-30T16:21:42.782+0000] {subprocess.py:93} INFO - 
[2026-05-30T16:21:42.782+0000] {subprocess.py:93} INFO - 📡 Asset 171 → AF/POMPE_A_VIDE_603AAC06
[2026-05-30T16:21:42.783+0000] {subprocess.py:93} INFO -       💾 Saved: AccelerationData.csv (721 rows, 4 parts)
[2026-05-30T16:21:42.784+0000] {subprocess.py:93} INFO -       💾 Saved: VibrationData.csv (721 rows, 4 parts)
[2026-05-30T16:21:42.785+0000] {subprocess.py:93} INFO -       💾 Saved: TemperatureData.csv (721 rows, 4 parts)
[2026-05-30T16:21:42.786+0000] {subprocess.py:93} INFO - 
[2026-05-30T16:21:42.787+0000] {subprocess.py:93} INFO - 📡 Asset 174 → AF/POMPE_A_VIDE_603ABC06
[2026-05-30T16:21:42.789+0000] {subprocess.py:93} INFO -       💾 Saved: AccelerationData.csv (721 rows, 4 parts)
[2026-05-30T16:21:42.790+0000] {subprocess.py:93} INFO -       💾 Saved: VibrationData.csv (721 rows, 4 parts)
[2026-05-30T16:21:42.791+0000] {subprocess.py:93} INFO -       💾 Saved: TemperatureData.csv (721 rows, 4 parts)
[2026-05-30T16:21:42.791+0000] {subprocess.py:93} INFO - 
[2026-05-30T16:21:42.792+0000] {subprocess.py:93} INFO - 📡 Asset 193 → AF/POMPE_B_FLASH_COOLER_603ABP01
[2026-05-30T16:21:42.793+0000] {subprocess.py:93} INFO -       💾 Saved: AccelerationData.csv (557 rows, 4 parts)
[2026-05-30T16:21:42.794+0000] {subprocess.py:93} INFO -       💾 Saved: VibrationData.csv (557 rows, 4 parts)
[2026-05-30T16:21:42.795+0000] {subprocess.py:93} INFO -       💾 Saved: TemperatureData.csv (557 rows, 4 parts)
[2026-05-30T16:21:42.795+0000] {subprocess.py:93} INFO - 
[2026-05-30T16:21:42.796+0000] {subprocess.py:93} INFO - 📡 Asset 177 → CAP/POMPE_DE_CIRCULATION_J_604JAP04
[2026-05-30T16:21:42.796+0000] {subprocess.py:93} INFO -       💾 Saved: AccelerationData.csv (524 rows, 6 parts)
[2026-05-30T16:21:42.797+0000] {subprocess.py:93} INFO -       💾 Saved: VibrationData.csv (524 rows, 6 parts)
[2026-05-30T16:21:42.797+0000] {subprocess.py:93} INFO -       💾 Saved: TemperatureData.csv (524 rows, 6 parts)
[2026-05-30T16:21:42.798+0000] {subprocess.py:93} INFO - 
[2026-05-30T16:21:42.798+0000] {subprocess.py:93} INFO - 📡 Asset 181 → CAP/POMPE_DE_CIRCULATION_K_604KAP04
[2026-05-30T16:21:42.799+0000] {subprocess.py:93} INFO -       💾 Saved: AccelerationData.csv (400 rows, 5 parts)
[2026-05-30T16:21:42.800+0000] {subprocess.py:93} INFO -       💾 Saved: VibrationData.csv (400 rows, 5 parts)
[2026-05-30T16:21:42.801+0000] {subprocess.py:93} INFO -       💾 Saved: TemperatureData.csv (400 rows, 5 parts)
[2026-05-30T16:21:42.801+0000] {subprocess.py:93} INFO - 
[2026-05-30T16:21:42.802+0000] {subprocess.py:93} INFO - 📡 Asset 185 → CAP/POMPE_DE_CIRCULATION_L_604LAP04
[2026-05-30T16:21:42.802+0000] {subprocess.py:93} INFO -       💾 Saved: AccelerationData.csv (682 rows, 7 parts)
[2026-05-30T16:21:42.802+0000] {subprocess.py:93} INFO -       💾 Saved: VibrationData.csv (682 rows, 7 parts)
[2026-05-30T16:21:42.803+0000] {subprocess.py:93} INFO -       💾 Saved: TemperatureData.csv (682 rows, 7 parts)
[2026-05-30T16:21:42.803+0000] {subprocess.py:93} INFO - 
[2026-05-30T16:21:42.804+0000] {subprocess.py:93} INFO - 📡 Asset 197 → ENGRAIS/Elevateur_607AAT01
[2026-05-30T16:21:42.804+0000] {subprocess.py:93} INFO -       💾 Saved: AccelerationData.csv (721 rows, 8 parts)
[2026-05-30T16:21:42.804+0000] {subprocess.py:93} INFO -       💾 Saved: VibrationData.csv (721 rows, 8 parts)
[2026-05-30T16:21:42.805+0000] {subprocess.py:93} INFO -       💾 Saved: TemperatureData.csv (721 rows, 8 parts)
[2026-05-30T16:21:42.805+0000] {subprocess.py:93} INFO - 
[2026-05-30T16:21:42.806+0000] {subprocess.py:93} INFO - 📡 Asset 201 → ENGRAIS/Elevateur_607AAT04
[2026-05-30T16:21:42.806+0000] {subprocess.py:93} INFO -       💾 Saved: AccelerationData.csv (721 rows, 8 parts)
[2026-05-30T16:21:42.806+0000] {subprocess.py:93} INFO -       💾 Saved: VibrationData.csv (721 rows, 8 parts)
[2026-05-30T16:21:42.807+0000] {subprocess.py:93} INFO -       💾 Saved: TemperatureData.csv (721 rows, 8 parts)
[2026-05-30T16:21:42.807+0000] {subprocess.py:93} INFO - 
[2026-05-30T16:21:42.808+0000] {subprocess.py:93} INFO - 📡 Asset 205 → ENGRAIS/Elevateur_607AAT05
[2026-05-30T16:21:42.809+0000] {subprocess.py:93} INFO -       💾 Saved: AccelerationData.csv (721 rows, 4 parts)
[2026-05-30T16:21:42.809+0000] {subprocess.py:93} INFO -       💾 Saved: VibrationData.csv (721 rows, 4 parts)
[2026-05-30T16:21:42.810+0000] {subprocess.py:93} INFO -       💾 Saved: TemperatureData.csv (721 rows, 4 parts)
[2026-05-30T16:21:42.810+0000] {subprocess.py:93} INFO - 
[2026-05-30T16:21:42.811+0000] {subprocess.py:93} INFO - 📡 Asset 209 → ENGRAIS/Elevateur_607AAT06
[2026-05-30T16:21:42.812+0000] {subprocess.py:93} INFO -       💾 Saved: AccelerationData.csv (721 rows, 8 parts)
[2026-05-30T16:21:42.812+0000] {subprocess.py:93} INFO -       💾 Saved: VibrationData.csv (721 rows, 8 parts)
[2026-05-30T16:21:42.813+0000] {subprocess.py:93} INFO -       💾 Saved: TemperatureData.csv (721 rows, 8 parts)
[2026-05-30T16:21:42.813+0000] {subprocess.py:93} INFO - 
[2026-05-30T16:21:42.814+0000] {subprocess.py:93} INFO - 📡 Asset 213 → ENGRAIS/Enrobeur_607AAM04
[2026-05-30T16:21:42.814+0000] {subprocess.py:93} INFO -       💾 Saved: AccelerationData.csv (725 rows, 8 parts)
[2026-05-30T16:21:42.815+0000] {subprocess.py:93} INFO -       💾 Saved: VibrationData.csv (725 rows, 8 parts)
[2026-05-30T16:21:42.816+0000] {subprocess.py:93} INFO -       💾 Saved: TemperatureData.csv (725 rows, 8 parts)
[2026-05-30T16:21:42.817+0000] {subprocess.py:93} INFO - 
[2026-05-30T16:21:42.818+0000] {subprocess.py:93} INFO - 📡 Asset 217 → ENGRAIS/Granulateur_607AAM03
[2026-05-30T16:21:42.818+0000] {subprocess.py:93} INFO -       💾 Saved: AccelerationData.csv (721 rows, 8 parts)
[2026-05-30T16:21:42.819+0000] {subprocess.py:93} INFO -       💾 Saved: VibrationData.csv (721 rows, 8 parts)
[2026-05-30T16:21:42.819+0000] {subprocess.py:93} INFO -       💾 Saved: TemperatureData.csv (721 rows, 8 parts)
[2026-05-30T16:21:42.820+0000] {subprocess.py:93} INFO - 
[2026-05-30T16:21:42.821+0000] {subprocess.py:93} INFO - 📡 Asset 221 → ENGRAIS/Tube_secheur_607AAF02
[2026-05-30T16:21:42.821+0000] {subprocess.py:93} INFO -       💾 Saved: AccelerationData.csv (721 rows, 8 parts)
[2026-05-30T16:21:42.822+0000] {subprocess.py:93} INFO -       💾 Saved: VibrationData.csv (721 rows, 8 parts)
[2026-05-30T16:21:42.822+0000] {subprocess.py:93} INFO -       💾 Saved: TemperatureData.csv (721 rows, 8 parts)
[2026-05-30T16:21:42.823+0000] {subprocess.py:93} INFO - 
[2026-05-30T16:21:42.823+0000] {subprocess.py:93} INFO - ================================================================================
[2026-05-30T16:21:42.824+0000] {subprocess.py:93} INFO - 📊 FETCH SUMMARY - ALL DEPARTMENTS
[2026-05-30T16:21:42.825+0000] {subprocess.py:93} INFO - ================================================================================
[2026-05-30T16:21:42.825+0000] {subprocess.py:93} INFO - 
[2026-05-30T16:21:42.826+0000] {subprocess.py:93} INFO - ✅ SAP: 3/3 machines
[2026-05-30T16:21:42.828+0000] {subprocess.py:93} INFO - 
[2026-05-30T16:21:42.829+0000] {subprocess.py:93} INFO - ✅ AF: 4/4 machines
[2026-05-30T16:21:42.830+0000] {subprocess.py:93} INFO - 
[2026-05-30T16:21:42.832+0000] {subprocess.py:93} INFO - ✅ CAP: 3/3 machines
[2026-05-30T16:21:42.833+0000] {subprocess.py:93} INFO - 
[2026-05-30T16:21:42.833+0000] {subprocess.py:93} INFO - ✅ ENGRAIS: 7/7 machines
[2026-05-30T16:21:42.906+0000] {subprocess.py:97} INFO - Command exited with return code 0
[2026-05-30T16:21:43.148+0000] {taskinstance.py:1138} INFO - Marking task as SUCCESS. dag_id=i_sense_spark_pipeline, task_id=fetch_isense_data, execution_date=20260530T162039, start_date=20260530T162042, end_date=20260530T162143
[2026-05-30T16:21:43.196+0000] {local_task_job_runner.py:234} INFO - Task exited with return code 0
[2026-05-30T16:21:43.300+0000] {taskinstance.py:3281} INFO - 1 downstream tasks scheduled from follow-on schedule check
