[2026-05-30T16:31:51.352+0000] {taskinstance.py:1957} INFO - Dependencies all met for dep_context=non-requeueable deps ti=<TaskInstance: i_sense_spark_pipeline.run_spark_pipeline manual__2026-05-30T16:20:39.142105+00:00 [queued]>
[2026-05-30T16:31:51.368+0000] {taskinstance.py:1957} INFO - Dependencies all met for dep_context=requeueable deps ti=<TaskInstance: i_sense_spark_pipeline.run_spark_pipeline manual__2026-05-30T16:20:39.142105+00:00 [queued]>
[2026-05-30T16:31:51.369+0000] {taskinstance.py:2171} INFO - Starting attempt 3 of 3
[2026-05-30T16:31:51.388+0000] {taskinstance.py:2192} INFO - Executing <Task(BashOperator): run_spark_pipeline> on 2026-05-30 16:20:39.142105+00:00
[2026-05-30T16:31:51.397+0000] {standard_task_runner.py:60} INFO - Started process 375 to run task
[2026-05-30T16:31:51.401+0000] {standard_task_runner.py:87} INFO - Running: ['***', 'tasks', 'run', 'i_sense_spark_pipeline', 'run_spark_pipeline', 'manual__2026-05-30T16:20:39.142105+00:00', '--job-id', '58', '--raw', '--subdir', 'DAGS_FOLDER/i_sense_pipeline.py', '--cfg-path', '/tmp/tmppk7dhll_']
[2026-05-30T16:31:51.406+0000] {standard_task_runner.py:88} INFO - Job 58: Subtask run_spark_pipeline
[2026-05-30T16:31:51.824+0000] {task_command.py:423} INFO - Running <TaskInstance: i_sense_spark_pipeline.run_spark_pipeline manual__2026-05-30T16:20:39.142105+00:00 [running]> on host 54460146df59
[2026-05-30T16:31:52.617+0000] {taskinstance.py:2481} INFO - Exporting env vars: AIRFLOW_CTX_DAG_OWNER='data_team' AIRFLOW_CTX_DAG_ID='i_sense_spark_pipeline' AIRFLOW_CTX_TASK_ID='run_spark_pipeline' AIRFLOW_CTX_EXECUTION_DATE='2026-05-30T16:20:39.142105+00:00' AIRFLOW_CTX_TRY_NUMBER='3' AIRFLOW_CTX_DAG_RUN_ID='manual__2026-05-30T16:20:39.142105+00:00'
[2026-05-30T16:31:52.620+0000] {subprocess.py:63} INFO - Tmp dir root location: /tmp
[2026-05-30T16:31:52.622+0000] {subprocess.py:75} INFO - Running command: ['/usr/bin/bash', '-c', 'python /opt/***/scripts/run_pipeline.py']
[2026-05-30T16:31:52.642+0000] {subprocess.py:86} INFO - Output:
[2026-05-30T16:31:52.760+0000] {subprocess.py:93} INFO - Traceback (most recent call last):
[2026-05-30T16:31:52.761+0000] {subprocess.py:93} INFO -   File "/opt/***/scripts/run_pipeline.py", line 9, in <module>
[2026-05-30T16:31:52.761+0000] {subprocess.py:93} INFO -     from spark_pipeline.main_pipeline import run_full_pipeline
[2026-05-30T16:31:52.762+0000] {subprocess.py:93} INFO -   File "/opt/***/scripts/spark_pipeline/__init__.py", line 13, in <module>
[2026-05-30T16:31:52.762+0000] {subprocess.py:93} INFO -     from spark_pipeline.bronze import BronzeLayer
[2026-05-30T16:31:52.763+0000] {subprocess.py:93} INFO -   File "/opt/***/scripts/spark_pipeline/bronze.py", line 7, in <module>
[2026-05-30T16:31:52.764+0000] {subprocess.py:93} INFO -     from pyspark.sql.functions import *
[2026-05-30T16:31:52.764+0000] {subprocess.py:93} INFO - ModuleNotFoundError: No module named 'pyspark'
[2026-05-30T16:31:52.766+0000] {subprocess.py:97} INFO - Command exited with return code 1
[2026-05-30T16:31:52.849+0000] {taskinstance.py:2699} ERROR - Task failed with exception
Traceback (most recent call last):
  File "/home/airflow/.local/lib/python3.8/site-packages/airflow/models/taskinstance.py", line 433, in _execute_task
    result = execute_callable(context=context, **execute_callable_kwargs)
  File "/home/airflow/.local/lib/python3.8/site-packages/airflow/operators/bash.py", line 212, in execute
    raise AirflowException(
airflow.exceptions.AirflowException: Bash command failed. The command returned a non-zero exit code 1.
[2026-05-30T16:31:52.855+0000] {taskinstance.py:1138} INFO - Marking task as FAILED. dag_id=i_sense_spark_pipeline, task_id=run_spark_pipeline, execution_date=20260530T162039, start_date=20260530T163151, end_date=20260530T163152
[2026-05-30T16:31:52.904+0000] {standard_task_runner.py:107} ERROR - Failed to execute job 58 for task run_spark_pipeline (Bash command failed. The command returned a non-zero exit code 1.; 375)
[2026-05-30T16:31:52.952+0000] {local_task_job_runner.py:234} INFO - Task exited with return code 1
[2026-05-30T16:31:53.050+0000] {taskinstance.py:3281} INFO - 0 downstream tasks scheduled from follow-on schedule check
