[2026-05-30T16:19:43.009+0000] {taskinstance.py:1957} INFO - Dependencies all met for dep_context=non-requeueable deps ti=<TaskInstance: i_sense_spark_pipeline.fetch_isense_data scheduled__2026-05-24T16:00:00+00:00 [queued]>
[2026-05-30T16:19:43.195+0000] {taskinstance.py:1957} INFO - Dependencies all met for dep_context=requeueable deps ti=<TaskInstance: i_sense_spark_pipeline.fetch_isense_data scheduled__2026-05-24T16:00:00+00:00 [queued]>
[2026-05-30T16:19:43.202+0000] {taskinstance.py:2171} INFO - Starting attempt 1 of 3
[2026-05-30T16:19:43.468+0000] {taskinstance.py:2192} INFO - Executing <Task(BashOperator): fetch_isense_data> on 2026-05-24 16:00:00+00:00
[2026-05-30T16:19:43.524+0000] {standard_task_runner.py:60} INFO - Started process 185 to run task
[2026-05-30T16:19:43.537+0000] {standard_task_runner.py:87} INFO - Running: ['***', 'tasks', 'run', 'i_sense_spark_pipeline', 'fetch_isense_data', 'scheduled__2026-05-24T16:00:00+00:00', '--job-id', '40', '--raw', '--subdir', 'DAGS_FOLDER/i_sense_pipeline.py', '--cfg-path', '/tmp/tmpx6su0h3p']
[2026-05-30T16:19:43.550+0000] {standard_task_runner.py:88} INFO - Job 40: Subtask fetch_isense_data
[2026-05-30T16:19:45.036+0000] {task_command.py:423} INFO - Running <TaskInstance: i_sense_spark_pipeline.fetch_isense_data scheduled__2026-05-24T16:00:00+00:00 [running]> on host 54460146df59
[2026-05-30T16:19:47.876+0000] {taskinstance.py:2481} INFO - Exporting env vars: AIRFLOW_CTX_DAG_OWNER='data_team' AIRFLOW_CTX_DAG_ID='i_sense_spark_pipeline' AIRFLOW_CTX_TASK_ID='fetch_isense_data' AIRFLOW_CTX_EXECUTION_DATE='2026-05-24T16:00:00+00:00' AIRFLOW_CTX_TRY_NUMBER='1' AIRFLOW_CTX_DAG_RUN_ID='scheduled__2026-05-24T16:00:00+00:00'
[2026-05-30T16:19:47.881+0000] {subprocess.py:63} INFO - Tmp dir root location: /tmp
[2026-05-30T16:19:47.892+0000] {subprocess.py:75} INFO - Running command: ['/usr/bin/bash', '-c', 'python /opt/***/scripts/fetch_isense.py']
[2026-05-30T16:19:47.936+0000] {subprocess.py:86} INFO - Output:
[2026-05-30T16:21:11.629+0000] {subprocess.py:93} INFO - 
[2026-05-30T16:21:11.630+0000] {subprocess.py:93} INFO - ================================================================================
[2026-05-30T16:21:11.632+0000] {subprocess.py:93} INFO - 🏭 i-SENSE COMPLETE DATA FETCHER
[2026-05-30T16:21:11.632+0000] {subprocess.py:93} INFO -    SAP | AF | CAP | ENGRAIS
[2026-05-30T16:21:11.633+0000] {subprocess.py:93} INFO - ================================================================================
[2026-05-30T16:21:11.634+0000] {subprocess.py:93} INFO - 
[2026-05-30T16:21:11.635+0000] {subprocess.py:93} INFO - ================================================================================
[2026-05-30T16:21:11.636+0000] {subprocess.py:93} INFO - 🚀 FETCHING DATA FOR ALL DEPARTMENTS
[2026-05-30T16:21:11.637+0000] {subprocess.py:93} INFO -    Total machines: 17
[2026-05-30T16:21:11.638+0000] {subprocess.py:93} INFO - ================================================================================
[2026-05-30T16:21:11.639+0000] {subprocess.py:93} INFO - ✅ Logged in successfully
[2026-05-30T16:21:11.640+0000] {subprocess.py:93} INFO - 
[2026-05-30T16:21:11.643+0000] {subprocess.py:93} INFO - 📡 Asset 153 → SAP/Pompe_HRS_601ABP04
[2026-05-30T16:21:11.645+0000] {subprocess.py:93} INFO -       💾 Saved: AccelerationData.csv (721 rows, 3 parts)
[2026-05-30T16:21:11.646+0000] {subprocess.py:93} INFO -       💾 Saved: VibrationData.csv (721 rows, 3 parts)
[2026-05-30T16:21:11.647+0000] {subprocess.py:93} INFO -       💾 Saved: TemperatureData.csv (721 rows, 3 parts)
[2026-05-30T16:21:11.648+0000] {subprocess.py:93} INFO - 
[2026-05-30T16:21:11.650+0000] {subprocess.py:93} INFO - 📡 Asset 156 → SAP/Pompe_circulation_bac_commun_601AAP01
[2026-05-30T16:21:11.650+0000] {subprocess.py:93} INFO -       💾 Saved: AccelerationData.csv (721 rows, 2 parts)
[2026-05-30T16:21:11.652+0000] {subprocess.py:93} INFO -       💾 Saved: VibrationData.csv (721 rows, 2 parts)
[2026-05-30T16:21:11.653+0000] {subprocess.py:93} INFO -       💾 Saved: TemperatureData.csv (721 rows, 2 parts)
[2026-05-30T16:21:11.654+0000] {subprocess.py:93} INFO - 
[2026-05-30T16:21:11.655+0000] {subprocess.py:93} INFO - 📡 Asset 159 → SAP/Pompe_circulation_bac_commun_601AAP02
[2026-05-30T16:21:11.657+0000] {subprocess.py:93} INFO -       💾 Saved: AccelerationData.csv (457 rows, 3 parts)
[2026-05-30T16:21:11.659+0000] {subprocess.py:93} INFO -       💾 Saved: VibrationData.csv (457 rows, 3 parts)
[2026-05-30T16:21:11.660+0000] {subprocess.py:93} INFO -       💾 Saved: TemperatureData.csv (457 rows, 3 parts)
[2026-05-30T16:21:11.660+0000] {subprocess.py:93} INFO - 
[2026-05-30T16:21:11.661+0000] {subprocess.py:93} INFO - 📡 Asset 168 → AF/POMPE_A_VIDE_603AAC01
[2026-05-30T16:21:11.663+0000] {subprocess.py:93} INFO -       💾 Saved: AccelerationData.csv (721 rows, 1 parts)
[2026-05-30T16:21:11.663+0000] {subprocess.py:93} INFO -       💾 Saved: VibrationData.csv (721 rows, 1 parts)
[2026-05-30T16:21:11.664+0000] {subprocess.py:93} INFO -       💾 Saved: TemperatureData.csv (721 rows, 1 parts)
[2026-05-30T16:21:11.665+0000] {subprocess.py:93} INFO - 
[2026-05-30T16:21:11.666+0000] {subprocess.py:93} INFO - 📡 Asset 171 → AF/POMPE_A_VIDE_603AAC06
[2026-05-30T16:21:11.668+0000] {subprocess.py:93} INFO -       💾 Saved: AccelerationData.csv (721 rows, 4 parts)
[2026-05-30T16:21:11.669+0000] {subprocess.py:93} INFO -       💾 Saved: VibrationData.csv (721 rows, 4 parts)
[2026-05-30T16:21:11.670+0000] {subprocess.py:93} INFO -       💾 Saved: TemperatureData.csv (721 rows, 4 parts)
[2026-05-30T16:21:11.670+0000] {subprocess.py:93} INFO - 
[2026-05-30T16:21:11.671+0000] {subprocess.py:93} INFO - 📡 Asset 174 → AF/POMPE_A_VIDE_603ABC06
[2026-05-30T16:21:11.673+0000] {subprocess.py:93} INFO -       💾 Saved: AccelerationData.csv (721 rows, 4 parts)
[2026-05-30T16:21:11.674+0000] {subprocess.py:93} INFO -       💾 Saved: VibrationData.csv (721 rows, 4 parts)
[2026-05-30T16:21:11.674+0000] {subprocess.py:93} INFO -       💾 Saved: TemperatureData.csv (721 rows, 4 parts)
[2026-05-30T16:21:11.675+0000] {subprocess.py:93} INFO - 
[2026-05-30T16:21:11.676+0000] {subprocess.py:93} INFO - 📡 Asset 193 → AF/POMPE_B_FLASH_COOLER_603ABP01
[2026-05-30T16:21:11.677+0000] {subprocess.py:93} INFO -       💾 Saved: AccelerationData.csv (557 rows, 4 parts)
[2026-05-30T16:21:11.678+0000] {subprocess.py:93} INFO -       💾 Saved: VibrationData.csv (557 rows, 4 parts)
[2026-05-30T16:21:11.679+0000] {subprocess.py:93} INFO -       💾 Saved: TemperatureData.csv (557 rows, 4 parts)
[2026-05-30T16:21:11.679+0000] {subprocess.py:93} INFO - 
[2026-05-30T16:21:11.680+0000] {subprocess.py:93} INFO - 📡 Asset 177 → CAP/POMPE_DE_CIRCULATION_J_604JAP04
[2026-05-30T16:21:11.681+0000] {subprocess.py:93} INFO -       💾 Saved: AccelerationData.csv (524 rows, 6 parts)
[2026-05-30T16:21:11.682+0000] {subprocess.py:93} INFO -       💾 Saved: VibrationData.csv (524 rows, 6 parts)
[2026-05-30T16:21:11.682+0000] {subprocess.py:93} INFO -       💾 Saved: TemperatureData.csv (524 rows, 6 parts)
[2026-05-30T16:21:11.683+0000] {subprocess.py:93} INFO - 
[2026-05-30T16:21:11.684+0000] {subprocess.py:93} INFO - 📡 Asset 181 → CAP/POMPE_DE_CIRCULATION_K_604KAP04
[2026-05-30T16:21:11.685+0000] {subprocess.py:93} INFO -       💾 Saved: AccelerationData.csv (400 rows, 5 parts)
[2026-05-30T16:21:11.686+0000] {subprocess.py:93} INFO -       💾 Saved: VibrationData.csv (400 rows, 5 parts)
[2026-05-30T16:21:11.686+0000] {subprocess.py:93} INFO -       💾 Saved: TemperatureData.csv (400 rows, 5 parts)
[2026-05-30T16:21:11.688+0000] {subprocess.py:93} INFO - 
[2026-05-30T16:21:11.689+0000] {subprocess.py:93} INFO - 📡 Asset 185 → CAP/POMPE_DE_CIRCULATION_L_604LAP04
[2026-05-30T16:21:11.690+0000] {subprocess.py:93} INFO -       💾 Saved: AccelerationData.csv (682 rows, 7 parts)
[2026-05-30T16:21:11.691+0000] {subprocess.py:93} INFO -       💾 Saved: VibrationData.csv (682 rows, 7 parts)
[2026-05-30T16:21:11.692+0000] {subprocess.py:93} INFO -       💾 Saved: TemperatureData.csv (682 rows, 7 parts)
[2026-05-30T16:21:11.694+0000] {subprocess.py:93} INFO - 
[2026-05-30T16:21:11.696+0000] {subprocess.py:93} INFO - 📡 Asset 197 → ENGRAIS/Elevateur_607AAT01
[2026-05-30T16:21:11.698+0000] {subprocess.py:93} INFO -       💾 Saved: AccelerationData.csv (721 rows, 8 parts)
[2026-05-30T16:21:11.699+0000] {subprocess.py:93} INFO -       💾 Saved: VibrationData.csv (721 rows, 8 parts)
[2026-05-30T16:21:11.700+0000] {subprocess.py:93} INFO -       💾 Saved: TemperatureData.csv (721 rows, 8 parts)
[2026-05-30T16:21:11.701+0000] {subprocess.py:93} INFO - 
[2026-05-30T16:21:11.701+0000] {subprocess.py:93} INFO - 📡 Asset 201 → ENGRAIS/Elevateur_607AAT04
[2026-05-30T16:21:11.704+0000] {subprocess.py:93} INFO -       💾 Saved: AccelerationData.csv (721 rows, 8 parts)
[2026-05-30T16:21:11.706+0000] {subprocess.py:93} INFO -       💾 Saved: VibrationData.csv (721 rows, 8 parts)
[2026-05-30T16:21:11.709+0000] {subprocess.py:93} INFO -       💾 Saved: TemperatureData.csv (721 rows, 8 parts)
[2026-05-30T16:21:11.710+0000] {subprocess.py:93} INFO - 
[2026-05-30T16:21:11.712+0000] {subprocess.py:93} INFO - 📡 Asset 205 → ENGRAIS/Elevateur_607AAT05
[2026-05-30T16:21:11.713+0000] {subprocess.py:93} INFO -       💾 Saved: AccelerationData.csv (721 rows, 4 parts)
[2026-05-30T16:21:11.713+0000] {subprocess.py:93} INFO -       💾 Saved: VibrationData.csv (721 rows, 4 parts)
[2026-05-30T16:21:11.715+0000] {subprocess.py:93} INFO -       💾 Saved: TemperatureData.csv (721 rows, 4 parts)
[2026-05-30T16:21:11.716+0000] {subprocess.py:93} INFO - 
[2026-05-30T16:21:11.717+0000] {subprocess.py:93} INFO - 📡 Asset 209 → ENGRAIS/Elevateur_607AAT06
[2026-05-30T16:21:11.718+0000] {subprocess.py:93} INFO -       💾 Saved: AccelerationData.csv (721 rows, 8 parts)
[2026-05-30T16:21:11.720+0000] {subprocess.py:93} INFO -       💾 Saved: VibrationData.csv (721 rows, 8 parts)
[2026-05-30T16:21:11.721+0000] {subprocess.py:93} INFO -       💾 Saved: TemperatureData.csv (721 rows, 8 parts)
[2026-05-30T16:21:11.721+0000] {subprocess.py:93} INFO - 
[2026-05-30T16:21:11.722+0000] {subprocess.py:93} INFO - 📡 Asset 213 → ENGRAIS/Enrobeur_607AAM04
[2026-05-30T16:21:11.723+0000] {subprocess.py:93} INFO -       💾 Saved: AccelerationData.csv (725 rows, 8 parts)
[2026-05-30T16:21:11.724+0000] {subprocess.py:93} INFO -       💾 Saved: VibrationData.csv (725 rows, 8 parts)
[2026-05-30T16:21:11.724+0000] {subprocess.py:93} INFO -       💾 Saved: TemperatureData.csv (725 rows, 8 parts)
[2026-05-30T16:21:11.725+0000] {subprocess.py:93} INFO - 
[2026-05-30T16:21:11.726+0000] {subprocess.py:93} INFO - 📡 Asset 217 → ENGRAIS/Granulateur_607AAM03
[2026-05-30T16:21:11.726+0000] {subprocess.py:93} INFO -       💾 Saved: AccelerationData.csv (721 rows, 8 parts)
[2026-05-30T16:21:11.727+0000] {subprocess.py:93} INFO -       💾 Saved: VibrationData.csv (721 rows, 8 parts)
[2026-05-30T16:21:11.728+0000] {subprocess.py:93} INFO -       💾 Saved: TemperatureData.csv (721 rows, 8 parts)
[2026-05-30T16:21:11.729+0000] {subprocess.py:93} INFO - 
[2026-05-30T16:21:11.729+0000] {subprocess.py:93} INFO - 📡 Asset 221 → ENGRAIS/Tube_secheur_607AAF02
[2026-05-30T16:21:11.730+0000] {subprocess.py:93} INFO -       💾 Saved: AccelerationData.csv (721 rows, 8 parts)
[2026-05-30T16:21:11.731+0000] {subprocess.py:93} INFO -       💾 Saved: VibrationData.csv (721 rows, 8 parts)
[2026-05-30T16:21:11.731+0000] {subprocess.py:93} INFO -       💾 Saved: TemperatureData.csv (721 rows, 8 parts)
[2026-05-30T16:21:11.732+0000] {subprocess.py:93} INFO - 
[2026-05-30T16:21:11.732+0000] {subprocess.py:93} INFO - ================================================================================
[2026-05-30T16:21:11.733+0000] {subprocess.py:93} INFO - 📊 FETCH SUMMARY - ALL DEPARTMENTS
[2026-05-30T16:21:11.735+0000] {subprocess.py:93} INFO - ================================================================================
[2026-05-30T16:21:11.735+0000] {subprocess.py:93} INFO - 
[2026-05-30T16:21:11.736+0000] {subprocess.py:93} INFO - ✅ SAP: 3/3 machines
[2026-05-30T16:21:11.737+0000] {subprocess.py:93} INFO - 
[2026-05-30T16:21:11.738+0000] {subprocess.py:93} INFO - ✅ AF: 4/4 machines
[2026-05-30T16:21:11.739+0000] {subprocess.py:93} INFO - 
[2026-05-30T16:21:11.741+0000] {subprocess.py:93} INFO - ✅ CAP: 3/3 machines
[2026-05-30T16:21:11.743+0000] {subprocess.py:93} INFO - 
[2026-05-30T16:21:11.745+0000] {subprocess.py:93} INFO - ✅ ENGRAIS: 7/7 machines
[2026-05-30T16:21:11.848+0000] {subprocess.py:97} INFO - Command exited with return code 0
[2026-05-30T16:21:12.626+0000] {taskinstance.py:1138} INFO - Marking task as SUCCESS. dag_id=i_sense_spark_pipeline, task_id=fetch_isense_data, execution_date=20260524T160000, start_date=20260530T161943, end_date=20260530T162112
[2026-05-30T16:21:12.722+0000] {local_task_job_runner.py:234} INFO - Task exited with return code 0
[2026-05-30T16:21:12.991+0000] {taskinstance.py:3281} INFO - 1 downstream tasks scheduled from follow-on schedule check
