[2026-06-01T11:57:54.043+0000] {taskinstance.py:1957} INFO - Dependencies all met for dep_context=non-requeueable deps ti=<TaskInstance: i_sense_pipeline.fetch_isense_data manual__2026-06-01T11:57:49.224797+00:00 [queued]>
[2026-06-01T11:57:54.114+0000] {taskinstance.py:1957} INFO - Dependencies all met for dep_context=requeueable deps ti=<TaskInstance: i_sense_pipeline.fetch_isense_data manual__2026-06-01T11:57:49.224797+00:00 [queued]>
[2026-06-01T11:57:54.116+0000] {taskinstance.py:2171} INFO - Starting attempt 1 of 2
[2026-06-01T11:57:54.224+0000] {taskinstance.py:2192} INFO - Executing <Task(BashOperator): fetch_isense_data> on 2026-06-01 11:57:49.224797+00:00
[2026-06-01T11:57:54.291+0000] {standard_task_runner.py:60} INFO - Started process 732 to run task
[2026-06-01T11:57:54.334+0000] {standard_task_runner.py:87} INFO - Running: ['***', 'tasks', 'run', 'i_sense_pipeline', 'fetch_isense_data', 'manual__2026-06-01T11:57:49.224797+00:00', '--job-id', '34', '--raw', '--subdir', 'DAGS_FOLDER/i_sense_pipeline.py', '--cfg-path', '/tmp/tmpepl3gw8p']
[2026-06-01T11:57:54.356+0000] {standard_task_runner.py:88} INFO - Job 34: Subtask fetch_isense_data
[2026-06-01T11:57:54.690+0000] {task_command.py:423} INFO - Running <TaskInstance: i_sense_pipeline.fetch_isense_data manual__2026-06-01T11:57:49.224797+00:00 [running]> on host 58e07e03e4fd
[2026-06-01T11:57:55.014+0000] {taskinstance.py:2481} INFO - Exporting env vars: AIRFLOW_CTX_DAG_OWNER='data_team' AIRFLOW_CTX_DAG_ID='i_sense_pipeline' AIRFLOW_CTX_TASK_ID='fetch_isense_data' AIRFLOW_CTX_EXECUTION_DATE='2026-06-01T11:57:49.224797+00:00' AIRFLOW_CTX_TRY_NUMBER='1' AIRFLOW_CTX_DAG_RUN_ID='manual__2026-06-01T11:57:49.224797+00:00'
[2026-06-01T11:57:55.021+0000] {subprocess.py:63} INFO - Tmp dir root location: /tmp
[2026-06-01T11:57:55.025+0000] {subprocess.py:75} INFO - Running command: ['/usr/bin/bash', '-c', 'python /opt/***/scripts/fetch_isense.py']
[2026-06-01T11:57:55.067+0000] {subprocess.py:86} INFO - Output:
[2026-06-01T12:00:40.521+0000] {subprocess.py:93} INFO - 
[2026-06-01T12:00:40.522+0000] {subprocess.py:93} INFO - ================================================================================
[2026-06-01T12:00:40.523+0000] {subprocess.py:93} INFO - 🏭 i-SENSE COMPLETE DATA FETCHER
[2026-06-01T12:00:40.524+0000] {subprocess.py:93} INFO -    SAP | AF | CAP | ENGRAIS
[2026-06-01T12:00:40.524+0000] {subprocess.py:93} INFO - ================================================================================
[2026-06-01T12:00:40.525+0000] {subprocess.py:93} INFO - 
[2026-06-01T12:00:40.526+0000] {subprocess.py:93} INFO - ================================================================================
[2026-06-01T12:00:40.527+0000] {subprocess.py:93} INFO - 🚀 FETCHING DATA FOR ALL DEPARTMENTS
[2026-06-01T12:00:40.529+0000] {subprocess.py:93} INFO -    Total machines: 17
[2026-06-01T12:00:40.530+0000] {subprocess.py:93} INFO - ================================================================================
[2026-06-01T12:00:40.531+0000] {subprocess.py:93} INFO - ✅ Logged in successfully
[2026-06-01T12:00:40.531+0000] {subprocess.py:93} INFO - 
[2026-06-01T12:00:40.532+0000] {subprocess.py:93} INFO - 📡 Asset 153 → SAP/Pompe_HRS_601ABP04
[2026-06-01T12:00:40.533+0000] {subprocess.py:93} INFO -       💾 Saved: AccelerationData.csv (745 rows, 3 parts)
[2026-06-01T12:00:40.534+0000] {subprocess.py:93} INFO -       💾 Saved: VibrationData.csv (745 rows, 3 parts)
[2026-06-01T12:00:40.535+0000] {subprocess.py:93} INFO -       💾 Saved: TemperatureData.csv (745 rows, 3 parts)
[2026-06-01T12:00:40.535+0000] {subprocess.py:93} INFO - 
[2026-06-01T12:00:40.536+0000] {subprocess.py:93} INFO - 📡 Asset 156 → SAP/Pompe_circulation_bac_commun_601AAP01
[2026-06-01T12:00:40.537+0000] {subprocess.py:93} INFO -       💾 Saved: AccelerationData.csv (745 rows, 2 parts)
[2026-06-01T12:00:40.537+0000] {subprocess.py:93} INFO -       💾 Saved: VibrationData.csv (745 rows, 2 parts)
[2026-06-01T12:00:40.538+0000] {subprocess.py:93} INFO -       💾 Saved: TemperatureData.csv (745 rows, 2 parts)
[2026-06-01T12:00:40.539+0000] {subprocess.py:93} INFO - 
[2026-06-01T12:00:40.539+0000] {subprocess.py:93} INFO - 📡 Asset 159 → SAP/Pompe_circulation_bac_commun_601AAP02
[2026-06-01T12:00:40.540+0000] {subprocess.py:93} INFO -       💾 Saved: AccelerationData.csv (492 rows, 3 parts)
[2026-06-01T12:00:40.541+0000] {subprocess.py:93} INFO -       💾 Saved: VibrationData.csv (492 rows, 3 parts)
[2026-06-01T12:00:40.541+0000] {subprocess.py:93} INFO -       💾 Saved: TemperatureData.csv (492 rows, 3 parts)
[2026-06-01T12:00:40.542+0000] {subprocess.py:93} INFO - 
[2026-06-01T12:00:40.542+0000] {subprocess.py:93} INFO - 📡 Asset 168 → AF/POMPE_A_VIDE_603AAC01
[2026-06-01T12:00:40.543+0000] {subprocess.py:93} INFO -       💾 Saved: AccelerationData.csv (745 rows, 1 parts)
[2026-06-01T12:00:40.545+0000] {subprocess.py:93} INFO -       💾 Saved: VibrationData.csv (745 rows, 1 parts)
[2026-06-01T12:00:40.546+0000] {subprocess.py:93} INFO -       💾 Saved: TemperatureData.csv (745 rows, 1 parts)
[2026-06-01T12:00:40.546+0000] {subprocess.py:93} INFO - 
[2026-06-01T12:00:40.547+0000] {subprocess.py:93} INFO - 📡 Asset 171 → AF/POMPE_A_VIDE_603AAC06
[2026-06-01T12:00:40.547+0000] {subprocess.py:93} INFO -       💾 Saved: AccelerationData.csv (745 rows, 4 parts)
[2026-06-01T12:00:40.548+0000] {subprocess.py:93} INFO -       💾 Saved: VibrationData.csv (745 rows, 4 parts)
[2026-06-01T12:00:40.549+0000] {subprocess.py:93} INFO -       💾 Saved: TemperatureData.csv (745 rows, 4 parts)
[2026-06-01T12:00:40.550+0000] {subprocess.py:93} INFO - 
[2026-06-01T12:00:40.550+0000] {subprocess.py:93} INFO - 📡 Asset 174 → AF/POMPE_A_VIDE_603ABC06
[2026-06-01T12:00:40.551+0000] {subprocess.py:93} INFO -       💾 Saved: AccelerationData.csv (745 rows, 4 parts)
[2026-06-01T12:00:40.552+0000] {subprocess.py:93} INFO -       💾 Saved: VibrationData.csv (745 rows, 4 parts)
[2026-06-01T12:00:40.553+0000] {subprocess.py:93} INFO -       💾 Saved: TemperatureData.csv (745 rows, 4 parts)
[2026-06-01T12:00:40.553+0000] {subprocess.py:93} INFO - 
[2026-06-01T12:00:40.554+0000] {subprocess.py:93} INFO - 📡 Asset 193 → AF/POMPE_B_FLASH_COOLER_603ABP01
[2026-06-01T12:00:40.555+0000] {subprocess.py:93} INFO -       💾 Saved: AccelerationData.csv (600 rows, 4 parts)
[2026-06-01T12:00:40.556+0000] {subprocess.py:93} INFO -       💾 Saved: VibrationData.csv (600 rows, 4 parts)
[2026-06-01T12:00:40.557+0000] {subprocess.py:93} INFO -       💾 Saved: TemperatureData.csv (600 rows, 4 parts)
[2026-06-01T12:00:40.558+0000] {subprocess.py:93} INFO - 
[2026-06-01T12:00:40.558+0000] {subprocess.py:93} INFO - 📡 Asset 177 → CAP/POMPE_DE_CIRCULATION_J_604JAP04
[2026-06-01T12:00:40.559+0000] {subprocess.py:93} INFO -       💾 Saved: AccelerationData.csv (524 rows, 6 parts)
[2026-06-01T12:00:40.561+0000] {subprocess.py:93} INFO -       💾 Saved: VibrationData.csv (524 rows, 6 parts)
[2026-06-01T12:00:40.562+0000] {subprocess.py:93} INFO -       💾 Saved: TemperatureData.csv (524 rows, 6 parts)
[2026-06-01T12:00:40.563+0000] {subprocess.py:93} INFO - 
[2026-06-01T12:00:40.564+0000] {subprocess.py:93} INFO - 📡 Asset 181 → CAP/POMPE_DE_CIRCULATION_K_604KAP04
[2026-06-01T12:00:40.565+0000] {subprocess.py:93} INFO -       💾 Saved: AccelerationData.csv (400 rows, 5 parts)
[2026-06-01T12:00:40.566+0000] {subprocess.py:93} INFO -       💾 Saved: VibrationData.csv (400 rows, 5 parts)
[2026-06-01T12:00:40.567+0000] {subprocess.py:93} INFO -       💾 Saved: TemperatureData.csv (400 rows, 5 parts)
[2026-06-01T12:00:40.567+0000] {subprocess.py:93} INFO - 
[2026-06-01T12:00:40.568+0000] {subprocess.py:93} INFO - 📡 Asset 185 → CAP/POMPE_DE_CIRCULATION_L_604LAP04
[2026-06-01T12:00:40.569+0000] {subprocess.py:93} INFO -       ⚠️ No AccelerationData.csv data
[2026-06-01T12:00:40.570+0000] {subprocess.py:93} INFO -       💾 Saved: VibrationData.csv (705 rows, 7 parts)
[2026-06-01T12:00:40.570+0000] {subprocess.py:93} INFO -       💾 Saved: TemperatureData.csv (705 rows, 7 parts)
[2026-06-01T12:00:40.571+0000] {subprocess.py:93} INFO - 
[2026-06-01T12:00:40.571+0000] {subprocess.py:93} INFO - 📡 Asset 197 → ENGRAIS/Elevateur_607AAT01
[2026-06-01T12:00:40.572+0000] {subprocess.py:93} INFO -       💾 Saved: AccelerationData.csv (745 rows, 8 parts)
[2026-06-01T12:00:40.573+0000] {subprocess.py:93} INFO -       💾 Saved: VibrationData.csv (745 rows, 8 parts)
[2026-06-01T12:00:40.573+0000] {subprocess.py:93} INFO -       💾 Saved: TemperatureData.csv (745 rows, 8 parts)
[2026-06-01T12:00:40.574+0000] {subprocess.py:93} INFO - 
[2026-06-01T12:00:40.574+0000] {subprocess.py:93} INFO - 📡 Asset 201 → ENGRAIS/Elevateur_607AAT04
[2026-06-01T12:00:40.574+0000] {subprocess.py:93} INFO -       💾 Saved: AccelerationData.csv (745 rows, 8 parts)
[2026-06-01T12:00:40.575+0000] {subprocess.py:93} INFO -       💾 Saved: VibrationData.csv (745 rows, 8 parts)
[2026-06-01T12:00:40.575+0000] {subprocess.py:93} INFO -       💾 Saved: TemperatureData.csv (745 rows, 8 parts)
[2026-06-01T12:00:40.575+0000] {subprocess.py:93} INFO - 
[2026-06-01T12:00:40.576+0000] {subprocess.py:93} INFO - 📡 Asset 205 → ENGRAIS/Elevateur_607AAT05
[2026-06-01T12:00:40.578+0000] {subprocess.py:93} INFO -       💾 Saved: AccelerationData.csv (745 rows, 4 parts)
[2026-06-01T12:00:40.579+0000] {subprocess.py:93} INFO -       💾 Saved: VibrationData.csv (745 rows, 4 parts)
[2026-06-01T12:00:40.580+0000] {subprocess.py:93} INFO -       💾 Saved: TemperatureData.csv (745 rows, 4 parts)
[2026-06-01T12:00:40.580+0000] {subprocess.py:93} INFO - 
[2026-06-01T12:00:40.581+0000] {subprocess.py:93} INFO - 📡 Asset 209 → ENGRAIS/Elevateur_607AAT06
[2026-06-01T12:00:40.582+0000] {subprocess.py:93} INFO -       💾 Saved: AccelerationData.csv (745 rows, 8 parts)
[2026-06-01T12:00:40.582+0000] {subprocess.py:93} INFO -       💾 Saved: VibrationData.csv (745 rows, 8 parts)
[2026-06-01T12:00:40.583+0000] {subprocess.py:93} INFO -       💾 Saved: TemperatureData.csv (745 rows, 8 parts)
[2026-06-01T12:00:40.583+0000] {subprocess.py:93} INFO - 
[2026-06-01T12:00:40.584+0000] {subprocess.py:93} INFO - 📡 Asset 213 → ENGRAIS/Enrobeur_607AAM04
[2026-06-01T12:00:40.585+0000] {subprocess.py:93} INFO -       💾 Saved: AccelerationData.csv (725 rows, 8 parts)
[2026-06-01T12:00:40.586+0000] {subprocess.py:93} INFO -       💾 Saved: VibrationData.csv (725 rows, 8 parts)
[2026-06-01T12:00:40.586+0000] {subprocess.py:93} INFO -       💾 Saved: TemperatureData.csv (725 rows, 8 parts)
[2026-06-01T12:00:40.587+0000] {subprocess.py:93} INFO - 
[2026-06-01T12:00:40.588+0000] {subprocess.py:93} INFO - 📡 Asset 217 → ENGRAIS/Granulateur_607AAM03
[2026-06-01T12:00:40.588+0000] {subprocess.py:93} INFO -       💾 Saved: AccelerationData.csv (745 rows, 8 parts)
[2026-06-01T12:00:40.589+0000] {subprocess.py:93} INFO -       💾 Saved: VibrationData.csv (745 rows, 8 parts)
[2026-06-01T12:00:40.590+0000] {subprocess.py:93} INFO -       💾 Saved: TemperatureData.csv (745 rows, 8 parts)
[2026-06-01T12:00:40.591+0000] {subprocess.py:93} INFO - 
[2026-06-01T12:00:40.591+0000] {subprocess.py:93} INFO - 📡 Asset 221 → ENGRAIS/Tube_secheur_607AAF02
[2026-06-01T12:00:40.593+0000] {subprocess.py:93} INFO -       💾 Saved: AccelerationData.csv (721 rows, 8 parts)
[2026-06-01T12:00:40.594+0000] {subprocess.py:93} INFO -       💾 Saved: VibrationData.csv (721 rows, 8 parts)
[2026-06-01T12:00:40.594+0000] {subprocess.py:93} INFO -       💾 Saved: TemperatureData.csv (721 rows, 8 parts)
[2026-06-01T12:00:40.595+0000] {subprocess.py:93} INFO - 
[2026-06-01T12:00:40.596+0000] {subprocess.py:93} INFO - ================================================================================
[2026-06-01T12:00:40.596+0000] {subprocess.py:93} INFO - 📊 FETCH SUMMARY - ALL DEPARTMENTS
[2026-06-01T12:00:40.597+0000] {subprocess.py:93} INFO - ================================================================================
[2026-06-01T12:00:40.597+0000] {subprocess.py:93} INFO - 
[2026-06-01T12:00:40.598+0000] {subprocess.py:93} INFO - ✅ SAP: 3/3 machines
[2026-06-01T12:00:40.598+0000] {subprocess.py:93} INFO - 
[2026-06-01T12:00:40.599+0000] {subprocess.py:93} INFO - ✅ AF: 4/4 machines
[2026-06-01T12:00:40.600+0000] {subprocess.py:93} INFO - 
[2026-06-01T12:00:40.601+0000] {subprocess.py:93} INFO - ✅ CAP: 3/3 machines
[2026-06-01T12:00:40.601+0000] {subprocess.py:93} INFO - 
[2026-06-01T12:00:40.602+0000] {subprocess.py:93} INFO - ✅ ENGRAIS: 7/7 machines
[2026-06-01T12:00:40.714+0000] {subprocess.py:97} INFO - Command exited with return code 0
[2026-06-01T12:00:40.808+0000] {taskinstance.py:1138} INFO - Marking task as SUCCESS. dag_id=i_sense_pipeline, task_id=fetch_isense_data, execution_date=20260601T115749, start_date=20260601T115754, end_date=20260601T120040
[2026-06-01T12:00:40.959+0000] {local_task_job_runner.py:234} INFO - Task exited with return code 0
[2026-06-01T12:00:41.015+0000] {taskinstance.py:3281} INFO - 1 downstream tasks scheduled from follow-on schedule check
