[2026-05-30T19:37:18.323+0000] {taskinstance.py:1957} INFO - Dependencies all met for dep_context=non-requeueable deps ti=<TaskInstance: i_sense_pipeline.fetch_isense scheduled__2026-05-30T18:00:00+00:00 [queued]>
[2026-05-30T19:37:18.338+0000] {taskinstance.py:1957} INFO - Dependencies all met for dep_context=requeueable deps ti=<TaskInstance: i_sense_pipeline.fetch_isense scheduled__2026-05-30T18:00:00+00:00 [queued]>
[2026-05-30T19:37:18.339+0000] {taskinstance.py:2171} INFO - Starting attempt 1 of 2
[2026-05-30T19:37:18.358+0000] {taskinstance.py:2192} INFO - Executing <Task(BashOperator): fetch_isense> on 2026-05-30 18:00:00+00:00
[2026-05-30T19:37:18.373+0000] {standard_task_runner.py:60} INFO - Started process 174 to run task
[2026-05-30T19:37:18.387+0000] {standard_task_runner.py:87} INFO - Running: ['***', 'tasks', 'run', 'i_sense_pipeline', 'fetch_isense', 'scheduled__2026-05-30T18:00:00+00:00', '--job-id', '2', '--raw', '--subdir', 'DAGS_FOLDER/i_sense_pipeline.py', '--cfg-path', '/tmp/tmpwpqlbnjz']
[2026-05-30T19:37:18.396+0000] {standard_task_runner.py:88} INFO - Job 2: Subtask fetch_isense
[2026-05-30T19:37:18.630+0000] {task_command.py:423} INFO - Running <TaskInstance: i_sense_pipeline.fetch_isense scheduled__2026-05-30T18:00:00+00:00 [running]> on host 751579f7eeaf
[2026-05-30T19:37:18.880+0000] {taskinstance.py:2481} INFO - Exporting env vars: AIRFLOW_CTX_DAG_OWNER='data_team' AIRFLOW_CTX_DAG_ID='i_sense_pipeline' AIRFLOW_CTX_TASK_ID='fetch_isense' AIRFLOW_CTX_EXECUTION_DATE='2026-05-30T18:00:00+00:00' AIRFLOW_CTX_TRY_NUMBER='1' AIRFLOW_CTX_DAG_RUN_ID='scheduled__2026-05-30T18:00:00+00:00'
[2026-05-30T19:37:18.885+0000] {subprocess.py:63} INFO - Tmp dir root location: /tmp
[2026-05-30T19:37:18.895+0000] {subprocess.py:75} INFO - Running command: ['/usr/bin/bash', '-c', 'python /opt/***/scripts/fetch_isense.py']
[2026-05-30T19:37:18.943+0000] {subprocess.py:86} INFO - Output:
[2026-05-30T19:38:31.470+0000] {subprocess.py:93} INFO - 
[2026-05-30T19:38:31.471+0000] {subprocess.py:93} INFO - ================================================================================
[2026-05-30T19:38:31.472+0000] {subprocess.py:93} INFO - 🏭 i-SENSE COMPLETE DATA FETCHER
[2026-05-30T19:38:31.473+0000] {subprocess.py:93} INFO -    SAP | AF | CAP | ENGRAIS
[2026-05-30T19:38:31.474+0000] {subprocess.py:93} INFO - ================================================================================
[2026-05-30T19:38:31.474+0000] {subprocess.py:93} INFO - 
[2026-05-30T19:38:31.475+0000] {subprocess.py:93} INFO - ================================================================================
[2026-05-30T19:38:31.475+0000] {subprocess.py:93} INFO - 🚀 FETCHING DATA FOR ALL DEPARTMENTS
[2026-05-30T19:38:31.476+0000] {subprocess.py:93} INFO -    Total machines: 17
[2026-05-30T19:38:31.476+0000] {subprocess.py:93} INFO - ================================================================================
[2026-05-30T19:38:31.477+0000] {subprocess.py:93} INFO - ✅ Logged in successfully
[2026-05-30T19:38:31.478+0000] {subprocess.py:93} INFO - 
[2026-05-30T19:38:31.478+0000] {subprocess.py:93} INFO - 📡 Asset 153 → SAP/Pompe_HRS_601ABP04
[2026-05-30T19:38:31.479+0000] {subprocess.py:93} INFO -       💾 Saved: AccelerationData.csv (721 rows, 3 parts)
[2026-05-30T19:38:31.479+0000] {subprocess.py:93} INFO -       💾 Saved: VibrationData.csv (721 rows, 3 parts)
[2026-05-30T19:38:31.480+0000] {subprocess.py:93} INFO -       💾 Saved: TemperatureData.csv (721 rows, 3 parts)
[2026-05-30T19:38:31.480+0000] {subprocess.py:93} INFO - 
[2026-05-30T19:38:31.481+0000] {subprocess.py:93} INFO - 📡 Asset 156 → SAP/Pompe_circulation_bac_commun_601AAP01
[2026-05-30T19:38:31.483+0000] {subprocess.py:93} INFO -       💾 Saved: AccelerationData.csv (721 rows, 2 parts)
[2026-05-30T19:38:31.485+0000] {subprocess.py:93} INFO -       💾 Saved: VibrationData.csv (721 rows, 2 parts)
[2026-05-30T19:38:31.486+0000] {subprocess.py:93} INFO -       💾 Saved: TemperatureData.csv (721 rows, 2 parts)
[2026-05-30T19:38:31.486+0000] {subprocess.py:93} INFO - 
[2026-05-30T19:38:31.487+0000] {subprocess.py:93} INFO - 📡 Asset 159 → SAP/Pompe_circulation_bac_commun_601AAP02
[2026-05-30T19:38:31.487+0000] {subprocess.py:93} INFO -       💾 Saved: AccelerationData.csv (457 rows, 3 parts)
[2026-05-30T19:38:31.488+0000] {subprocess.py:93} INFO -       💾 Saved: VibrationData.csv (457 rows, 3 parts)
[2026-05-30T19:38:31.489+0000] {subprocess.py:93} INFO -       💾 Saved: TemperatureData.csv (457 rows, 3 parts)
[2026-05-30T19:38:31.490+0000] {subprocess.py:93} INFO - 
[2026-05-30T19:38:31.490+0000] {subprocess.py:93} INFO - 📡 Asset 168 → AF/POMPE_A_VIDE_603AAC01
[2026-05-30T19:38:31.491+0000] {subprocess.py:93} INFO -       💾 Saved: AccelerationData.csv (721 rows, 1 parts)
[2026-05-30T19:38:31.491+0000] {subprocess.py:93} INFO -       💾 Saved: VibrationData.csv (721 rows, 1 parts)
[2026-05-30T19:38:31.491+0000] {subprocess.py:93} INFO -       💾 Saved: TemperatureData.csv (721 rows, 1 parts)
[2026-05-30T19:38:31.492+0000] {subprocess.py:93} INFO - 
[2026-05-30T19:38:31.492+0000] {subprocess.py:93} INFO - 📡 Asset 171 → AF/POMPE_A_VIDE_603AAC06
[2026-05-30T19:38:31.493+0000] {subprocess.py:93} INFO -       💾 Saved: AccelerationData.csv (721 rows, 4 parts)
[2026-05-30T19:38:31.493+0000] {subprocess.py:93} INFO -       💾 Saved: VibrationData.csv (721 rows, 4 parts)
[2026-05-30T19:38:31.494+0000] {subprocess.py:93} INFO -       💾 Saved: TemperatureData.csv (721 rows, 4 parts)
[2026-05-30T19:38:31.494+0000] {subprocess.py:93} INFO - 
[2026-05-30T19:38:31.495+0000] {subprocess.py:93} INFO - 📡 Asset 174 → AF/POMPE_A_VIDE_603ABC06
[2026-05-30T19:38:31.495+0000] {subprocess.py:93} INFO -       💾 Saved: AccelerationData.csv (721 rows, 4 parts)
[2026-05-30T19:38:31.496+0000] {subprocess.py:93} INFO -       💾 Saved: VibrationData.csv (721 rows, 4 parts)
[2026-05-30T19:38:31.496+0000] {subprocess.py:93} INFO -       💾 Saved: TemperatureData.csv (721 rows, 4 parts)
[2026-05-30T19:38:31.500+0000] {subprocess.py:93} INFO - 
[2026-05-30T19:38:31.500+0000] {subprocess.py:93} INFO - 📡 Asset 193 → AF/POMPE_B_FLASH_COOLER_603ABP01
[2026-05-30T19:38:31.501+0000] {subprocess.py:93} INFO -       💾 Saved: AccelerationData.csv (560 rows, 4 parts)
[2026-05-30T19:38:31.501+0000] {subprocess.py:93} INFO -       💾 Saved: VibrationData.csv (560 rows, 4 parts)
[2026-05-30T19:38:31.502+0000] {subprocess.py:93} INFO -       💾 Saved: TemperatureData.csv (560 rows, 4 parts)
[2026-05-30T19:38:31.502+0000] {subprocess.py:93} INFO - 
[2026-05-30T19:38:31.503+0000] {subprocess.py:93} INFO - 📡 Asset 177 → CAP/POMPE_DE_CIRCULATION_J_604JAP04
[2026-05-30T19:38:31.503+0000] {subprocess.py:93} INFO -       💾 Saved: AccelerationData.csv (524 rows, 6 parts)
[2026-05-30T19:38:31.504+0000] {subprocess.py:93} INFO -       💾 Saved: VibrationData.csv (524 rows, 6 parts)
[2026-05-30T19:38:31.504+0000] {subprocess.py:93} INFO -       💾 Saved: TemperatureData.csv (524 rows, 6 parts)
[2026-05-30T19:38:31.505+0000] {subprocess.py:93} INFO - 
[2026-05-30T19:38:31.506+0000] {subprocess.py:93} INFO - 📡 Asset 181 → CAP/POMPE_DE_CIRCULATION_K_604KAP04
[2026-05-30T19:38:31.506+0000] {subprocess.py:93} INFO -       💾 Saved: AccelerationData.csv (400 rows, 5 parts)
[2026-05-30T19:38:31.507+0000] {subprocess.py:93} INFO -       💾 Saved: VibrationData.csv (400 rows, 5 parts)
[2026-05-30T19:38:31.508+0000] {subprocess.py:93} INFO -       💾 Saved: TemperatureData.csv (400 rows, 5 parts)
[2026-05-30T19:38:31.508+0000] {subprocess.py:93} INFO - 
[2026-05-30T19:38:31.509+0000] {subprocess.py:93} INFO - 📡 Asset 185 → CAP/POMPE_DE_CIRCULATION_L_604LAP04
[2026-05-30T19:38:31.509+0000] {subprocess.py:93} INFO -       💾 Saved: AccelerationData.csv (682 rows, 7 parts)
[2026-05-30T19:38:31.510+0000] {subprocess.py:93} INFO -       💾 Saved: VibrationData.csv (682 rows, 7 parts)
[2026-05-30T19:38:31.510+0000] {subprocess.py:93} INFO -       💾 Saved: TemperatureData.csv (682 rows, 7 parts)
[2026-05-30T19:38:31.511+0000] {subprocess.py:93} INFO - 
[2026-05-30T19:38:31.513+0000] {subprocess.py:93} INFO - 📡 Asset 197 → ENGRAIS/Elevateur_607AAT01
[2026-05-30T19:38:31.514+0000] {subprocess.py:93} INFO -       💾 Saved: AccelerationData.csv (721 rows, 8 parts)
[2026-05-30T19:38:31.515+0000] {subprocess.py:93} INFO -       💾 Saved: VibrationData.csv (721 rows, 8 parts)
[2026-05-30T19:38:31.516+0000] {subprocess.py:93} INFO -       💾 Saved: TemperatureData.csv (721 rows, 8 parts)
[2026-05-30T19:38:31.517+0000] {subprocess.py:93} INFO - 
[2026-05-30T19:38:31.517+0000] {subprocess.py:93} INFO - 📡 Asset 201 → ENGRAIS/Elevateur_607AAT04
[2026-05-30T19:38:31.518+0000] {subprocess.py:93} INFO -       💾 Saved: AccelerationData.csv (721 rows, 8 parts)
[2026-05-30T19:38:31.518+0000] {subprocess.py:93} INFO -       💾 Saved: VibrationData.csv (721 rows, 8 parts)
[2026-05-30T19:38:31.519+0000] {subprocess.py:93} INFO -       💾 Saved: TemperatureData.csv (721 rows, 8 parts)
[2026-05-30T19:38:31.519+0000] {subprocess.py:93} INFO - 
[2026-05-30T19:38:31.520+0000] {subprocess.py:93} INFO - 📡 Asset 205 → ENGRAIS/Elevateur_607AAT05
[2026-05-30T19:38:31.520+0000] {subprocess.py:93} INFO -       💾 Saved: AccelerationData.csv (721 rows, 4 parts)
[2026-05-30T19:38:31.520+0000] {subprocess.py:93} INFO -       💾 Saved: VibrationData.csv (721 rows, 4 parts)
[2026-05-30T19:38:31.521+0000] {subprocess.py:93} INFO -       💾 Saved: TemperatureData.csv (721 rows, 4 parts)
[2026-05-30T19:38:31.521+0000] {subprocess.py:93} INFO - 
[2026-05-30T19:38:31.522+0000] {subprocess.py:93} INFO - 📡 Asset 209 → ENGRAIS/Elevateur_607AAT06
[2026-05-30T19:38:31.522+0000] {subprocess.py:93} INFO -       💾 Saved: AccelerationData.csv (721 rows, 8 parts)
[2026-05-30T19:38:31.523+0000] {subprocess.py:93} INFO -       💾 Saved: VibrationData.csv (721 rows, 8 parts)
[2026-05-30T19:38:31.524+0000] {subprocess.py:93} INFO -       💾 Saved: TemperatureData.csv (721 rows, 8 parts)
[2026-05-30T19:38:31.524+0000] {subprocess.py:93} INFO - 
[2026-05-30T19:38:31.525+0000] {subprocess.py:93} INFO - 📡 Asset 213 → ENGRAIS/Enrobeur_607AAM04
[2026-05-30T19:38:31.525+0000] {subprocess.py:93} INFO -       💾 Saved: AccelerationData.csv (725 rows, 8 parts)
[2026-05-30T19:38:31.526+0000] {subprocess.py:93} INFO -       💾 Saved: VibrationData.csv (725 rows, 8 parts)
[2026-05-30T19:38:31.526+0000] {subprocess.py:93} INFO -       💾 Saved: TemperatureData.csv (725 rows, 8 parts)
[2026-05-30T19:38:31.530+0000] {subprocess.py:93} INFO - 
[2026-05-30T19:38:31.531+0000] {subprocess.py:93} INFO - 📡 Asset 217 → ENGRAIS/Granulateur_607AAM03
[2026-05-30T19:38:31.532+0000] {subprocess.py:93} INFO -       💾 Saved: AccelerationData.csv (721 rows, 8 parts)
[2026-05-30T19:38:31.532+0000] {subprocess.py:93} INFO -       💾 Saved: VibrationData.csv (721 rows, 8 parts)
[2026-05-30T19:38:31.533+0000] {subprocess.py:93} INFO -       💾 Saved: TemperatureData.csv (721 rows, 8 parts)
[2026-05-30T19:38:31.533+0000] {subprocess.py:93} INFO - 
[2026-05-30T19:38:31.534+0000] {subprocess.py:93} INFO - 📡 Asset 221 → ENGRAIS/Tube_secheur_607AAF02
[2026-05-30T19:38:31.534+0000] {subprocess.py:93} INFO -       💾 Saved: AccelerationData.csv (721 rows, 8 parts)
[2026-05-30T19:38:31.535+0000] {subprocess.py:93} INFO -       💾 Saved: VibrationData.csv (721 rows, 8 parts)
[2026-05-30T19:38:31.535+0000] {subprocess.py:93} INFO -       💾 Saved: TemperatureData.csv (721 rows, 8 parts)
[2026-05-30T19:38:31.536+0000] {subprocess.py:93} INFO - 
[2026-05-30T19:38:31.536+0000] {subprocess.py:93} INFO - ================================================================================
[2026-05-30T19:38:31.537+0000] {subprocess.py:93} INFO - 📊 FETCH SUMMARY - ALL DEPARTMENTS
[2026-05-30T19:38:31.537+0000] {subprocess.py:93} INFO - ================================================================================
[2026-05-30T19:38:31.537+0000] {subprocess.py:93} INFO - 
[2026-05-30T19:38:31.538+0000] {subprocess.py:93} INFO - ✅ SAP: 3/3 machines
[2026-05-30T19:38:31.538+0000] {subprocess.py:93} INFO - 
[2026-05-30T19:38:31.539+0000] {subprocess.py:93} INFO - ✅ AF: 4/4 machines
[2026-05-30T19:38:31.539+0000] {subprocess.py:93} INFO - 
[2026-05-30T19:38:31.540+0000] {subprocess.py:93} INFO - ✅ CAP: 3/3 machines
[2026-05-30T19:38:31.540+0000] {subprocess.py:93} INFO - 
[2026-05-30T19:38:31.541+0000] {subprocess.py:93} INFO - ✅ ENGRAIS: 7/7 machines
[2026-05-30T19:38:31.639+0000] {subprocess.py:97} INFO - Command exited with return code 0
[2026-05-30T19:38:31.683+0000] {taskinstance.py:1138} INFO - Marking task as SUCCESS. dag_id=i_sense_pipeline, task_id=fetch_isense, execution_date=20260530T180000, start_date=20260530T193718, end_date=20260530T193831
[2026-05-30T19:38:31.755+0000] {local_task_job_runner.py:234} INFO - Task exited with return code 0
[2026-05-30T19:38:31.791+0000] {taskinstance.py:3281} INFO - 1 downstream tasks scheduled from follow-on schedule check
