[2026-06-01T12:00:03.411+0000] {taskinstance.py:1957} INFO - Dependencies all met for dep_context=non-requeueable deps ti=<TaskInstance: i_sense_pipeline.fetch_isense_data scheduled__2026-06-01T11:00:00+00:00 [queued]>
[2026-06-01T12:00:03.473+0000] {taskinstance.py:1957} INFO - Dependencies all met for dep_context=requeueable deps ti=<TaskInstance: i_sense_pipeline.fetch_isense_data scheduled__2026-06-01T11:00:00+00:00 [queued]>
[2026-06-01T12:00:03.476+0000] {taskinstance.py:2171} INFO - Starting attempt 1 of 2
[2026-06-01T12:00:03.551+0000] {taskinstance.py:2192} INFO - Executing <Task(BashOperator): fetch_isense_data> on 2026-06-01 11:00:00+00:00
[2026-06-01T12:00:03.568+0000] {standard_task_runner.py:60} INFO - Started process 1433 to run task
[2026-06-01T12:00:03.587+0000] {standard_task_runner.py:87} INFO - Running: ['***', 'tasks', 'run', 'i_sense_pipeline', 'fetch_isense_data', 'scheduled__2026-06-01T11:00:00+00:00', '--job-id', '35', '--raw', '--subdir', 'DAGS_FOLDER/i_sense_pipeline.py', '--cfg-path', '/tmp/tmpu7wj6wk7']
[2026-06-01T12:00:03.593+0000] {standard_task_runner.py:88} INFO - Job 35: Subtask fetch_isense_data
[2026-06-01T12:00:03.836+0000] {task_command.py:423} INFO - Running <TaskInstance: i_sense_pipeline.fetch_isense_data scheduled__2026-06-01T11:00:00+00:00 [running]> on host 58e07e03e4fd
[2026-06-01T12:00:04.300+0000] {taskinstance.py:2481} INFO - Exporting env vars: AIRFLOW_CTX_DAG_OWNER='data_team' AIRFLOW_CTX_DAG_ID='i_sense_pipeline' AIRFLOW_CTX_TASK_ID='fetch_isense_data' AIRFLOW_CTX_EXECUTION_DATE='2026-06-01T11:00:00+00:00' AIRFLOW_CTX_TRY_NUMBER='1' AIRFLOW_CTX_DAG_RUN_ID='scheduled__2026-06-01T11:00:00+00:00'
[2026-06-01T12:00:04.309+0000] {subprocess.py:63} INFO - Tmp dir root location: /tmp
[2026-06-01T12:00:04.314+0000] {subprocess.py:75} INFO - Running command: ['/usr/bin/bash', '-c', 'python /opt/***/scripts/fetch_isense.py']
[2026-06-01T12:00:04.372+0000] {subprocess.py:86} INFO - Output:
[2026-06-01T12:01:59.559+0000] {subprocess.py:93} INFO - 
[2026-06-01T12:01:59.562+0000] {subprocess.py:93} INFO - ================================================================================
[2026-06-01T12:01:59.563+0000] {subprocess.py:93} INFO - 🏭 i-SENSE COMPLETE DATA FETCHER
[2026-06-01T12:01:59.564+0000] {subprocess.py:93} INFO -    SAP | AF | CAP | ENGRAIS
[2026-06-01T12:01:59.574+0000] {subprocess.py:93} INFO - ================================================================================
[2026-06-01T12:01:59.576+0000] {subprocess.py:93} INFO - 
[2026-06-01T12:01:59.577+0000] {subprocess.py:93} INFO - ================================================================================
[2026-06-01T12:01:59.578+0000] {subprocess.py:93} INFO - 🚀 FETCHING DATA FOR ALL DEPARTMENTS
[2026-06-01T12:01:59.581+0000] {subprocess.py:93} INFO -    Total machines: 17
[2026-06-01T12:01:59.590+0000] {subprocess.py:93} INFO - ================================================================================
[2026-06-01T12:01:59.611+0000] {subprocess.py:93} INFO - ✅ Logged in successfully
[2026-06-01T12:01:59.616+0000] {subprocess.py:93} INFO - 
[2026-06-01T12:01:59.617+0000] {subprocess.py:93} INFO - 📡 Asset 153 → SAP/Pompe_HRS_601ABP04
[2026-06-01T12:01:59.620+0000] {subprocess.py:93} INFO -       💾 Saved: AccelerationData.csv (745 rows, 3 parts)
[2026-06-01T12:01:59.623+0000] {subprocess.py:93} INFO -       💾 Saved: VibrationData.csv (745 rows, 3 parts)
[2026-06-01T12:01:59.631+0000] {subprocess.py:93} INFO -       💾 Saved: TemperatureData.csv (745 rows, 3 parts)
[2026-06-01T12:01:59.633+0000] {subprocess.py:93} INFO - 
[2026-06-01T12:01:59.639+0000] {subprocess.py:93} INFO - 📡 Asset 156 → SAP/Pompe_circulation_bac_commun_601AAP01
[2026-06-01T12:01:59.640+0000] {subprocess.py:93} INFO -       💾 Saved: AccelerationData.csv (745 rows, 2 parts)
[2026-06-01T12:01:59.650+0000] {subprocess.py:93} INFO -       💾 Saved: VibrationData.csv (745 rows, 2 parts)
[2026-06-01T12:01:59.653+0000] {subprocess.py:93} INFO -       💾 Saved: TemperatureData.csv (745 rows, 2 parts)
[2026-06-01T12:01:59.655+0000] {subprocess.py:93} INFO - 
[2026-06-01T12:01:59.663+0000] {subprocess.py:93} INFO - 📡 Asset 159 → SAP/Pompe_circulation_bac_commun_601AAP02
[2026-06-01T12:01:59.669+0000] {subprocess.py:93} INFO -       💾 Saved: AccelerationData.csv (492 rows, 3 parts)
[2026-06-01T12:01:59.670+0000] {subprocess.py:93} INFO -       💾 Saved: VibrationData.csv (492 rows, 3 parts)
[2026-06-01T12:01:59.687+0000] {subprocess.py:93} INFO -       💾 Saved: TemperatureData.csv (492 rows, 3 parts)
[2026-06-01T12:01:59.689+0000] {subprocess.py:93} INFO - 
[2026-06-01T12:01:59.691+0000] {subprocess.py:93} INFO - 📡 Asset 168 → AF/POMPE_A_VIDE_603AAC01
[2026-06-01T12:01:59.693+0000] {subprocess.py:93} INFO -       💾 Saved: AccelerationData.csv (745 rows, 1 parts)
[2026-06-01T12:01:59.709+0000] {subprocess.py:93} INFO -       💾 Saved: VibrationData.csv (745 rows, 1 parts)
[2026-06-01T12:01:59.714+0000] {subprocess.py:93} INFO -       💾 Saved: TemperatureData.csv (745 rows, 1 parts)
[2026-06-01T12:01:59.721+0000] {subprocess.py:93} INFO - 
[2026-06-01T12:01:59.735+0000] {subprocess.py:93} INFO - 📡 Asset 171 → AF/POMPE_A_VIDE_603AAC06
[2026-06-01T12:01:59.737+0000] {subprocess.py:93} INFO -       💾 Saved: AccelerationData.csv (745 rows, 4 parts)
[2026-06-01T12:01:59.739+0000] {subprocess.py:93} INFO -       💾 Saved: VibrationData.csv (745 rows, 4 parts)
[2026-06-01T12:01:59.744+0000] {subprocess.py:93} INFO -       💾 Saved: TemperatureData.csv (745 rows, 4 parts)
[2026-06-01T12:01:59.752+0000] {subprocess.py:93} INFO - 
[2026-06-01T12:01:59.779+0000] {subprocess.py:93} INFO - 📡 Asset 174 → AF/POMPE_A_VIDE_603ABC06
[2026-06-01T12:01:59.823+0000] {subprocess.py:93} INFO -       💾 Saved: AccelerationData.csv (745 rows, 4 parts)
[2026-06-01T12:01:59.869+0000] {subprocess.py:93} INFO -       💾 Saved: VibrationData.csv (745 rows, 4 parts)
[2026-06-01T12:01:59.916+0000] {subprocess.py:93} INFO -       💾 Saved: TemperatureData.csv (745 rows, 4 parts)
[2026-06-01T12:01:59.946+0000] {subprocess.py:93} INFO - 
[2026-06-01T12:01:59.983+0000] {subprocess.py:93} INFO - 📡 Asset 193 → AF/POMPE_B_FLASH_COOLER_603ABP01
[2026-06-01T12:02:00.018+0000] {subprocess.py:93} INFO -       💾 Saved: AccelerationData.csv (600 rows, 4 parts)
[2026-06-01T12:02:00.067+0000] {subprocess.py:93} INFO -       💾 Saved: VibrationData.csv (600 rows, 4 parts)
[2026-06-01T12:02:00.070+0000] {subprocess.py:93} INFO -       💾 Saved: TemperatureData.csv (600 rows, 4 parts)
[2026-06-01T12:02:00.084+0000] {subprocess.py:93} INFO - 
[2026-06-01T12:02:00.094+0000] {subprocess.py:93} INFO - 📡 Asset 177 → CAP/POMPE_DE_CIRCULATION_J_604JAP04
[2026-06-01T12:02:00.098+0000] {subprocess.py:93} INFO -       💾 Saved: AccelerationData.csv (524 rows, 6 parts)
[2026-06-01T12:02:00.100+0000] {subprocess.py:93} INFO -       💾 Saved: VibrationData.csv (524 rows, 6 parts)
[2026-06-01T12:02:00.101+0000] {subprocess.py:93} INFO -       💾 Saved: TemperatureData.csv (524 rows, 6 parts)
[2026-06-01T12:02:00.117+0000] {subprocess.py:93} INFO - 
[2026-06-01T12:02:00.120+0000] {subprocess.py:93} INFO - 📡 Asset 181 → CAP/POMPE_DE_CIRCULATION_K_604KAP04
[2026-06-01T12:02:00.122+0000] {subprocess.py:93} INFO -       💾 Saved: AccelerationData.csv (400 rows, 5 parts)
[2026-06-01T12:02:00.124+0000] {subprocess.py:93} INFO -       💾 Saved: VibrationData.csv (400 rows, 5 parts)
[2026-06-01T12:02:00.126+0000] {subprocess.py:93} INFO -       💾 Saved: TemperatureData.csv (400 rows, 5 parts)
[2026-06-01T12:02:00.145+0000] {subprocess.py:93} INFO - 
[2026-06-01T12:02:00.156+0000] {subprocess.py:93} INFO - 📡 Asset 185 → CAP/POMPE_DE_CIRCULATION_L_604LAP04
[2026-06-01T12:02:00.158+0000] {subprocess.py:93} INFO -       💾 Saved: AccelerationData.csv (705 rows, 7 parts)
[2026-06-01T12:02:00.160+0000] {subprocess.py:93} INFO -       💾 Saved: VibrationData.csv (705 rows, 7 parts)
[2026-06-01T12:02:00.163+0000] {subprocess.py:93} INFO -       💾 Saved: TemperatureData.csv (705 rows, 7 parts)
[2026-06-01T12:02:00.165+0000] {subprocess.py:93} INFO - 
[2026-06-01T12:02:00.172+0000] {subprocess.py:93} INFO - 📡 Asset 197 → ENGRAIS/Elevateur_607AAT01
[2026-06-01T12:02:00.205+0000] {subprocess.py:93} INFO -       💾 Saved: AccelerationData.csv (745 rows, 8 parts)
[2026-06-01T12:02:00.211+0000] {subprocess.py:93} INFO -       💾 Saved: VibrationData.csv (745 rows, 8 parts)
[2026-06-01T12:02:00.212+0000] {subprocess.py:93} INFO -       💾 Saved: TemperatureData.csv (745 rows, 8 parts)
[2026-06-01T12:02:00.221+0000] {subprocess.py:93} INFO - 
[2026-06-01T12:02:00.223+0000] {subprocess.py:93} INFO - 📡 Asset 201 → ENGRAIS/Elevateur_607AAT04
[2026-06-01T12:02:00.226+0000] {subprocess.py:93} INFO -       💾 Saved: AccelerationData.csv (745 rows, 8 parts)
[2026-06-01T12:02:00.228+0000] {subprocess.py:93} INFO -       💾 Saved: VibrationData.csv (745 rows, 8 parts)
[2026-06-01T12:02:00.256+0000] {subprocess.py:93} INFO -       💾 Saved: TemperatureData.csv (745 rows, 8 parts)
[2026-06-01T12:02:00.271+0000] {subprocess.py:93} INFO - 
[2026-06-01T12:02:00.272+0000] {subprocess.py:93} INFO - 📡 Asset 205 → ENGRAIS/Elevateur_607AAT05
[2026-06-01T12:02:00.274+0000] {subprocess.py:93} INFO -       💾 Saved: AccelerationData.csv (745 rows, 4 parts)
[2026-06-01T12:02:00.275+0000] {subprocess.py:93} INFO -       💾 Saved: VibrationData.csv (745 rows, 4 parts)
[2026-06-01T12:02:00.277+0000] {subprocess.py:93} INFO -       💾 Saved: TemperatureData.csv (745 rows, 4 parts)
[2026-06-01T12:02:00.278+0000] {subprocess.py:93} INFO - 
[2026-06-01T12:02:00.279+0000] {subprocess.py:93} INFO - 📡 Asset 209 → ENGRAIS/Elevateur_607AAT06
[2026-06-01T12:02:00.284+0000] {subprocess.py:93} INFO -       💾 Saved: AccelerationData.csv (745 rows, 8 parts)
[2026-06-01T12:02:00.286+0000] {subprocess.py:93} INFO -       💾 Saved: VibrationData.csv (745 rows, 8 parts)
[2026-06-01T12:02:00.289+0000] {subprocess.py:93} INFO -       💾 Saved: TemperatureData.csv (745 rows, 8 parts)
[2026-06-01T12:02:00.293+0000] {subprocess.py:93} INFO - 
[2026-06-01T12:02:00.299+0000] {subprocess.py:93} INFO - 📡 Asset 213 → ENGRAIS/Enrobeur_607AAM04
[2026-06-01T12:02:00.312+0000] {subprocess.py:93} INFO -       💾 Saved: AccelerationData.csv (725 rows, 8 parts)
[2026-06-01T12:02:00.314+0000] {subprocess.py:93} INFO -       💾 Saved: VibrationData.csv (725 rows, 8 parts)
[2026-06-01T12:02:00.317+0000] {subprocess.py:93} INFO -       💾 Saved: TemperatureData.csv (725 rows, 8 parts)
[2026-06-01T12:02:00.318+0000] {subprocess.py:93} INFO - 
[2026-06-01T12:02:00.323+0000] {subprocess.py:93} INFO - 📡 Asset 217 → ENGRAIS/Granulateur_607AAM03
[2026-06-01T12:02:00.324+0000] {subprocess.py:93} INFO -       💾 Saved: AccelerationData.csv (745 rows, 8 parts)
[2026-06-01T12:02:00.325+0000] {subprocess.py:93} INFO -       💾 Saved: VibrationData.csv (745 rows, 8 parts)
[2026-06-01T12:02:00.333+0000] {subprocess.py:93} INFO -       💾 Saved: TemperatureData.csv (745 rows, 8 parts)
[2026-06-01T12:02:00.335+0000] {subprocess.py:93} INFO - 
[2026-06-01T12:02:00.337+0000] {subprocess.py:93} INFO - 📡 Asset 221 → ENGRAIS/Tube_secheur_607AAF02
[2026-06-01T12:02:00.340+0000] {subprocess.py:93} INFO -       💾 Saved: AccelerationData.csv (721 rows, 8 parts)
[2026-06-01T12:02:00.353+0000] {subprocess.py:93} INFO -       💾 Saved: VibrationData.csv (721 rows, 8 parts)
[2026-06-01T12:02:00.356+0000] {subprocess.py:93} INFO -       💾 Saved: TemperatureData.csv (721 rows, 8 parts)
[2026-06-01T12:02:00.362+0000] {subprocess.py:93} INFO - 
[2026-06-01T12:02:00.363+0000] {subprocess.py:93} INFO - ================================================================================
[2026-06-01T12:02:00.370+0000] {subprocess.py:93} INFO - 📊 FETCH SUMMARY - ALL DEPARTMENTS
[2026-06-01T12:02:00.380+0000] {subprocess.py:93} INFO - ================================================================================
[2026-06-01T12:02:00.383+0000] {subprocess.py:93} INFO - 
[2026-06-01T12:02:00.399+0000] {subprocess.py:93} INFO - ✅ SAP: 3/3 machines
[2026-06-01T12:02:00.406+0000] {subprocess.py:93} INFO - 
[2026-06-01T12:02:00.420+0000] {subprocess.py:93} INFO - ✅ AF: 4/4 machines
[2026-06-01T12:02:00.423+0000] {subprocess.py:93} INFO - 
[2026-06-01T12:02:00.429+0000] {subprocess.py:93} INFO - ✅ CAP: 3/3 machines
[2026-06-01T12:02:00.436+0000] {subprocess.py:93} INFO - 
[2026-06-01T12:02:00.452+0000] {subprocess.py:93} INFO - ✅ ENGRAIS: 7/7 machines
[2026-06-01T12:02:00.467+0000] {subprocess.py:97} INFO - Command exited with return code 0
[2026-06-01T12:02:01.058+0000] {taskinstance.py:1138} INFO - Marking task as SUCCESS. dag_id=i_sense_pipeline, task_id=fetch_isense_data, execution_date=20260601T110000, start_date=20260601T120003, end_date=20260601T120201
[2026-06-01T12:02:01.545+0000] {local_task_job_runner.py:234} INFO - Task exited with return code 0
[2026-06-01T12:02:01.651+0000] {taskinstance.py:3281} INFO - 1 downstream tasks scheduled from follow-on schedule check
