[2026-06-02T18:00:08.199+0000] {taskinstance.py:1957} INFO - Dependencies all met for dep_context=non-requeueable deps ti=<TaskInstance: i_sense_pipeline.fetch_isense_data scheduled__2026-06-02T17:00:00+00:00 [queued]>
[2026-06-02T18:00:08.250+0000] {taskinstance.py:1957} INFO - Dependencies all met for dep_context=requeueable deps ti=<TaskInstance: i_sense_pipeline.fetch_isense_data scheduled__2026-06-02T17:00:00+00:00 [queued]>
[2026-06-02T18:00:08.251+0000] {taskinstance.py:2171} INFO - Starting attempt 1 of 2
[2026-06-02T18:00:08.327+0000] {taskinstance.py:2192} INFO - Executing <Task(BashOperator): fetch_isense_data> on 2026-06-02 17:00:00+00:00
[2026-06-02T18:00:08.349+0000] {standard_task_runner.py:60} INFO - Started process 3266 to run task
[2026-06-02T18:00:08.362+0000] {standard_task_runner.py:87} INFO - Running: ['***', 'tasks', 'run', 'i_sense_pipeline', 'fetch_isense_data', 'scheduled__2026-06-02T17:00:00+00:00', '--job-id', '49', '--raw', '--subdir', 'DAGS_FOLDER/i_sense_pipeline.py', '--cfg-path', '/tmp/tmp0bi94euz']
[2026-06-02T18:00:08.368+0000] {standard_task_runner.py:88} INFO - Job 49: Subtask fetch_isense_data
[2026-06-02T18:00:08.569+0000] {task_command.py:423} INFO - Running <TaskInstance: i_sense_pipeline.fetch_isense_data scheduled__2026-06-02T17:00:00+00:00 [running]> on host 4c0785824885
[2026-06-02T18:00:08.797+0000] {taskinstance.py:2481} INFO - Exporting env vars: AIRFLOW_CTX_DAG_OWNER='data_team' AIRFLOW_CTX_DAG_ID='i_sense_pipeline' AIRFLOW_CTX_TASK_ID='fetch_isense_data' AIRFLOW_CTX_EXECUTION_DATE='2026-06-02T17:00:00+00:00' AIRFLOW_CTX_TRY_NUMBER='1' AIRFLOW_CTX_DAG_RUN_ID='scheduled__2026-06-02T17:00:00+00:00'
[2026-06-02T18:00:08.806+0000] {subprocess.py:63} INFO - Tmp dir root location: /tmp
[2026-06-02T18:00:08.809+0000] {subprocess.py:75} INFO - Running command: ['/usr/bin/bash', '-c', 'python /opt/***/scripts/fetch_isense.py']
[2026-06-02T18:00:08.829+0000] {subprocess.py:86} INFO - Output:
[2026-06-02T18:01:26.770+0000] {subprocess.py:93} INFO - 
[2026-06-02T18:01:26.771+0000] {subprocess.py:93} INFO - ================================================================================
[2026-06-02T18:01:26.772+0000] {subprocess.py:93} INFO - 🏭 i-SENSE COMPLETE DATA FETCHER
[2026-06-02T18:01:26.775+0000] {subprocess.py:93} INFO -    SAP | AF | CAP | ENGRAIS
[2026-06-02T18:01:26.776+0000] {subprocess.py:93} INFO - ================================================================================
[2026-06-02T18:01:26.776+0000] {subprocess.py:93} INFO - 
[2026-06-02T18:01:26.777+0000] {subprocess.py:93} INFO - ================================================================================
[2026-06-02T18:01:26.778+0000] {subprocess.py:93} INFO - 🚀 FETCHING DATA FOR ALL DEPARTMENTS
[2026-06-02T18:01:26.781+0000] {subprocess.py:93} INFO -    Total machines: 17
[2026-06-02T18:01:26.782+0000] {subprocess.py:93} INFO - ================================================================================
[2026-06-02T18:01:26.783+0000] {subprocess.py:93} INFO - ✅ Logged in successfully
[2026-06-02T18:01:26.784+0000] {subprocess.py:93} INFO - 
[2026-06-02T18:01:26.785+0000] {subprocess.py:93} INFO - 📡 Asset 153 → SAP/Pompe_HRS_601ABP04
[2026-06-02T18:01:26.785+0000] {subprocess.py:93} INFO -       💾 Saved: AccelerationData.csv (745 rows, 3 parts)
[2026-06-02T18:01:26.786+0000] {subprocess.py:93} INFO -       💾 Saved: VibrationData.csv (745 rows, 3 parts)
[2026-06-02T18:01:26.787+0000] {subprocess.py:93} INFO -       💾 Saved: TemperatureData.csv (745 rows, 3 parts)
[2026-06-02T18:01:26.789+0000] {subprocess.py:93} INFO - 
[2026-06-02T18:01:26.792+0000] {subprocess.py:93} INFO - 📡 Asset 156 → SAP/Pompe_circulation_bac_commun_601AAP01
[2026-06-02T18:01:26.792+0000] {subprocess.py:93} INFO -       💾 Saved: AccelerationData.csv (745 rows, 2 parts)
[2026-06-02T18:01:26.793+0000] {subprocess.py:93} INFO -       💾 Saved: VibrationData.csv (745 rows, 2 parts)
[2026-06-02T18:01:26.794+0000] {subprocess.py:93} INFO -       💾 Saved: TemperatureData.csv (745 rows, 2 parts)
[2026-06-02T18:01:26.795+0000] {subprocess.py:93} INFO - 
[2026-06-02T18:01:26.796+0000] {subprocess.py:93} INFO - 📡 Asset 159 → SAP/Pompe_circulation_bac_commun_601AAP02
[2026-06-02T18:01:26.799+0000] {subprocess.py:93} INFO -       💾 Saved: AccelerationData.csv (522 rows, 3 parts)
[2026-06-02T18:01:26.800+0000] {subprocess.py:93} INFO -       💾 Saved: VibrationData.csv (522 rows, 3 parts)
[2026-06-02T18:01:26.801+0000] {subprocess.py:93} INFO -       💾 Saved: TemperatureData.csv (522 rows, 3 parts)
[2026-06-02T18:01:26.809+0000] {subprocess.py:93} INFO - 
[2026-06-02T18:01:26.810+0000] {subprocess.py:93} INFO - 📡 Asset 168 → AF/POMPE_A_VIDE_603AAC01
[2026-06-02T18:01:26.813+0000] {subprocess.py:93} INFO -       💾 Saved: AccelerationData.csv (745 rows, 1 parts)
[2026-06-02T18:01:26.814+0000] {subprocess.py:93} INFO -       💾 Saved: VibrationData.csv (745 rows, 1 parts)
[2026-06-02T18:01:26.815+0000] {subprocess.py:93} INFO -       💾 Saved: TemperatureData.csv (745 rows, 1 parts)
[2026-06-02T18:01:26.816+0000] {subprocess.py:93} INFO - 
[2026-06-02T18:01:26.817+0000] {subprocess.py:93} INFO - 📡 Asset 171 → AF/POMPE_A_VIDE_603AAC06
[2026-06-02T18:01:26.819+0000] {subprocess.py:93} INFO -       💾 Saved: AccelerationData.csv (745 rows, 4 parts)
[2026-06-02T18:01:26.824+0000] {subprocess.py:93} INFO -       💾 Saved: VibrationData.csv (745 rows, 4 parts)
[2026-06-02T18:01:26.825+0000] {subprocess.py:93} INFO -       💾 Saved: TemperatureData.csv (745 rows, 4 parts)
[2026-06-02T18:01:26.825+0000] {subprocess.py:93} INFO - 
[2026-06-02T18:01:26.829+0000] {subprocess.py:93} INFO - 📡 Asset 174 → AF/POMPE_A_VIDE_603ABC06
[2026-06-02T18:01:26.831+0000] {subprocess.py:93} INFO -       💾 Saved: AccelerationData.csv (745 rows, 4 parts)
[2026-06-02T18:01:26.832+0000] {subprocess.py:93} INFO -       💾 Saved: VibrationData.csv (745 rows, 4 parts)
[2026-06-02T18:01:26.832+0000] {subprocess.py:93} INFO -       💾 Saved: TemperatureData.csv (745 rows, 4 parts)
[2026-06-02T18:01:26.833+0000] {subprocess.py:93} INFO - 
[2026-06-02T18:01:26.837+0000] {subprocess.py:93} INFO - 📡 Asset 193 → AF/POMPE_B_FLASH_COOLER_603ABP01
[2026-06-02T18:01:26.839+0000] {subprocess.py:93} INFO -       💾 Saved: AccelerationData.csv (630 rows, 4 parts)
[2026-06-02T18:01:26.840+0000] {subprocess.py:93} INFO -       💾 Saved: VibrationData.csv (630 rows, 4 parts)
[2026-06-02T18:01:26.840+0000] {subprocess.py:93} INFO -       💾 Saved: TemperatureData.csv (630 rows, 4 parts)
[2026-06-02T18:01:26.845+0000] {subprocess.py:93} INFO - 
[2026-06-02T18:01:26.847+0000] {subprocess.py:93} INFO - 📡 Asset 177 → CAP/POMPE_DE_CIRCULATION_J_604JAP04
[2026-06-02T18:01:26.854+0000] {subprocess.py:93} INFO -       💾 Saved: AccelerationData.csv (524 rows, 6 parts)
[2026-06-02T18:01:26.854+0000] {subprocess.py:93} INFO -       💾 Saved: VibrationData.csv (524 rows, 6 parts)
[2026-06-02T18:01:26.855+0000] {subprocess.py:93} INFO -       💾 Saved: TemperatureData.csv (524 rows, 6 parts)
[2026-06-02T18:01:26.855+0000] {subprocess.py:93} INFO - 
[2026-06-02T18:01:26.856+0000] {subprocess.py:93} INFO - 📡 Asset 181 → CAP/POMPE_DE_CIRCULATION_K_604KAP04
[2026-06-02T18:01:26.861+0000] {subprocess.py:93} INFO -       💾 Saved: AccelerationData.csv (400 rows, 5 parts)
[2026-06-02T18:01:26.863+0000] {subprocess.py:93} INFO -       💾 Saved: VibrationData.csv (400 rows, 5 parts)
[2026-06-02T18:01:26.863+0000] {subprocess.py:93} INFO -       💾 Saved: TemperatureData.csv (400 rows, 5 parts)
[2026-06-02T18:01:26.864+0000] {subprocess.py:93} INFO - 
[2026-06-02T18:01:26.865+0000] {subprocess.py:93} INFO - 📡 Asset 185 → CAP/POMPE_DE_CIRCULATION_L_604LAP04
[2026-06-02T18:01:26.866+0000] {subprocess.py:93} INFO -       💾 Saved: AccelerationData.csv (705 rows, 7 parts)
[2026-06-02T18:01:26.869+0000] {subprocess.py:93} INFO -       💾 Saved: VibrationData.csv (705 rows, 7 parts)
[2026-06-02T18:01:26.870+0000] {subprocess.py:93} INFO -       💾 Saved: TemperatureData.csv (705 rows, 7 parts)
[2026-06-02T18:01:26.871+0000] {subprocess.py:93} INFO - 
[2026-06-02T18:01:26.872+0000] {subprocess.py:93} INFO - 📡 Asset 197 → ENGRAIS/Elevateur_607AAT01
[2026-06-02T18:01:26.877+0000] {subprocess.py:93} INFO -       💾 Saved: AccelerationData.csv (745 rows, 8 parts)
[2026-06-02T18:01:26.878+0000] {subprocess.py:93} INFO -       💾 Saved: VibrationData.csv (745 rows, 8 parts)
[2026-06-02T18:01:26.879+0000] {subprocess.py:93} INFO -       💾 Saved: TemperatureData.csv (745 rows, 8 parts)
[2026-06-02T18:01:26.879+0000] {subprocess.py:93} INFO - 
[2026-06-02T18:01:26.880+0000] {subprocess.py:93} INFO - 📡 Asset 201 → ENGRAIS/Elevateur_607AAT04
[2026-06-02T18:01:26.882+0000] {subprocess.py:93} INFO -       💾 Saved: AccelerationData.csv (745 rows, 8 parts)
[2026-06-02T18:01:26.883+0000] {subprocess.py:93} INFO -       💾 Saved: VibrationData.csv (745 rows, 8 parts)
[2026-06-02T18:01:26.888+0000] {subprocess.py:93} INFO -       💾 Saved: TemperatureData.csv (745 rows, 8 parts)
[2026-06-02T18:01:26.894+0000] {subprocess.py:93} INFO - 
[2026-06-02T18:01:26.895+0000] {subprocess.py:93} INFO - 📡 Asset 205 → ENGRAIS/Elevateur_607AAT05
[2026-06-02T18:01:26.896+0000] {subprocess.py:93} INFO -       💾 Saved: AccelerationData.csv (745 rows, 4 parts)
[2026-06-02T18:01:26.897+0000] {subprocess.py:93} INFO -       💾 Saved: VibrationData.csv (745 rows, 4 parts)
[2026-06-02T18:01:26.898+0000] {subprocess.py:93} INFO -       💾 Saved: TemperatureData.csv (745 rows, 4 parts)
[2026-06-02T18:01:26.900+0000] {subprocess.py:93} INFO - 
[2026-06-02T18:01:26.903+0000] {subprocess.py:93} INFO - 📡 Asset 209 → ENGRAIS/Elevateur_607AAT06
[2026-06-02T18:01:26.905+0000] {subprocess.py:93} INFO -       💾 Saved: AccelerationData.csv (745 rows, 8 parts)
[2026-06-02T18:01:26.908+0000] {subprocess.py:93} INFO -       💾 Saved: VibrationData.csv (745 rows, 8 parts)
[2026-06-02T18:01:26.915+0000] {subprocess.py:93} INFO -       💾 Saved: TemperatureData.csv (745 rows, 8 parts)
[2026-06-02T18:01:26.918+0000] {subprocess.py:93} INFO - 
[2026-06-02T18:01:26.938+0000] {subprocess.py:93} INFO - 📡 Asset 213 → ENGRAIS/Enrobeur_607AAM04
[2026-06-02T18:01:26.945+0000] {subprocess.py:93} INFO -       💾 Saved: AccelerationData.csv (725 rows, 8 parts)
[2026-06-02T18:01:26.956+0000] {subprocess.py:93} INFO -       💾 Saved: VibrationData.csv (725 rows, 8 parts)
[2026-06-02T18:01:26.961+0000] {subprocess.py:93} INFO -       💾 Saved: TemperatureData.csv (725 rows, 8 parts)
[2026-06-02T18:01:26.972+0000] {subprocess.py:93} INFO - 
[2026-06-02T18:01:26.976+0000] {subprocess.py:93} INFO - 📡 Asset 217 → ENGRAIS/Granulateur_607AAM03
[2026-06-02T18:01:26.989+0000] {subprocess.py:93} INFO -       💾 Saved: AccelerationData.csv (745 rows, 8 parts)
[2026-06-02T18:01:27.009+0000] {subprocess.py:93} INFO -       💾 Saved: VibrationData.csv (745 rows, 8 parts)
[2026-06-02T18:01:27.018+0000] {subprocess.py:93} INFO -       💾 Saved: TemperatureData.csv (745 rows, 8 parts)
[2026-06-02T18:01:27.033+0000] {subprocess.py:93} INFO - 
[2026-06-02T18:01:27.035+0000] {subprocess.py:93} INFO - 📡 Asset 221 → ENGRAIS/Tube_secheur_607AAF02
[2026-06-02T18:01:27.039+0000] {subprocess.py:93} INFO -       💾 Saved: AccelerationData.csv (721 rows, 8 parts)
[2026-06-02T18:01:27.041+0000] {subprocess.py:93} INFO -       💾 Saved: VibrationData.csv (721 rows, 8 parts)
[2026-06-02T18:01:27.053+0000] {subprocess.py:93} INFO -       💾 Saved: TemperatureData.csv (721 rows, 8 parts)
[2026-06-02T18:01:27.054+0000] {subprocess.py:93} INFO - 
[2026-06-02T18:01:27.056+0000] {subprocess.py:93} INFO - ================================================================================
[2026-06-02T18:01:27.062+0000] {subprocess.py:93} INFO - 📊 FETCH SUMMARY - ALL DEPARTMENTS
[2026-06-02T18:01:27.065+0000] {subprocess.py:93} INFO - ================================================================================
[2026-06-02T18:01:27.066+0000] {subprocess.py:93} INFO - 
[2026-06-02T18:01:27.069+0000] {subprocess.py:93} INFO - ✅ SAP: 3/3 machines
[2026-06-02T18:01:27.072+0000] {subprocess.py:93} INFO - 
[2026-06-02T18:01:27.076+0000] {subprocess.py:93} INFO - ✅ AF: 4/4 machines
[2026-06-02T18:01:27.077+0000] {subprocess.py:93} INFO - 
[2026-06-02T18:01:27.080+0000] {subprocess.py:93} INFO - ✅ CAP: 3/3 machines
[2026-06-02T18:01:27.081+0000] {subprocess.py:93} INFO - 
[2026-06-02T18:01:27.083+0000] {subprocess.py:93} INFO - ✅ ENGRAIS: 7/7 machines
[2026-06-02T18:01:27.293+0000] {subprocess.py:97} INFO - Command exited with return code 0
[2026-06-02T18:01:27.475+0000] {taskinstance.py:1138} INFO - Marking task as SUCCESS. dag_id=i_sense_pipeline, task_id=fetch_isense_data, execution_date=20260602T170000, start_date=20260602T180008, end_date=20260602T180127
[2026-06-02T18:01:27.603+0000] {local_task_job_runner.py:234} INFO - Task exited with return code 0
[2026-06-02T18:01:27.676+0000] {taskinstance.py:3281} INFO - 0 downstream tasks scheduled from follow-on schedule check
