[2026-06-01T08:50:47.797+0000] {taskinstance.py:1957} INFO - Dependencies all met for dep_context=non-requeueable deps ti=<TaskInstance: i_sense_pipeline.fetch_isense_data scheduled__2026-06-01T07:00:00+00:00 [queued]>
[2026-06-01T08:50:47.872+0000] {taskinstance.py:1957} INFO - Dependencies all met for dep_context=requeueable deps ti=<TaskInstance: i_sense_pipeline.fetch_isense_data scheduled__2026-06-01T07:00:00+00:00 [queued]>
[2026-06-01T08:50:47.873+0000] {taskinstance.py:2171} INFO - Starting attempt 1 of 2
[2026-06-01T08:50:47.950+0000] {taskinstance.py:2192} INFO - Executing <Task(BashOperator): fetch_isense_data> on 2026-06-01 07:00:00+00:00
[2026-06-01T08:50:47.966+0000] {standard_task_runner.py:60} INFO - Started process 172 to run task
[2026-06-01T08:50:47.975+0000] {standard_task_runner.py:87} INFO - Running: ['***', 'tasks', 'run', 'i_sense_pipeline', 'fetch_isense_data', 'scheduled__2026-06-01T07:00:00+00:00', '--job-id', '13', '--raw', '--subdir', 'DAGS_FOLDER/i_sense_pipeline.py', '--cfg-path', '/tmp/tmpkvc9_egp']
[2026-06-01T08:50:47.992+0000] {standard_task_runner.py:88} INFO - Job 13: Subtask fetch_isense_data
[2026-06-01T08:50:48.192+0000] {task_command.py:423} INFO - Running <TaskInstance: i_sense_pipeline.fetch_isense_data scheduled__2026-06-01T07:00:00+00:00 [running]> on host 584c6a772482
[2026-06-01T08:50:48.449+0000] {taskinstance.py:2481} INFO - Exporting env vars: AIRFLOW_CTX_DAG_OWNER='data_team' AIRFLOW_CTX_DAG_ID='i_sense_pipeline' AIRFLOW_CTX_TASK_ID='fetch_isense_data' AIRFLOW_CTX_EXECUTION_DATE='2026-06-01T07:00:00+00:00' AIRFLOW_CTX_TRY_NUMBER='1' AIRFLOW_CTX_DAG_RUN_ID='scheduled__2026-06-01T07:00:00+00:00'
[2026-06-01T08:50:48.451+0000] {subprocess.py:63} INFO - Tmp dir root location: /tmp
[2026-06-01T08:50:48.453+0000] {subprocess.py:75} INFO - Running command: ['/usr/bin/bash', '-c', 'python /opt/***/scripts/fetch_isense.py']
[2026-06-01T08:50:48.482+0000] {subprocess.py:86} INFO - Output:
[2026-06-01T08:52:46.560+0000] {subprocess.py:93} INFO - 
[2026-06-01T08:52:46.561+0000] {subprocess.py:93} INFO - ================================================================================
[2026-06-01T08:52:46.562+0000] {subprocess.py:93} INFO - 🏭 i-SENSE COMPLETE DATA FETCHER
[2026-06-01T08:52:46.563+0000] {subprocess.py:93} INFO -    SAP | AF | CAP | ENGRAIS
[2026-06-01T08:52:46.564+0000] {subprocess.py:93} INFO - ================================================================================
[2026-06-01T08:52:46.565+0000] {subprocess.py:93} INFO - 
[2026-06-01T08:52:46.565+0000] {subprocess.py:93} INFO - ================================================================================
[2026-06-01T08:52:46.566+0000] {subprocess.py:93} INFO - 🚀 FETCHING DATA FOR ALL DEPARTMENTS
[2026-06-01T08:52:46.567+0000] {subprocess.py:93} INFO -    Total machines: 17
[2026-06-01T08:52:46.571+0000] {subprocess.py:93} INFO - ================================================================================
[2026-06-01T08:52:46.572+0000] {subprocess.py:93} INFO - ✅ Logged in successfully
[2026-06-01T08:52:46.573+0000] {subprocess.py:93} INFO - 
[2026-06-01T08:52:46.574+0000] {subprocess.py:93} INFO - 📡 Asset 153 → SAP/Pompe_HRS_601ABP04
[2026-06-01T08:52:46.576+0000] {subprocess.py:93} INFO -       💾 Saved: AccelerationData.csv (745 rows, 3 parts)
[2026-06-01T08:52:46.577+0000] {subprocess.py:93} INFO -       💾 Saved: VibrationData.csv (745 rows, 3 parts)
[2026-06-01T08:52:46.578+0000] {subprocess.py:93} INFO -       💾 Saved: TemperatureData.csv (745 rows, 3 parts)
[2026-06-01T08:52:46.578+0000] {subprocess.py:93} INFO - 
[2026-06-01T08:52:46.579+0000] {subprocess.py:93} INFO - 📡 Asset 156 → SAP/Pompe_circulation_bac_commun_601AAP01
[2026-06-01T08:52:46.580+0000] {subprocess.py:93} INFO -       💾 Saved: AccelerationData.csv (745 rows, 2 parts)
[2026-06-01T08:52:46.581+0000] {subprocess.py:93} INFO -       💾 Saved: VibrationData.csv (745 rows, 2 parts)
[2026-06-01T08:52:46.582+0000] {subprocess.py:93} INFO -       💾 Saved: TemperatureData.csv (745 rows, 2 parts)
[2026-06-01T08:52:46.583+0000] {subprocess.py:93} INFO - 
[2026-06-01T08:52:46.584+0000] {subprocess.py:93} INFO - 📡 Asset 159 → SAP/Pompe_circulation_bac_commun_601AAP02
[2026-06-01T08:52:46.585+0000] {subprocess.py:93} INFO -       💾 Saved: AccelerationData.csv (489 rows, 3 parts)
[2026-06-01T08:52:46.586+0000] {subprocess.py:93} INFO -       💾 Saved: VibrationData.csv (489 rows, 3 parts)
[2026-06-01T08:52:46.587+0000] {subprocess.py:93} INFO -       💾 Saved: TemperatureData.csv (489 rows, 3 parts)
[2026-06-01T08:52:46.590+0000] {subprocess.py:93} INFO - 
[2026-06-01T08:52:46.590+0000] {subprocess.py:93} INFO - 📡 Asset 168 → AF/POMPE_A_VIDE_603AAC01
[2026-06-01T08:52:46.591+0000] {subprocess.py:93} INFO -       💾 Saved: AccelerationData.csv (745 rows, 1 parts)
[2026-06-01T08:52:46.593+0000] {subprocess.py:93} INFO -       💾 Saved: VibrationData.csv (745 rows, 1 parts)
[2026-06-01T08:52:46.594+0000] {subprocess.py:93} INFO -       💾 Saved: TemperatureData.csv (745 rows, 1 parts)
[2026-06-01T08:52:46.595+0000] {subprocess.py:93} INFO - 
[2026-06-01T08:52:46.596+0000] {subprocess.py:93} INFO - 📡 Asset 171 → AF/POMPE_A_VIDE_603AAC06
[2026-06-01T08:52:46.597+0000] {subprocess.py:93} INFO -       💾 Saved: AccelerationData.csv (745 rows, 4 parts)
[2026-06-01T08:52:46.598+0000] {subprocess.py:93} INFO -       💾 Saved: VibrationData.csv (745 rows, 4 parts)
[2026-06-01T08:52:46.600+0000] {subprocess.py:93} INFO -       💾 Saved: TemperatureData.csv (745 rows, 4 parts)
[2026-06-01T08:52:46.601+0000] {subprocess.py:93} INFO - 
[2026-06-01T08:52:46.604+0000] {subprocess.py:93} INFO - 📡 Asset 174 → AF/POMPE_A_VIDE_603ABC06
[2026-06-01T08:52:46.606+0000] {subprocess.py:93} INFO -       💾 Saved: AccelerationData.csv (745 rows, 4 parts)
[2026-06-01T08:52:46.607+0000] {subprocess.py:93} INFO -       💾 Saved: VibrationData.csv (745 rows, 4 parts)
[2026-06-01T08:52:46.608+0000] {subprocess.py:93} INFO -       ⚠️ No TemperatureData.csv data
[2026-06-01T08:52:46.609+0000] {subprocess.py:93} INFO - 
[2026-06-01T08:52:46.609+0000] {subprocess.py:93} INFO - 📡 Asset 193 → AF/POMPE_B_FLASH_COOLER_603ABP01
[2026-06-01T08:52:46.610+0000] {subprocess.py:93} INFO -       💾 Saved: AccelerationData.csv (597 rows, 4 parts)
[2026-06-01T08:52:46.612+0000] {subprocess.py:93} INFO -       💾 Saved: VibrationData.csv (597 rows, 4 parts)
[2026-06-01T08:52:46.613+0000] {subprocess.py:93} INFO -       💾 Saved: TemperatureData.csv (597 rows, 4 parts)
[2026-06-01T08:52:46.615+0000] {subprocess.py:93} INFO - 
[2026-06-01T08:52:46.618+0000] {subprocess.py:93} INFO - 📡 Asset 177 → CAP/POMPE_DE_CIRCULATION_J_604JAP04
[2026-06-01T08:52:46.620+0000] {subprocess.py:93} INFO -       💾 Saved: AccelerationData.csv (524 rows, 6 parts)
[2026-06-01T08:52:46.621+0000] {subprocess.py:93} INFO -       💾 Saved: VibrationData.csv (524 rows, 6 parts)
[2026-06-01T08:52:46.623+0000] {subprocess.py:93} INFO -       💾 Saved: TemperatureData.csv (524 rows, 6 parts)
[2026-06-01T08:52:46.624+0000] {subprocess.py:93} INFO - 
[2026-06-01T08:52:46.625+0000] {subprocess.py:93} INFO - 📡 Asset 181 → CAP/POMPE_DE_CIRCULATION_K_604KAP04
[2026-06-01T08:52:46.626+0000] {subprocess.py:93} INFO -       💾 Saved: AccelerationData.csv (400 rows, 5 parts)
[2026-06-01T08:52:46.628+0000] {subprocess.py:93} INFO -       💾 Saved: VibrationData.csv (400 rows, 5 parts)
[2026-06-01T08:52:46.629+0000] {subprocess.py:93} INFO -       💾 Saved: TemperatureData.csv (400 rows, 5 parts)
[2026-06-01T08:52:46.631+0000] {subprocess.py:93} INFO - 
[2026-06-01T08:52:46.633+0000] {subprocess.py:93} INFO - 📡 Asset 185 → CAP/POMPE_DE_CIRCULATION_L_604LAP04
[2026-06-01T08:52:46.635+0000] {subprocess.py:93} INFO -       💾 Saved: AccelerationData.csv (706 rows, 7 parts)
[2026-06-01T08:52:46.636+0000] {subprocess.py:93} INFO -       💾 Saved: VibrationData.csv (706 rows, 7 parts)
[2026-06-01T08:52:46.641+0000] {subprocess.py:93} INFO -       💾 Saved: TemperatureData.csv (706 rows, 7 parts)
[2026-06-01T08:52:46.642+0000] {subprocess.py:93} INFO - 
[2026-06-01T08:52:46.644+0000] {subprocess.py:93} INFO - 📡 Asset 197 → ENGRAIS/Elevateur_607AAT01
[2026-06-01T08:52:46.654+0000] {subprocess.py:93} INFO -       💾 Saved: AccelerationData.csv (745 rows, 8 parts)
[2026-06-01T08:52:46.656+0000] {subprocess.py:93} INFO -       💾 Saved: VibrationData.csv (745 rows, 8 parts)
[2026-06-01T08:52:46.669+0000] {subprocess.py:93} INFO -       💾 Saved: TemperatureData.csv (745 rows, 8 parts)
[2026-06-01T08:52:46.671+0000] {subprocess.py:93} INFO - 
[2026-06-01T08:52:46.671+0000] {subprocess.py:93} INFO - 📡 Asset 201 → ENGRAIS/Elevateur_607AAT04
[2026-06-01T08:52:46.672+0000] {subprocess.py:93} INFO -       💾 Saved: AccelerationData.csv (745 rows, 8 parts)
[2026-06-01T08:52:46.688+0000] {subprocess.py:93} INFO -       💾 Saved: VibrationData.csv (745 rows, 8 parts)
[2026-06-01T08:52:46.689+0000] {subprocess.py:93} INFO -       💾 Saved: TemperatureData.csv (745 rows, 8 parts)
[2026-06-01T08:52:46.698+0000] {subprocess.py:93} INFO - 
[2026-06-01T08:52:46.701+0000] {subprocess.py:93} INFO - 📡 Asset 205 → ENGRAIS/Elevateur_607AAT05
[2026-06-01T08:52:46.704+0000] {subprocess.py:93} INFO -       💾 Saved: AccelerationData.csv (745 rows, 4 parts)
[2026-06-01T08:52:46.707+0000] {subprocess.py:93} INFO -       💾 Saved: VibrationData.csv (745 rows, 4 parts)
[2026-06-01T08:52:46.718+0000] {subprocess.py:93} INFO -       💾 Saved: TemperatureData.csv (745 rows, 4 parts)
[2026-06-01T08:52:46.720+0000] {subprocess.py:93} INFO - 
[2026-06-01T08:52:46.723+0000] {subprocess.py:93} INFO - 📡 Asset 209 → ENGRAIS/Elevateur_607AAT06
[2026-06-01T08:52:46.725+0000] {subprocess.py:93} INFO -       💾 Saved: AccelerationData.csv (745 rows, 8 parts)
[2026-06-01T08:52:46.736+0000] {subprocess.py:93} INFO -       💾 Saved: VibrationData.csv (745 rows, 8 parts)
[2026-06-01T08:52:46.740+0000] {subprocess.py:93} INFO -       💾 Saved: TemperatureData.csv (745 rows, 8 parts)
[2026-06-01T08:52:46.741+0000] {subprocess.py:93} INFO - 
[2026-06-01T08:52:46.742+0000] {subprocess.py:93} INFO - 📡 Asset 213 → ENGRAIS/Enrobeur_607AAM04
[2026-06-01T08:52:46.753+0000] {subprocess.py:93} INFO -       💾 Saved: AccelerationData.csv (725 rows, 8 parts)
[2026-06-01T08:52:46.756+0000] {subprocess.py:93} INFO -       💾 Saved: VibrationData.csv (725 rows, 8 parts)
[2026-06-01T08:52:46.760+0000] {subprocess.py:93} INFO -       💾 Saved: TemperatureData.csv (725 rows, 8 parts)
[2026-06-01T08:52:46.766+0000] {subprocess.py:93} INFO - 
[2026-06-01T08:52:46.768+0000] {subprocess.py:93} INFO - 📡 Asset 217 → ENGRAIS/Granulateur_607AAM03
[2026-06-01T08:52:46.769+0000] {subprocess.py:93} INFO -       💾 Saved: AccelerationData.csv (745 rows, 8 parts)
[2026-06-01T08:52:46.772+0000] {subprocess.py:93} INFO -       💾 Saved: VibrationData.csv (745 rows, 8 parts)
[2026-06-01T08:52:46.773+0000] {subprocess.py:93} INFO -       💾 Saved: TemperatureData.csv (745 rows, 8 parts)
[2026-06-01T08:52:46.776+0000] {subprocess.py:93} INFO - 
[2026-06-01T08:52:46.788+0000] {subprocess.py:93} INFO - 📡 Asset 221 → ENGRAIS/Tube_secheur_607AAF02
[2026-06-01T08:52:46.790+0000] {subprocess.py:93} INFO -       💾 Saved: AccelerationData.csv (721 rows, 8 parts)
[2026-06-01T08:52:46.799+0000] {subprocess.py:93} INFO -       💾 Saved: VibrationData.csv (721 rows, 8 parts)
[2026-06-01T08:52:46.802+0000] {subprocess.py:93} INFO -       💾 Saved: TemperatureData.csv (721 rows, 8 parts)
[2026-06-01T08:52:46.803+0000] {subprocess.py:93} INFO - 
[2026-06-01T08:52:46.804+0000] {subprocess.py:93} INFO - ================================================================================
[2026-06-01T08:52:46.805+0000] {subprocess.py:93} INFO - 📊 FETCH SUMMARY - ALL DEPARTMENTS
[2026-06-01T08:52:46.806+0000] {subprocess.py:93} INFO - ================================================================================
[2026-06-01T08:52:46.807+0000] {subprocess.py:93} INFO - 
[2026-06-01T08:52:46.808+0000] {subprocess.py:93} INFO - ✅ SAP: 3/3 machines
[2026-06-01T08:52:46.809+0000] {subprocess.py:93} INFO - 
[2026-06-01T08:52:46.810+0000] {subprocess.py:93} INFO - ✅ AF: 4/4 machines
[2026-06-01T08:52:46.819+0000] {subprocess.py:93} INFO - 
[2026-06-01T08:52:46.821+0000] {subprocess.py:93} INFO - ✅ CAP: 3/3 machines
[2026-06-01T08:52:46.824+0000] {subprocess.py:93} INFO - 
[2026-06-01T08:52:46.825+0000] {subprocess.py:93} INFO - ✅ ENGRAIS: 7/7 machines
[2026-06-01T08:52:46.887+0000] {subprocess.py:97} INFO - Command exited with return code 0
[2026-06-01T08:52:46.973+0000] {taskinstance.py:1138} INFO - Marking task as SUCCESS. dag_id=i_sense_pipeline, task_id=fetch_isense_data, execution_date=20260601T070000, start_date=20260601T085047, end_date=20260601T085246
[2026-06-01T08:52:47.062+0000] {local_task_job_runner.py:234} INFO - Task exited with return code 0
[2026-06-01T08:52:47.104+0000] {taskinstance.py:3281} INFO - 1 downstream tasks scheduled from follow-on schedule check
