[2026-05-22T18:24:48.164+0000] {taskinstance.py:1957} INFO - Dependencies all met for dep_context=non-requeueable deps ti=<TaskInstance: i_sense_spark_pipeline.fetch_isense_data scheduled__2026-05-22T17:00:00+00:00 [queued]>
[2026-05-22T18:24:48.187+0000] {taskinstance.py:1957} INFO - Dependencies all met for dep_context=requeueable deps ti=<TaskInstance: i_sense_spark_pipeline.fetch_isense_data scheduled__2026-05-22T17:00:00+00:00 [queued]>
[2026-05-22T18:24:48.188+0000] {taskinstance.py:2171} INFO - Starting attempt 1 of 3
[2026-05-22T18:24:48.240+0000] {taskinstance.py:2192} INFO - Executing <Task(BashOperator): fetch_isense_data> on 2026-05-22 17:00:00+00:00
[2026-05-22T18:24:48.256+0000] {standard_task_runner.py:60} INFO - Started process 199 to run task
[2026-05-22T18:24:48.289+0000] {standard_task_runner.py:87} INFO - Running: ['***', 'tasks', 'run', 'i_sense_spark_pipeline', 'fetch_isense_data', 'scheduled__2026-05-22T17:00:00+00:00', '--job-id', '2', '--raw', '--subdir', 'DAGS_FOLDER/i_sense_pipeline.py', '--cfg-path', '/tmp/tmp4mjk1s8i']
[2026-05-22T18:24:48.306+0000] {standard_task_runner.py:88} INFO - Job 2: Subtask fetch_isense_data
[2026-05-22T18:24:49.331+0000] {task_command.py:423} INFO - Running <TaskInstance: i_sense_spark_pipeline.fetch_isense_data scheduled__2026-05-22T17:00:00+00:00 [running]> on host 54460146df59
[2026-05-22T18:24:50.168+0000] {taskinstance.py:2481} INFO - Exporting env vars: AIRFLOW_CTX_DAG_OWNER='data_team' AIRFLOW_CTX_DAG_ID='i_sense_spark_pipeline' AIRFLOW_CTX_TASK_ID='fetch_isense_data' AIRFLOW_CTX_EXECUTION_DATE='2026-05-22T17:00:00+00:00' AIRFLOW_CTX_TRY_NUMBER='1' AIRFLOW_CTX_DAG_RUN_ID='scheduled__2026-05-22T17:00:00+00:00'
[2026-05-22T18:24:50.169+0000] {subprocess.py:63} INFO - Tmp dir root location: /tmp
[2026-05-22T18:24:50.172+0000] {subprocess.py:75} INFO - Running command: ['/usr/bin/bash', '-c', 'cd /opt/*** && python fetch_all_departments_complete.py']
[2026-05-22T18:24:50.189+0000] {subprocess.py:86} INFO - Output:
[2026-05-22T18:24:50.250+0000] {subprocess.py:93} INFO - /usr/local/bin/python: can't find '__main__' module in 'fetch_all_departments_complete.py'
[2026-05-22T18:24:50.253+0000] {subprocess.py:97} INFO - Command exited with return code 1
[2026-05-22T18:24:50.486+0000] {taskinstance.py:2699} ERROR - Task failed with exception
Traceback (most recent call last):
  File "/home/airflow/.local/lib/python3.8/site-packages/airflow/models/taskinstance.py", line 433, in _execute_task
    result = execute_callable(context=context, **execute_callable_kwargs)
  File "/home/airflow/.local/lib/python3.8/site-packages/airflow/operators/bash.py", line 212, in execute
    raise AirflowException(
airflow.exceptions.AirflowException: Bash command failed. The command returned a non-zero exit code 1.
[2026-05-22T18:24:50.499+0000] {taskinstance.py:1138} INFO - Marking task as UP_FOR_RETRY. dag_id=i_sense_spark_pipeline, task_id=fetch_isense_data, execution_date=20260522T170000, start_date=20260522T182448, end_date=20260522T182450
[2026-05-22T18:24:50.701+0000] {standard_task_runner.py:107} ERROR - Failed to execute job 2 for task fetch_isense_data (Bash command failed. The command returned a non-zero exit code 1.; 199)
[2026-05-22T18:24:50.756+0000] {local_task_job_runner.py:234} INFO - Task exited with return code 1
[2026-05-22T18:24:50.903+0000] {taskinstance.py:3281} INFO - 0 downstream tasks scheduled from follow-on schedule check
