[2026-06-01T09:00:02.047+0000] {taskinstance.py:1957} INFO - Dependencies all met for dep_context=non-requeueable deps ti=<TaskInstance: i_sense_pipeline.fetch_isense_data scheduled__2026-06-01T08:00:00+00:00 [queued]>
[2026-06-01T09:00:02.129+0000] {taskinstance.py:1957} INFO - Dependencies all met for dep_context=requeueable deps ti=<TaskInstance: i_sense_pipeline.fetch_isense_data scheduled__2026-06-01T08:00:00+00:00 [queued]>
[2026-06-01T09:00:02.131+0000] {taskinstance.py:2171} INFO - Starting attempt 1 of 2
[2026-06-01T09:00:02.263+0000] {taskinstance.py:2192} INFO - Executing <Task(BashOperator): fetch_isense_data> on 2026-06-01 08:00:00+00:00
[2026-06-01T09:00:02.298+0000] {standard_task_runner.py:60} INFO - Started process 3278 to run task
[2026-06-01T09:00:02.312+0000] {standard_task_runner.py:87} INFO - Running: ['***', 'tasks', 'run', 'i_sense_pipeline', 'fetch_isense_data', 'scheduled__2026-06-01T08:00:00+00:00', '--job-id', '17', '--raw', '--subdir', 'DAGS_FOLDER/i_sense_pipeline.py', '--cfg-path', '/tmp/tmpeutdt8m9']
[2026-06-01T09:00:02.322+0000] {standard_task_runner.py:88} INFO - Job 17: Subtask fetch_isense_data
[2026-06-01T09:00:02.644+0000] {task_command.py:423} INFO - Running <TaskInstance: i_sense_pipeline.fetch_isense_data scheduled__2026-06-01T08:00:00+00:00 [running]> on host 584c6a772482
[2026-06-01T09:00:02.998+0000] {taskinstance.py:2481} INFO - Exporting env vars: AIRFLOW_CTX_DAG_OWNER='data_team' AIRFLOW_CTX_DAG_ID='i_sense_pipeline' AIRFLOW_CTX_TASK_ID='fetch_isense_data' AIRFLOW_CTX_EXECUTION_DATE='2026-06-01T08:00:00+00:00' AIRFLOW_CTX_TRY_NUMBER='1' AIRFLOW_CTX_DAG_RUN_ID='scheduled__2026-06-01T08:00:00+00:00'
[2026-06-01T09:00:03.014+0000] {subprocess.py:63} INFO - Tmp dir root location: /tmp
[2026-06-01T09:00:03.017+0000] {subprocess.py:75} INFO - Running command: ['/usr/bin/bash', '-c', 'python /opt/***/scripts/fetch_isense.py']
[2026-06-01T09:00:03.052+0000] {subprocess.py:86} INFO - Output:
[2026-06-01T09:00:37.596+0000] {subprocess.py:93} INFO - 
[2026-06-01T09:00:37.601+0000] {subprocess.py:93} INFO - ================================================================================
[2026-06-01T09:00:37.604+0000] {subprocess.py:93} INFO - 🏭 i-SENSE COMPLETE DATA FETCHER
[2026-06-01T09:00:37.607+0000] {subprocess.py:93} INFO -    SAP | AF | CAP | ENGRAIS
[2026-06-01T09:00:37.608+0000] {subprocess.py:93} INFO - ================================================================================
[2026-06-01T09:00:37.612+0000] {subprocess.py:93} INFO - 
[2026-06-01T09:00:37.614+0000] {subprocess.py:93} INFO - ================================================================================
[2026-06-01T09:00:37.617+0000] {subprocess.py:93} INFO - 🚀 FETCHING DATA FOR ALL DEPARTMENTS
[2026-06-01T09:00:37.621+0000] {subprocess.py:93} INFO -    Total machines: 17
[2026-06-01T09:00:37.629+0000] {subprocess.py:93} INFO - ================================================================================
[2026-06-01T09:00:37.707+0000] {subprocess.py:93} INFO - Traceback (most recent call last):
[2026-06-01T09:00:37.708+0000] {subprocess.py:93} INFO -   File "/home/***/.local/lib/python3.8/site-packages/urllib3/connectionpool.py", line 715, in urlopen
[2026-06-01T09:00:37.710+0000] {subprocess.py:93} INFO -     httplib_response = self._make_request(
[2026-06-01T09:00:37.717+0000] {subprocess.py:93} INFO -   File "/home/***/.local/lib/python3.8/site-packages/urllib3/connectionpool.py", line 404, in _make_request
[2026-06-01T09:00:37.718+0000] {subprocess.py:93} INFO -     self._validate_conn(conn)
[2026-06-01T09:00:37.721+0000] {subprocess.py:93} INFO -   File "/home/***/.local/lib/python3.8/site-packages/urllib3/connectionpool.py", line 1058, in _validate_conn
[2026-06-01T09:00:37.722+0000] {subprocess.py:93} INFO -     conn.connect()
[2026-06-01T09:00:37.728+0000] {subprocess.py:93} INFO -   File "/home/***/.local/lib/python3.8/site-packages/urllib3/connection.py", line 419, in connect
[2026-06-01T09:00:37.729+0000] {subprocess.py:93} INFO -     self.sock = ssl_wrap_socket(
[2026-06-01T09:00:37.729+0000] {subprocess.py:93} INFO -   File "/home/***/.local/lib/python3.8/site-packages/urllib3/util/ssl_.py", line 449, in ssl_wrap_socket
[2026-06-01T09:00:37.730+0000] {subprocess.py:93} INFO -     ssl_sock = _ssl_wrap_socket_impl(
[2026-06-01T09:00:37.734+0000] {subprocess.py:93} INFO -   File "/home/***/.local/lib/python3.8/site-packages/urllib3/util/ssl_.py", line 493, in _ssl_wrap_socket_impl
[2026-06-01T09:00:37.735+0000] {subprocess.py:93} INFO -     return ssl_context.wrap_socket(sock, server_hostname=server_hostname)
[2026-06-01T09:00:37.736+0000] {subprocess.py:93} INFO -   File "/usr/local/lib/python3.8/ssl.py", line 500, in wrap_socket
[2026-06-01T09:00:37.740+0000] {subprocess.py:93} INFO -     return self.sslsocket_class._create(
[2026-06-01T09:00:37.755+0000] {subprocess.py:93} INFO -   File "/usr/local/lib/python3.8/ssl.py", line 1073, in _create
[2026-06-01T09:00:37.759+0000] {subprocess.py:93} INFO -     self.do_handshake()
[2026-06-01T09:00:37.762+0000] {subprocess.py:93} INFO -   File "/usr/local/lib/python3.8/ssl.py", line 1342, in do_handshake
[2026-06-01T09:00:37.763+0000] {subprocess.py:93} INFO -     self._sslobj.do_handshake()
[2026-06-01T09:00:37.764+0000] {subprocess.py:93} INFO - ssl.SSLZeroReturnError: TLS/SSL connection has been closed (EOF) (_ssl.c:1131)
[2026-06-01T09:00:37.767+0000] {subprocess.py:93} INFO - 
[2026-06-01T09:00:37.775+0000] {subprocess.py:93} INFO - During handling of the above exception, another exception occurred:
[2026-06-01T09:00:37.780+0000] {subprocess.py:93} INFO - 
[2026-06-01T09:00:37.781+0000] {subprocess.py:93} INFO - Traceback (most recent call last):
[2026-06-01T09:00:37.783+0000] {subprocess.py:93} INFO -   File "/home/***/.local/lib/python3.8/site-packages/requests/adapters.py", line 486, in send
[2026-06-01T09:00:37.787+0000] {subprocess.py:93} INFO -     resp = conn.urlopen(
[2026-06-01T09:00:37.801+0000] {subprocess.py:93} INFO -   File "/home/***/.local/lib/python3.8/site-packages/urllib3/connectionpool.py", line 799, in urlopen
[2026-06-01T09:00:37.803+0000] {subprocess.py:93} INFO -     retries = retries.increment(
[2026-06-01T09:00:37.815+0000] {subprocess.py:93} INFO -   File "/home/***/.local/lib/python3.8/site-packages/urllib3/util/retry.py", line 592, in increment
[2026-06-01T09:00:37.816+0000] {subprocess.py:93} INFO -     raise MaxRetryError(_pool, url, error or ResponseError(cause))
[2026-06-01T09:00:37.816+0000] {subprocess.py:93} INFO - urllib3.exceptions.MaxRetryError: HTTPSConnectionPool(host='v3back-demo.i-sense.io', port=443): Max retries exceeded with url: /api/i-sense-v3/auth/login (Caused by SSLError(SSLZeroReturnError(6, 'TLS/SSL connection has been closed (EOF) (_ssl.c:1131)')))
[2026-06-01T09:00:37.818+0000] {subprocess.py:93} INFO - 
[2026-06-01T09:00:37.820+0000] {subprocess.py:93} INFO - During handling of the above exception, another exception occurred:
[2026-06-01T09:00:37.824+0000] {subprocess.py:93} INFO - 
[2026-06-01T09:00:37.826+0000] {subprocess.py:93} INFO - Traceback (most recent call last):
[2026-06-01T09:00:37.827+0000] {subprocess.py:93} INFO -   File "/opt/***/scripts/fetch_isense.py", line 239, in <module>
[2026-06-01T09:00:37.829+0000] {subprocess.py:93} INFO -     fetcher.fetch_all()
[2026-06-01T09:00:37.832+0000] {subprocess.py:93} INFO -   File "/opt/***/scripts/fetch_isense.py", line 195, in fetch_all
[2026-06-01T09:00:37.833+0000] {subprocess.py:93} INFO -     if not self.login():
[2026-06-01T09:00:37.842+0000] {subprocess.py:93} INFO -   File "/opt/***/scripts/fetch_isense.py", line 64, in login
[2026-06-01T09:00:37.846+0000] {subprocess.py:93} INFO -     response = requests.post(url, headers=headers, json=data)
[2026-06-01T09:00:37.847+0000] {subprocess.py:93} INFO -   File "/home/***/.local/lib/python3.8/site-packages/requests/api.py", line 115, in post
[2026-06-01T09:00:37.848+0000] {subprocess.py:93} INFO -     return request("post", url, data=data, json=json, **kwargs)
[2026-06-01T09:00:37.849+0000] {subprocess.py:93} INFO -   File "/home/***/.local/lib/python3.8/site-packages/requests/api.py", line 59, in request
[2026-06-01T09:00:37.850+0000] {subprocess.py:93} INFO -     return session.request(method=method, url=url, **kwargs)
[2026-06-01T09:00:37.851+0000] {subprocess.py:93} INFO -   File "/home/***/.local/lib/python3.8/site-packages/requests/sessions.py", line 589, in request
[2026-06-01T09:00:37.852+0000] {subprocess.py:93} INFO -     resp = self.send(prep, **send_kwargs)
[2026-06-01T09:00:37.858+0000] {subprocess.py:93} INFO -   File "/home/***/.local/lib/python3.8/site-packages/requests/sessions.py", line 703, in send
[2026-06-01T09:00:37.861+0000] {subprocess.py:93} INFO -     r = adapter.send(request, **kwargs)
[2026-06-01T09:00:37.862+0000] {subprocess.py:93} INFO -   File "/home/***/.local/lib/python3.8/site-packages/requests/adapters.py", line 517, in send
[2026-06-01T09:00:37.863+0000] {subprocess.py:93} INFO -     raise SSLError(e, request=request)
[2026-06-01T09:00:37.868+0000] {subprocess.py:93} INFO - requests.exceptions.SSLError: HTTPSConnectionPool(host='v3back-demo.i-sense.io', port=443): Max retries exceeded with url: /api/i-sense-v3/auth/login (Caused by SSLError(SSLZeroReturnError(6, 'TLS/SSL connection has been closed (EOF) (_ssl.c:1131)')))
[2026-06-01T09:00:38.108+0000] {subprocess.py:97} INFO - Command exited with return code 1
[2026-06-01T09:00:38.176+0000] {taskinstance.py:2699} ERROR - Task failed with exception
Traceback (most recent call last):
  File "/home/airflow/.local/lib/python3.8/site-packages/airflow/models/taskinstance.py", line 433, in _execute_task
    result = execute_callable(context=context, **execute_callable_kwargs)
  File "/home/airflow/.local/lib/python3.8/site-packages/airflow/operators/bash.py", line 212, in execute
    raise AirflowException(
airflow.exceptions.AirflowException: Bash command failed. The command returned a non-zero exit code 1.
[2026-06-01T09:00:38.231+0000] {taskinstance.py:1138} INFO - Marking task as UP_FOR_RETRY. dag_id=i_sense_pipeline, task_id=fetch_isense_data, execution_date=20260601T080000, start_date=20260601T090002, end_date=20260601T090038
[2026-06-01T09:00:38.479+0000] {standard_task_runner.py:107} ERROR - Failed to execute job 17 for task fetch_isense_data (Bash command failed. The command returned a non-zero exit code 1.; 3278)
[2026-06-01T09:00:38.593+0000] {local_task_job_runner.py:234} INFO - Task exited with return code 1
[2026-06-01T09:00:38.788+0000] {taskinstance.py:3281} INFO - 0 downstream tasks scheduled from follow-on schedule check
