[2026-06-01T09:02:51.250+0000] {taskinstance.py:1957} INFO - Dependencies all met for dep_context=non-requeueable deps ti=<TaskInstance: i_sense_pipeline.fetch_isense_data scheduled__2026-06-01T08:00:00+00:00 [queued]>
[2026-06-01T09:02:51.447+0000] {taskinstance.py:1957} INFO - Dependencies all met for dep_context=requeueable deps ti=<TaskInstance: i_sense_pipeline.fetch_isense_data scheduled__2026-06-01T08:00:00+00:00 [queued]>
[2026-06-01T09:02:51.452+0000] {taskinstance.py:2171} INFO - Starting attempt 2 of 2
[2026-06-01T09:02:51.758+0000] {taskinstance.py:2192} INFO - Executing <Task(BashOperator): fetch_isense_data> on 2026-06-01 08:00:00+00:00
[2026-06-01T09:02:51.786+0000] {standard_task_runner.py:60} INFO - Started process 4309 to run task
[2026-06-01T09:02:51.817+0000] {standard_task_runner.py:87} INFO - Running: ['***', 'tasks', 'run', 'i_sense_pipeline', 'fetch_isense_data', 'scheduled__2026-06-01T08:00:00+00:00', '--job-id', '18', '--raw', '--subdir', 'DAGS_FOLDER/i_sense_pipeline.py', '--cfg-path', '/tmp/tmp17qoso_v']
[2026-06-01T09:02:51.864+0000] {standard_task_runner.py:88} INFO - Job 18: Subtask fetch_isense_data
[2026-06-01T09:02:52.539+0000] {task_command.py:423} INFO - Running <TaskInstance: i_sense_pipeline.fetch_isense_data scheduled__2026-06-01T08:00:00+00:00 [running]> on host 584c6a772482
[2026-06-01T09:02:53.331+0000] {taskinstance.py:2481} INFO - Exporting env vars: AIRFLOW_CTX_DAG_OWNER='data_team' AIRFLOW_CTX_DAG_ID='i_sense_pipeline' AIRFLOW_CTX_TASK_ID='fetch_isense_data' AIRFLOW_CTX_EXECUTION_DATE='2026-06-01T08:00:00+00:00' AIRFLOW_CTX_TRY_NUMBER='2' AIRFLOW_CTX_DAG_RUN_ID='scheduled__2026-06-01T08:00:00+00:00'
[2026-06-01T09:02:53.333+0000] {subprocess.py:63} INFO - Tmp dir root location: /tmp
[2026-06-01T09:02:53.335+0000] {subprocess.py:75} INFO - Running command: ['/usr/bin/bash', '-c', 'python /opt/***/scripts/fetch_isense.py']
[2026-06-01T09:02:53.365+0000] {subprocess.py:86} INFO - Output:
[2026-06-01T09:04:48.812+0000] {subprocess.py:93} INFO - 
[2026-06-01T09:04:48.816+0000] {subprocess.py:93} INFO - ================================================================================
[2026-06-01T09:04:48.818+0000] {subprocess.py:93} INFO - 🏭 i-SENSE COMPLETE DATA FETCHER
[2026-06-01T09:04:48.824+0000] {subprocess.py:93} INFO -    SAP | AF | CAP | ENGRAIS
[2026-06-01T09:04:48.828+0000] {subprocess.py:93} INFO - ================================================================================
[2026-06-01T09:04:48.831+0000] {subprocess.py:93} INFO - 
[2026-06-01T09:04:48.832+0000] {subprocess.py:93} INFO - ================================================================================
[2026-06-01T09:04:48.833+0000] {subprocess.py:93} INFO - 🚀 FETCHING DATA FOR ALL DEPARTMENTS
[2026-06-01T09:04:48.841+0000] {subprocess.py:93} INFO -    Total machines: 17
[2026-06-01T09:04:48.850+0000] {subprocess.py:93} INFO - ================================================================================
[2026-06-01T09:04:48.852+0000] {subprocess.py:93} INFO - ✅ Logged in successfully
[2026-06-01T09:04:48.855+0000] {subprocess.py:93} INFO - 
[2026-06-01T09:04:48.857+0000] {subprocess.py:93} INFO - 📡 Asset 153 → SAP/Pompe_HRS_601ABP04
[2026-06-01T09:04:48.871+0000] {subprocess.py:93} INFO -       💾 Saved: AccelerationData.csv (745 rows, 3 parts)
[2026-06-01T09:04:48.873+0000] {subprocess.py:93} INFO -       💾 Saved: VibrationData.csv (745 rows, 3 parts)
[2026-06-01T09:04:48.884+0000] {subprocess.py:93} INFO -       💾 Saved: TemperatureData.csv (745 rows, 3 parts)
[2026-06-01T09:04:48.887+0000] {subprocess.py:93} INFO - 
[2026-06-01T09:04:48.889+0000] {subprocess.py:93} INFO - 📡 Asset 156 → SAP/Pompe_circulation_bac_commun_601AAP01
[2026-06-01T09:04:48.892+0000] {subprocess.py:93} INFO -       💾 Saved: AccelerationData.csv (745 rows, 2 parts)
[2026-06-01T09:04:48.903+0000] {subprocess.py:93} INFO -       💾 Saved: VibrationData.csv (745 rows, 2 parts)
[2026-06-01T09:04:48.907+0000] {subprocess.py:93} INFO -       💾 Saved: TemperatureData.csv (745 rows, 2 parts)
[2026-06-01T09:04:48.910+0000] {subprocess.py:93} INFO - 
[2026-06-01T09:04:48.922+0000] {subprocess.py:93} INFO - 📡 Asset 159 → SAP/Pompe_circulation_bac_commun_601AAP02
[2026-06-01T09:04:48.940+0000] {subprocess.py:93} INFO -       💾 Saved: AccelerationData.csv (489 rows, 3 parts)
[2026-06-01T09:04:48.942+0000] {subprocess.py:93} INFO -       💾 Saved: VibrationData.csv (489 rows, 3 parts)
[2026-06-01T09:04:48.955+0000] {subprocess.py:93} INFO -       💾 Saved: TemperatureData.csv (489 rows, 3 parts)
[2026-06-01T09:04:48.959+0000] {subprocess.py:93} INFO - 
[2026-06-01T09:04:48.961+0000] {subprocess.py:93} INFO - 📡 Asset 168 → AF/POMPE_A_VIDE_603AAC01
[2026-06-01T09:04:48.980+0000] {subprocess.py:93} INFO -       💾 Saved: AccelerationData.csv (745 rows, 1 parts)
[2026-06-01T09:04:48.989+0000] {subprocess.py:93} INFO -       💾 Saved: VibrationData.csv (745 rows, 1 parts)
[2026-06-01T09:04:48.998+0000] {subprocess.py:93} INFO -       💾 Saved: TemperatureData.csv (745 rows, 1 parts)
[2026-06-01T09:04:49.018+0000] {subprocess.py:93} INFO - 
[2026-06-01T09:04:49.022+0000] {subprocess.py:93} INFO - 📡 Asset 171 → AF/POMPE_A_VIDE_603AAC06
[2026-06-01T09:04:49.032+0000] {subprocess.py:93} INFO -       💾 Saved: AccelerationData.csv (745 rows, 4 parts)
[2026-06-01T09:04:49.033+0000] {subprocess.py:93} INFO -       💾 Saved: VibrationData.csv (745 rows, 4 parts)
[2026-06-01T09:04:49.038+0000] {subprocess.py:93} INFO -       💾 Saved: TemperatureData.csv (745 rows, 4 parts)
[2026-06-01T09:04:49.040+0000] {subprocess.py:93} INFO - 
[2026-06-01T09:04:49.046+0000] {subprocess.py:93} INFO - 📡 Asset 174 → AF/POMPE_A_VIDE_603ABC06
[2026-06-01T09:04:49.055+0000] {subprocess.py:93} INFO -       💾 Saved: AccelerationData.csv (745 rows, 4 parts)
[2026-06-01T09:04:49.056+0000] {subprocess.py:93} INFO -       💾 Saved: VibrationData.csv (745 rows, 4 parts)
[2026-06-01T09:04:49.060+0000] {subprocess.py:93} INFO -       💾 Saved: TemperatureData.csv (745 rows, 4 parts)
[2026-06-01T09:04:49.064+0000] {subprocess.py:93} INFO - 
[2026-06-01T09:04:49.066+0000] {subprocess.py:93} INFO - 📡 Asset 193 → AF/POMPE_B_FLASH_COOLER_603ABP01
[2026-06-01T09:04:49.070+0000] {subprocess.py:93} INFO -       💾 Saved: AccelerationData.csv (597 rows, 4 parts)
[2026-06-01T09:04:49.071+0000] {subprocess.py:93} INFO -       💾 Saved: VibrationData.csv (597 rows, 4 parts)
[2026-06-01T09:04:49.072+0000] {subprocess.py:93} INFO -       💾 Saved: TemperatureData.csv (597 rows, 4 parts)
[2026-06-01T09:04:49.075+0000] {subprocess.py:93} INFO - 
[2026-06-01T09:04:49.076+0000] {subprocess.py:93} INFO - 📡 Asset 177 → CAP/POMPE_DE_CIRCULATION_J_604JAP04
[2026-06-01T09:04:49.077+0000] {subprocess.py:93} INFO -       💾 Saved: AccelerationData.csv (524 rows, 6 parts)
[2026-06-01T09:04:49.081+0000] {subprocess.py:93} INFO -       💾 Saved: VibrationData.csv (524 rows, 6 parts)
[2026-06-01T09:04:49.082+0000] {subprocess.py:93} INFO -       💾 Saved: TemperatureData.csv (524 rows, 6 parts)
[2026-06-01T09:04:49.083+0000] {subprocess.py:93} INFO - 
[2026-06-01T09:04:49.085+0000] {subprocess.py:93} INFO - 📡 Asset 181 → CAP/POMPE_DE_CIRCULATION_K_604KAP04
[2026-06-01T09:04:49.087+0000] {subprocess.py:93} INFO -       💾 Saved: AccelerationData.csv (400 rows, 5 parts)
[2026-06-01T09:04:49.088+0000] {subprocess.py:93} INFO -       💾 Saved: VibrationData.csv (400 rows, 5 parts)
[2026-06-01T09:04:49.089+0000] {subprocess.py:93} INFO -       💾 Saved: TemperatureData.csv (400 rows, 5 parts)
[2026-06-01T09:04:49.090+0000] {subprocess.py:93} INFO - 
[2026-06-01T09:04:49.093+0000] {subprocess.py:93} INFO - 📡 Asset 185 → CAP/POMPE_DE_CIRCULATION_L_604LAP04
[2026-06-01T09:04:49.094+0000] {subprocess.py:93} INFO -       💾 Saved: AccelerationData.csv (706 rows, 7 parts)
[2026-06-01T09:04:49.095+0000] {subprocess.py:93} INFO -       💾 Saved: VibrationData.csv (706 rows, 7 parts)
[2026-06-01T09:04:49.096+0000] {subprocess.py:93} INFO -       💾 Saved: TemperatureData.csv (706 rows, 7 parts)
[2026-06-01T09:04:49.096+0000] {subprocess.py:93} INFO - 
[2026-06-01T09:04:49.097+0000] {subprocess.py:93} INFO - 📡 Asset 197 → ENGRAIS/Elevateur_607AAT01
[2026-06-01T09:04:49.097+0000] {subprocess.py:93} INFO -       💾 Saved: AccelerationData.csv (745 rows, 8 parts)
[2026-06-01T09:04:49.098+0000] {subprocess.py:93} INFO -       💾 Saved: VibrationData.csv (745 rows, 8 parts)
[2026-06-01T09:04:49.099+0000] {subprocess.py:93} INFO -       💾 Saved: TemperatureData.csv (745 rows, 8 parts)
[2026-06-01T09:04:49.099+0000] {subprocess.py:93} INFO - 
[2026-06-01T09:04:49.100+0000] {subprocess.py:93} INFO - 📡 Asset 201 → ENGRAIS/Elevateur_607AAT04
[2026-06-01T09:04:49.101+0000] {subprocess.py:93} INFO -       💾 Saved: AccelerationData.csv (745 rows, 8 parts)
[2026-06-01T09:04:49.101+0000] {subprocess.py:93} INFO -       💾 Saved: VibrationData.csv (745 rows, 8 parts)
[2026-06-01T09:04:49.102+0000] {subprocess.py:93} INFO -       💾 Saved: TemperatureData.csv (745 rows, 8 parts)
[2026-06-01T09:04:49.102+0000] {subprocess.py:93} INFO - 
[2026-06-01T09:04:49.106+0000] {subprocess.py:93} INFO - 📡 Asset 205 → ENGRAIS/Elevateur_607AAT05
[2026-06-01T09:04:49.108+0000] {subprocess.py:93} INFO -       💾 Saved: AccelerationData.csv (745 rows, 4 parts)
[2026-06-01T09:04:49.109+0000] {subprocess.py:93} INFO -       💾 Saved: VibrationData.csv (745 rows, 4 parts)
[2026-06-01T09:04:49.112+0000] {subprocess.py:93} INFO -       💾 Saved: TemperatureData.csv (745 rows, 4 parts)
[2026-06-01T09:04:49.113+0000] {subprocess.py:93} INFO - 
[2026-06-01T09:04:49.115+0000] {subprocess.py:93} INFO - 📡 Asset 209 → ENGRAIS/Elevateur_607AAT06
[2026-06-01T09:04:49.117+0000] {subprocess.py:93} INFO -       💾 Saved: AccelerationData.csv (745 rows, 8 parts)
[2026-06-01T09:04:49.117+0000] {subprocess.py:93} INFO -       💾 Saved: VibrationData.csv (745 rows, 8 parts)
[2026-06-01T09:04:49.122+0000] {subprocess.py:93} INFO -       💾 Saved: TemperatureData.csv (745 rows, 8 parts)
[2026-06-01T09:04:49.123+0000] {subprocess.py:93} INFO - 
[2026-06-01T09:04:49.124+0000] {subprocess.py:93} INFO - 📡 Asset 213 → ENGRAIS/Enrobeur_607AAM04
[2026-06-01T09:04:49.124+0000] {subprocess.py:93} INFO -       💾 Saved: AccelerationData.csv (725 rows, 8 parts)
[2026-06-01T09:04:49.125+0000] {subprocess.py:93} INFO -       💾 Saved: VibrationData.csv (725 rows, 8 parts)
[2026-06-01T09:04:49.125+0000] {subprocess.py:93} INFO -       💾 Saved: TemperatureData.csv (725 rows, 8 parts)
[2026-06-01T09:04:49.126+0000] {subprocess.py:93} INFO - 
[2026-06-01T09:04:49.127+0000] {subprocess.py:93} INFO - 📡 Asset 217 → ENGRAIS/Granulateur_607AAM03
[2026-06-01T09:04:49.127+0000] {subprocess.py:93} INFO -       💾 Saved: AccelerationData.csv (745 rows, 8 parts)
[2026-06-01T09:04:49.129+0000] {subprocess.py:93} INFO -       💾 Saved: VibrationData.csv (745 rows, 8 parts)
[2026-06-01T09:04:49.131+0000] {subprocess.py:93} INFO -       💾 Saved: TemperatureData.csv (745 rows, 8 parts)
[2026-06-01T09:04:49.132+0000] {subprocess.py:93} INFO - 
[2026-06-01T09:04:49.132+0000] {subprocess.py:93} INFO - 📡 Asset 221 → ENGRAIS/Tube_secheur_607AAF02
[2026-06-01T09:04:49.133+0000] {subprocess.py:93} INFO -       💾 Saved: AccelerationData.csv (721 rows, 8 parts)
[2026-06-01T09:04:49.134+0000] {subprocess.py:93} INFO -       💾 Saved: VibrationData.csv (721 rows, 8 parts)
[2026-06-01T09:04:49.137+0000] {subprocess.py:93} INFO -       💾 Saved: TemperatureData.csv (721 rows, 8 parts)
[2026-06-01T09:04:49.138+0000] {subprocess.py:93} INFO - 
[2026-06-01T09:04:49.140+0000] {subprocess.py:93} INFO - ================================================================================
[2026-06-01T09:04:49.142+0000] {subprocess.py:93} INFO - 📊 FETCH SUMMARY - ALL DEPARTMENTS
[2026-06-01T09:04:49.143+0000] {subprocess.py:93} INFO - ================================================================================
[2026-06-01T09:04:49.145+0000] {subprocess.py:93} INFO - 
[2026-06-01T09:04:49.149+0000] {subprocess.py:93} INFO - ✅ SAP: 3/3 machines
[2026-06-01T09:04:49.151+0000] {subprocess.py:93} INFO - 
[2026-06-01T09:04:49.152+0000] {subprocess.py:93} INFO - ✅ AF: 4/4 machines
[2026-06-01T09:04:49.152+0000] {subprocess.py:93} INFO - 
[2026-06-01T09:04:49.153+0000] {subprocess.py:93} INFO - ✅ CAP: 3/3 machines
[2026-06-01T09:04:49.155+0000] {subprocess.py:93} INFO - 
[2026-06-01T09:04:49.156+0000] {subprocess.py:93} INFO - ✅ ENGRAIS: 7/7 machines
[2026-06-01T09:04:49.259+0000] {subprocess.py:97} INFO - Command exited with return code 0
[2026-06-01T09:04:49.385+0000] {taskinstance.py:1138} INFO - Marking task as SUCCESS. dag_id=i_sense_pipeline, task_id=fetch_isense_data, execution_date=20260601T080000, start_date=20260601T090251, end_date=20260601T090449
[2026-06-01T09:04:49.524+0000] {local_task_job_runner.py:234} INFO - Task exited with return code 0
[2026-06-01T09:04:49.660+0000] {taskinstance.py:3281} INFO - 1 downstream tasks scheduled from follow-on schedule check
