[2026-05-30T16:19:43.207+0000] {taskinstance.py:1957} INFO - Dependencies all met for dep_context=non-requeueable deps ti=<TaskInstance: i_sense_spark_pipeline.fetch_isense_data scheduled__2026-05-30T15:00:00+00:00 [queued]>
[2026-05-30T16:19:43.344+0000] {taskinstance.py:1957} INFO - Dependencies all met for dep_context=requeueable deps ti=<TaskInstance: i_sense_spark_pipeline.fetch_isense_data scheduled__2026-05-30T15:00:00+00:00 [queued]>
[2026-05-30T16:19:43.348+0000] {taskinstance.py:2171} INFO - Starting attempt 1 of 3
[2026-05-30T16:19:43.411+0000] {taskinstance.py:2192} INFO - Executing <Task(BashOperator): fetch_isense_data> on 2026-05-30 15:00:00+00:00
[2026-05-30T16:19:43.444+0000] {standard_task_runner.py:60} INFO - Started process 182 to run task
[2026-05-30T16:19:43.487+0000] {standard_task_runner.py:87} INFO - Running: ['***', 'tasks', 'run', 'i_sense_spark_pipeline', 'fetch_isense_data', 'scheduled__2026-05-30T15:00:00+00:00', '--job-id', '43', '--raw', '--subdir', 'DAGS_FOLDER/i_sense_pipeline.py', '--cfg-path', '/tmp/tmp4ckwzl0s']
[2026-05-30T16:19:43.505+0000] {standard_task_runner.py:88} INFO - Job 43: Subtask fetch_isense_data
[2026-05-30T16:19:44.873+0000] {task_command.py:423} INFO - Running <TaskInstance: i_sense_spark_pipeline.fetch_isense_data scheduled__2026-05-30T15:00:00+00:00 [running]> on host 54460146df59
[2026-05-30T16:19:47.921+0000] {taskinstance.py:2481} INFO - Exporting env vars: AIRFLOW_CTX_DAG_OWNER='data_team' AIRFLOW_CTX_DAG_ID='i_sense_spark_pipeline' AIRFLOW_CTX_TASK_ID='fetch_isense_data' AIRFLOW_CTX_EXECUTION_DATE='2026-05-30T15:00:00+00:00' AIRFLOW_CTX_TRY_NUMBER='1' AIRFLOW_CTX_DAG_RUN_ID='scheduled__2026-05-30T15:00:00+00:00'
[2026-05-30T16:19:47.950+0000] {subprocess.py:63} INFO - Tmp dir root location: /tmp
[2026-05-30T16:19:47.953+0000] {subprocess.py:75} INFO - Running command: ['/usr/bin/bash', '-c', 'python /opt/***/scripts/fetch_isense.py']
[2026-05-30T16:19:47.984+0000] {subprocess.py:86} INFO - Output:
[2026-05-30T16:21:10.727+0000] {subprocess.py:93} INFO - 
[2026-05-30T16:21:10.737+0000] {subprocess.py:93} INFO - ================================================================================
[2026-05-30T16:21:10.750+0000] {subprocess.py:93} INFO - 🏭 i-SENSE COMPLETE DATA FETCHER
[2026-05-30T16:21:10.752+0000] {subprocess.py:93} INFO -    SAP | AF | CAP | ENGRAIS
[2026-05-30T16:21:10.754+0000] {subprocess.py:93} INFO - ================================================================================
[2026-05-30T16:21:10.760+0000] {subprocess.py:93} INFO - 
[2026-05-30T16:21:10.802+0000] {subprocess.py:93} INFO - ================================================================================
[2026-05-30T16:21:10.804+0000] {subprocess.py:93} INFO - 🚀 FETCHING DATA FOR ALL DEPARTMENTS
[2026-05-30T16:21:10.809+0000] {subprocess.py:93} INFO -    Total machines: 17
[2026-05-30T16:21:10.810+0000] {subprocess.py:93} INFO - ================================================================================
[2026-05-30T16:21:10.814+0000] {subprocess.py:93} INFO - ✅ Logged in successfully
[2026-05-30T16:21:10.828+0000] {subprocess.py:93} INFO - 
[2026-05-30T16:21:10.831+0000] {subprocess.py:93} INFO - 📡 Asset 153 → SAP/Pompe_HRS_601ABP04
[2026-05-30T16:21:10.844+0000] {subprocess.py:93} INFO -       💾 Saved: AccelerationData.csv (721 rows, 3 parts)
[2026-05-30T16:21:10.848+0000] {subprocess.py:93} INFO -       💾 Saved: VibrationData.csv (721 rows, 3 parts)
[2026-05-30T16:21:10.851+0000] {subprocess.py:93} INFO -       💾 Saved: TemperatureData.csv (721 rows, 3 parts)
[2026-05-30T16:21:10.865+0000] {subprocess.py:93} INFO - 
[2026-05-30T16:21:10.867+0000] {subprocess.py:93} INFO - 📡 Asset 156 → SAP/Pompe_circulation_bac_commun_601AAP01
[2026-05-30T16:21:10.870+0000] {subprocess.py:93} INFO -       💾 Saved: AccelerationData.csv (721 rows, 2 parts)
[2026-05-30T16:21:10.872+0000] {subprocess.py:93} INFO -       💾 Saved: VibrationData.csv (721 rows, 2 parts)
[2026-05-30T16:21:10.873+0000] {subprocess.py:93} INFO -       💾 Saved: TemperatureData.csv (721 rows, 2 parts)
[2026-05-30T16:21:10.875+0000] {subprocess.py:93} INFO - 
[2026-05-30T16:21:10.877+0000] {subprocess.py:93} INFO - 📡 Asset 159 → SAP/Pompe_circulation_bac_commun_601AAP02
[2026-05-30T16:21:10.880+0000] {subprocess.py:93} INFO -       💾 Saved: AccelerationData.csv (457 rows, 3 parts)
[2026-05-30T16:21:10.885+0000] {subprocess.py:93} INFO -       💾 Saved: VibrationData.csv (457 rows, 3 parts)
[2026-05-30T16:21:10.886+0000] {subprocess.py:93} INFO -       💾 Saved: TemperatureData.csv (457 rows, 3 parts)
[2026-05-30T16:21:10.887+0000] {subprocess.py:93} INFO - 
[2026-05-30T16:21:10.888+0000] {subprocess.py:93} INFO - 📡 Asset 168 → AF/POMPE_A_VIDE_603AAC01
[2026-05-30T16:21:10.889+0000] {subprocess.py:93} INFO -       💾 Saved: AccelerationData.csv (721 rows, 1 parts)
[2026-05-30T16:21:10.893+0000] {subprocess.py:93} INFO -       💾 Saved: VibrationData.csv (721 rows, 1 parts)
[2026-05-30T16:21:10.900+0000] {subprocess.py:93} INFO -       💾 Saved: TemperatureData.csv (721 rows, 1 parts)
[2026-05-30T16:21:10.910+0000] {subprocess.py:93} INFO - 
[2026-05-30T16:21:10.915+0000] {subprocess.py:93} INFO - 📡 Asset 171 → AF/POMPE_A_VIDE_603AAC06
[2026-05-30T16:21:10.924+0000] {subprocess.py:93} INFO -       💾 Saved: AccelerationData.csv (721 rows, 4 parts)
[2026-05-30T16:21:10.927+0000] {subprocess.py:93} INFO -       💾 Saved: VibrationData.csv (721 rows, 4 parts)
[2026-05-30T16:21:10.928+0000] {subprocess.py:93} INFO -       💾 Saved: TemperatureData.csv (721 rows, 4 parts)
[2026-05-30T16:21:10.934+0000] {subprocess.py:93} INFO - 
[2026-05-30T16:21:10.934+0000] {subprocess.py:93} INFO - 📡 Asset 174 → AF/POMPE_A_VIDE_603ABC06
[2026-05-30T16:21:10.935+0000] {subprocess.py:93} INFO -       💾 Saved: AccelerationData.csv (721 rows, 4 parts)
[2026-05-30T16:21:10.936+0000] {subprocess.py:93} INFO -       💾 Saved: VibrationData.csv (721 rows, 4 parts)
[2026-05-30T16:21:10.937+0000] {subprocess.py:93} INFO -       💾 Saved: TemperatureData.csv (721 rows, 4 parts)
[2026-05-30T16:21:10.938+0000] {subprocess.py:93} INFO - 
[2026-05-30T16:21:10.939+0000] {subprocess.py:93} INFO - 📡 Asset 193 → AF/POMPE_B_FLASH_COOLER_603ABP01
[2026-05-30T16:21:10.946+0000] {subprocess.py:93} INFO -       💾 Saved: AccelerationData.csv (557 rows, 4 parts)
[2026-05-30T16:21:10.950+0000] {subprocess.py:93} INFO -       💾 Saved: VibrationData.csv (557 rows, 4 parts)
[2026-05-30T16:21:10.953+0000] {subprocess.py:93} INFO -       💾 Saved: TemperatureData.csv (557 rows, 4 parts)
[2026-05-30T16:21:10.955+0000] {subprocess.py:93} INFO - 
[2026-05-30T16:21:10.956+0000] {subprocess.py:93} INFO - 📡 Asset 177 → CAP/POMPE_DE_CIRCULATION_J_604JAP04
[2026-05-30T16:21:10.960+0000] {subprocess.py:93} INFO -       💾 Saved: AccelerationData.csv (524 rows, 6 parts)
[2026-05-30T16:21:10.964+0000] {subprocess.py:93} INFO -       💾 Saved: VibrationData.csv (524 rows, 6 parts)
[2026-05-30T16:21:10.967+0000] {subprocess.py:93} INFO -       💾 Saved: TemperatureData.csv (524 rows, 6 parts)
[2026-05-30T16:21:10.969+0000] {subprocess.py:93} INFO - 
[2026-05-30T16:21:10.976+0000] {subprocess.py:93} INFO - 📡 Asset 181 → CAP/POMPE_DE_CIRCULATION_K_604KAP04
[2026-05-30T16:21:10.978+0000] {subprocess.py:93} INFO -       💾 Saved: AccelerationData.csv (400 rows, 5 parts)
[2026-05-30T16:21:10.981+0000] {subprocess.py:93} INFO -       💾 Saved: VibrationData.csv (400 rows, 5 parts)
[2026-05-30T16:21:10.983+0000] {subprocess.py:93} INFO -       💾 Saved: TemperatureData.csv (400 rows, 5 parts)
[2026-05-30T16:21:10.992+0000] {subprocess.py:93} INFO - 
[2026-05-30T16:21:10.994+0000] {subprocess.py:93} INFO - 📡 Asset 185 → CAP/POMPE_DE_CIRCULATION_L_604LAP04
[2026-05-30T16:21:10.995+0000] {subprocess.py:93} INFO -       💾 Saved: AccelerationData.csv (682 rows, 7 parts)
[2026-05-30T16:21:10.996+0000] {subprocess.py:93} INFO -       💾 Saved: VibrationData.csv (682 rows, 7 parts)
[2026-05-30T16:21:10.998+0000] {subprocess.py:93} INFO -       💾 Saved: TemperatureData.csv (682 rows, 7 parts)
[2026-05-30T16:21:11.000+0000] {subprocess.py:93} INFO - 
[2026-05-30T16:21:11.001+0000] {subprocess.py:93} INFO - 📡 Asset 197 → ENGRAIS/Elevateur_607AAT01
[2026-05-30T16:21:11.002+0000] {subprocess.py:93} INFO -       💾 Saved: AccelerationData.csv (721 rows, 8 parts)
[2026-05-30T16:21:11.003+0000] {subprocess.py:93} INFO -       💾 Saved: VibrationData.csv (721 rows, 8 parts)
[2026-05-30T16:21:11.004+0000] {subprocess.py:93} INFO -       💾 Saved: TemperatureData.csv (721 rows, 8 parts)
[2026-05-30T16:21:11.005+0000] {subprocess.py:93} INFO - 
[2026-05-30T16:21:11.006+0000] {subprocess.py:93} INFO - 📡 Asset 201 → ENGRAIS/Elevateur_607AAT04
[2026-05-30T16:21:11.007+0000] {subprocess.py:93} INFO -       💾 Saved: AccelerationData.csv (721 rows, 8 parts)
[2026-05-30T16:21:11.009+0000] {subprocess.py:93} INFO -       💾 Saved: VibrationData.csv (721 rows, 8 parts)
[2026-05-30T16:21:11.010+0000] {subprocess.py:93} INFO -       💾 Saved: TemperatureData.csv (721 rows, 8 parts)
[2026-05-30T16:21:11.012+0000] {subprocess.py:93} INFO - 
[2026-05-30T16:21:11.014+0000] {subprocess.py:93} INFO - 📡 Asset 205 → ENGRAIS/Elevateur_607AAT05
[2026-05-30T16:21:11.016+0000] {subprocess.py:93} INFO -       💾 Saved: AccelerationData.csv (721 rows, 4 parts)
[2026-05-30T16:21:11.017+0000] {subprocess.py:93} INFO -       💾 Saved: VibrationData.csv (721 rows, 4 parts)
[2026-05-30T16:21:11.018+0000] {subprocess.py:93} INFO -       💾 Saved: TemperatureData.csv (721 rows, 4 parts)
[2026-05-30T16:21:11.019+0000] {subprocess.py:93} INFO - 
[2026-05-30T16:21:11.021+0000] {subprocess.py:93} INFO - 📡 Asset 209 → ENGRAIS/Elevateur_607AAT06
[2026-05-30T16:21:11.022+0000] {subprocess.py:93} INFO -       💾 Saved: AccelerationData.csv (721 rows, 8 parts)
[2026-05-30T16:21:11.023+0000] {subprocess.py:93} INFO -       💾 Saved: VibrationData.csv (721 rows, 8 parts)
[2026-05-30T16:21:11.023+0000] {subprocess.py:93} INFO -       💾 Saved: TemperatureData.csv (721 rows, 8 parts)
[2026-05-30T16:21:11.024+0000] {subprocess.py:93} INFO - 
[2026-05-30T16:21:11.025+0000] {subprocess.py:93} INFO - 📡 Asset 213 → ENGRAIS/Enrobeur_607AAM04
[2026-05-30T16:21:11.026+0000] {subprocess.py:93} INFO -       💾 Saved: AccelerationData.csv (725 rows, 8 parts)
[2026-05-30T16:21:11.029+0000] {subprocess.py:93} INFO -       💾 Saved: VibrationData.csv (725 rows, 8 parts)
[2026-05-30T16:21:11.031+0000] {subprocess.py:93} INFO -       💾 Saved: TemperatureData.csv (725 rows, 8 parts)
[2026-05-30T16:21:11.032+0000] {subprocess.py:93} INFO - 
[2026-05-30T16:21:11.033+0000] {subprocess.py:93} INFO - 📡 Asset 217 → ENGRAIS/Granulateur_607AAM03
[2026-05-30T16:21:11.037+0000] {subprocess.py:93} INFO -       💾 Saved: AccelerationData.csv (721 rows, 8 parts)
[2026-05-30T16:21:11.038+0000] {subprocess.py:93} INFO -       💾 Saved: VibrationData.csv (721 rows, 8 parts)
[2026-05-30T16:21:11.039+0000] {subprocess.py:93} INFO -       💾 Saved: TemperatureData.csv (721 rows, 8 parts)
[2026-05-30T16:21:11.040+0000] {subprocess.py:93} INFO - 
[2026-05-30T16:21:11.041+0000] {subprocess.py:93} INFO - 📡 Asset 221 → ENGRAIS/Tube_secheur_607AAF02
[2026-05-30T16:21:11.042+0000] {subprocess.py:93} INFO -       💾 Saved: AccelerationData.csv (721 rows, 8 parts)
[2026-05-30T16:21:11.042+0000] {subprocess.py:93} INFO -       💾 Saved: VibrationData.csv (721 rows, 8 parts)
[2026-05-30T16:21:11.043+0000] {subprocess.py:93} INFO -       💾 Saved: TemperatureData.csv (721 rows, 8 parts)
[2026-05-30T16:21:11.045+0000] {subprocess.py:93} INFO - 
[2026-05-30T16:21:11.047+0000] {subprocess.py:93} INFO - ================================================================================
[2026-05-30T16:21:11.049+0000] {subprocess.py:93} INFO - 📊 FETCH SUMMARY - ALL DEPARTMENTS
[2026-05-30T16:21:11.053+0000] {subprocess.py:93} INFO - ================================================================================
[2026-05-30T16:21:11.058+0000] {subprocess.py:93} INFO - 
[2026-05-30T16:21:11.060+0000] {subprocess.py:93} INFO - ✅ SAP: 3/3 machines
[2026-05-30T16:21:11.061+0000] {subprocess.py:93} INFO - 
[2026-05-30T16:21:11.062+0000] {subprocess.py:93} INFO - ✅ AF: 4/4 machines
[2026-05-30T16:21:11.064+0000] {subprocess.py:93} INFO - 
[2026-05-30T16:21:11.066+0000] {subprocess.py:93} INFO - ✅ CAP: 3/3 machines
[2026-05-30T16:21:11.069+0000] {subprocess.py:93} INFO - 
[2026-05-30T16:21:11.071+0000] {subprocess.py:93} INFO - ✅ ENGRAIS: 7/7 machines
[2026-05-30T16:21:11.130+0000] {subprocess.py:97} INFO - Command exited with return code 0
[2026-05-30T16:21:11.429+0000] {taskinstance.py:1138} INFO - Marking task as SUCCESS. dag_id=i_sense_spark_pipeline, task_id=fetch_isense_data, execution_date=20260530T150000, start_date=20260530T161943, end_date=20260530T162111
[2026-05-30T16:21:11.487+0000] {local_task_job_runner.py:234} INFO - Task exited with return code 0
[2026-05-30T16:21:11.606+0000] {taskinstance.py:3281} INFO - 1 downstream tasks scheduled from follow-on schedule check
