[2026-05-30T16:19:43.238+0000] {taskinstance.py:1957} INFO - Dependencies all met for dep_context=non-requeueable deps ti=<TaskInstance: i_sense_spark_pipeline.fetch_isense_data scheduled__2026-05-24T15:00:00+00:00 [queued]>
[2026-05-30T16:19:43.338+0000] {taskinstance.py:1957} INFO - Dependencies all met for dep_context=requeueable deps ti=<TaskInstance: i_sense_spark_pipeline.fetch_isense_data scheduled__2026-05-24T15:00:00+00:00 [queued]>
[2026-05-30T16:19:43.342+0000] {taskinstance.py:2171} INFO - Starting attempt 2 of 3
[2026-05-30T16:19:43.432+0000] {taskinstance.py:2192} INFO - Executing <Task(BashOperator): fetch_isense_data> on 2026-05-24 15:00:00+00:00
[2026-05-30T16:19:43.493+0000] {standard_task_runner.py:60} INFO - Started process 183 to run task
[2026-05-30T16:19:43.523+0000] {standard_task_runner.py:87} INFO - Running: ['***', 'tasks', 'run', 'i_sense_spark_pipeline', 'fetch_isense_data', 'scheduled__2026-05-24T15:00:00+00:00', '--job-id', '42', '--raw', '--subdir', 'DAGS_FOLDER/i_sense_pipeline.py', '--cfg-path', '/tmp/tmpuy_j5mga']
[2026-05-30T16:19:43.545+0000] {standard_task_runner.py:88} INFO - Job 42: Subtask fetch_isense_data
[2026-05-30T16:19:44.757+0000] {task_command.py:423} INFO - Running <TaskInstance: i_sense_spark_pipeline.fetch_isense_data scheduled__2026-05-24T15:00:00+00:00 [running]> on host 54460146df59
[2026-05-30T16:19:47.708+0000] {taskinstance.py:2481} INFO - Exporting env vars: AIRFLOW_CTX_DAG_OWNER='data_team' AIRFLOW_CTX_DAG_ID='i_sense_spark_pipeline' AIRFLOW_CTX_TASK_ID='fetch_isense_data' AIRFLOW_CTX_EXECUTION_DATE='2026-05-24T15:00:00+00:00' AIRFLOW_CTX_TRY_NUMBER='2' AIRFLOW_CTX_DAG_RUN_ID='scheduled__2026-05-24T15:00:00+00:00'
[2026-05-30T16:19:47.713+0000] {subprocess.py:63} INFO - Tmp dir root location: /tmp
[2026-05-30T16:19:47.718+0000] {subprocess.py:75} INFO - Running command: ['/usr/bin/bash', '-c', 'python /opt/***/scripts/fetch_isense.py']
[2026-05-30T16:19:47.746+0000] {subprocess.py:86} INFO - Output:
[2026-05-30T16:21:42.811+0000] {subprocess.py:93} INFO - 
[2026-05-30T16:21:42.812+0000] {subprocess.py:93} INFO - ================================================================================
[2026-05-30T16:21:42.813+0000] {subprocess.py:93} INFO - 🏭 i-SENSE COMPLETE DATA FETCHER
[2026-05-30T16:21:42.813+0000] {subprocess.py:93} INFO -    SAP | AF | CAP | ENGRAIS
[2026-05-30T16:21:42.814+0000] {subprocess.py:93} INFO - ================================================================================
[2026-05-30T16:21:42.814+0000] {subprocess.py:93} INFO - 
[2026-05-30T16:21:42.815+0000] {subprocess.py:93} INFO - ================================================================================
[2026-05-30T16:21:42.816+0000] {subprocess.py:93} INFO - 🚀 FETCHING DATA FOR ALL DEPARTMENTS
[2026-05-30T16:21:42.817+0000] {subprocess.py:93} INFO -    Total machines: 17
[2026-05-30T16:21:42.817+0000] {subprocess.py:93} INFO - ================================================================================
[2026-05-30T16:21:42.818+0000] {subprocess.py:93} INFO - ✅ Logged in successfully
[2026-05-30T16:21:42.818+0000] {subprocess.py:93} INFO - 
[2026-05-30T16:21:42.819+0000] {subprocess.py:93} INFO - 📡 Asset 153 → SAP/Pompe_HRS_601ABP04
[2026-05-30T16:21:42.819+0000] {subprocess.py:93} INFO -       💾 Saved: AccelerationData.csv (721 rows, 3 parts)
[2026-05-30T16:21:42.820+0000] {subprocess.py:93} INFO -       💾 Saved: VibrationData.csv (721 rows, 3 parts)
[2026-05-30T16:21:42.821+0000] {subprocess.py:93} INFO -       💾 Saved: TemperatureData.csv (721 rows, 3 parts)
[2026-05-30T16:21:42.822+0000] {subprocess.py:93} INFO - 
[2026-05-30T16:21:42.823+0000] {subprocess.py:93} INFO - 📡 Asset 156 → SAP/Pompe_circulation_bac_commun_601AAP01
[2026-05-30T16:21:42.823+0000] {subprocess.py:93} INFO -       💾 Saved: AccelerationData.csv (721 rows, 2 parts)
[2026-05-30T16:21:42.824+0000] {subprocess.py:93} INFO -       💾 Saved: VibrationData.csv (721 rows, 2 parts)
[2026-05-30T16:21:42.825+0000] {subprocess.py:93} INFO -       💾 Saved: TemperatureData.csv (721 rows, 2 parts)
[2026-05-30T16:21:42.825+0000] {subprocess.py:93} INFO - 
[2026-05-30T16:21:42.826+0000] {subprocess.py:93} INFO - 📡 Asset 159 → SAP/Pompe_circulation_bac_commun_601AAP02
[2026-05-30T16:21:42.827+0000] {subprocess.py:93} INFO -       💾 Saved: AccelerationData.csv (457 rows, 3 parts)
[2026-05-30T16:21:42.830+0000] {subprocess.py:93} INFO -       💾 Saved: VibrationData.csv (457 rows, 3 parts)
[2026-05-30T16:21:42.831+0000] {subprocess.py:93} INFO -       💾 Saved: TemperatureData.csv (457 rows, 3 parts)
[2026-05-30T16:21:42.832+0000] {subprocess.py:93} INFO - 
[2026-05-30T16:21:42.834+0000] {subprocess.py:93} INFO - 📡 Asset 168 → AF/POMPE_A_VIDE_603AAC01
[2026-05-30T16:21:42.834+0000] {subprocess.py:93} INFO -       💾 Saved: AccelerationData.csv (721 rows, 1 parts)
[2026-05-30T16:21:42.835+0000] {subprocess.py:93} INFO -       💾 Saved: VibrationData.csv (721 rows, 1 parts)
[2026-05-30T16:21:42.835+0000] {subprocess.py:93} INFO -       💾 Saved: TemperatureData.csv (721 rows, 1 parts)
[2026-05-30T16:21:42.835+0000] {subprocess.py:93} INFO - 
[2026-05-30T16:21:42.836+0000] {subprocess.py:93} INFO - 📡 Asset 171 → AF/POMPE_A_VIDE_603AAC06
[2026-05-30T16:21:42.836+0000] {subprocess.py:93} INFO -       💾 Saved: AccelerationData.csv (721 rows, 4 parts)
[2026-05-30T16:21:42.837+0000] {subprocess.py:93} INFO -       💾 Saved: VibrationData.csv (721 rows, 4 parts)
[2026-05-30T16:21:42.837+0000] {subprocess.py:93} INFO -       💾 Saved: TemperatureData.csv (721 rows, 4 parts)
[2026-05-30T16:21:42.838+0000] {subprocess.py:93} INFO - 
[2026-05-30T16:21:42.838+0000] {subprocess.py:93} INFO - 📡 Asset 174 → AF/POMPE_A_VIDE_603ABC06
[2026-05-30T16:21:42.838+0000] {subprocess.py:93} INFO -       💾 Saved: AccelerationData.csv (721 rows, 4 parts)
[2026-05-30T16:21:42.839+0000] {subprocess.py:93} INFO -       💾 Saved: VibrationData.csv (721 rows, 4 parts)
[2026-05-30T16:21:42.839+0000] {subprocess.py:93} INFO -       💾 Saved: TemperatureData.csv (721 rows, 4 parts)
[2026-05-30T16:21:42.840+0000] {subprocess.py:93} INFO - 
[2026-05-30T16:21:42.840+0000] {subprocess.py:93} INFO - 📡 Asset 193 → AF/POMPE_B_FLASH_COOLER_603ABP01
[2026-05-30T16:21:42.841+0000] {subprocess.py:93} INFO -       💾 Saved: AccelerationData.csv (557 rows, 4 parts)
[2026-05-30T16:21:42.842+0000] {subprocess.py:93} INFO -       💾 Saved: VibrationData.csv (557 rows, 4 parts)
[2026-05-30T16:21:42.842+0000] {subprocess.py:93} INFO -       💾 Saved: TemperatureData.csv (557 rows, 4 parts)
[2026-05-30T16:21:42.843+0000] {subprocess.py:93} INFO - 
[2026-05-30T16:21:42.844+0000] {subprocess.py:93} INFO - 📡 Asset 177 → CAP/POMPE_DE_CIRCULATION_J_604JAP04
[2026-05-30T16:21:42.845+0000] {subprocess.py:93} INFO -       ⚠️ No AccelerationData.csv data
[2026-05-30T16:21:42.846+0000] {subprocess.py:93} INFO -       💾 Saved: VibrationData.csv (524 rows, 6 parts)
[2026-05-30T16:21:42.847+0000] {subprocess.py:93} INFO -       💾 Saved: TemperatureData.csv (524 rows, 6 parts)
[2026-05-30T16:21:42.848+0000] {subprocess.py:93} INFO - 
[2026-05-30T16:21:42.849+0000] {subprocess.py:93} INFO - 📡 Asset 181 → CAP/POMPE_DE_CIRCULATION_K_604KAP04
[2026-05-30T16:21:42.850+0000] {subprocess.py:93} INFO -       💾 Saved: AccelerationData.csv (400 rows, 5 parts)
[2026-05-30T16:21:42.850+0000] {subprocess.py:93} INFO -       💾 Saved: VibrationData.csv (400 rows, 5 parts)
[2026-05-30T16:21:42.851+0000] {subprocess.py:93} INFO -       💾 Saved: TemperatureData.csv (400 rows, 5 parts)
[2026-05-30T16:21:42.851+0000] {subprocess.py:93} INFO - 
[2026-05-30T16:21:42.852+0000] {subprocess.py:93} INFO - 📡 Asset 185 → CAP/POMPE_DE_CIRCULATION_L_604LAP04
[2026-05-30T16:21:42.852+0000] {subprocess.py:93} INFO -       💾 Saved: AccelerationData.csv (682 rows, 7 parts)
[2026-05-30T16:21:42.853+0000] {subprocess.py:93} INFO -       💾 Saved: VibrationData.csv (682 rows, 7 parts)
[2026-05-30T16:21:42.854+0000] {subprocess.py:93} INFO -       💾 Saved: TemperatureData.csv (682 rows, 7 parts)
[2026-05-30T16:21:42.854+0000] {subprocess.py:93} INFO - 
[2026-05-30T16:21:42.855+0000] {subprocess.py:93} INFO - 📡 Asset 197 → ENGRAIS/Elevateur_607AAT01
[2026-05-30T16:21:42.855+0000] {subprocess.py:93} INFO -       💾 Saved: AccelerationData.csv (721 rows, 8 parts)
[2026-05-30T16:21:42.856+0000] {subprocess.py:93} INFO -       💾 Saved: VibrationData.csv (721 rows, 8 parts)
[2026-05-30T16:21:42.856+0000] {subprocess.py:93} INFO -       💾 Saved: TemperatureData.csv (721 rows, 8 parts)
[2026-05-30T16:21:42.856+0000] {subprocess.py:93} INFO - 
[2026-05-30T16:21:42.857+0000] {subprocess.py:93} INFO - 📡 Asset 201 → ENGRAIS/Elevateur_607AAT04
[2026-05-30T16:21:42.857+0000] {subprocess.py:93} INFO -       💾 Saved: AccelerationData.csv (721 rows, 8 parts)
[2026-05-30T16:21:42.858+0000] {subprocess.py:93} INFO -       💾 Saved: VibrationData.csv (721 rows, 8 parts)
[2026-05-30T16:21:42.858+0000] {subprocess.py:93} INFO -       💾 Saved: TemperatureData.csv (721 rows, 8 parts)
[2026-05-30T16:21:42.859+0000] {subprocess.py:93} INFO - 
[2026-05-30T16:21:42.859+0000] {subprocess.py:93} INFO - 📡 Asset 205 → ENGRAIS/Elevateur_607AAT05
[2026-05-30T16:21:42.860+0000] {subprocess.py:93} INFO -       💾 Saved: AccelerationData.csv (721 rows, 4 parts)
[2026-05-30T16:21:42.860+0000] {subprocess.py:93} INFO -       💾 Saved: VibrationData.csv (721 rows, 4 parts)
[2026-05-30T16:21:42.861+0000] {subprocess.py:93} INFO -       💾 Saved: TemperatureData.csv (721 rows, 4 parts)
[2026-05-30T16:21:42.861+0000] {subprocess.py:93} INFO - 
[2026-05-30T16:21:42.862+0000] {subprocess.py:93} INFO - 📡 Asset 209 → ENGRAIS/Elevateur_607AAT06
[2026-05-30T16:21:42.862+0000] {subprocess.py:93} INFO -       💾 Saved: AccelerationData.csv (721 rows, 8 parts)
[2026-05-30T16:21:42.863+0000] {subprocess.py:93} INFO -       💾 Saved: VibrationData.csv (721 rows, 8 parts)
[2026-05-30T16:21:42.863+0000] {subprocess.py:93} INFO -       💾 Saved: TemperatureData.csv (721 rows, 8 parts)
[2026-05-30T16:21:42.864+0000] {subprocess.py:93} INFO - 
[2026-05-30T16:21:42.865+0000] {subprocess.py:93} INFO - 📡 Asset 213 → ENGRAIS/Enrobeur_607AAM04
[2026-05-30T16:21:42.865+0000] {subprocess.py:93} INFO -       💾 Saved: AccelerationData.csv (725 rows, 8 parts)
[2026-05-30T16:21:42.866+0000] {subprocess.py:93} INFO -       💾 Saved: VibrationData.csv (725 rows, 8 parts)
[2026-05-30T16:21:42.866+0000] {subprocess.py:93} INFO -       💾 Saved: TemperatureData.csv (725 rows, 8 parts)
[2026-05-30T16:21:42.867+0000] {subprocess.py:93} INFO - 
[2026-05-30T16:21:42.867+0000] {subprocess.py:93} INFO - 📡 Asset 217 → ENGRAIS/Granulateur_607AAM03
[2026-05-30T16:21:42.868+0000] {subprocess.py:93} INFO -       💾 Saved: AccelerationData.csv (721 rows, 8 parts)
[2026-05-30T16:21:42.868+0000] {subprocess.py:93} INFO -       💾 Saved: VibrationData.csv (721 rows, 8 parts)
[2026-05-30T16:21:42.869+0000] {subprocess.py:93} INFO -       💾 Saved: TemperatureData.csv (721 rows, 8 parts)
[2026-05-30T16:21:42.869+0000] {subprocess.py:93} INFO - 
[2026-05-30T16:21:42.870+0000] {subprocess.py:93} INFO - 📡 Asset 221 → ENGRAIS/Tube_secheur_607AAF02
[2026-05-30T16:21:42.870+0000] {subprocess.py:93} INFO -       💾 Saved: AccelerationData.csv (721 rows, 8 parts)
[2026-05-30T16:21:42.871+0000] {subprocess.py:93} INFO -       💾 Saved: VibrationData.csv (721 rows, 8 parts)
[2026-05-30T16:21:42.871+0000] {subprocess.py:93} INFO -       💾 Saved: TemperatureData.csv (721 rows, 8 parts)
[2026-05-30T16:21:42.872+0000] {subprocess.py:93} INFO - 
[2026-05-30T16:21:42.872+0000] {subprocess.py:93} INFO - ================================================================================
[2026-05-30T16:21:42.872+0000] {subprocess.py:93} INFO - 📊 FETCH SUMMARY - ALL DEPARTMENTS
[2026-05-30T16:21:42.873+0000] {subprocess.py:93} INFO - ================================================================================
[2026-05-30T16:21:42.873+0000] {subprocess.py:93} INFO - 
[2026-05-30T16:21:42.874+0000] {subprocess.py:93} INFO - ✅ SAP: 3/3 machines
[2026-05-30T16:21:42.874+0000] {subprocess.py:93} INFO - 
[2026-05-30T16:21:42.875+0000] {subprocess.py:93} INFO - ✅ AF: 4/4 machines
[2026-05-30T16:21:42.875+0000] {subprocess.py:93} INFO - 
[2026-05-30T16:21:42.876+0000] {subprocess.py:93} INFO - ✅ CAP: 3/3 machines
[2026-05-30T16:21:42.876+0000] {subprocess.py:93} INFO - 
[2026-05-30T16:21:42.877+0000] {subprocess.py:93} INFO - ✅ ENGRAIS: 7/7 machines
[2026-05-30T16:21:42.950+0000] {subprocess.py:97} INFO - Command exited with return code 0
[2026-05-30T16:21:43.161+0000] {taskinstance.py:1138} INFO - Marking task as SUCCESS. dag_id=i_sense_spark_pipeline, task_id=fetch_isense_data, execution_date=20260524T150000, start_date=20260530T161943, end_date=20260530T162143
[2026-05-30T16:21:43.226+0000] {local_task_job_runner.py:234} INFO - Task exited with return code 0
[2026-05-30T16:21:43.374+0000] {taskinstance.py:3281} INFO - 0 downstream tasks scheduled from follow-on schedule check
