[2026-05-30T19:40:37.810+0000] {taskinstance.py:1957} INFO - Dependencies all met for dep_context=non-requeueable deps ti=<TaskInstance: i_sense_pipeline.run_spark scheduled__2026-05-30T18:00:00+00:00 [queued]>
[2026-05-30T19:40:37.827+0000] {taskinstance.py:1957} INFO - Dependencies all met for dep_context=requeueable deps ti=<TaskInstance: i_sense_pipeline.run_spark scheduled__2026-05-30T18:00:00+00:00 [queued]>
[2026-05-30T19:40:37.827+0000] {taskinstance.py:2171} INFO - Starting attempt 2 of 2
[2026-05-30T19:40:37.871+0000] {taskinstance.py:2192} INFO - Executing <Task(BashOperator): run_spark> on 2026-05-30 18:00:00+00:00
[2026-05-30T19:40:37.877+0000] {standard_task_runner.py:60} INFO - Started process 219 to run task
[2026-05-30T19:40:37.884+0000] {standard_task_runner.py:87} INFO - Running: ['***', 'tasks', 'run', 'i_sense_pipeline', 'run_spark', 'scheduled__2026-05-30T18:00:00+00:00', '--job-id', '4', '--raw', '--subdir', 'DAGS_FOLDER/i_sense_pipeline.py', '--cfg-path', '/tmp/tmpo0f1_u04']
[2026-05-30T19:40:37.888+0000] {standard_task_runner.py:88} INFO - Job 4: Subtask run_spark
[2026-05-30T19:40:37.974+0000] {task_command.py:423} INFO - Running <TaskInstance: i_sense_pipeline.run_spark scheduled__2026-05-30T18:00:00+00:00 [running]> on host 751579f7eeaf
[2026-05-30T19:40:38.069+0000] {taskinstance.py:2481} INFO - Exporting env vars: AIRFLOW_CTX_DAG_OWNER='data_team' AIRFLOW_CTX_DAG_ID='i_sense_pipeline' AIRFLOW_CTX_TASK_ID='run_spark' AIRFLOW_CTX_EXECUTION_DATE='2026-05-30T18:00:00+00:00' AIRFLOW_CTX_TRY_NUMBER='2' AIRFLOW_CTX_DAG_RUN_ID='scheduled__2026-05-30T18:00:00+00:00'
[2026-05-30T19:40:38.071+0000] {subprocess.py:63} INFO - Tmp dir root location: /tmp
[2026-05-30T19:40:38.072+0000] {subprocess.py:75} INFO - Running command: ['/usr/bin/bash', '-c', 'python /opt/***/scripts/run_pipeline.py']
[2026-05-30T19:40:38.085+0000] {subprocess.py:86} INFO - Output:
[2026-05-30T19:40:38.661+0000] {subprocess.py:93} INFO - 
[2026-05-30T19:40:38.662+0000] {subprocess.py:93} INFO -  This will process all CSV files and generate predictions
[2026-05-30T19:40:38.664+0000] {subprocess.py:93} INFO - Continue? (yes/no): Traceback (most recent call last):
[2026-05-30T19:40:38.665+0000] {subprocess.py:93} INFO -   File "/opt/***/scripts/run_pipeline.py", line 13, in <module>
[2026-05-30T19:40:38.665+0000] {subprocess.py:93} INFO -     response = input("Continue? (yes/no): ")
[2026-05-30T19:40:38.666+0000] {subprocess.py:93} INFO - EOFError: EOF when reading a line
[2026-05-30T19:40:38.711+0000] {subprocess.py:97} INFO - Command exited with return code 1
[2026-05-30T19:40:38.724+0000] {taskinstance.py:2699} ERROR - Task failed with exception
Traceback (most recent call last):
  File "/home/airflow/.local/lib/python3.8/site-packages/airflow/models/taskinstance.py", line 433, in _execute_task
    result = execute_callable(context=context, **execute_callable_kwargs)
  File "/home/airflow/.local/lib/python3.8/site-packages/airflow/operators/bash.py", line 212, in execute
    raise AirflowException(
airflow.exceptions.AirflowException: Bash command failed. The command returned a non-zero exit code 1.
[2026-05-30T19:40:38.729+0000] {taskinstance.py:1138} INFO - Marking task as FAILED. dag_id=i_sense_pipeline, task_id=run_spark, execution_date=20260530T180000, start_date=20260530T194037, end_date=20260530T194038
[2026-05-30T19:40:38.773+0000] {standard_task_runner.py:107} ERROR - Failed to execute job 4 for task run_spark (Bash command failed. The command returned a non-zero exit code 1.; 219)
[2026-05-30T19:40:38.820+0000] {local_task_job_runner.py:234} INFO - Task exited with return code 1
[2026-05-30T19:40:38.857+0000] {taskinstance.py:3281} INFO - 0 downstream tasks scheduled from follow-on schedule check
