[2026-05-30T19:38:35.925+0000] {taskinstance.py:1957} INFO - Dependencies all met for dep_context=non-requeueable deps ti=<TaskInstance: i_sense_pipeline.run_spark scheduled__2026-05-30T18:00:00+00:00 [queued]>
[2026-05-30T19:38:35.937+0000] {taskinstance.py:1957} INFO - Dependencies all met for dep_context=requeueable deps ti=<TaskInstance: i_sense_pipeline.run_spark scheduled__2026-05-30T18:00:00+00:00 [queued]>
[2026-05-30T19:38:35.938+0000] {taskinstance.py:2171} INFO - Starting attempt 1 of 2
[2026-05-30T19:38:35.969+0000] {taskinstance.py:2192} INFO - Executing <Task(BashOperator): run_spark> on 2026-05-30 18:00:00+00:00
[2026-05-30T19:38:35.976+0000] {standard_task_runner.py:60} INFO - Started process 195 to run task
[2026-05-30T19:38:35.981+0000] {standard_task_runner.py:87} INFO - Running: ['***', 'tasks', 'run', 'i_sense_pipeline', 'run_spark', 'scheduled__2026-05-30T18:00:00+00:00', '--job-id', '3', '--raw', '--subdir', 'DAGS_FOLDER/i_sense_pipeline.py', '--cfg-path', '/tmp/tmp316465y7']
[2026-05-30T19:38:35.986+0000] {standard_task_runner.py:88} INFO - Job 3: Subtask run_spark
[2026-05-30T19:38:36.082+0000] {task_command.py:423} INFO - Running <TaskInstance: i_sense_pipeline.run_spark scheduled__2026-05-30T18:00:00+00:00 [running]> on host 751579f7eeaf
[2026-05-30T19:38:36.182+0000] {taskinstance.py:2481} INFO - Exporting env vars: AIRFLOW_CTX_DAG_OWNER='data_team' AIRFLOW_CTX_DAG_ID='i_sense_pipeline' AIRFLOW_CTX_TASK_ID='run_spark' AIRFLOW_CTX_EXECUTION_DATE='2026-05-30T18:00:00+00:00' AIRFLOW_CTX_TRY_NUMBER='1' AIRFLOW_CTX_DAG_RUN_ID='scheduled__2026-05-30T18:00:00+00:00'
[2026-05-30T19:38:36.184+0000] {subprocess.py:63} INFO - Tmp dir root location: /tmp
[2026-05-30T19:38:36.186+0000] {subprocess.py:75} INFO - Running command: ['/usr/bin/bash', '-c', 'python /opt/***/scripts/run_pipeline.py']
[2026-05-30T19:38:36.195+0000] {subprocess.py:86} INFO - Output:
[2026-05-30T19:38:36.800+0000] {subprocess.py:93} INFO - 
[2026-05-30T19:38:36.801+0000] {subprocess.py:93} INFO -  This will process all CSV files and generate predictions
[2026-05-30T19:38:36.802+0000] {subprocess.py:93} INFO - Continue? (yes/no): Traceback (most recent call last):
[2026-05-30T19:38:36.803+0000] {subprocess.py:93} INFO -   File "/opt/***/scripts/run_pipeline.py", line 13, in <module>
[2026-05-30T19:38:36.804+0000] {subprocess.py:93} INFO -     response = input("Continue? (yes/no): ")
[2026-05-30T19:38:36.805+0000] {subprocess.py:93} INFO - EOFError: EOF when reading a line
[2026-05-30T19:38:36.848+0000] {subprocess.py:97} INFO - Command exited with return code 1
[2026-05-30T19:38:36.859+0000] {taskinstance.py:2699} ERROR - Task failed with exception
Traceback (most recent call last):
  File "/home/airflow/.local/lib/python3.8/site-packages/airflow/models/taskinstance.py", line 433, in _execute_task
    result = execute_callable(context=context, **execute_callable_kwargs)
  File "/home/airflow/.local/lib/python3.8/site-packages/airflow/operators/bash.py", line 212, in execute
    raise AirflowException(
airflow.exceptions.AirflowException: Bash command failed. The command returned a non-zero exit code 1.
[2026-05-30T19:38:36.863+0000] {taskinstance.py:1138} INFO - Marking task as UP_FOR_RETRY. dag_id=i_sense_pipeline, task_id=run_spark, execution_date=20260530T180000, start_date=20260530T193835, end_date=20260530T193836
[2026-05-30T19:38:36.879+0000] {standard_task_runner.py:107} ERROR - Failed to execute job 3 for task run_spark (Bash command failed. The command returned a non-zero exit code 1.; 195)
[2026-05-30T19:38:36.889+0000] {local_task_job_runner.py:234} INFO - Task exited with return code 1
[2026-05-30T19:38:36.909+0000] {taskinstance.py:3281} INFO - 0 downstream tasks scheduled from follow-on schedule check
