[2026-06-01T10:00:01.892+0000] {taskinstance.py:1957} INFO - Dependencies all met for dep_context=non-requeueable deps ti=<TaskInstance: i_sense_pipeline.fetch_isense_data scheduled__2026-06-01T09:00:00+00:00 [queued]>
[2026-06-01T10:00:01.911+0000] {taskinstance.py:1957} INFO - Dependencies all met for dep_context=requeueable deps ti=<TaskInstance: i_sense_pipeline.fetch_isense_data scheduled__2026-06-01T09:00:00+00:00 [queued]>
[2026-06-01T10:00:01.912+0000] {taskinstance.py:2171} INFO - Starting attempt 1 of 2
[2026-06-01T10:00:01.941+0000] {taskinstance.py:2192} INFO - Executing <Task(BashOperator): fetch_isense_data> on 2026-06-01 09:00:00+00:00
[2026-06-01T10:00:01.950+0000] {standard_task_runner.py:60} INFO - Started process 9745 to run task
[2026-06-01T10:00:01.967+0000] {standard_task_runner.py:87} INFO - Running: ['***', 'tasks', 'run', 'i_sense_pipeline', 'fetch_isense_data', 'scheduled__2026-06-01T09:00:00+00:00', '--job-id', '20', '--raw', '--subdir', 'DAGS_FOLDER/i_sense_pipeline.py', '--cfg-path', '/tmp/tmp2ulvdpj1']
[2026-06-01T10:00:01.982+0000] {standard_task_runner.py:88} INFO - Job 20: Subtask fetch_isense_data
[2026-06-01T10:00:02.132+0000] {task_command.py:423} INFO - Running <TaskInstance: i_sense_pipeline.fetch_isense_data scheduled__2026-06-01T09:00:00+00:00 [running]> on host 584c6a772482
[2026-06-01T10:00:02.295+0000] {taskinstance.py:2481} INFO - Exporting env vars: AIRFLOW_CTX_DAG_OWNER='data_team' AIRFLOW_CTX_DAG_ID='i_sense_pipeline' AIRFLOW_CTX_TASK_ID='fetch_isense_data' AIRFLOW_CTX_EXECUTION_DATE='2026-06-01T09:00:00+00:00' AIRFLOW_CTX_TRY_NUMBER='1' AIRFLOW_CTX_DAG_RUN_ID='scheduled__2026-06-01T09:00:00+00:00'
[2026-06-01T10:00:02.297+0000] {subprocess.py:63} INFO - Tmp dir root location: /tmp
[2026-06-01T10:00:02.298+0000] {subprocess.py:75} INFO - Running command: ['/usr/bin/bash', '-c', 'python /opt/***/scripts/fetch_isense.py']
[2026-06-01T10:00:02.312+0000] {subprocess.py:86} INFO - Output:
[2026-06-01T10:02:03.974+0000] {subprocess.py:93} INFO - 
[2026-06-01T10:02:03.975+0000] {subprocess.py:93} INFO - ================================================================================
[2026-06-01T10:02:03.976+0000] {subprocess.py:93} INFO - 🏭 i-SENSE COMPLETE DATA FETCHER
[2026-06-01T10:02:03.977+0000] {subprocess.py:93} INFO -    SAP | AF | CAP | ENGRAIS
[2026-06-01T10:02:03.978+0000] {subprocess.py:93} INFO - ================================================================================
[2026-06-01T10:02:03.979+0000] {subprocess.py:93} INFO - 
[2026-06-01T10:02:03.980+0000] {subprocess.py:93} INFO - ================================================================================
[2026-06-01T10:02:03.982+0000] {subprocess.py:93} INFO - 🚀 FETCHING DATA FOR ALL DEPARTMENTS
[2026-06-01T10:02:03.983+0000] {subprocess.py:93} INFO -    Total machines: 17
[2026-06-01T10:02:03.984+0000] {subprocess.py:93} INFO - ================================================================================
[2026-06-01T10:02:03.985+0000] {subprocess.py:93} INFO - ✅ Logged in successfully
[2026-06-01T10:02:03.987+0000] {subprocess.py:93} INFO - 
[2026-06-01T10:02:03.988+0000] {subprocess.py:93} INFO - 📡 Asset 153 → SAP/Pompe_HRS_601ABP04
[2026-06-01T10:02:03.990+0000] {subprocess.py:93} INFO -       💾 Saved: AccelerationData.csv (745 rows, 3 parts)
[2026-06-01T10:02:03.991+0000] {subprocess.py:93} INFO -       💾 Saved: VibrationData.csv (745 rows, 3 parts)
[2026-06-01T10:02:03.992+0000] {subprocess.py:93} INFO -       💾 Saved: TemperatureData.csv (745 rows, 3 parts)
[2026-06-01T10:02:03.993+0000] {subprocess.py:93} INFO - 
[2026-06-01T10:02:03.995+0000] {subprocess.py:93} INFO - 📡 Asset 156 → SAP/Pompe_circulation_bac_commun_601AAP01
[2026-06-01T10:02:03.997+0000] {subprocess.py:93} INFO -       💾 Saved: AccelerationData.csv (745 rows, 2 parts)
[2026-06-01T10:02:03.998+0000] {subprocess.py:93} INFO -       💾 Saved: VibrationData.csv (745 rows, 2 parts)
[2026-06-01T10:02:03.999+0000] {subprocess.py:93} INFO -       💾 Saved: TemperatureData.csv (745 rows, 2 parts)
[2026-06-01T10:02:04.001+0000] {subprocess.py:93} INFO - 
[2026-06-01T10:02:04.002+0000] {subprocess.py:93} INFO - 📡 Asset 159 → SAP/Pompe_circulation_bac_commun_601AAP02
[2026-06-01T10:02:04.004+0000] {subprocess.py:93} INFO -       💾 Saved: AccelerationData.csv (490 rows, 3 parts)
[2026-06-01T10:02:04.005+0000] {subprocess.py:93} INFO -       💾 Saved: VibrationData.csv (490 rows, 3 parts)
[2026-06-01T10:02:04.006+0000] {subprocess.py:93} INFO -       💾 Saved: TemperatureData.csv (490 rows, 3 parts)
[2026-06-01T10:02:04.007+0000] {subprocess.py:93} INFO - 
[2026-06-01T10:02:04.008+0000] {subprocess.py:93} INFO - 📡 Asset 168 → AF/POMPE_A_VIDE_603AAC01
[2026-06-01T10:02:04.009+0000] {subprocess.py:93} INFO -       💾 Saved: AccelerationData.csv (745 rows, 1 parts)
[2026-06-01T10:02:04.010+0000] {subprocess.py:93} INFO -       💾 Saved: VibrationData.csv (745 rows, 1 parts)
[2026-06-01T10:02:04.011+0000] {subprocess.py:93} INFO -       💾 Saved: TemperatureData.csv (745 rows, 1 parts)
[2026-06-01T10:02:04.012+0000] {subprocess.py:93} INFO - 
[2026-06-01T10:02:04.012+0000] {subprocess.py:93} INFO - 📡 Asset 171 → AF/POMPE_A_VIDE_603AAC06
[2026-06-01T10:02:04.014+0000] {subprocess.py:93} INFO -       💾 Saved: AccelerationData.csv (745 rows, 4 parts)
[2026-06-01T10:02:04.015+0000] {subprocess.py:93} INFO -       💾 Saved: VibrationData.csv (745 rows, 4 parts)
[2026-06-01T10:02:04.016+0000] {subprocess.py:93} INFO -       💾 Saved: TemperatureData.csv (745 rows, 4 parts)
[2026-06-01T10:02:04.017+0000] {subprocess.py:93} INFO - 
[2026-06-01T10:02:04.018+0000] {subprocess.py:93} INFO - 📡 Asset 174 → AF/POMPE_A_VIDE_603ABC06
[2026-06-01T10:02:04.019+0000] {subprocess.py:93} INFO -       💾 Saved: AccelerationData.csv (745 rows, 4 parts)
[2026-06-01T10:02:04.020+0000] {subprocess.py:93} INFO -       💾 Saved: VibrationData.csv (745 rows, 4 parts)
[2026-06-01T10:02:04.021+0000] {subprocess.py:93} INFO -       💾 Saved: TemperatureData.csv (745 rows, 4 parts)
[2026-06-01T10:02:04.023+0000] {subprocess.py:93} INFO - 
[2026-06-01T10:02:04.024+0000] {subprocess.py:93} INFO - 📡 Asset 193 → AF/POMPE_B_FLASH_COOLER_603ABP01
[2026-06-01T10:02:04.026+0000] {subprocess.py:93} INFO -       💾 Saved: AccelerationData.csv (598 rows, 4 parts)
[2026-06-01T10:02:04.027+0000] {subprocess.py:93} INFO -       💾 Saved: VibrationData.csv (598 rows, 4 parts)
[2026-06-01T10:02:04.030+0000] {subprocess.py:93} INFO -       ⚠️ No TemperatureData.csv data
[2026-06-01T10:02:04.031+0000] {subprocess.py:93} INFO - 
[2026-06-01T10:02:04.032+0000] {subprocess.py:93} INFO - 📡 Asset 177 → CAP/POMPE_DE_CIRCULATION_J_604JAP04
[2026-06-01T10:02:04.034+0000] {subprocess.py:93} INFO -       💾 Saved: AccelerationData.csv (524 rows, 6 parts)
[2026-06-01T10:02:04.035+0000] {subprocess.py:93} INFO -       💾 Saved: VibrationData.csv (524 rows, 6 parts)
[2026-06-01T10:02:04.036+0000] {subprocess.py:93} INFO -       💾 Saved: TemperatureData.csv (524 rows, 6 parts)
[2026-06-01T10:02:04.037+0000] {subprocess.py:93} INFO - 
[2026-06-01T10:02:04.038+0000] {subprocess.py:93} INFO - 📡 Asset 181 → CAP/POMPE_DE_CIRCULATION_K_604KAP04
[2026-06-01T10:02:04.039+0000] {subprocess.py:93} INFO -       💾 Saved: AccelerationData.csv (400 rows, 5 parts)
[2026-06-01T10:02:04.040+0000] {subprocess.py:93} INFO -       💾 Saved: VibrationData.csv (400 rows, 5 parts)
[2026-06-01T10:02:04.042+0000] {subprocess.py:93} INFO -       💾 Saved: TemperatureData.csv (400 rows, 5 parts)
[2026-06-01T10:02:04.043+0000] {subprocess.py:93} INFO - 
[2026-06-01T10:02:04.046+0000] {subprocess.py:93} INFO - 📡 Asset 185 → CAP/POMPE_DE_CIRCULATION_L_604LAP04
[2026-06-01T10:02:04.047+0000] {subprocess.py:93} INFO -       💾 Saved: AccelerationData.csv (706 rows, 7 parts)
[2026-06-01T10:02:04.048+0000] {subprocess.py:93} INFO -       💾 Saved: VibrationData.csv (706 rows, 7 parts)
[2026-06-01T10:02:04.050+0000] {subprocess.py:93} INFO -       💾 Saved: TemperatureData.csv (706 rows, 7 parts)
[2026-06-01T10:02:04.051+0000] {subprocess.py:93} INFO - 
[2026-06-01T10:02:04.052+0000] {subprocess.py:93} INFO - 📡 Asset 197 → ENGRAIS/Elevateur_607AAT01
[2026-06-01T10:02:04.053+0000] {subprocess.py:93} INFO -       💾 Saved: AccelerationData.csv (745 rows, 8 parts)
[2026-06-01T10:02:04.054+0000] {subprocess.py:93} INFO -       💾 Saved: VibrationData.csv (745 rows, 8 parts)
[2026-06-01T10:02:04.055+0000] {subprocess.py:93} INFO -       💾 Saved: TemperatureData.csv (745 rows, 8 parts)
[2026-06-01T10:02:04.056+0000] {subprocess.py:93} INFO - 
[2026-06-01T10:02:04.057+0000] {subprocess.py:93} INFO - 📡 Asset 201 → ENGRAIS/Elevateur_607AAT04
[2026-06-01T10:02:04.058+0000] {subprocess.py:93} INFO -       💾 Saved: AccelerationData.csv (745 rows, 8 parts)
[2026-06-01T10:02:04.066+0000] {subprocess.py:93} INFO -       💾 Saved: VibrationData.csv (745 rows, 8 parts)
[2026-06-01T10:02:04.067+0000] {subprocess.py:93} INFO -       💾 Saved: TemperatureData.csv (745 rows, 8 parts)
[2026-06-01T10:02:04.071+0000] {subprocess.py:93} INFO - 
[2026-06-01T10:02:04.073+0000] {subprocess.py:93} INFO - 📡 Asset 205 → ENGRAIS/Elevateur_607AAT05
[2026-06-01T10:02:04.081+0000] {subprocess.py:93} INFO -       💾 Saved: AccelerationData.csv (745 rows, 4 parts)
[2026-06-01T10:02:04.084+0000] {subprocess.py:93} INFO -       ⚠️ No VibrationData.csv data
[2026-06-01T10:02:04.086+0000] {subprocess.py:93} INFO -       ⚠️ No TemperatureData.csv data
[2026-06-01T10:02:04.087+0000] {subprocess.py:93} INFO - 
[2026-06-01T10:02:04.088+0000] {subprocess.py:93} INFO - 📡 Asset 209 → ENGRAIS/Elevateur_607AAT06
[2026-06-01T10:02:04.089+0000] {subprocess.py:93} INFO -       💾 Saved: AccelerationData.csv (745 rows, 8 parts)
[2026-06-01T10:02:04.091+0000] {subprocess.py:93} INFO -       💾 Saved: VibrationData.csv (745 rows, 8 parts)
[2026-06-01T10:02:04.092+0000] {subprocess.py:93} INFO -       💾 Saved: TemperatureData.csv (745 rows, 8 parts)
[2026-06-01T10:02:04.097+0000] {subprocess.py:93} INFO - 
[2026-06-01T10:02:04.099+0000] {subprocess.py:93} INFO - 📡 Asset 213 → ENGRAIS/Enrobeur_607AAM04
[2026-06-01T10:02:04.100+0000] {subprocess.py:93} INFO -       💾 Saved: AccelerationData.csv (725 rows, 8 parts)
[2026-06-01T10:02:04.102+0000] {subprocess.py:93} INFO -       💾 Saved: VibrationData.csv (725 rows, 8 parts)
[2026-06-01T10:02:04.104+0000] {subprocess.py:93} INFO -       💾 Saved: TemperatureData.csv (725 rows, 8 parts)
[2026-06-01T10:02:04.105+0000] {subprocess.py:93} INFO - 
[2026-06-01T10:02:04.106+0000] {subprocess.py:93} INFO - 📡 Asset 217 → ENGRAIS/Granulateur_607AAM03
[2026-06-01T10:02:04.107+0000] {subprocess.py:93} INFO -       💾 Saved: AccelerationData.csv (745 rows, 8 parts)
[2026-06-01T10:02:04.109+0000] {subprocess.py:93} INFO -       💾 Saved: VibrationData.csv (745 rows, 8 parts)
[2026-06-01T10:02:04.114+0000] {subprocess.py:93} INFO -       💾 Saved: TemperatureData.csv (745 rows, 8 parts)
[2026-06-01T10:02:04.116+0000] {subprocess.py:93} INFO - 
[2026-06-01T10:02:04.117+0000] {subprocess.py:93} INFO - 📡 Asset 221 → ENGRAIS/Tube_secheur_607AAF02
[2026-06-01T10:02:04.118+0000] {subprocess.py:93} INFO -       💾 Saved: AccelerationData.csv (721 rows, 8 parts)
[2026-06-01T10:02:04.120+0000] {subprocess.py:93} INFO -       💾 Saved: VibrationData.csv (721 rows, 8 parts)
[2026-06-01T10:02:04.121+0000] {subprocess.py:93} INFO -       💾 Saved: TemperatureData.csv (721 rows, 8 parts)
[2026-06-01T10:02:04.122+0000] {subprocess.py:93} INFO - 
[2026-06-01T10:02:04.122+0000] {subprocess.py:93} INFO - ================================================================================
[2026-06-01T10:02:04.124+0000] {subprocess.py:93} INFO - 📊 FETCH SUMMARY - ALL DEPARTMENTS
[2026-06-01T10:02:04.125+0000] {subprocess.py:93} INFO - ================================================================================
[2026-06-01T10:02:04.127+0000] {subprocess.py:93} INFO - 
[2026-06-01T10:02:04.128+0000] {subprocess.py:93} INFO - ✅ SAP: 3/3 machines
[2026-06-01T10:02:04.129+0000] {subprocess.py:93} INFO - 
[2026-06-01T10:02:04.130+0000] {subprocess.py:93} INFO - ✅ AF: 4/4 machines
[2026-06-01T10:02:04.132+0000] {subprocess.py:93} INFO - 
[2026-06-01T10:02:04.134+0000] {subprocess.py:93} INFO - ✅ CAP: 3/3 machines
[2026-06-01T10:02:04.136+0000] {subprocess.py:93} INFO - 
[2026-06-01T10:02:04.137+0000] {subprocess.py:93} INFO - ✅ ENGRAIS: 7/7 machines
[2026-06-01T10:02:04.180+0000] {subprocess.py:97} INFO - Command exited with return code 0
[2026-06-01T10:02:04.287+0000] {taskinstance.py:1138} INFO - Marking task as SUCCESS. dag_id=i_sense_pipeline, task_id=fetch_isense_data, execution_date=20260601T090000, start_date=20260601T100001, end_date=20260601T100204
[2026-06-01T10:02:04.368+0000] {local_task_job_runner.py:234} INFO - Task exited with return code 0
[2026-06-01T10:02:04.410+0000] {taskinstance.py:3281} INFO - 1 downstream tasks scheduled from follow-on schedule check
