[2026-06-01T22:39:57.712+0000] {taskinstance.py:1957} INFO - Dependencies all met for dep_context=non-requeueable deps ti=<TaskInstance: i_sense_pipeline.fetch_isense_data scheduled__2026-06-01T21:00:00+00:00 [queued]>
[2026-06-01T22:39:57.738+0000] {taskinstance.py:1957} INFO - Dependencies all met for dep_context=requeueable deps ti=<TaskInstance: i_sense_pipeline.fetch_isense_data scheduled__2026-06-01T21:00:00+00:00 [queued]>
[2026-06-01T22:39:57.739+0000] {taskinstance.py:2171} INFO - Starting attempt 1 of 2
[2026-06-01T22:39:57.790+0000] {taskinstance.py:2192} INFO - Executing <Task(BashOperator): fetch_isense_data> on 2026-06-01 21:00:00+00:00
[2026-06-01T22:39:57.798+0000] {standard_task_runner.py:60} INFO - Started process 169 to run task
[2026-06-01T22:39:57.805+0000] {standard_task_runner.py:87} INFO - Running: ['***', 'tasks', 'run', 'i_sense_pipeline', 'fetch_isense_data', 'scheduled__2026-06-01T21:00:00+00:00', '--job-id', '41', '--raw', '--subdir', 'DAGS_FOLDER/i_sense_pipeline.py', '--cfg-path', '/tmp/tmp58px4nr2']
[2026-06-01T22:39:57.809+0000] {standard_task_runner.py:88} INFO - Job 41: Subtask fetch_isense_data
[2026-06-01T22:39:57.919+0000] {task_command.py:423} INFO - Running <TaskInstance: i_sense_pipeline.fetch_isense_data scheduled__2026-06-01T21:00:00+00:00 [running]> on host 01e32c6f7b55
[2026-06-01T22:39:58.259+0000] {taskinstance.py:2481} INFO - Exporting env vars: AIRFLOW_CTX_DAG_OWNER='data_team' AIRFLOW_CTX_DAG_ID='i_sense_pipeline' AIRFLOW_CTX_TASK_ID='fetch_isense_data' AIRFLOW_CTX_EXECUTION_DATE='2026-06-01T21:00:00+00:00' AIRFLOW_CTX_TRY_NUMBER='1' AIRFLOW_CTX_DAG_RUN_ID='scheduled__2026-06-01T21:00:00+00:00'
[2026-06-01T22:39:58.268+0000] {subprocess.py:63} INFO - Tmp dir root location: /tmp
[2026-06-01T22:39:58.270+0000] {subprocess.py:75} INFO - Running command: ['/usr/bin/bash', '-c', 'python /opt/***/scripts/fetch_isense.py']
[2026-06-01T22:39:58.320+0000] {subprocess.py:86} INFO - Output:
[2026-06-01T22:41:07.426+0000] {subprocess.py:93} INFO - 
[2026-06-01T22:41:07.427+0000] {subprocess.py:93} INFO - ================================================================================
[2026-06-01T22:41:07.429+0000] {subprocess.py:93} INFO - 🏭 i-SENSE COMPLETE DATA FETCHER
[2026-06-01T22:41:07.430+0000] {subprocess.py:93} INFO -    SAP | AF | CAP | ENGRAIS
[2026-06-01T22:41:07.431+0000] {subprocess.py:93} INFO - ================================================================================
[2026-06-01T22:41:07.434+0000] {subprocess.py:93} INFO - 
[2026-06-01T22:41:07.435+0000] {subprocess.py:93} INFO - ================================================================================
[2026-06-01T22:41:07.437+0000] {subprocess.py:93} INFO - 🚀 FETCHING DATA FOR ALL DEPARTMENTS
[2026-06-01T22:41:07.439+0000] {subprocess.py:93} INFO -    Total machines: 17
[2026-06-01T22:41:07.440+0000] {subprocess.py:93} INFO - ================================================================================
[2026-06-01T22:41:07.442+0000] {subprocess.py:93} INFO - ✅ Logged in successfully
[2026-06-01T22:41:07.443+0000] {subprocess.py:93} INFO - 
[2026-06-01T22:41:07.445+0000] {subprocess.py:93} INFO - 📡 Asset 153 → SAP/Pompe_HRS_601ABP04
[2026-06-01T22:41:07.446+0000] {subprocess.py:93} INFO -       💾 Saved: AccelerationData.csv (745 rows, 3 parts)
[2026-06-01T22:41:07.449+0000] {subprocess.py:93} INFO -       💾 Saved: VibrationData.csv (745 rows, 3 parts)
[2026-06-01T22:41:07.452+0000] {subprocess.py:93} INFO -       💾 Saved: TemperatureData.csv (745 rows, 3 parts)
[2026-06-01T22:41:07.453+0000] {subprocess.py:93} INFO - 
[2026-06-01T22:41:07.454+0000] {subprocess.py:93} INFO - 📡 Asset 156 → SAP/Pompe_circulation_bac_commun_601AAP01
[2026-06-01T22:41:07.456+0000] {subprocess.py:93} INFO -       💾 Saved: AccelerationData.csv (745 rows, 2 parts)
[2026-06-01T22:41:07.456+0000] {subprocess.py:93} INFO -       💾 Saved: VibrationData.csv (745 rows, 2 parts)
[2026-06-01T22:41:07.458+0000] {subprocess.py:93} INFO -       💾 Saved: TemperatureData.csv (745 rows, 2 parts)
[2026-06-01T22:41:07.459+0000] {subprocess.py:93} INFO - 
[2026-06-01T22:41:07.460+0000] {subprocess.py:93} INFO - 📡 Asset 159 → SAP/Pompe_circulation_bac_commun_601AAP02
[2026-06-01T22:41:07.461+0000] {subprocess.py:93} INFO -       💾 Saved: AccelerationData.csv (502 rows, 3 parts)
[2026-06-01T22:41:07.462+0000] {subprocess.py:93} INFO -       💾 Saved: VibrationData.csv (502 rows, 3 parts)
[2026-06-01T22:41:07.464+0000] {subprocess.py:93} INFO -       💾 Saved: TemperatureData.csv (502 rows, 3 parts)
[2026-06-01T22:41:07.465+0000] {subprocess.py:93} INFO - 
[2026-06-01T22:41:07.466+0000] {subprocess.py:93} INFO - 📡 Asset 168 → AF/POMPE_A_VIDE_603AAC01
[2026-06-01T22:41:07.467+0000] {subprocess.py:93} INFO -       💾 Saved: AccelerationData.csv (745 rows, 1 parts)
[2026-06-01T22:41:07.468+0000] {subprocess.py:93} INFO -       💾 Saved: VibrationData.csv (745 rows, 1 parts)
[2026-06-01T22:41:07.469+0000] {subprocess.py:93} INFO -       💾 Saved: TemperatureData.csv (745 rows, 1 parts)
[2026-06-01T22:41:07.470+0000] {subprocess.py:93} INFO - 
[2026-06-01T22:41:07.471+0000] {subprocess.py:93} INFO - 📡 Asset 171 → AF/POMPE_A_VIDE_603AAC06
[2026-06-01T22:41:07.472+0000] {subprocess.py:93} INFO -       💾 Saved: AccelerationData.csv (745 rows, 4 parts)
[2026-06-01T22:41:07.472+0000] {subprocess.py:93} INFO -       💾 Saved: VibrationData.csv (745 rows, 4 parts)
[2026-06-01T22:41:07.473+0000] {subprocess.py:93} INFO -       💾 Saved: TemperatureData.csv (745 rows, 4 parts)
[2026-06-01T22:41:07.474+0000] {subprocess.py:93} INFO - 
[2026-06-01T22:41:07.475+0000] {subprocess.py:93} INFO - 📡 Asset 174 → AF/POMPE_A_VIDE_603ABC06
[2026-06-01T22:41:07.476+0000] {subprocess.py:93} INFO -       💾 Saved: AccelerationData.csv (745 rows, 4 parts)
[2026-06-01T22:41:07.476+0000] {subprocess.py:93} INFO -       💾 Saved: VibrationData.csv (745 rows, 4 parts)
[2026-06-01T22:41:07.477+0000] {subprocess.py:93} INFO -       💾 Saved: TemperatureData.csv (745 rows, 4 parts)
[2026-06-01T22:41:07.478+0000] {subprocess.py:93} INFO - 
[2026-06-01T22:41:07.478+0000] {subprocess.py:93} INFO - 📡 Asset 193 → AF/POMPE_B_FLASH_COOLER_603ABP01
[2026-06-01T22:41:07.479+0000] {subprocess.py:93} INFO -       💾 Saved: AccelerationData.csv (611 rows, 4 parts)
[2026-06-01T22:41:07.479+0000] {subprocess.py:93} INFO -       💾 Saved: VibrationData.csv (611 rows, 4 parts)
[2026-06-01T22:41:07.480+0000] {subprocess.py:93} INFO -       💾 Saved: TemperatureData.csv (611 rows, 4 parts)
[2026-06-01T22:41:07.481+0000] {subprocess.py:93} INFO - 
[2026-06-01T22:41:07.482+0000] {subprocess.py:93} INFO - 📡 Asset 177 → CAP/POMPE_DE_CIRCULATION_J_604JAP04
[2026-06-01T22:41:07.483+0000] {subprocess.py:93} INFO -       💾 Saved: AccelerationData.csv (524 rows, 6 parts)
[2026-06-01T22:41:07.484+0000] {subprocess.py:93} INFO -       💾 Saved: VibrationData.csv (524 rows, 6 parts)
[2026-06-01T22:41:07.486+0000] {subprocess.py:93} INFO -       💾 Saved: TemperatureData.csv (524 rows, 6 parts)
[2026-06-01T22:41:07.487+0000] {subprocess.py:93} INFO - 
[2026-06-01T22:41:07.487+0000] {subprocess.py:93} INFO - 📡 Asset 181 → CAP/POMPE_DE_CIRCULATION_K_604KAP04
[2026-06-01T22:41:07.488+0000] {subprocess.py:93} INFO -       💾 Saved: AccelerationData.csv (400 rows, 5 parts)
[2026-06-01T22:41:07.489+0000] {subprocess.py:93} INFO -       💾 Saved: VibrationData.csv (400 rows, 5 parts)
[2026-06-01T22:41:07.490+0000] {subprocess.py:93} INFO -       💾 Saved: TemperatureData.csv (400 rows, 5 parts)
[2026-06-01T22:41:07.490+0000] {subprocess.py:93} INFO - 
[2026-06-01T22:41:07.491+0000] {subprocess.py:93} INFO - 📡 Asset 185 → CAP/POMPE_DE_CIRCULATION_L_604LAP04
[2026-06-01T22:41:07.491+0000] {subprocess.py:93} INFO -       💾 Saved: AccelerationData.csv (705 rows, 7 parts)
[2026-06-01T22:41:07.492+0000] {subprocess.py:93} INFO -       💾 Saved: VibrationData.csv (705 rows, 7 parts)
[2026-06-01T22:41:07.492+0000] {subprocess.py:93} INFO -       💾 Saved: TemperatureData.csv (705 rows, 7 parts)
[2026-06-01T22:41:07.493+0000] {subprocess.py:93} INFO - 
[2026-06-01T22:41:07.493+0000] {subprocess.py:93} INFO - 📡 Asset 197 → ENGRAIS/Elevateur_607AAT01
[2026-06-01T22:41:07.494+0000] {subprocess.py:93} INFO -       💾 Saved: AccelerationData.csv (745 rows, 8 parts)
[2026-06-01T22:41:07.495+0000] {subprocess.py:93} INFO -       💾 Saved: VibrationData.csv (745 rows, 8 parts)
[2026-06-01T22:41:07.495+0000] {subprocess.py:93} INFO -       💾 Saved: TemperatureData.csv (745 rows, 8 parts)
[2026-06-01T22:41:07.496+0000] {subprocess.py:93} INFO - 
[2026-06-01T22:41:07.496+0000] {subprocess.py:93} INFO - 📡 Asset 201 → ENGRAIS/Elevateur_607AAT04
[2026-06-01T22:41:07.497+0000] {subprocess.py:93} INFO -       💾 Saved: AccelerationData.csv (745 rows, 8 parts)
[2026-06-01T22:41:07.497+0000] {subprocess.py:93} INFO -       💾 Saved: VibrationData.csv (745 rows, 8 parts)
[2026-06-01T22:41:07.498+0000] {subprocess.py:93} INFO -       💾 Saved: TemperatureData.csv (745 rows, 8 parts)
[2026-06-01T22:41:07.499+0000] {subprocess.py:93} INFO - 
[2026-06-01T22:41:07.500+0000] {subprocess.py:93} INFO - 📡 Asset 205 → ENGRAIS/Elevateur_607AAT05
[2026-06-01T22:41:07.501+0000] {subprocess.py:93} INFO -       💾 Saved: AccelerationData.csv (745 rows, 4 parts)
[2026-06-01T22:41:07.503+0000] {subprocess.py:93} INFO -       💾 Saved: VibrationData.csv (745 rows, 4 parts)
[2026-06-01T22:41:07.504+0000] {subprocess.py:93} INFO -       💾 Saved: TemperatureData.csv (745 rows, 4 parts)
[2026-06-01T22:41:07.505+0000] {subprocess.py:93} INFO - 
[2026-06-01T22:41:07.505+0000] {subprocess.py:93} INFO - 📡 Asset 209 → ENGRAIS/Elevateur_607AAT06
[2026-06-01T22:41:07.506+0000] {subprocess.py:93} INFO -       💾 Saved: AccelerationData.csv (745 rows, 8 parts)
[2026-06-01T22:41:07.507+0000] {subprocess.py:93} INFO -       💾 Saved: VibrationData.csv (745 rows, 8 parts)
[2026-06-01T22:41:07.508+0000] {subprocess.py:93} INFO -       💾 Saved: TemperatureData.csv (745 rows, 8 parts)
[2026-06-01T22:41:07.508+0000] {subprocess.py:93} INFO - 
[2026-06-01T22:41:07.509+0000] {subprocess.py:93} INFO - 📡 Asset 213 → ENGRAIS/Enrobeur_607AAM04
[2026-06-01T22:41:07.510+0000] {subprocess.py:93} INFO -       💾 Saved: AccelerationData.csv (725 rows, 8 parts)
[2026-06-01T22:41:07.510+0000] {subprocess.py:93} INFO -       💾 Saved: VibrationData.csv (725 rows, 8 parts)
[2026-06-01T22:41:07.511+0000] {subprocess.py:93} INFO -       💾 Saved: TemperatureData.csv (725 rows, 8 parts)
[2026-06-01T22:41:07.512+0000] {subprocess.py:93} INFO - 
[2026-06-01T22:41:07.514+0000] {subprocess.py:93} INFO - 📡 Asset 217 → ENGRAIS/Granulateur_607AAM03
[2026-06-01T22:41:07.515+0000] {subprocess.py:93} INFO -       💾 Saved: AccelerationData.csv (745 rows, 8 parts)
[2026-06-01T22:41:07.515+0000] {subprocess.py:93} INFO -       💾 Saved: VibrationData.csv (745 rows, 8 parts)
[2026-06-01T22:41:07.516+0000] {subprocess.py:93} INFO -       💾 Saved: TemperatureData.csv (745 rows, 8 parts)
[2026-06-01T22:41:07.517+0000] {subprocess.py:93} INFO - 
[2026-06-01T22:41:07.519+0000] {subprocess.py:93} INFO - 📡 Asset 221 → ENGRAIS/Tube_secheur_607AAF02
[2026-06-01T22:41:07.522+0000] {subprocess.py:93} INFO -       💾 Saved: AccelerationData.csv (721 rows, 8 parts)
[2026-06-01T22:41:07.523+0000] {subprocess.py:93} INFO -       💾 Saved: VibrationData.csv (721 rows, 8 parts)
[2026-06-01T22:41:07.524+0000] {subprocess.py:93} INFO -       💾 Saved: TemperatureData.csv (721 rows, 8 parts)
[2026-06-01T22:41:07.525+0000] {subprocess.py:93} INFO - 
[2026-06-01T22:41:07.529+0000] {subprocess.py:93} INFO - ================================================================================
[2026-06-01T22:41:07.530+0000] {subprocess.py:93} INFO - 📊 FETCH SUMMARY - ALL DEPARTMENTS
[2026-06-01T22:41:07.534+0000] {subprocess.py:93} INFO - ================================================================================
[2026-06-01T22:41:07.539+0000] {subprocess.py:93} INFO - 
[2026-06-01T22:41:07.542+0000] {subprocess.py:93} INFO - ✅ SAP: 3/3 machines
[2026-06-01T22:41:07.543+0000] {subprocess.py:93} INFO - 
[2026-06-01T22:41:07.544+0000] {subprocess.py:93} INFO - ✅ AF: 4/4 machines
[2026-06-01T22:41:07.545+0000] {subprocess.py:93} INFO - 
[2026-06-01T22:41:07.546+0000] {subprocess.py:93} INFO - ✅ CAP: 3/3 machines
[2026-06-01T22:41:07.547+0000] {subprocess.py:93} INFO - 
[2026-06-01T22:41:07.548+0000] {subprocess.py:93} INFO - ✅ ENGRAIS: 7/7 machines
[2026-06-01T22:41:07.617+0000] {subprocess.py:97} INFO - Command exited with return code 0
[2026-06-01T22:41:07.681+0000] {taskinstance.py:1138} INFO - Marking task as SUCCESS. dag_id=i_sense_pipeline, task_id=fetch_isense_data, execution_date=20260601T210000, start_date=20260601T223957, end_date=20260601T224107
[2026-06-01T22:41:07.760+0000] {local_task_job_runner.py:234} INFO - Task exited with return code 0
[2026-06-01T22:41:07.798+0000] {taskinstance.py:3281} INFO - 1 downstream tasks scheduled from follow-on schedule check
