[2026-05-30T16:19:43.095+0000] {taskinstance.py:1957} INFO - Dependencies all met for dep_context=non-requeueable deps ti=<TaskInstance: i_sense_spark_pipeline.fetch_isense_data scheduled__2026-05-22T19:00:00+00:00 [queued]>
[2026-05-30T16:19:43.266+0000] {taskinstance.py:1957} INFO - Dependencies all met for dep_context=requeueable deps ti=<TaskInstance: i_sense_spark_pipeline.fetch_isense_data scheduled__2026-05-22T19:00:00+00:00 [queued]>
[2026-05-30T16:19:43.268+0000] {taskinstance.py:2171} INFO - Starting attempt 2 of 3
[2026-05-30T16:19:43.460+0000] {taskinstance.py:2192} INFO - Executing <Task(BashOperator): fetch_isense_data> on 2026-05-22 19:00:00+00:00
[2026-05-30T16:19:43.512+0000] {standard_task_runner.py:60} INFO - Started process 184 to run task
[2026-05-30T16:19:43.536+0000] {standard_task_runner.py:87} INFO - Running: ['***', 'tasks', 'run', 'i_sense_spark_pipeline', 'fetch_isense_data', 'scheduled__2026-05-22T19:00:00+00:00', '--job-id', '39', '--raw', '--subdir', 'DAGS_FOLDER/i_sense_pipeline.py', '--cfg-path', '/tmp/tmpva46_473']
[2026-05-30T16:19:43.549+0000] {standard_task_runner.py:88} INFO - Job 39: Subtask fetch_isense_data
[2026-05-30T16:19:45.084+0000] {task_command.py:423} INFO - Running <TaskInstance: i_sense_spark_pipeline.fetch_isense_data scheduled__2026-05-22T19:00:00+00:00 [running]> on host 54460146df59
[2026-05-30T16:19:47.985+0000] {taskinstance.py:2481} INFO - Exporting env vars: AIRFLOW_CTX_DAG_OWNER='data_team' AIRFLOW_CTX_DAG_ID='i_sense_spark_pipeline' AIRFLOW_CTX_TASK_ID='fetch_isense_data' AIRFLOW_CTX_EXECUTION_DATE='2026-05-22T19:00:00+00:00' AIRFLOW_CTX_TRY_NUMBER='2' AIRFLOW_CTX_DAG_RUN_ID='scheduled__2026-05-22T19:00:00+00:00'
[2026-05-30T16:19:47.993+0000] {subprocess.py:63} INFO - Tmp dir root location: /tmp
[2026-05-30T16:19:47.995+0000] {subprocess.py:75} INFO - Running command: ['/usr/bin/bash', '-c', 'python /opt/***/scripts/fetch_isense.py']
[2026-05-30T16:19:48.058+0000] {subprocess.py:86} INFO - Output:
[2026-05-30T16:21:09.239+0000] {subprocess.py:93} INFO - 
[2026-05-30T16:21:09.241+0000] {subprocess.py:93} INFO - ================================================================================
[2026-05-30T16:21:09.242+0000] {subprocess.py:93} INFO - 🏭 i-SENSE COMPLETE DATA FETCHER
[2026-05-30T16:21:09.243+0000] {subprocess.py:93} INFO -    SAP | AF | CAP | ENGRAIS
[2026-05-30T16:21:09.244+0000] {subprocess.py:93} INFO - ================================================================================
[2026-05-30T16:21:09.244+0000] {subprocess.py:93} INFO - 
[2026-05-30T16:21:09.245+0000] {subprocess.py:93} INFO - ================================================================================
[2026-05-30T16:21:09.246+0000] {subprocess.py:93} INFO - 🚀 FETCHING DATA FOR ALL DEPARTMENTS
[2026-05-30T16:21:09.247+0000] {subprocess.py:93} INFO -    Total machines: 17
[2026-05-30T16:21:09.247+0000] {subprocess.py:93} INFO - ================================================================================
[2026-05-30T16:21:09.248+0000] {subprocess.py:93} INFO - ✅ Logged in successfully
[2026-05-30T16:21:09.249+0000] {subprocess.py:93} INFO - 
[2026-05-30T16:21:09.251+0000] {subprocess.py:93} INFO - 📡 Asset 153 → SAP/Pompe_HRS_601ABP04
[2026-05-30T16:21:09.253+0000] {subprocess.py:93} INFO -       💾 Saved: AccelerationData.csv (721 rows, 3 parts)
[2026-05-30T16:21:09.253+0000] {subprocess.py:93} INFO -       💾 Saved: VibrationData.csv (721 rows, 3 parts)
[2026-05-30T16:21:09.254+0000] {subprocess.py:93} INFO -       💾 Saved: TemperatureData.csv (721 rows, 3 parts)
[2026-05-30T16:21:09.255+0000] {subprocess.py:93} INFO - 
[2026-05-30T16:21:09.256+0000] {subprocess.py:93} INFO - 📡 Asset 156 → SAP/Pompe_circulation_bac_commun_601AAP01
[2026-05-30T16:21:09.256+0000] {subprocess.py:93} INFO -       💾 Saved: AccelerationData.csv (721 rows, 2 parts)
[2026-05-30T16:21:09.257+0000] {subprocess.py:93} INFO -       💾 Saved: VibrationData.csv (721 rows, 2 parts)
[2026-05-30T16:21:09.258+0000] {subprocess.py:93} INFO -       💾 Saved: TemperatureData.csv (721 rows, 2 parts)
[2026-05-30T16:21:09.260+0000] {subprocess.py:93} INFO - 
[2026-05-30T16:21:09.269+0000] {subprocess.py:93} INFO - 📡 Asset 159 → SAP/Pompe_circulation_bac_commun_601AAP02
[2026-05-30T16:21:09.271+0000] {subprocess.py:93} INFO -       💾 Saved: AccelerationData.csv (457 rows, 3 parts)
[2026-05-30T16:21:09.283+0000] {subprocess.py:93} INFO -       💾 Saved: VibrationData.csv (457 rows, 3 parts)
[2026-05-30T16:21:09.286+0000] {subprocess.py:93} INFO -       💾 Saved: TemperatureData.csv (457 rows, 3 parts)
[2026-05-30T16:21:09.288+0000] {subprocess.py:93} INFO - 
[2026-05-30T16:21:09.289+0000] {subprocess.py:93} INFO - 📡 Asset 168 → AF/POMPE_A_VIDE_603AAC01
[2026-05-30T16:21:09.289+0000] {subprocess.py:93} INFO -       💾 Saved: AccelerationData.csv (721 rows, 1 parts)
[2026-05-30T16:21:09.292+0000] {subprocess.py:93} INFO -       💾 Saved: VibrationData.csv (721 rows, 1 parts)
[2026-05-30T16:21:09.299+0000] {subprocess.py:93} INFO -       💾 Saved: TemperatureData.csv (721 rows, 1 parts)
[2026-05-30T16:21:09.303+0000] {subprocess.py:93} INFO - 
[2026-05-30T16:21:09.304+0000] {subprocess.py:93} INFO - 📡 Asset 171 → AF/POMPE_A_VIDE_603AAC06
[2026-05-30T16:21:09.305+0000] {subprocess.py:93} INFO -       💾 Saved: AccelerationData.csv (721 rows, 4 parts)
[2026-05-30T16:21:09.306+0000] {subprocess.py:93} INFO -       💾 Saved: VibrationData.csv (721 rows, 4 parts)
[2026-05-30T16:21:09.308+0000] {subprocess.py:93} INFO -       💾 Saved: TemperatureData.csv (721 rows, 4 parts)
[2026-05-30T16:21:09.308+0000] {subprocess.py:93} INFO - 
[2026-05-30T16:21:09.309+0000] {subprocess.py:93} INFO - 📡 Asset 174 → AF/POMPE_A_VIDE_603ABC06
[2026-05-30T16:21:09.310+0000] {subprocess.py:93} INFO -       💾 Saved: AccelerationData.csv (721 rows, 4 parts)
[2026-05-30T16:21:09.311+0000] {subprocess.py:93} INFO -       💾 Saved: VibrationData.csv (721 rows, 4 parts)
[2026-05-30T16:21:09.311+0000] {subprocess.py:93} INFO -       💾 Saved: TemperatureData.csv (721 rows, 4 parts)
[2026-05-30T16:21:09.315+0000] {subprocess.py:93} INFO - 
[2026-05-30T16:21:09.319+0000] {subprocess.py:93} INFO - 📡 Asset 193 → AF/POMPE_B_FLASH_COOLER_603ABP01
[2026-05-30T16:21:09.323+0000] {subprocess.py:93} INFO -       💾 Saved: AccelerationData.csv (557 rows, 4 parts)
[2026-05-30T16:21:09.324+0000] {subprocess.py:93} INFO -       💾 Saved: VibrationData.csv (557 rows, 4 parts)
[2026-05-30T16:21:09.327+0000] {subprocess.py:93} INFO -       💾 Saved: TemperatureData.csv (557 rows, 4 parts)
[2026-05-30T16:21:09.328+0000] {subprocess.py:93} INFO - 
[2026-05-30T16:21:09.329+0000] {subprocess.py:93} INFO - 📡 Asset 177 → CAP/POMPE_DE_CIRCULATION_J_604JAP04
[2026-05-30T16:21:09.329+0000] {subprocess.py:93} INFO -       💾 Saved: AccelerationData.csv (524 rows, 6 parts)
[2026-05-30T16:21:09.330+0000] {subprocess.py:93} INFO -       💾 Saved: VibrationData.csv (524 rows, 6 parts)
[2026-05-30T16:21:09.331+0000] {subprocess.py:93} INFO -       💾 Saved: TemperatureData.csv (524 rows, 6 parts)
[2026-05-30T16:21:09.331+0000] {subprocess.py:93} INFO - 
[2026-05-30T16:21:09.332+0000] {subprocess.py:93} INFO - 📡 Asset 181 → CAP/POMPE_DE_CIRCULATION_K_604KAP04
[2026-05-30T16:21:09.332+0000] {subprocess.py:93} INFO -       💾 Saved: AccelerationData.csv (400 rows, 5 parts)
[2026-05-30T16:21:09.335+0000] {subprocess.py:93} INFO -       💾 Saved: VibrationData.csv (400 rows, 5 parts)
[2026-05-30T16:21:09.336+0000] {subprocess.py:93} INFO -       💾 Saved: TemperatureData.csv (400 rows, 5 parts)
[2026-05-30T16:21:09.337+0000] {subprocess.py:93} INFO - 
[2026-05-30T16:21:09.338+0000] {subprocess.py:93} INFO - 📡 Asset 185 → CAP/POMPE_DE_CIRCULATION_L_604LAP04
[2026-05-30T16:21:09.342+0000] {subprocess.py:93} INFO -       💾 Saved: AccelerationData.csv (682 rows, 7 parts)
[2026-05-30T16:21:09.343+0000] {subprocess.py:93} INFO -       💾 Saved: VibrationData.csv (682 rows, 7 parts)
[2026-05-30T16:21:09.344+0000] {subprocess.py:93} INFO -       💾 Saved: TemperatureData.csv (682 rows, 7 parts)
[2026-05-30T16:21:09.344+0000] {subprocess.py:93} INFO - 
[2026-05-30T16:21:09.345+0000] {subprocess.py:93} INFO - 📡 Asset 197 → ENGRAIS/Elevateur_607AAT01
[2026-05-30T16:21:09.346+0000] {subprocess.py:93} INFO -       💾 Saved: AccelerationData.csv (721 rows, 8 parts)
[2026-05-30T16:21:09.348+0000] {subprocess.py:93} INFO -       💾 Saved: VibrationData.csv (721 rows, 8 parts)
[2026-05-30T16:21:09.349+0000] {subprocess.py:93} INFO -       💾 Saved: TemperatureData.csv (721 rows, 8 parts)
[2026-05-30T16:21:09.351+0000] {subprocess.py:93} INFO - 
[2026-05-30T16:21:09.352+0000] {subprocess.py:93} INFO - 📡 Asset 201 → ENGRAIS/Elevateur_607AAT04
[2026-05-30T16:21:09.352+0000] {subprocess.py:93} INFO -       💾 Saved: AccelerationData.csv (721 rows, 8 parts)
[2026-05-30T16:21:09.353+0000] {subprocess.py:93} INFO -       💾 Saved: VibrationData.csv (721 rows, 8 parts)
[2026-05-30T16:21:09.354+0000] {subprocess.py:93} INFO -       💾 Saved: TemperatureData.csv (721 rows, 8 parts)
[2026-05-30T16:21:09.354+0000] {subprocess.py:93} INFO - 
[2026-05-30T16:21:09.354+0000] {subprocess.py:93} INFO - 📡 Asset 205 → ENGRAIS/Elevateur_607AAT05
[2026-05-30T16:21:09.355+0000] {subprocess.py:93} INFO -       💾 Saved: AccelerationData.csv (721 rows, 4 parts)
[2026-05-30T16:21:09.355+0000] {subprocess.py:93} INFO -       💾 Saved: VibrationData.csv (721 rows, 4 parts)
[2026-05-30T16:21:09.356+0000] {subprocess.py:93} INFO -       💾 Saved: TemperatureData.csv (721 rows, 4 parts)
[2026-05-30T16:21:09.356+0000] {subprocess.py:93} INFO - 
[2026-05-30T16:21:09.357+0000] {subprocess.py:93} INFO - 📡 Asset 209 → ENGRAIS/Elevateur_607AAT06
[2026-05-30T16:21:09.358+0000] {subprocess.py:93} INFO -       💾 Saved: AccelerationData.csv (721 rows, 8 parts)
[2026-05-30T16:21:09.359+0000] {subprocess.py:93} INFO -       💾 Saved: VibrationData.csv (721 rows, 8 parts)
[2026-05-30T16:21:09.360+0000] {subprocess.py:93} INFO -       💾 Saved: TemperatureData.csv (721 rows, 8 parts)
[2026-05-30T16:21:09.361+0000] {subprocess.py:93} INFO - 
[2026-05-30T16:21:09.362+0000] {subprocess.py:93} INFO - 📡 Asset 213 → ENGRAIS/Enrobeur_607AAM04
[2026-05-30T16:21:09.363+0000] {subprocess.py:93} INFO -       💾 Saved: AccelerationData.csv (725 rows, 8 parts)
[2026-05-30T16:21:09.364+0000] {subprocess.py:93} INFO -       💾 Saved: VibrationData.csv (725 rows, 8 parts)
[2026-05-30T16:21:09.366+0000] {subprocess.py:93} INFO -       💾 Saved: TemperatureData.csv (725 rows, 8 parts)
[2026-05-30T16:21:09.367+0000] {subprocess.py:93} INFO - 
[2026-05-30T16:21:09.369+0000] {subprocess.py:93} INFO - 📡 Asset 217 → ENGRAIS/Granulateur_607AAM03
[2026-05-30T16:21:09.370+0000] {subprocess.py:93} INFO -       💾 Saved: AccelerationData.csv (721 rows, 8 parts)
[2026-05-30T16:21:09.371+0000] {subprocess.py:93} INFO -       💾 Saved: VibrationData.csv (721 rows, 8 parts)
[2026-05-30T16:21:09.372+0000] {subprocess.py:93} INFO -       💾 Saved: TemperatureData.csv (721 rows, 8 parts)
[2026-05-30T16:21:09.373+0000] {subprocess.py:93} INFO - 
[2026-05-30T16:21:09.374+0000] {subprocess.py:93} INFO - 📡 Asset 221 → ENGRAIS/Tube_secheur_607AAF02
[2026-05-30T16:21:09.375+0000] {subprocess.py:93} INFO -       💾 Saved: AccelerationData.csv (721 rows, 8 parts)
[2026-05-30T16:21:09.376+0000] {subprocess.py:93} INFO -       💾 Saved: VibrationData.csv (721 rows, 8 parts)
[2026-05-30T16:21:09.377+0000] {subprocess.py:93} INFO -       💾 Saved: TemperatureData.csv (721 rows, 8 parts)
[2026-05-30T16:21:09.378+0000] {subprocess.py:93} INFO - 
[2026-05-30T16:21:09.380+0000] {subprocess.py:93} INFO - ================================================================================
[2026-05-30T16:21:09.385+0000] {subprocess.py:93} INFO - 📊 FETCH SUMMARY - ALL DEPARTMENTS
[2026-05-30T16:21:09.387+0000] {subprocess.py:93} INFO - ================================================================================
[2026-05-30T16:21:09.389+0000] {subprocess.py:93} INFO - 
[2026-05-30T16:21:09.390+0000] {subprocess.py:93} INFO - ✅ SAP: 3/3 machines
[2026-05-30T16:21:09.392+0000] {subprocess.py:93} INFO - 
[2026-05-30T16:21:09.394+0000] {subprocess.py:93} INFO - ✅ AF: 4/4 machines
[2026-05-30T16:21:09.395+0000] {subprocess.py:93} INFO - 
[2026-05-30T16:21:09.396+0000] {subprocess.py:93} INFO - ✅ CAP: 3/3 machines
[2026-05-30T16:21:09.396+0000] {subprocess.py:93} INFO - 
[2026-05-30T16:21:09.398+0000] {subprocess.py:93} INFO - ✅ ENGRAIS: 7/7 machines
[2026-05-30T16:21:09.445+0000] {subprocess.py:97} INFO - Command exited with return code 0
[2026-05-30T16:21:09.694+0000] {taskinstance.py:1138} INFO - Marking task as SUCCESS. dag_id=i_sense_spark_pipeline, task_id=fetch_isense_data, execution_date=20260522T190000, start_date=20260530T161943, end_date=20260530T162109
[2026-05-30T16:21:09.747+0000] {local_task_job_runner.py:234} INFO - Task exited with return code 0
[2026-05-30T16:21:09.892+0000] {taskinstance.py:3281} INFO - 1 downstream tasks scheduled from follow-on schedule check
