[2026-05-30T23:14:44.650+0000] {taskinstance.py:1957} INFO - Dependencies all met for dep_context=non-requeueable deps ti=<TaskInstance: i_sense_pipeline.fetch_isense_data manual__2026-05-30T23:14:43.078209+00:00 [queued]>
[2026-05-30T23:14:44.695+0000] {taskinstance.py:1957} INFO - Dependencies all met for dep_context=requeueable deps ti=<TaskInstance: i_sense_pipeline.fetch_isense_data manual__2026-05-30T23:14:43.078209+00:00 [queued]>
[2026-05-30T23:14:44.697+0000] {taskinstance.py:2171} INFO - Starting attempt 1 of 2
[2026-05-30T23:14:44.749+0000] {taskinstance.py:2192} INFO - Executing <Task(BashOperator): fetch_isense_data> on 2026-05-30 23:14:43.078209+00:00
[2026-05-30T23:14:44.773+0000] {standard_task_runner.py:60} INFO - Started process 178 to run task
[2026-05-30T23:14:44.789+0000] {standard_task_runner.py:87} INFO - Running: ['***', 'tasks', 'run', 'i_sense_pipeline', 'fetch_isense_data', 'manual__2026-05-30T23:14:43.078209+00:00', '--job-id', '7', '--raw', '--subdir', 'DAGS_FOLDER/i_sense_pipeline.py', '--cfg-path', '/tmp/tmpx2x09t7i']
[2026-05-30T23:14:44.800+0000] {standard_task_runner.py:88} INFO - Job 7: Subtask fetch_isense_data
[2026-05-30T23:14:45.021+0000] {task_command.py:423} INFO - Running <TaskInstance: i_sense_pipeline.fetch_isense_data manual__2026-05-30T23:14:43.078209+00:00 [running]> on host 584c6a772482
[2026-05-30T23:14:45.330+0000] {taskinstance.py:2481} INFO - Exporting env vars: AIRFLOW_CTX_DAG_OWNER='data_team' AIRFLOW_CTX_DAG_ID='i_sense_pipeline' AIRFLOW_CTX_TASK_ID='fetch_isense_data' AIRFLOW_CTX_EXECUTION_DATE='2026-05-30T23:14:43.078209+00:00' AIRFLOW_CTX_TRY_NUMBER='1' AIRFLOW_CTX_DAG_RUN_ID='manual__2026-05-30T23:14:43.078209+00:00'
[2026-05-30T23:14:45.345+0000] {subprocess.py:63} INFO - Tmp dir root location: /tmp
[2026-05-30T23:14:45.348+0000] {subprocess.py:75} INFO - Running command: ['/usr/bin/bash', '-c', 'python /opt/***/scripts/fetch_isense.py']
[2026-05-30T23:14:45.399+0000] {subprocess.py:86} INFO - Output:
[2026-05-30T23:15:54.888+0000] {subprocess.py:93} INFO - 
[2026-05-30T23:15:54.894+0000] {subprocess.py:93} INFO - ================================================================================
[2026-05-30T23:15:54.919+0000] {subprocess.py:93} INFO - 🏭 i-SENSE COMPLETE DATA FETCHER
[2026-05-30T23:15:54.933+0000] {subprocess.py:93} INFO -    SAP | AF | CAP | ENGRAIS
[2026-05-30T23:15:54.936+0000] {subprocess.py:93} INFO - ================================================================================
[2026-05-30T23:15:54.942+0000] {subprocess.py:93} INFO - 
[2026-05-30T23:15:54.952+0000] {subprocess.py:93} INFO - ================================================================================
[2026-05-30T23:15:54.954+0000] {subprocess.py:93} INFO - 🚀 FETCHING DATA FOR ALL DEPARTMENTS
[2026-05-30T23:15:54.968+0000] {subprocess.py:93} INFO -    Total machines: 17
[2026-05-30T23:15:54.969+0000] {subprocess.py:93} INFO - ================================================================================
[2026-05-30T23:15:54.970+0000] {subprocess.py:93} INFO - ✅ Logged in successfully
[2026-05-30T23:15:54.972+0000] {subprocess.py:93} INFO - 
[2026-05-30T23:15:54.983+0000] {subprocess.py:93} INFO - 📡 Asset 153 → SAP/Pompe_HRS_601ABP04
[2026-05-30T23:15:54.988+0000] {subprocess.py:93} INFO -       💾 Saved: AccelerationData.csv (721 rows, 3 parts)
[2026-05-30T23:15:54.989+0000] {subprocess.py:93} INFO -       💾 Saved: VibrationData.csv (721 rows, 3 parts)
[2026-05-30T23:15:54.990+0000] {subprocess.py:93} INFO -       💾 Saved: TemperatureData.csv (721 rows, 3 parts)
[2026-05-30T23:15:54.991+0000] {subprocess.py:93} INFO - 
[2026-05-30T23:15:54.991+0000] {subprocess.py:93} INFO - 📡 Asset 156 → SAP/Pompe_circulation_bac_commun_601AAP01
[2026-05-30T23:15:54.992+0000] {subprocess.py:93} INFO -       💾 Saved: AccelerationData.csv (721 rows, 2 parts)
[2026-05-30T23:15:54.993+0000] {subprocess.py:93} INFO -       💾 Saved: VibrationData.csv (721 rows, 2 parts)
[2026-05-30T23:15:55.006+0000] {subprocess.py:93} INFO -       💾 Saved: TemperatureData.csv (721 rows, 2 parts)
[2026-05-30T23:15:55.011+0000] {subprocess.py:93} INFO - 
[2026-05-30T23:15:55.012+0000] {subprocess.py:93} INFO - 📡 Asset 159 → SAP/Pompe_circulation_bac_commun_601AAP02
[2026-05-30T23:15:55.013+0000] {subprocess.py:93} INFO -       💾 Saved: AccelerationData.csv (457 rows, 3 parts)
[2026-05-30T23:15:55.013+0000] {subprocess.py:93} INFO -       💾 Saved: VibrationData.csv (457 rows, 3 parts)
[2026-05-30T23:15:55.014+0000] {subprocess.py:93} INFO -       💾 Saved: TemperatureData.csv (457 rows, 3 parts)
[2026-05-30T23:15:55.015+0000] {subprocess.py:93} INFO - 
[2026-05-30T23:15:55.016+0000] {subprocess.py:93} INFO - 📡 Asset 168 → AF/POMPE_A_VIDE_603AAC01
[2026-05-30T23:15:55.017+0000] {subprocess.py:93} INFO -       💾 Saved: AccelerationData.csv (721 rows, 1 parts)
[2026-05-30T23:15:55.017+0000] {subprocess.py:93} INFO -       💾 Saved: VibrationData.csv (721 rows, 1 parts)
[2026-05-30T23:15:55.018+0000] {subprocess.py:93} INFO -       💾 Saved: TemperatureData.csv (721 rows, 1 parts)
[2026-05-30T23:15:55.019+0000] {subprocess.py:93} INFO - 
[2026-05-30T23:15:55.029+0000] {subprocess.py:93} INFO - 📡 Asset 171 → AF/POMPE_A_VIDE_603AAC06
[2026-05-30T23:15:55.030+0000] {subprocess.py:93} INFO -       💾 Saved: AccelerationData.csv (721 rows, 4 parts)
[2026-05-30T23:15:55.031+0000] {subprocess.py:93} INFO -       💾 Saved: VibrationData.csv (721 rows, 4 parts)
[2026-05-30T23:15:55.032+0000] {subprocess.py:93} INFO -       💾 Saved: TemperatureData.csv (721 rows, 4 parts)
[2026-05-30T23:15:55.032+0000] {subprocess.py:93} INFO - 
[2026-05-30T23:15:55.033+0000] {subprocess.py:93} INFO - 📡 Asset 174 → AF/POMPE_A_VIDE_603ABC06
[2026-05-30T23:15:55.034+0000] {subprocess.py:93} INFO -       💾 Saved: AccelerationData.csv (721 rows, 4 parts)
[2026-05-30T23:15:55.039+0000] {subprocess.py:93} INFO -       💾 Saved: VibrationData.csv (721 rows, 4 parts)
[2026-05-30T23:15:55.044+0000] {subprocess.py:93} INFO -       💾 Saved: TemperatureData.csv (721 rows, 4 parts)
[2026-05-30T23:15:55.046+0000] {subprocess.py:93} INFO - 
[2026-05-30T23:15:55.047+0000] {subprocess.py:93} INFO - 📡 Asset 193 → AF/POMPE_B_FLASH_COOLER_603ABP01
[2026-05-30T23:15:55.050+0000] {subprocess.py:93} INFO -       💾 Saved: AccelerationData.csv (563 rows, 4 parts)
[2026-05-30T23:15:55.051+0000] {subprocess.py:93} INFO -       💾 Saved: VibrationData.csv (563 rows, 4 parts)
[2026-05-30T23:15:55.052+0000] {subprocess.py:93} INFO -       💾 Saved: TemperatureData.csv (563 rows, 4 parts)
[2026-05-30T23:15:55.054+0000] {subprocess.py:93} INFO - 
[2026-05-30T23:15:55.058+0000] {subprocess.py:93} INFO - 📡 Asset 177 → CAP/POMPE_DE_CIRCULATION_J_604JAP04
[2026-05-30T23:15:55.068+0000] {subprocess.py:93} INFO -       💾 Saved: AccelerationData.csv (524 rows, 6 parts)
[2026-05-30T23:15:55.072+0000] {subprocess.py:93} INFO -       💾 Saved: VibrationData.csv (524 rows, 6 parts)
[2026-05-30T23:15:55.074+0000] {subprocess.py:93} INFO -       💾 Saved: TemperatureData.csv (524 rows, 6 parts)
[2026-05-30T23:15:55.077+0000] {subprocess.py:93} INFO - 
[2026-05-30T23:15:55.084+0000] {subprocess.py:93} INFO - 📡 Asset 181 → CAP/POMPE_DE_CIRCULATION_K_604KAP04
[2026-05-30T23:15:55.087+0000] {subprocess.py:93} INFO -       💾 Saved: AccelerationData.csv (400 rows, 5 parts)
[2026-05-30T23:15:55.090+0000] {subprocess.py:93} INFO -       💾 Saved: VibrationData.csv (400 rows, 5 parts)
[2026-05-30T23:15:55.093+0000] {subprocess.py:93} INFO -       💾 Saved: TemperatureData.csv (400 rows, 5 parts)
[2026-05-30T23:15:55.098+0000] {subprocess.py:93} INFO - 
[2026-05-30T23:15:55.102+0000] {subprocess.py:93} INFO - 📡 Asset 185 → CAP/POMPE_DE_CIRCULATION_L_604LAP04
[2026-05-30T23:15:55.105+0000] {subprocess.py:93} INFO -       💾 Saved: AccelerationData.csv (682 rows, 7 parts)
[2026-05-30T23:15:55.111+0000] {subprocess.py:93} INFO -       💾 Saved: VibrationData.csv (682 rows, 7 parts)
[2026-05-30T23:15:55.112+0000] {subprocess.py:93} INFO -       💾 Saved: TemperatureData.csv (682 rows, 7 parts)
[2026-05-30T23:15:55.113+0000] {subprocess.py:93} INFO - 
[2026-05-30T23:15:55.113+0000] {subprocess.py:93} INFO - 📡 Asset 197 → ENGRAIS/Elevateur_607AAT01
[2026-05-30T23:15:55.115+0000] {subprocess.py:93} INFO -       💾 Saved: AccelerationData.csv (721 rows, 8 parts)
[2026-05-30T23:15:55.117+0000] {subprocess.py:93} INFO -       💾 Saved: VibrationData.csv (721 rows, 8 parts)
[2026-05-30T23:15:55.118+0000] {subprocess.py:93} INFO -       💾 Saved: TemperatureData.csv (721 rows, 8 parts)
[2026-05-30T23:15:55.118+0000] {subprocess.py:93} INFO - 
[2026-05-30T23:15:55.119+0000] {subprocess.py:93} INFO - 📡 Asset 201 → ENGRAIS/Elevateur_607AAT04
[2026-05-30T23:15:55.120+0000] {subprocess.py:93} INFO -       💾 Saved: AccelerationData.csv (721 rows, 8 parts)
[2026-05-30T23:15:55.125+0000] {subprocess.py:93} INFO -       💾 Saved: VibrationData.csv (721 rows, 8 parts)
[2026-05-30T23:15:55.129+0000] {subprocess.py:93} INFO -       💾 Saved: TemperatureData.csv (721 rows, 8 parts)
[2026-05-30T23:15:55.131+0000] {subprocess.py:93} INFO - 
[2026-05-30T23:15:55.133+0000] {subprocess.py:93} INFO - 📡 Asset 205 → ENGRAIS/Elevateur_607AAT05
[2026-05-30T23:15:55.134+0000] {subprocess.py:93} INFO -       💾 Saved: AccelerationData.csv (721 rows, 4 parts)
[2026-05-30T23:15:55.135+0000] {subprocess.py:93} INFO -       💾 Saved: VibrationData.csv (721 rows, 4 parts)
[2026-05-30T23:15:55.136+0000] {subprocess.py:93} INFO -       💾 Saved: TemperatureData.csv (721 rows, 4 parts)
[2026-05-30T23:15:55.137+0000] {subprocess.py:93} INFO - 
[2026-05-30T23:15:55.137+0000] {subprocess.py:93} INFO - 📡 Asset 209 → ENGRAIS/Elevateur_607AAT06
[2026-05-30T23:15:55.138+0000] {subprocess.py:93} INFO -       💾 Saved: AccelerationData.csv (721 rows, 8 parts)
[2026-05-30T23:15:55.139+0000] {subprocess.py:93} INFO -       💾 Saved: VibrationData.csv (721 rows, 8 parts)
[2026-05-30T23:15:55.140+0000] {subprocess.py:93} INFO -       💾 Saved: TemperatureData.csv (721 rows, 8 parts)
[2026-05-30T23:15:55.144+0000] {subprocess.py:93} INFO - 
[2026-05-30T23:15:55.148+0000] {subprocess.py:93} INFO - 📡 Asset 213 → ENGRAIS/Enrobeur_607AAM04
[2026-05-30T23:15:55.149+0000] {subprocess.py:93} INFO -       💾 Saved: AccelerationData.csv (725 rows, 8 parts)
[2026-05-30T23:15:55.150+0000] {subprocess.py:93} INFO -       💾 Saved: VibrationData.csv (725 rows, 8 parts)
[2026-05-30T23:15:55.151+0000] {subprocess.py:93} INFO -       💾 Saved: TemperatureData.csv (725 rows, 8 parts)
[2026-05-30T23:15:55.152+0000] {subprocess.py:93} INFO - 
[2026-05-30T23:15:55.152+0000] {subprocess.py:93} INFO - 📡 Asset 217 → ENGRAIS/Granulateur_607AAM03
[2026-05-30T23:15:55.153+0000] {subprocess.py:93} INFO -       💾 Saved: AccelerationData.csv (721 rows, 8 parts)
[2026-05-30T23:15:55.154+0000] {subprocess.py:93} INFO -       💾 Saved: VibrationData.csv (721 rows, 8 parts)
[2026-05-30T23:15:55.155+0000] {subprocess.py:93} INFO -       💾 Saved: TemperatureData.csv (721 rows, 8 parts)
[2026-05-30T23:15:55.156+0000] {subprocess.py:93} INFO - 
[2026-05-30T23:15:55.159+0000] {subprocess.py:93} INFO - 📡 Asset 221 → ENGRAIS/Tube_secheur_607AAF02
[2026-05-30T23:15:55.168+0000] {subprocess.py:93} INFO -       💾 Saved: AccelerationData.csv (721 rows, 8 parts)
[2026-05-30T23:15:55.169+0000] {subprocess.py:93} INFO -       💾 Saved: VibrationData.csv (721 rows, 8 parts)
[2026-05-30T23:15:55.170+0000] {subprocess.py:93} INFO -       💾 Saved: TemperatureData.csv (721 rows, 8 parts)
[2026-05-30T23:15:55.170+0000] {subprocess.py:93} INFO - 
[2026-05-30T23:15:55.171+0000] {subprocess.py:93} INFO - ================================================================================
[2026-05-30T23:15:55.172+0000] {subprocess.py:93} INFO - 📊 FETCH SUMMARY - ALL DEPARTMENTS
[2026-05-30T23:15:55.181+0000] {subprocess.py:93} INFO - ================================================================================
[2026-05-30T23:15:55.182+0000] {subprocess.py:93} INFO - 
[2026-05-30T23:15:55.183+0000] {subprocess.py:93} INFO - ✅ SAP: 3/3 machines
[2026-05-30T23:15:55.184+0000] {subprocess.py:93} INFO - 
[2026-05-30T23:15:55.185+0000] {subprocess.py:93} INFO - ✅ AF: 4/4 machines
[2026-05-30T23:15:55.186+0000] {subprocess.py:93} INFO - 
[2026-05-30T23:15:55.187+0000] {subprocess.py:93} INFO - ✅ CAP: 3/3 machines
[2026-05-30T23:15:55.187+0000] {subprocess.py:93} INFO - 
[2026-05-30T23:15:55.188+0000] {subprocess.py:93} INFO - ✅ ENGRAIS: 7/7 machines
[2026-05-30T23:15:55.319+0000] {subprocess.py:97} INFO - Command exited with return code 0
[2026-05-30T23:15:55.461+0000] {taskinstance.py:1138} INFO - Marking task as SUCCESS. dag_id=i_sense_pipeline, task_id=fetch_isense_data, execution_date=20260530T231443, start_date=20260530T231444, end_date=20260530T231555
[2026-05-30T23:15:55.552+0000] {local_task_job_runner.py:234} INFO - Task exited with return code 0
[2026-05-30T23:15:55.646+0000] {taskinstance.py:3281} INFO - 1 downstream tasks scheduled from follow-on schedule check
