[2026-05-22T19:00:01.929+0000] {taskinstance.py:1957} INFO - Dependencies all met for dep_context=non-requeueable deps ti=<TaskInstance: i_sense_spark_pipeline.fetch_isense_data scheduled__2026-05-22T18:00:00+00:00 [queued]>
[2026-05-22T19:00:01.949+0000] {taskinstance.py:1957} INFO - Dependencies all met for dep_context=requeueable deps ti=<TaskInstance: i_sense_spark_pipeline.fetch_isense_data scheduled__2026-05-22T18:00:00+00:00 [queued]>
[2026-05-22T19:00:01.949+0000] {taskinstance.py:2171} INFO - Starting attempt 1 of 3
[2026-05-22T19:00:02.000+0000] {taskinstance.py:2192} INFO - Executing <Task(BashOperator): fetch_isense_data> on 2026-05-22 18:00:00+00:00
[2026-05-22T19:00:02.009+0000] {standard_task_runner.py:60} INFO - Started process 563 to run task
[2026-05-22T19:00:02.015+0000] {standard_task_runner.py:87} INFO - Running: ['***', 'tasks', 'run', 'i_sense_spark_pipeline', 'fetch_isense_data', 'scheduled__2026-05-22T18:00:00+00:00', '--job-id', '5', '--raw', '--subdir', 'DAGS_FOLDER/i_sense_pipeline.py', '--cfg-path', '/tmp/tmp2hpskrkz']
[2026-05-22T19:00:02.018+0000] {standard_task_runner.py:88} INFO - Job 5: Subtask fetch_isense_data
[2026-05-22T19:00:02.294+0000] {task_command.py:423} INFO - Running <TaskInstance: i_sense_spark_pipeline.fetch_isense_data scheduled__2026-05-22T18:00:00+00:00 [running]> on host 54460146df59
[2026-05-22T19:00:03.362+0000] {taskinstance.py:2481} INFO - Exporting env vars: AIRFLOW_CTX_DAG_OWNER='data_team' AIRFLOW_CTX_DAG_ID='i_sense_spark_pipeline' AIRFLOW_CTX_TASK_ID='fetch_isense_data' AIRFLOW_CTX_EXECUTION_DATE='2026-05-22T18:00:00+00:00' AIRFLOW_CTX_TRY_NUMBER='1' AIRFLOW_CTX_DAG_RUN_ID='scheduled__2026-05-22T18:00:00+00:00'
[2026-05-22T19:00:03.365+0000] {subprocess.py:63} INFO - Tmp dir root location: /tmp
[2026-05-22T19:00:03.366+0000] {subprocess.py:75} INFO - Running command: ['/usr/bin/bash', '-c', 'python /opt/***/scripts/fetch_isense.py']
[2026-05-22T19:00:03.381+0000] {subprocess.py:86} INFO - Output:
[2026-05-22T19:01:01.921+0000] {subprocess.py:93} INFO - 
[2026-05-22T19:01:01.926+0000] {subprocess.py:93} INFO - ================================================================================
[2026-05-22T19:01:01.930+0000] {subprocess.py:93} INFO - 🏭 i-SENSE COMPLETE DATA FETCHER
[2026-05-22T19:01:01.935+0000] {subprocess.py:93} INFO -    SAP | AF | CAP | ENGRAIS
[2026-05-22T19:01:01.937+0000] {subprocess.py:93} INFO - ================================================================================
[2026-05-22T19:01:01.948+0000] {subprocess.py:93} INFO - 
[2026-05-22T19:01:01.950+0000] {subprocess.py:93} INFO - ================================================================================
[2026-05-22T19:01:01.951+0000] {subprocess.py:93} INFO - 🚀 FETCHING DATA FOR ALL DEPARTMENTS
[2026-05-22T19:01:01.953+0000] {subprocess.py:93} INFO -    Total machines: 17
[2026-05-22T19:01:01.954+0000] {subprocess.py:93} INFO - ================================================================================
[2026-05-22T19:01:01.955+0000] {subprocess.py:93} INFO - ✅ Logged in successfully
[2026-05-22T19:01:01.955+0000] {subprocess.py:93} INFO - 
[2026-05-22T19:01:01.956+0000] {subprocess.py:93} INFO - 📡 Asset 153 → SAP/Pompe_HRS_601ABP04
[2026-05-22T19:01:01.957+0000] {subprocess.py:93} INFO -       💾 Saved: AccelerationData.csv (721 rows, 3 parts)
[2026-05-22T19:01:01.957+0000] {subprocess.py:93} INFO -       💾 Saved: VibrationData.csv (721 rows, 3 parts)
[2026-05-22T19:01:01.958+0000] {subprocess.py:93} INFO -       💾 Saved: TemperatureData.csv (721 rows, 3 parts)
[2026-05-22T19:01:01.958+0000] {subprocess.py:93} INFO - 
[2026-05-22T19:01:01.959+0000] {subprocess.py:93} INFO - 📡 Asset 156 → SAP/Pompe_circulation_bac_commun_601AAP01
[2026-05-22T19:01:01.959+0000] {subprocess.py:93} INFO -       💾 Saved: AccelerationData.csv (721 rows, 2 parts)
[2026-05-22T19:01:01.960+0000] {subprocess.py:93} INFO -       💾 Saved: VibrationData.csv (721 rows, 2 parts)
[2026-05-22T19:01:01.961+0000] {subprocess.py:93} INFO -       💾 Saved: TemperatureData.csv (721 rows, 2 parts)
[2026-05-22T19:01:01.964+0000] {subprocess.py:93} INFO - 
[2026-05-22T19:01:01.965+0000] {subprocess.py:93} INFO - 📡 Asset 159 → SAP/Pompe_circulation_bac_commun_601AAP02
[2026-05-22T19:01:01.972+0000] {subprocess.py:93} INFO -       💾 Saved: AccelerationData.csv (457 rows, 3 parts)
[2026-05-22T19:01:01.973+0000] {subprocess.py:93} INFO -       💾 Saved: VibrationData.csv (457 rows, 3 parts)
[2026-05-22T19:01:01.974+0000] {subprocess.py:93} INFO -       💾 Saved: TemperatureData.csv (457 rows, 3 parts)
[2026-05-22T19:01:01.975+0000] {subprocess.py:93} INFO - 
[2026-05-22T19:01:01.976+0000] {subprocess.py:93} INFO - 📡 Asset 168 → AF/POMPE_A_VIDE_603AAC01
[2026-05-22T19:01:01.981+0000] {subprocess.py:93} INFO -       💾 Saved: AccelerationData.csv (720 rows, 1 parts)
[2026-05-22T19:01:01.981+0000] {subprocess.py:93} INFO -       💾 Saved: VibrationData.csv (720 rows, 1 parts)
[2026-05-22T19:01:01.992+0000] {subprocess.py:93} INFO -       💾 Saved: TemperatureData.csv (720 rows, 1 parts)
[2026-05-22T19:01:01.994+0000] {subprocess.py:93} INFO - 
[2026-05-22T19:01:01.998+0000] {subprocess.py:93} INFO - 📡 Asset 171 → AF/POMPE_A_VIDE_603AAC06
[2026-05-22T19:01:01.999+0000] {subprocess.py:93} INFO -       💾 Saved: AccelerationData.csv (721 rows, 4 parts)
[2026-05-22T19:01:02.000+0000] {subprocess.py:93} INFO -       💾 Saved: VibrationData.csv (721 rows, 4 parts)
[2026-05-22T19:01:02.001+0000] {subprocess.py:93} INFO -       💾 Saved: TemperatureData.csv (721 rows, 4 parts)
[2026-05-22T19:01:02.001+0000] {subprocess.py:93} INFO - 
[2026-05-22T19:01:02.002+0000] {subprocess.py:93} INFO - 📡 Asset 174 → AF/POMPE_A_VIDE_603ABC06
[2026-05-22T19:01:02.002+0000] {subprocess.py:93} INFO -       💾 Saved: AccelerationData.csv (721 rows, 4 parts)
[2026-05-22T19:01:02.003+0000] {subprocess.py:93} INFO -       💾 Saved: VibrationData.csv (721 rows, 4 parts)
[2026-05-22T19:01:02.003+0000] {subprocess.py:93} INFO -       💾 Saved: TemperatureData.csv (721 rows, 4 parts)
[2026-05-22T19:01:02.004+0000] {subprocess.py:93} INFO - 
[2026-05-22T19:01:02.004+0000] {subprocess.py:93} INFO - 📡 Asset 193 → AF/POMPE_B_FLASH_COOLER_603ABP01
[2026-05-22T19:01:02.005+0000] {subprocess.py:93} INFO -       💾 Saved: AccelerationData.csv (503 rows, 4 parts)
[2026-05-22T19:01:02.005+0000] {subprocess.py:93} INFO -       💾 Saved: VibrationData.csv (503 rows, 4 parts)
[2026-05-22T19:01:02.006+0000] {subprocess.py:93} INFO -       💾 Saved: TemperatureData.csv (503 rows, 4 parts)
[2026-05-22T19:01:02.006+0000] {subprocess.py:93} INFO - 
[2026-05-22T19:01:02.007+0000] {subprocess.py:93} INFO - 📡 Asset 177 → CAP/POMPE_DE_CIRCULATION_J_604JAP04
[2026-05-22T19:01:02.007+0000] {subprocess.py:93} INFO -       💾 Saved: AccelerationData.csv (524 rows, 6 parts)
[2026-05-22T19:01:02.008+0000] {subprocess.py:93} INFO -       💾 Saved: VibrationData.csv (524 rows, 6 parts)
[2026-05-22T19:01:02.008+0000] {subprocess.py:93} INFO -       💾 Saved: TemperatureData.csv (524 rows, 6 parts)
[2026-05-22T19:01:02.009+0000] {subprocess.py:93} INFO - 
[2026-05-22T19:01:02.009+0000] {subprocess.py:93} INFO - 📡 Asset 181 → CAP/POMPE_DE_CIRCULATION_K_604KAP04
[2026-05-22T19:01:02.012+0000] {subprocess.py:93} INFO -       💾 Saved: AccelerationData.csv (400 rows, 5 parts)
[2026-05-22T19:01:02.017+0000] {subprocess.py:93} INFO -       💾 Saved: VibrationData.csv (400 rows, 5 parts)
[2026-05-22T19:01:02.018+0000] {subprocess.py:93} INFO -       💾 Saved: TemperatureData.csv (400 rows, 5 parts)
[2026-05-22T19:01:02.019+0000] {subprocess.py:93} INFO - 
[2026-05-22T19:01:02.020+0000] {subprocess.py:93} INFO - 📡 Asset 185 → CAP/POMPE_DE_CIRCULATION_L_604LAP04
[2026-05-22T19:01:02.020+0000] {subprocess.py:93} INFO -       💾 Saved: AccelerationData.csv (659 rows, 7 parts)
[2026-05-22T19:01:02.021+0000] {subprocess.py:93} INFO -       💾 Saved: VibrationData.csv (659 rows, 7 parts)
[2026-05-22T19:01:02.022+0000] {subprocess.py:93} INFO -       💾 Saved: TemperatureData.csv (659 rows, 7 parts)
[2026-05-22T19:01:02.022+0000] {subprocess.py:93} INFO - 
[2026-05-22T19:01:02.025+0000] {subprocess.py:93} INFO - 📡 Asset 197 → ENGRAIS/Elevateur_607AAT01
[2026-05-22T19:01:02.028+0000] {subprocess.py:93} INFO -       💾 Saved: AccelerationData.csv (721 rows, 8 parts)
[2026-05-22T19:01:02.029+0000] {subprocess.py:93} INFO -       💾 Saved: VibrationData.csv (721 rows, 8 parts)
[2026-05-22T19:01:02.030+0000] {subprocess.py:93} INFO -       💾 Saved: TemperatureData.csv (721 rows, 8 parts)
[2026-05-22T19:01:02.031+0000] {subprocess.py:93} INFO - 
[2026-05-22T19:01:02.032+0000] {subprocess.py:93} INFO - 📡 Asset 201 → ENGRAIS/Elevateur_607AAT04
[2026-05-22T19:01:02.034+0000] {subprocess.py:93} INFO -       💾 Saved: AccelerationData.csv (721 rows, 8 parts)
[2026-05-22T19:01:02.035+0000] {subprocess.py:93} INFO -       💾 Saved: VibrationData.csv (721 rows, 8 parts)
[2026-05-22T19:01:02.035+0000] {subprocess.py:93} INFO -       💾 Saved: TemperatureData.csv (721 rows, 8 parts)
[2026-05-22T19:01:02.036+0000] {subprocess.py:93} INFO - 
[2026-05-22T19:01:02.037+0000] {subprocess.py:93} INFO - 📡 Asset 205 → ENGRAIS/Elevateur_607AAT05
[2026-05-22T19:01:02.038+0000] {subprocess.py:93} INFO -       💾 Saved: AccelerationData.csv (721 rows, 4 parts)
[2026-05-22T19:01:02.039+0000] {subprocess.py:93} INFO -       💾 Saved: VibrationData.csv (721 rows, 4 parts)
[2026-05-22T19:01:02.039+0000] {subprocess.py:93} INFO -       💾 Saved: TemperatureData.csv (721 rows, 4 parts)
[2026-05-22T19:01:02.041+0000] {subprocess.py:93} INFO - 
[2026-05-22T19:01:02.049+0000] {subprocess.py:93} INFO - 📡 Asset 209 → ENGRAIS/Elevateur_607AAT06
[2026-05-22T19:01:02.052+0000] {subprocess.py:93} INFO -       💾 Saved: AccelerationData.csv (721 rows, 8 parts)
[2026-05-22T19:01:02.057+0000] {subprocess.py:93} INFO -       💾 Saved: VibrationData.csv (721 rows, 8 parts)
[2026-05-22T19:01:02.059+0000] {subprocess.py:93} INFO -       💾 Saved: TemperatureData.csv (721 rows, 8 parts)
[2026-05-22T19:01:02.064+0000] {subprocess.py:93} INFO - 
[2026-05-22T19:01:02.067+0000] {subprocess.py:93} INFO - 📡 Asset 213 → ENGRAIS/Enrobeur_607AAM04
[2026-05-22T19:01:02.068+0000] {subprocess.py:93} INFO -       💾 Saved: AccelerationData.csv (725 rows, 8 parts)
[2026-05-22T19:01:02.069+0000] {subprocess.py:93} INFO -       💾 Saved: VibrationData.csv (725 rows, 8 parts)
[2026-05-22T19:01:02.070+0000] {subprocess.py:93} INFO -       💾 Saved: TemperatureData.csv (725 rows, 8 parts)
[2026-05-22T19:01:02.071+0000] {subprocess.py:93} INFO - 
[2026-05-22T19:01:02.071+0000] {subprocess.py:93} INFO - 📡 Asset 217 → ENGRAIS/Granulateur_607AAM03
[2026-05-22T19:01:02.072+0000] {subprocess.py:93} INFO -       💾 Saved: AccelerationData.csv (721 rows, 8 parts)
[2026-05-22T19:01:02.073+0000] {subprocess.py:93} INFO -       💾 Saved: VibrationData.csv (721 rows, 8 parts)
[2026-05-22T19:01:02.073+0000] {subprocess.py:93} INFO -       💾 Saved: TemperatureData.csv (721 rows, 8 parts)
[2026-05-22T19:01:02.074+0000] {subprocess.py:93} INFO - 
[2026-05-22T19:01:02.074+0000] {subprocess.py:93} INFO - 📡 Asset 221 → ENGRAIS/Tube_secheur_607AAF02
[2026-05-22T19:01:02.074+0000] {subprocess.py:93} INFO -       💾 Saved: AccelerationData.csv (721 rows, 8 parts)
[2026-05-22T19:01:02.075+0000] {subprocess.py:93} INFO -       💾 Saved: VibrationData.csv (721 rows, 8 parts)
[2026-05-22T19:01:02.075+0000] {subprocess.py:93} INFO -       💾 Saved: TemperatureData.csv (721 rows, 8 parts)
[2026-05-22T19:01:02.076+0000] {subprocess.py:93} INFO - 
[2026-05-22T19:01:02.077+0000] {subprocess.py:93} INFO - ================================================================================
[2026-05-22T19:01:02.080+0000] {subprocess.py:93} INFO - 📊 FETCH SUMMARY - ALL DEPARTMENTS
[2026-05-22T19:01:02.081+0000] {subprocess.py:93} INFO - ================================================================================
[2026-05-22T19:01:02.081+0000] {subprocess.py:93} INFO - 
[2026-05-22T19:01:02.082+0000] {subprocess.py:93} INFO - ✅ SAP: 3/3 machines
[2026-05-22T19:01:02.082+0000] {subprocess.py:93} INFO - 
[2026-05-22T19:01:02.083+0000] {subprocess.py:93} INFO - ✅ AF: 4/4 machines
[2026-05-22T19:01:02.085+0000] {subprocess.py:93} INFO - 
[2026-05-22T19:01:02.088+0000] {subprocess.py:93} INFO - ✅ CAP: 3/3 machines
[2026-05-22T19:01:02.090+0000] {subprocess.py:93} INFO - 
[2026-05-22T19:01:02.091+0000] {subprocess.py:93} INFO - ✅ ENGRAIS: 7/7 machines
[2026-05-22T19:01:02.178+0000] {subprocess.py:97} INFO - Command exited with return code 0
[2026-05-22T19:01:02.514+0000] {taskinstance.py:1138} INFO - Marking task as SUCCESS. dag_id=i_sense_spark_pipeline, task_id=fetch_isense_data, execution_date=20260522T180000, start_date=20260522T190001, end_date=20260522T190102
[2026-05-22T19:01:02.607+0000] {local_task_job_runner.py:234} INFO - Task exited with return code 0
[2026-05-22T19:01:02.760+0000] {taskinstance.py:3281} INFO - 1 downstream tasks scheduled from follow-on schedule check
