[2026-05-31T00:00:04.460+0000] {taskinstance.py:1957} INFO - Dependencies all met for dep_context=non-requeueable deps ti=<TaskInstance: i_sense_pipeline.fetch_isense_data scheduled__2026-05-30T23:00:00+00:00 [queued]>
[2026-05-31T00:00:04.472+0000] {taskinstance.py:1957} INFO - Dependencies all met for dep_context=requeueable deps ti=<TaskInstance: i_sense_pipeline.fetch_isense_data scheduled__2026-05-30T23:00:00+00:00 [queued]>
[2026-05-31T00:00:04.473+0000] {taskinstance.py:2171} INFO - Starting attempt 1 of 2
[2026-05-31T00:00:04.493+0000] {taskinstance.py:2192} INFO - Executing <Task(BashOperator): fetch_isense_data> on 2026-05-30 23:00:00+00:00
[2026-05-31T00:00:04.500+0000] {standard_task_runner.py:60} INFO - Started process 3187 to run task
[2026-05-31T00:00:04.505+0000] {standard_task_runner.py:87} INFO - Running: ['***', 'tasks', 'run', 'i_sense_pipeline', 'fetch_isense_data', 'scheduled__2026-05-30T23:00:00+00:00', '--job-id', '9', '--raw', '--subdir', 'DAGS_FOLDER/i_sense_pipeline.py', '--cfg-path', '/tmp/tmpoc27r12a']
[2026-05-31T00:00:04.509+0000] {standard_task_runner.py:88} INFO - Job 9: Subtask fetch_isense_data
[2026-05-31T00:00:04.587+0000] {task_command.py:423} INFO - Running <TaskInstance: i_sense_pipeline.fetch_isense_data scheduled__2026-05-30T23:00:00+00:00 [running]> on host 584c6a772482
[2026-05-31T00:00:04.721+0000] {taskinstance.py:2481} INFO - Exporting env vars: AIRFLOW_CTX_DAG_OWNER='data_team' AIRFLOW_CTX_DAG_ID='i_sense_pipeline' AIRFLOW_CTX_TASK_ID='fetch_isense_data' AIRFLOW_CTX_EXECUTION_DATE='2026-05-30T23:00:00+00:00' AIRFLOW_CTX_TRY_NUMBER='1' AIRFLOW_CTX_DAG_RUN_ID='scheduled__2026-05-30T23:00:00+00:00'
[2026-05-31T00:00:04.724+0000] {subprocess.py:63} INFO - Tmp dir root location: /tmp
[2026-05-31T00:00:04.726+0000] {subprocess.py:75} INFO - Running command: ['/usr/bin/bash', '-c', 'python /opt/***/scripts/fetch_isense.py']
[2026-05-31T00:00:04.742+0000] {subprocess.py:86} INFO - Output:
[2026-05-31T00:01:16.480+0000] {subprocess.py:93} INFO - 
[2026-05-31T00:01:16.490+0000] {subprocess.py:93} INFO - ================================================================================
[2026-05-31T00:01:16.496+0000] {subprocess.py:93} INFO - 🏭 i-SENSE COMPLETE DATA FETCHER
[2026-05-31T00:01:16.513+0000] {subprocess.py:93} INFO -    SAP | AF | CAP | ENGRAIS
[2026-05-31T00:01:16.527+0000] {subprocess.py:93} INFO - ================================================================================
[2026-05-31T00:01:16.531+0000] {subprocess.py:93} INFO - 
[2026-05-31T00:01:16.545+0000] {subprocess.py:93} INFO - ================================================================================
[2026-05-31T00:01:16.546+0000] {subprocess.py:93} INFO - 🚀 FETCHING DATA FOR ALL DEPARTMENTS
[2026-05-31T00:01:16.563+0000] {subprocess.py:93} INFO -    Total machines: 17
[2026-05-31T00:01:16.563+0000] {subprocess.py:93} INFO - ================================================================================
[2026-05-31T00:01:16.564+0000] {subprocess.py:93} INFO - ✅ Logged in successfully
[2026-05-31T00:01:16.580+0000] {subprocess.py:93} INFO - 
[2026-05-31T00:01:16.588+0000] {subprocess.py:93} INFO - 📡 Asset 153 → SAP/Pompe_HRS_601ABP04
[2026-05-31T00:01:16.593+0000] {subprocess.py:93} INFO -       💾 Saved: AccelerationData.csv (721 rows, 3 parts)
[2026-05-31T00:01:16.595+0000] {subprocess.py:93} INFO -       💾 Saved: VibrationData.csv (721 rows, 3 parts)
[2026-05-31T00:01:16.603+0000] {subprocess.py:93} INFO -       💾 Saved: TemperatureData.csv (721 rows, 3 parts)
[2026-05-31T00:01:16.608+0000] {subprocess.py:93} INFO - 
[2026-05-31T00:01:16.613+0000] {subprocess.py:93} INFO - 📡 Asset 156 → SAP/Pompe_circulation_bac_commun_601AAP01
[2026-05-31T00:01:16.614+0000] {subprocess.py:93} INFO -       💾 Saved: AccelerationData.csv (721 rows, 2 parts)
[2026-05-31T00:01:16.630+0000] {subprocess.py:93} INFO -       💾 Saved: VibrationData.csv (721 rows, 2 parts)
[2026-05-31T00:01:16.636+0000] {subprocess.py:93} INFO -       💾 Saved: TemperatureData.csv (721 rows, 2 parts)
[2026-05-31T00:01:16.645+0000] {subprocess.py:93} INFO - 
[2026-05-31T00:01:16.646+0000] {subprocess.py:93} INFO - 📡 Asset 159 → SAP/Pompe_circulation_bac_commun_601AAP02
[2026-05-31T00:01:16.646+0000] {subprocess.py:93} INFO -       💾 Saved: AccelerationData.csv (457 rows, 3 parts)
[2026-05-31T00:01:16.647+0000] {subprocess.py:93} INFO -       💾 Saved: VibrationData.csv (457 rows, 3 parts)
[2026-05-31T00:01:16.648+0000] {subprocess.py:93} INFO -       💾 Saved: TemperatureData.csv (457 rows, 3 parts)
[2026-05-31T00:01:16.661+0000] {subprocess.py:93} INFO - 
[2026-05-31T00:01:16.667+0000] {subprocess.py:93} INFO - 📡 Asset 168 → AF/POMPE_A_VIDE_603AAC01
[2026-05-31T00:01:16.681+0000] {subprocess.py:93} INFO -       💾 Saved: AccelerationData.csv (721 rows, 1 parts)
[2026-05-31T00:01:16.710+0000] {subprocess.py:93} INFO -       💾 Saved: VibrationData.csv (721 rows, 1 parts)
[2026-05-31T00:01:16.716+0000] {subprocess.py:93} INFO -       💾 Saved: TemperatureData.csv (721 rows, 1 parts)
[2026-05-31T00:01:16.757+0000] {subprocess.py:93} INFO - 
[2026-05-31T00:01:16.776+0000] {subprocess.py:93} INFO - 📡 Asset 171 → AF/POMPE_A_VIDE_603AAC06
[2026-05-31T00:01:16.791+0000] {subprocess.py:93} INFO -       💾 Saved: AccelerationData.csv (721 rows, 4 parts)
[2026-05-31T00:01:16.797+0000] {subprocess.py:93} INFO -       💾 Saved: VibrationData.csv (721 rows, 4 parts)
[2026-05-31T00:01:16.811+0000] {subprocess.py:93} INFO -       💾 Saved: TemperatureData.csv (721 rows, 4 parts)
[2026-05-31T00:01:16.816+0000] {subprocess.py:93} INFO - 
[2026-05-31T00:01:16.816+0000] {subprocess.py:93} INFO - 📡 Asset 174 → AF/POMPE_A_VIDE_603ABC06
[2026-05-31T00:01:16.817+0000] {subprocess.py:93} INFO -       💾 Saved: AccelerationData.csv (721 rows, 4 parts)
[2026-05-31T00:01:16.818+0000] {subprocess.py:93} INFO -       💾 Saved: VibrationData.csv (721 rows, 4 parts)
[2026-05-31T00:01:16.827+0000] {subprocess.py:93} INFO -       💾 Saved: TemperatureData.csv (721 rows, 4 parts)
[2026-05-31T00:01:16.828+0000] {subprocess.py:93} INFO - 
[2026-05-31T00:01:16.829+0000] {subprocess.py:93} INFO - 📡 Asset 193 → AF/POMPE_B_FLASH_COOLER_603ABP01
[2026-05-31T00:01:16.829+0000] {subprocess.py:93} INFO -       💾 Saved: AccelerationData.csv (564 rows, 4 parts)
[2026-05-31T00:01:16.830+0000] {subprocess.py:93} INFO -       💾 Saved: VibrationData.csv (564 rows, 4 parts)
[2026-05-31T00:01:16.831+0000] {subprocess.py:93} INFO -       💾 Saved: TemperatureData.csv (564 rows, 4 parts)
[2026-05-31T00:01:16.831+0000] {subprocess.py:93} INFO - 
[2026-05-31T00:01:16.832+0000] {subprocess.py:93} INFO - 📡 Asset 177 → CAP/POMPE_DE_CIRCULATION_J_604JAP04
[2026-05-31T00:01:16.840+0000] {subprocess.py:93} INFO -       💾 Saved: AccelerationData.csv (524 rows, 6 parts)
[2026-05-31T00:01:16.849+0000] {subprocess.py:93} INFO -       💾 Saved: VibrationData.csv (524 rows, 6 parts)
[2026-05-31T00:01:16.850+0000] {subprocess.py:93} INFO -       💾 Saved: TemperatureData.csv (524 rows, 6 parts)
[2026-05-31T00:01:16.854+0000] {subprocess.py:93} INFO - 
[2026-05-31T00:01:16.855+0000] {subprocess.py:93} INFO - 📡 Asset 181 → CAP/POMPE_DE_CIRCULATION_K_604KAP04
[2026-05-31T00:01:16.857+0000] {subprocess.py:93} INFO -       💾 Saved: AccelerationData.csv (400 rows, 5 parts)
[2026-05-31T00:01:16.857+0000] {subprocess.py:93} INFO -       💾 Saved: VibrationData.csv (400 rows, 5 parts)
[2026-05-31T00:01:16.858+0000] {subprocess.py:93} INFO -       💾 Saved: TemperatureData.csv (400 rows, 5 parts)
[2026-05-31T00:01:16.859+0000] {subprocess.py:93} INFO - 
[2026-05-31T00:01:16.860+0000] {subprocess.py:93} INFO - 📡 Asset 185 → CAP/POMPE_DE_CIRCULATION_L_604LAP04
[2026-05-31T00:01:16.861+0000] {subprocess.py:93} INFO -       💾 Saved: AccelerationData.csv (682 rows, 7 parts)
[2026-05-31T00:01:16.861+0000] {subprocess.py:93} INFO -       💾 Saved: VibrationData.csv (682 rows, 7 parts)
[2026-05-31T00:01:16.871+0000] {subprocess.py:93} INFO -       💾 Saved: TemperatureData.csv (682 rows, 7 parts)
[2026-05-31T00:01:16.874+0000] {subprocess.py:93} INFO - 
[2026-05-31T00:01:16.876+0000] {subprocess.py:93} INFO - 📡 Asset 197 → ENGRAIS/Elevateur_607AAT01
[2026-05-31T00:01:16.877+0000] {subprocess.py:93} INFO -       💾 Saved: AccelerationData.csv (721 rows, 8 parts)
[2026-05-31T00:01:16.883+0000] {subprocess.py:93} INFO -       💾 Saved: VibrationData.csv (721 rows, 8 parts)
[2026-05-31T00:01:16.884+0000] {subprocess.py:93} INFO -       💾 Saved: TemperatureData.csv (721 rows, 8 parts)
[2026-05-31T00:01:16.885+0000] {subprocess.py:93} INFO - 
[2026-05-31T00:01:16.887+0000] {subprocess.py:93} INFO - 📡 Asset 201 → ENGRAIS/Elevateur_607AAT04
[2026-05-31T00:01:16.887+0000] {subprocess.py:93} INFO -       💾 Saved: AccelerationData.csv (721 rows, 8 parts)
[2026-05-31T00:01:16.888+0000] {subprocess.py:93} INFO -       💾 Saved: VibrationData.csv (721 rows, 8 parts)
[2026-05-31T00:01:16.889+0000] {subprocess.py:93} INFO -       💾 Saved: TemperatureData.csv (721 rows, 8 parts)
[2026-05-31T00:01:16.891+0000] {subprocess.py:93} INFO - 
[2026-05-31T00:01:16.892+0000] {subprocess.py:93} INFO - 📡 Asset 205 → ENGRAIS/Elevateur_607AAT05
[2026-05-31T00:01:16.893+0000] {subprocess.py:93} INFO -       💾 Saved: AccelerationData.csv (721 rows, 4 parts)
[2026-05-31T00:01:16.894+0000] {subprocess.py:93} INFO -       💾 Saved: VibrationData.csv (721 rows, 4 parts)
[2026-05-31T00:01:16.904+0000] {subprocess.py:93} INFO -       💾 Saved: TemperatureData.csv (721 rows, 4 parts)
[2026-05-31T00:01:16.955+0000] {subprocess.py:93} INFO - 
[2026-05-31T00:01:17.014+0000] {subprocess.py:93} INFO - 📡 Asset 209 → ENGRAIS/Elevateur_607AAT06
[2026-05-31T00:01:17.058+0000] {subprocess.py:93} INFO -       💾 Saved: AccelerationData.csv (721 rows, 8 parts)
[2026-05-31T00:01:17.092+0000] {subprocess.py:93} INFO -       💾 Saved: VibrationData.csv (721 rows, 8 parts)
[2026-05-31T00:01:17.131+0000] {subprocess.py:93} INFO -       💾 Saved: TemperatureData.csv (721 rows, 8 parts)
[2026-05-31T00:01:17.216+0000] {subprocess.py:93} INFO - 
[2026-05-31T00:01:17.250+0000] {subprocess.py:93} INFO - 📡 Asset 213 → ENGRAIS/Enrobeur_607AAM04
[2026-05-31T00:01:17.318+0000] {subprocess.py:93} INFO -       💾 Saved: AccelerationData.csv (725 rows, 8 parts)
[2026-05-31T00:01:17.387+0000] {subprocess.py:93} INFO -       💾 Saved: VibrationData.csv (725 rows, 8 parts)
[2026-05-31T00:01:17.451+0000] {subprocess.py:93} INFO -       💾 Saved: TemperatureData.csv (725 rows, 8 parts)
[2026-05-31T00:01:17.462+0000] {subprocess.py:93} INFO - 
[2026-05-31T00:01:17.486+0000] {subprocess.py:93} INFO - 📡 Asset 217 → ENGRAIS/Granulateur_607AAM03
[2026-05-31T00:01:17.487+0000] {subprocess.py:93} INFO -       💾 Saved: AccelerationData.csv (721 rows, 8 parts)
[2026-05-31T00:01:17.488+0000] {subprocess.py:93} INFO -       💾 Saved: VibrationData.csv (721 rows, 8 parts)
[2026-05-31T00:01:17.489+0000] {subprocess.py:93} INFO -       💾 Saved: TemperatureData.csv (721 rows, 8 parts)
[2026-05-31T00:01:17.496+0000] {subprocess.py:93} INFO - 
[2026-05-31T00:01:17.503+0000] {subprocess.py:93} INFO - 📡 Asset 221 → ENGRAIS/Tube_secheur_607AAF02
[2026-05-31T00:01:17.516+0000] {subprocess.py:93} INFO -       💾 Saved: AccelerationData.csv (721 rows, 8 parts)
[2026-05-31T00:01:17.517+0000] {subprocess.py:93} INFO -       💾 Saved: VibrationData.csv (721 rows, 8 parts)
[2026-05-31T00:01:17.523+0000] {subprocess.py:93} INFO -       💾 Saved: TemperatureData.csv (721 rows, 8 parts)
[2026-05-31T00:01:17.581+0000] {subprocess.py:93} INFO - 
[2026-05-31T00:01:17.623+0000] {subprocess.py:93} INFO - ================================================================================
[2026-05-31T00:01:17.638+0000] {subprocess.py:93} INFO - 📊 FETCH SUMMARY - ALL DEPARTMENTS
[2026-05-31T00:01:17.652+0000] {subprocess.py:93} INFO - ================================================================================
[2026-05-31T00:01:17.654+0000] {subprocess.py:93} INFO - 
[2026-05-31T00:01:17.655+0000] {subprocess.py:93} INFO - ✅ SAP: 3/3 machines
[2026-05-31T00:01:17.656+0000] {subprocess.py:93} INFO - 
[2026-05-31T00:01:17.657+0000] {subprocess.py:93} INFO - ✅ AF: 4/4 machines
[2026-05-31T00:01:17.658+0000] {subprocess.py:93} INFO - 
[2026-05-31T00:01:17.659+0000] {subprocess.py:93} INFO - ✅ CAP: 3/3 machines
[2026-05-31T00:01:17.659+0000] {subprocess.py:93} INFO - 
[2026-05-31T00:01:17.663+0000] {subprocess.py:93} INFO - ✅ ENGRAIS: 7/7 machines
[2026-05-31T00:01:17.665+0000] {subprocess.py:97} INFO - Command exited with return code 0
[2026-05-31T00:01:17.814+0000] {taskinstance.py:1138} INFO - Marking task as SUCCESS. dag_id=i_sense_pipeline, task_id=fetch_isense_data, execution_date=20260530T230000, start_date=20260531T000004, end_date=20260531T000117
[2026-05-31T00:01:17.954+0000] {local_task_job_runner.py:234} INFO - Task exited with return code 0
[2026-05-31T00:01:18.027+0000] {taskinstance.py:3281} INFO - 1 downstream tasks scheduled from follow-on schedule check
