[2026-05-30T19:44:52.483+0000] {taskinstance.py:1957} INFO - Dependencies all met for dep_context=non-requeueable deps ti=<TaskInstance: i_sense_pipeline.run_spark manual__2026-05-30T19:43:42.263043+00:00 [queued]>
[2026-05-30T19:44:52.494+0000] {taskinstance.py:1957} INFO - Dependencies all met for dep_context=requeueable deps ti=<TaskInstance: i_sense_pipeline.run_spark manual__2026-05-30T19:43:42.263043+00:00 [queued]>
[2026-05-30T19:44:52.494+0000] {taskinstance.py:2171} INFO - Starting attempt 1 of 2
[2026-05-30T19:44:52.512+0000] {taskinstance.py:2192} INFO - Executing <Task(BashOperator): run_spark> on 2026-05-30 19:43:42.263043+00:00
[2026-05-30T19:44:52.519+0000] {standard_task_runner.py:60} INFO - Started process 187 to run task
[2026-05-30T19:44:52.523+0000] {standard_task_runner.py:87} INFO - Running: ['***', 'tasks', 'run', 'i_sense_pipeline', 'run_spark', 'manual__2026-05-30T19:43:42.263043+00:00', '--job-id', '7', '--raw', '--subdir', 'DAGS_FOLDER/i_sense_pipeline.py', '--cfg-path', '/tmp/tmp6uy75os8']
[2026-05-30T19:44:52.530+0000] {standard_task_runner.py:88} INFO - Job 7: Subtask run_spark
[2026-05-30T19:44:52.609+0000] {task_command.py:423} INFO - Running <TaskInstance: i_sense_pipeline.run_spark manual__2026-05-30T19:43:42.263043+00:00 [running]> on host 751579f7eeaf
[2026-05-30T19:44:52.712+0000] {taskinstance.py:2481} INFO - Exporting env vars: AIRFLOW_CTX_DAG_OWNER='data_team' AIRFLOW_CTX_DAG_ID='i_sense_pipeline' AIRFLOW_CTX_TASK_ID='run_spark' AIRFLOW_CTX_EXECUTION_DATE='2026-05-30T19:43:42.263043+00:00' AIRFLOW_CTX_TRY_NUMBER='1' AIRFLOW_CTX_DAG_RUN_ID='manual__2026-05-30T19:43:42.263043+00:00'
[2026-05-30T19:44:52.714+0000] {subprocess.py:63} INFO - Tmp dir root location: /tmp
[2026-05-30T19:44:52.715+0000] {subprocess.py:75} INFO - Running command: ['/usr/bin/bash', '-c', 'python /opt/***/scripts/run_pipeline.py']
[2026-05-30T19:44:52.729+0000] {subprocess.py:86} INFO - Output:
[2026-05-30T19:44:53.541+0000] {subprocess.py:93} INFO - JAVA_HOME is not set
[2026-05-30T19:44:53.594+0000] {subprocess.py:93} INFO - 🚀 Starting Spark pipeline automatically...
[2026-05-30T19:44:53.595+0000] {subprocess.py:93} INFO - 
[2026-05-30T19:44:53.595+0000] {subprocess.py:93} INFO - 🔧🔧🔧🔧🔧🔧🔧🔧🔧🔧🔧🔧🔧🔧🔧🔧🔧🔧🔧🔧🔧🔧🔧🔧🔧🔧🔧🔧🔧🔧🔧🔧🔧🔧🔧
[2026-05-30T19:44:53.596+0000] {subprocess.py:93} INFO -    PRODUCTION SPARK PIPELINE
[2026-05-30T19:44:53.597+0000] {subprocess.py:93} INFO -    Bronze → Silver → Gold
[2026-05-30T19:44:53.597+0000] {subprocess.py:93} INFO - 🔧🔧🔧🔧🔧🔧🔧🔧🔧🔧🔧🔧🔧🔧🔧🔧🔧🔧🔧🔧🔧🔧🔧🔧🔧🔧🔧🔧🔧🔧🔧🔧🔧🔧🔧
[2026-05-30T19:44:53.606+0000] {subprocess.py:93} INFO - Traceback (most recent call last):
[2026-05-30T19:44:53.607+0000] {subprocess.py:93} INFO -   File "/opt/***/scripts/run_pipeline.py", line 13, in <module>
[2026-05-30T19:44:53.613+0000] {subprocess.py:93} INFO -     run_full_pipeline()
[2026-05-30T19:44:53.614+0000] {subprocess.py:93} INFO -   File "/opt/***/scripts/spark_pipeline/main_pipeline.py", line 61, in run_full_pipeline
[2026-05-30T19:44:53.615+0000] {subprocess.py:93} INFO -     spark = create_spark_session()
[2026-05-30T19:44:53.615+0000] {subprocess.py:93} INFO -   File "/opt/***/scripts/spark_pipeline/main_pipeline.py", line 40, in create_spark_session
[2026-05-30T19:44:53.616+0000] {subprocess.py:93} INFO -     spark = builder.getOrCreate()
[2026-05-30T19:44:53.617+0000] {subprocess.py:93} INFO -   File "/home/***/.local/lib/python3.8/site-packages/pyspark/sql/session.py", line 497, in getOrCreate
[2026-05-30T19:44:53.617+0000] {subprocess.py:93} INFO -     sc = SparkContext.getOrCreate(sparkConf)
[2026-05-30T19:44:53.618+0000] {subprocess.py:93} INFO -   File "/home/***/.local/lib/python3.8/site-packages/pyspark/context.py", line 515, in getOrCreate
[2026-05-30T19:44:53.619+0000] {subprocess.py:93} INFO -     SparkContext(conf=conf or SparkConf())
[2026-05-30T19:44:53.619+0000] {subprocess.py:93} INFO -   File "/home/***/.local/lib/python3.8/site-packages/pyspark/context.py", line 201, in __init__
[2026-05-30T19:44:53.620+0000] {subprocess.py:93} INFO -     SparkContext._ensure_initialized(self, gateway=gateway, conf=conf)
[2026-05-30T19:44:53.621+0000] {subprocess.py:93} INFO -   File "/home/***/.local/lib/python3.8/site-packages/pyspark/context.py", line 436, in _ensure_initialized
[2026-05-30T19:44:53.622+0000] {subprocess.py:93} INFO -     SparkContext._gateway = gateway or launch_gateway(conf)
[2026-05-30T19:44:53.623+0000] {subprocess.py:93} INFO -   File "/home/***/.local/lib/python3.8/site-packages/pyspark/java_gateway.py", line 107, in launch_gateway
[2026-05-30T19:44:53.624+0000] {subprocess.py:93} INFO -     raise PySparkRuntimeError(
[2026-05-30T19:44:53.624+0000] {subprocess.py:93} INFO - pyspark.errors.exceptions.base.PySparkRuntimeError: [JAVA_GATEWAY_EXITED] Java gateway process exited before sending its port number.
[2026-05-30T19:44:53.663+0000] {subprocess.py:97} INFO - Command exited with return code 1
[2026-05-30T19:44:53.676+0000] {taskinstance.py:2699} ERROR - Task failed with exception
Traceback (most recent call last):
  File "/home/airflow/.local/lib/python3.8/site-packages/airflow/models/taskinstance.py", line 433, in _execute_task
    result = execute_callable(context=context, **execute_callable_kwargs)
  File "/home/airflow/.local/lib/python3.8/site-packages/airflow/operators/bash.py", line 212, in execute
    raise AirflowException(
airflow.exceptions.AirflowException: Bash command failed. The command returned a non-zero exit code 1.
[2026-05-30T19:44:53.682+0000] {taskinstance.py:1138} INFO - Marking task as UP_FOR_RETRY. dag_id=i_sense_pipeline, task_id=run_spark, execution_date=20260530T194342, start_date=20260530T194452, end_date=20260530T194453
[2026-05-30T19:44:53.724+0000] {standard_task_runner.py:107} ERROR - Failed to execute job 7 for task run_spark (Bash command failed. The command returned a non-zero exit code 1.; 187)
[2026-05-30T19:44:53.742+0000] {local_task_job_runner.py:234} INFO - Task exited with return code 1
[2026-05-30T19:44:53.767+0000] {taskinstance.py:3281} INFO - 0 downstream tasks scheduled from follow-on schedule check
