[2026-06-01T08:53:39.863+0000] {taskinstance.py:1957} INFO - Dependencies all met for dep_context=non-requeueable deps ti=<TaskInstance: i_sense_pipeline.fetch_isense_data scheduled__2026-05-31T00:00:00+00:00 [queued]>
[2026-06-01T08:53:39.908+0000] {taskinstance.py:1957} INFO - Dependencies all met for dep_context=requeueable deps ti=<TaskInstance: i_sense_pipeline.fetch_isense_data scheduled__2026-05-31T00:00:00+00:00 [queued]>
[2026-06-01T08:53:39.909+0000] {taskinstance.py:2171} INFO - Starting attempt 2 of 2
[2026-06-01T08:53:40.073+0000] {taskinstance.py:2192} INFO - Executing <Task(BashOperator): fetch_isense_data> on 2026-05-31 00:00:00+00:00
[2026-06-01T08:53:40.105+0000] {standard_task_runner.py:60} INFO - Started process 551 to run task
[2026-06-01T08:53:40.117+0000] {standard_task_runner.py:87} INFO - Running: ['***', 'tasks', 'run', 'i_sense_pipeline', 'fetch_isense_data', 'scheduled__2026-05-31T00:00:00+00:00', '--job-id', '15', '--raw', '--subdir', 'DAGS_FOLDER/i_sense_pipeline.py', '--cfg-path', '/tmp/tmpol7yy4r0']
[2026-06-01T08:53:40.172+0000] {standard_task_runner.py:88} INFO - Job 15: Subtask fetch_isense_data
[2026-06-01T08:53:40.559+0000] {task_command.py:423} INFO - Running <TaskInstance: i_sense_pipeline.fetch_isense_data scheduled__2026-05-31T00:00:00+00:00 [running]> on host 584c6a772482
[2026-06-01T08:53:40.849+0000] {taskinstance.py:2481} INFO - Exporting env vars: AIRFLOW_CTX_DAG_OWNER='data_team' AIRFLOW_CTX_DAG_ID='i_sense_pipeline' AIRFLOW_CTX_TASK_ID='fetch_isense_data' AIRFLOW_CTX_EXECUTION_DATE='2026-05-31T00:00:00+00:00' AIRFLOW_CTX_TRY_NUMBER='2' AIRFLOW_CTX_DAG_RUN_ID='scheduled__2026-05-31T00:00:00+00:00'
[2026-06-01T08:53:40.855+0000] {subprocess.py:63} INFO - Tmp dir root location: /tmp
[2026-06-01T08:53:40.858+0000] {subprocess.py:75} INFO - Running command: ['/usr/bin/bash', '-c', 'python /opt/***/scripts/fetch_isense.py']
[2026-06-01T08:53:40.941+0000] {subprocess.py:86} INFO - Output:
[2026-06-01T08:58:22.440+0000] {subprocess.py:93} INFO - 
[2026-06-01T08:58:22.442+0000] {subprocess.py:93} INFO - ================================================================================
[2026-06-01T08:58:22.443+0000] {subprocess.py:93} INFO - 🏭 i-SENSE COMPLETE DATA FETCHER
[2026-06-01T08:58:22.444+0000] {subprocess.py:93} INFO -    SAP | AF | CAP | ENGRAIS
[2026-06-01T08:58:22.444+0000] {subprocess.py:93} INFO - ================================================================================
[2026-06-01T08:58:22.445+0000] {subprocess.py:93} INFO - 
[2026-06-01T08:58:22.446+0000] {subprocess.py:93} INFO - ================================================================================
[2026-06-01T08:58:22.447+0000] {subprocess.py:93} INFO - 🚀 FETCHING DATA FOR ALL DEPARTMENTS
[2026-06-01T08:58:22.448+0000] {subprocess.py:93} INFO -    Total machines: 17
[2026-06-01T08:58:22.449+0000] {subprocess.py:93} INFO - ================================================================================
[2026-06-01T08:58:22.449+0000] {subprocess.py:93} INFO - ✅ Logged in successfully
[2026-06-01T08:58:22.450+0000] {subprocess.py:93} INFO - 
[2026-06-01T08:58:22.451+0000] {subprocess.py:93} INFO - 📡 Asset 153 → SAP/Pompe_HRS_601ABP04
[2026-06-01T08:58:22.452+0000] {subprocess.py:93} INFO -       💾 Saved: AccelerationData.csv (745 rows, 3 parts)
[2026-06-01T08:58:22.453+0000] {subprocess.py:93} INFO -       💾 Saved: VibrationData.csv (745 rows, 3 parts)
[2026-06-01T08:58:22.454+0000] {subprocess.py:93} INFO -       💾 Saved: TemperatureData.csv (745 rows, 3 parts)
[2026-06-01T08:58:22.455+0000] {subprocess.py:93} INFO - 
[2026-06-01T08:58:22.455+0000] {subprocess.py:93} INFO - 📡 Asset 156 → SAP/Pompe_circulation_bac_commun_601AAP01
[2026-06-01T08:58:22.456+0000] {subprocess.py:93} INFO -       ⚠️ No AccelerationData.csv data
[2026-06-01T08:58:22.457+0000] {subprocess.py:93} INFO -       💾 Saved: VibrationData.csv (745 rows, 2 parts)
[2026-06-01T08:58:22.460+0000] {subprocess.py:93} INFO -       💾 Saved: TemperatureData.csv (745 rows, 2 parts)
[2026-06-01T08:58:22.461+0000] {subprocess.py:93} INFO - 
[2026-06-01T08:58:22.462+0000] {subprocess.py:93} INFO - 📡 Asset 159 → SAP/Pompe_circulation_bac_commun_601AAP02
[2026-06-01T08:58:22.463+0000] {subprocess.py:93} INFO -       💾 Saved: AccelerationData.csv (489 rows, 3 parts)
[2026-06-01T08:58:22.464+0000] {subprocess.py:93} INFO -       💾 Saved: VibrationData.csv (489 rows, 3 parts)
[2026-06-01T08:58:22.464+0000] {subprocess.py:93} INFO -       💾 Saved: TemperatureData.csv (489 rows, 3 parts)
[2026-06-01T08:58:22.465+0000] {subprocess.py:93} INFO - 
[2026-06-01T08:58:22.465+0000] {subprocess.py:93} INFO - 📡 Asset 168 → AF/POMPE_A_VIDE_603AAC01
[2026-06-01T08:58:22.466+0000] {subprocess.py:93} INFO -       💾 Saved: AccelerationData.csv (745 rows, 1 parts)
[2026-06-01T08:58:22.466+0000] {subprocess.py:93} INFO -       💾 Saved: VibrationData.csv (745 rows, 1 parts)
[2026-06-01T08:58:22.467+0000] {subprocess.py:93} INFO -       💾 Saved: TemperatureData.csv (745 rows, 1 parts)
[2026-06-01T08:58:22.468+0000] {subprocess.py:93} INFO - 
[2026-06-01T08:58:22.468+0000] {subprocess.py:93} INFO - 📡 Asset 171 → AF/POMPE_A_VIDE_603AAC06
[2026-06-01T08:58:22.469+0000] {subprocess.py:93} INFO -       💾 Saved: AccelerationData.csv (745 rows, 4 parts)
[2026-06-01T08:58:22.469+0000] {subprocess.py:93} INFO -       💾 Saved: VibrationData.csv (745 rows, 4 parts)
[2026-06-01T08:58:22.470+0000] {subprocess.py:93} INFO -       💾 Saved: TemperatureData.csv (745 rows, 4 parts)
[2026-06-01T08:58:22.470+0000] {subprocess.py:93} INFO - 
[2026-06-01T08:58:22.471+0000] {subprocess.py:93} INFO - 📡 Asset 174 → AF/POMPE_A_VIDE_603ABC06
[2026-06-01T08:58:22.472+0000] {subprocess.py:93} INFO -       💾 Saved: AccelerationData.csv (745 rows, 4 parts)
[2026-06-01T08:58:22.472+0000] {subprocess.py:93} INFO -       💾 Saved: VibrationData.csv (745 rows, 4 parts)
[2026-06-01T08:58:22.473+0000] {subprocess.py:93} INFO -       💾 Saved: TemperatureData.csv (745 rows, 4 parts)
[2026-06-01T08:58:22.474+0000] {subprocess.py:93} INFO - 
[2026-06-01T08:58:22.474+0000] {subprocess.py:93} INFO - 📡 Asset 193 → AF/POMPE_B_FLASH_COOLER_603ABP01
[2026-06-01T08:58:22.474+0000] {subprocess.py:93} INFO -       💾 Saved: AccelerationData.csv (597 rows, 4 parts)
[2026-06-01T08:58:22.475+0000] {subprocess.py:93} INFO -       💾 Saved: VibrationData.csv (597 rows, 4 parts)
[2026-06-01T08:58:22.476+0000] {subprocess.py:93} INFO -       💾 Saved: TemperatureData.csv (597 rows, 4 parts)
[2026-06-01T08:58:22.476+0000] {subprocess.py:93} INFO - 
[2026-06-01T08:58:22.477+0000] {subprocess.py:93} INFO - 📡 Asset 177 → CAP/POMPE_DE_CIRCULATION_J_604JAP04
[2026-06-01T08:58:22.477+0000] {subprocess.py:93} INFO -       💾 Saved: AccelerationData.csv (524 rows, 6 parts)
[2026-06-01T08:58:22.478+0000] {subprocess.py:93} INFO -       💾 Saved: VibrationData.csv (524 rows, 6 parts)
[2026-06-01T08:58:22.479+0000] {subprocess.py:93} INFO -       💾 Saved: TemperatureData.csv (524 rows, 6 parts)
[2026-06-01T08:58:22.480+0000] {subprocess.py:93} INFO - 
[2026-06-01T08:58:22.480+0000] {subprocess.py:93} INFO - 📡 Asset 181 → CAP/POMPE_DE_CIRCULATION_K_604KAP04
[2026-06-01T08:58:22.481+0000] {subprocess.py:93} INFO -       💾 Saved: AccelerationData.csv (400 rows, 5 parts)
[2026-06-01T08:58:22.482+0000] {subprocess.py:93} INFO -       💾 Saved: VibrationData.csv (400 rows, 5 parts)
[2026-06-01T08:58:22.483+0000] {subprocess.py:93} INFO -       💾 Saved: TemperatureData.csv (400 rows, 5 parts)
[2026-06-01T08:58:22.484+0000] {subprocess.py:93} INFO - 
[2026-06-01T08:58:22.485+0000] {subprocess.py:93} INFO - 📡 Asset 185 → CAP/POMPE_DE_CIRCULATION_L_604LAP04
[2026-06-01T08:58:22.486+0000] {subprocess.py:93} INFO -       💾 Saved: AccelerationData.csv (706 rows, 7 parts)
[2026-06-01T08:58:22.490+0000] {subprocess.py:93} INFO -       💾 Saved: VibrationData.csv (706 rows, 7 parts)
[2026-06-01T08:58:22.491+0000] {subprocess.py:93} INFO -       💾 Saved: TemperatureData.csv (706 rows, 7 parts)
[2026-06-01T08:58:22.493+0000] {subprocess.py:93} INFO - 
[2026-06-01T08:58:22.495+0000] {subprocess.py:93} INFO - 📡 Asset 197 → ENGRAIS/Elevateur_607AAT01
[2026-06-01T08:58:22.498+0000] {subprocess.py:93} INFO -       💾 Saved: AccelerationData.csv (745 rows, 8 parts)
[2026-06-01T08:58:22.499+0000] {subprocess.py:93} INFO -       💾 Saved: VibrationData.csv (745 rows, 8 parts)
[2026-06-01T08:58:22.500+0000] {subprocess.py:93} INFO -       💾 Saved: TemperatureData.csv (745 rows, 8 parts)
[2026-06-01T08:58:22.501+0000] {subprocess.py:93} INFO - 
[2026-06-01T08:58:22.502+0000] {subprocess.py:93} INFO - 📡 Asset 201 → ENGRAIS/Elevateur_607AAT04
[2026-06-01T08:58:22.503+0000] {subprocess.py:93} INFO -       💾 Saved: AccelerationData.csv (745 rows, 8 parts)
[2026-06-01T08:58:22.504+0000] {subprocess.py:93} INFO -       💾 Saved: VibrationData.csv (745 rows, 8 parts)
[2026-06-01T08:58:22.506+0000] {subprocess.py:93} INFO -       💾 Saved: TemperatureData.csv (745 rows, 8 parts)
[2026-06-01T08:58:22.507+0000] {subprocess.py:93} INFO - 
[2026-06-01T08:58:22.508+0000] {subprocess.py:93} INFO - 📡 Asset 205 → ENGRAIS/Elevateur_607AAT05
[2026-06-01T08:58:22.509+0000] {subprocess.py:93} INFO -       💾 Saved: AccelerationData.csv (745 rows, 4 parts)
[2026-06-01T08:58:22.514+0000] {subprocess.py:93} INFO -       💾 Saved: VibrationData.csv (745 rows, 4 parts)
[2026-06-01T08:58:22.515+0000] {subprocess.py:93} INFO -       💾 Saved: TemperatureData.csv (745 rows, 4 parts)
[2026-06-01T08:58:22.517+0000] {subprocess.py:93} INFO - 
[2026-06-01T08:58:22.518+0000] {subprocess.py:93} INFO - 📡 Asset 209 → ENGRAIS/Elevateur_607AAT06
[2026-06-01T08:58:22.519+0000] {subprocess.py:93} INFO -       💾 Saved: AccelerationData.csv (745 rows, 8 parts)
[2026-06-01T08:58:22.520+0000] {subprocess.py:93} INFO -       💾 Saved: VibrationData.csv (745 rows, 8 parts)
[2026-06-01T08:58:22.521+0000] {subprocess.py:93} INFO -       💾 Saved: TemperatureData.csv (745 rows, 8 parts)
[2026-06-01T08:58:22.525+0000] {subprocess.py:93} INFO - 
[2026-06-01T08:58:22.528+0000] {subprocess.py:93} INFO - 📡 Asset 213 → ENGRAIS/Enrobeur_607AAM04
[2026-06-01T08:58:22.531+0000] {subprocess.py:93} INFO -       💾 Saved: AccelerationData.csv (725 rows, 8 parts)
[2026-06-01T08:58:22.536+0000] {subprocess.py:93} INFO -       ⚠️ No VibrationData.csv data
[2026-06-01T08:58:22.539+0000] {subprocess.py:93} INFO -       💾 Saved: TemperatureData.csv (725 rows, 8 parts)
[2026-06-01T08:58:22.545+0000] {subprocess.py:93} INFO - 
[2026-06-01T08:58:22.546+0000] {subprocess.py:93} INFO - 📡 Asset 217 → ENGRAIS/Granulateur_607AAM03
[2026-06-01T08:58:22.547+0000] {subprocess.py:93} INFO -       ⚠️ No AccelerationData.csv data
[2026-06-01T08:58:22.547+0000] {subprocess.py:93} INFO -       💾 Saved: VibrationData.csv (745 rows, 8 parts)
[2026-06-01T08:58:22.549+0000] {subprocess.py:93} INFO -       💾 Saved: TemperatureData.csv (745 rows, 8 parts)
[2026-06-01T08:58:22.551+0000] {subprocess.py:93} INFO - 
[2026-06-01T08:58:22.552+0000] {subprocess.py:93} INFO - 📡 Asset 221 → ENGRAIS/Tube_secheur_607AAF02
[2026-06-01T08:58:22.555+0000] {subprocess.py:93} INFO -       💾 Saved: AccelerationData.csv (721 rows, 8 parts)
[2026-06-01T08:58:22.556+0000] {subprocess.py:93} INFO -       ⚠️ No VibrationData.csv data
[2026-06-01T08:58:22.558+0000] {subprocess.py:93} INFO -       💾 Saved: TemperatureData.csv (721 rows, 8 parts)
[2026-06-01T08:58:22.566+0000] {subprocess.py:93} INFO - 
[2026-06-01T08:58:22.567+0000] {subprocess.py:93} INFO - ================================================================================
[2026-06-01T08:58:22.569+0000] {subprocess.py:93} INFO - 📊 FETCH SUMMARY - ALL DEPARTMENTS
[2026-06-01T08:58:22.571+0000] {subprocess.py:93} INFO - ================================================================================
[2026-06-01T08:58:22.573+0000] {subprocess.py:93} INFO - 
[2026-06-01T08:58:22.574+0000] {subprocess.py:93} INFO - ✅ SAP: 3/3 machines
[2026-06-01T08:58:22.577+0000] {subprocess.py:93} INFO - 
[2026-06-01T08:58:22.579+0000] {subprocess.py:93} INFO - ✅ AF: 4/4 machines
[2026-06-01T08:58:22.581+0000] {subprocess.py:93} INFO - 
[2026-06-01T08:58:22.584+0000] {subprocess.py:93} INFO - ✅ CAP: 3/3 machines
[2026-06-01T08:58:22.590+0000] {subprocess.py:93} INFO - 
[2026-06-01T08:58:22.590+0000] {subprocess.py:93} INFO - ✅ ENGRAIS: 7/7 machines
[2026-06-01T08:58:22.678+0000] {subprocess.py:97} INFO - Command exited with return code 0
[2026-06-01T08:58:22.898+0000] {taskinstance.py:1138} INFO - Marking task as SUCCESS. dag_id=i_sense_pipeline, task_id=fetch_isense_data, execution_date=20260531T000000, start_date=20260601T085339, end_date=20260601T085822
[2026-06-01T08:58:23.371+0000] {local_task_job_runner.py:234} INFO - Task exited with return code 0
[2026-06-01T08:58:23.561+0000] {taskinstance.py:3281} INFO - 1 downstream tasks scheduled from follow-on schedule check
