[2026-06-01T23:00:04.787+0000] {taskinstance.py:1957} INFO - Dependencies all met for dep_context=non-requeueable deps ti=<TaskInstance: i_sense_pipeline.fetch_isense_data scheduled__2026-06-01T22:00:00+00:00 [queued]>
[2026-06-01T23:00:04.812+0000] {taskinstance.py:1957} INFO - Dependencies all met for dep_context=requeueable deps ti=<TaskInstance: i_sense_pipeline.fetch_isense_data scheduled__2026-06-01T22:00:00+00:00 [queued]>
[2026-06-01T23:00:04.813+0000] {taskinstance.py:2171} INFO - Starting attempt 1 of 2
[2026-06-01T23:00:04.856+0000] {taskinstance.py:2192} INFO - Executing <Task(BashOperator): fetch_isense_data> on 2026-06-01 22:00:00+00:00
[2026-06-01T23:00:04.867+0000] {standard_task_runner.py:60} INFO - Started process 3303 to run task
[2026-06-01T23:00:04.874+0000] {standard_task_runner.py:87} INFO - Running: ['***', 'tasks', 'run', 'i_sense_pipeline', 'fetch_isense_data', 'scheduled__2026-06-01T22:00:00+00:00', '--job-id', '43', '--raw', '--subdir', 'DAGS_FOLDER/i_sense_pipeline.py', '--cfg-path', '/tmp/tmp0138y9ow']
[2026-06-01T23:00:04.879+0000] {standard_task_runner.py:88} INFO - Job 43: Subtask fetch_isense_data
[2026-06-01T23:00:05.001+0000] {task_command.py:423} INFO - Running <TaskInstance: i_sense_pipeline.fetch_isense_data scheduled__2026-06-01T22:00:00+00:00 [running]> on host 01e32c6f7b55
[2026-06-01T23:00:05.174+0000] {taskinstance.py:2481} INFO - Exporting env vars: AIRFLOW_CTX_DAG_OWNER='data_team' AIRFLOW_CTX_DAG_ID='i_sense_pipeline' AIRFLOW_CTX_TASK_ID='fetch_isense_data' AIRFLOW_CTX_EXECUTION_DATE='2026-06-01T22:00:00+00:00' AIRFLOW_CTX_TRY_NUMBER='1' AIRFLOW_CTX_DAG_RUN_ID='scheduled__2026-06-01T22:00:00+00:00'
[2026-06-01T23:00:05.178+0000] {subprocess.py:63} INFO - Tmp dir root location: /tmp
[2026-06-01T23:00:05.180+0000] {subprocess.py:75} INFO - Running command: ['/usr/bin/bash', '-c', 'python /opt/***/scripts/fetch_isense.py']
[2026-06-01T23:00:05.197+0000] {subprocess.py:86} INFO - Output:
[2026-06-01T23:01:08.837+0000] {subprocess.py:93} INFO - 
[2026-06-01T23:01:08.839+0000] {subprocess.py:93} INFO - ================================================================================
[2026-06-01T23:01:08.841+0000] {subprocess.py:93} INFO - 🏭 i-SENSE COMPLETE DATA FETCHER
[2026-06-01T23:01:08.843+0000] {subprocess.py:93} INFO -    SAP | AF | CAP | ENGRAIS
[2026-06-01T23:01:08.845+0000] {subprocess.py:93} INFO - ================================================================================
[2026-06-01T23:01:08.849+0000] {subprocess.py:93} INFO - 
[2026-06-01T23:01:08.851+0000] {subprocess.py:93} INFO - ================================================================================
[2026-06-01T23:01:08.853+0000] {subprocess.py:93} INFO - 🚀 FETCHING DATA FOR ALL DEPARTMENTS
[2026-06-01T23:01:08.855+0000] {subprocess.py:93} INFO -    Total machines: 17
[2026-06-01T23:01:08.856+0000] {subprocess.py:93} INFO - ================================================================================
[2026-06-01T23:01:08.857+0000] {subprocess.py:93} INFO - ✅ Logged in successfully
[2026-06-01T23:01:08.864+0000] {subprocess.py:93} INFO - 
[2026-06-01T23:01:08.876+0000] {subprocess.py:93} INFO - 📡 Asset 153 → SAP/Pompe_HRS_601ABP04
[2026-06-01T23:01:08.877+0000] {subprocess.py:93} INFO -       💾 Saved: AccelerationData.csv (745 rows, 3 parts)
[2026-06-01T23:01:08.878+0000] {subprocess.py:93} INFO -       💾 Saved: VibrationData.csv (745 rows, 3 parts)
[2026-06-01T23:01:08.879+0000] {subprocess.py:93} INFO -       💾 Saved: TemperatureData.csv (745 rows, 3 parts)
[2026-06-01T23:01:08.881+0000] {subprocess.py:93} INFO - 
[2026-06-01T23:01:08.882+0000] {subprocess.py:93} INFO - 📡 Asset 156 → SAP/Pompe_circulation_bac_commun_601AAP01
[2026-06-01T23:01:08.885+0000] {subprocess.py:93} INFO -       💾 Saved: AccelerationData.csv (745 rows, 2 parts)
[2026-06-01T23:01:08.886+0000] {subprocess.py:93} INFO -       💾 Saved: VibrationData.csv (745 rows, 2 parts)
[2026-06-01T23:01:08.887+0000] {subprocess.py:93} INFO -       💾 Saved: TemperatureData.csv (745 rows, 2 parts)
[2026-06-01T23:01:08.888+0000] {subprocess.py:93} INFO - 
[2026-06-01T23:01:08.889+0000] {subprocess.py:93} INFO - 📡 Asset 159 → SAP/Pompe_circulation_bac_commun_601AAP02
[2026-06-01T23:01:08.890+0000] {subprocess.py:93} INFO -       💾 Saved: AccelerationData.csv (503 rows, 3 parts)
[2026-06-01T23:01:08.891+0000] {subprocess.py:93} INFO -       💾 Saved: VibrationData.csv (503 rows, 3 parts)
[2026-06-01T23:01:08.892+0000] {subprocess.py:93} INFO -       💾 Saved: TemperatureData.csv (503 rows, 3 parts)
[2026-06-01T23:01:08.895+0000] {subprocess.py:93} INFO - 
[2026-06-01T23:01:08.896+0000] {subprocess.py:93} INFO - 📡 Asset 168 → AF/POMPE_A_VIDE_603AAC01
[2026-06-01T23:01:08.898+0000] {subprocess.py:93} INFO -       💾 Saved: AccelerationData.csv (745 rows, 1 parts)
[2026-06-01T23:01:08.898+0000] {subprocess.py:93} INFO -       💾 Saved: VibrationData.csv (745 rows, 1 parts)
[2026-06-01T23:01:08.899+0000] {subprocess.py:93} INFO -       💾 Saved: TemperatureData.csv (745 rows, 1 parts)
[2026-06-01T23:01:08.901+0000] {subprocess.py:93} INFO - 
[2026-06-01T23:01:08.902+0000] {subprocess.py:93} INFO - 📡 Asset 171 → AF/POMPE_A_VIDE_603AAC06
[2026-06-01T23:01:08.903+0000] {subprocess.py:93} INFO -       💾 Saved: AccelerationData.csv (745 rows, 4 parts)
[2026-06-01T23:01:08.904+0000] {subprocess.py:93} INFO -       💾 Saved: VibrationData.csv (745 rows, 4 parts)
[2026-06-01T23:01:08.905+0000] {subprocess.py:93} INFO -       💾 Saved: TemperatureData.csv (745 rows, 4 parts)
[2026-06-01T23:01:08.906+0000] {subprocess.py:93} INFO - 
[2026-06-01T23:01:08.906+0000] {subprocess.py:93} INFO - 📡 Asset 174 → AF/POMPE_A_VIDE_603ABC06
[2026-06-01T23:01:08.907+0000] {subprocess.py:93} INFO -       💾 Saved: AccelerationData.csv (745 rows, 4 parts)
[2026-06-01T23:01:08.908+0000] {subprocess.py:93} INFO -       💾 Saved: VibrationData.csv (745 rows, 4 parts)
[2026-06-01T23:01:08.909+0000] {subprocess.py:93} INFO -       💾 Saved: TemperatureData.csv (745 rows, 4 parts)
[2026-06-01T23:01:08.909+0000] {subprocess.py:93} INFO - 
[2026-06-01T23:01:08.911+0000] {subprocess.py:93} INFO - 📡 Asset 193 → AF/POMPE_B_FLASH_COOLER_603ABP01
[2026-06-01T23:01:08.912+0000] {subprocess.py:93} INFO -       💾 Saved: AccelerationData.csv (611 rows, 4 parts)
[2026-06-01T23:01:08.912+0000] {subprocess.py:93} INFO -       💾 Saved: VibrationData.csv (611 rows, 4 parts)
[2026-06-01T23:01:08.914+0000] {subprocess.py:93} INFO -       💾 Saved: TemperatureData.csv (611 rows, 4 parts)
[2026-06-01T23:01:08.915+0000] {subprocess.py:93} INFO - 
[2026-06-01T23:01:08.915+0000] {subprocess.py:93} INFO - 📡 Asset 177 → CAP/POMPE_DE_CIRCULATION_J_604JAP04
[2026-06-01T23:01:08.916+0000] {subprocess.py:93} INFO -       💾 Saved: AccelerationData.csv (524 rows, 6 parts)
[2026-06-01T23:01:08.917+0000] {subprocess.py:93} INFO -       💾 Saved: VibrationData.csv (524 rows, 6 parts)
[2026-06-01T23:01:08.919+0000] {subprocess.py:93} INFO -       💾 Saved: TemperatureData.csv (524 rows, 6 parts)
[2026-06-01T23:01:08.920+0000] {subprocess.py:93} INFO - 
[2026-06-01T23:01:08.921+0000] {subprocess.py:93} INFO - 📡 Asset 181 → CAP/POMPE_DE_CIRCULATION_K_604KAP04
[2026-06-01T23:01:08.922+0000] {subprocess.py:93} INFO -       💾 Saved: AccelerationData.csv (400 rows, 5 parts)
[2026-06-01T23:01:08.923+0000] {subprocess.py:93} INFO -       💾 Saved: VibrationData.csv (400 rows, 5 parts)
[2026-06-01T23:01:08.924+0000] {subprocess.py:93} INFO -       💾 Saved: TemperatureData.csv (400 rows, 5 parts)
[2026-06-01T23:01:08.925+0000] {subprocess.py:93} INFO - 
[2026-06-01T23:01:08.925+0000] {subprocess.py:93} INFO - 📡 Asset 185 → CAP/POMPE_DE_CIRCULATION_L_604LAP04
[2026-06-01T23:01:08.926+0000] {subprocess.py:93} INFO -       💾 Saved: AccelerationData.csv (705 rows, 7 parts)
[2026-06-01T23:01:08.927+0000] {subprocess.py:93} INFO -       💾 Saved: VibrationData.csv (705 rows, 7 parts)
[2026-06-01T23:01:08.928+0000] {subprocess.py:93} INFO -       💾 Saved: TemperatureData.csv (705 rows, 7 parts)
[2026-06-01T23:01:08.929+0000] {subprocess.py:93} INFO - 
[2026-06-01T23:01:08.929+0000] {subprocess.py:93} INFO - 📡 Asset 197 → ENGRAIS/Elevateur_607AAT01
[2026-06-01T23:01:08.930+0000] {subprocess.py:93} INFO -       💾 Saved: AccelerationData.csv (745 rows, 8 parts)
[2026-06-01T23:01:08.931+0000] {subprocess.py:93} INFO -       💾 Saved: VibrationData.csv (745 rows, 8 parts)
[2026-06-01T23:01:08.932+0000] {subprocess.py:93} INFO -       💾 Saved: TemperatureData.csv (745 rows, 8 parts)
[2026-06-01T23:01:08.934+0000] {subprocess.py:93} INFO - 
[2026-06-01T23:01:08.936+0000] {subprocess.py:93} INFO - 📡 Asset 201 → ENGRAIS/Elevateur_607AAT04
[2026-06-01T23:01:08.937+0000] {subprocess.py:93} INFO -       💾 Saved: AccelerationData.csv (745 rows, 8 parts)
[2026-06-01T23:01:08.938+0000] {subprocess.py:93} INFO -       💾 Saved: VibrationData.csv (745 rows, 8 parts)
[2026-06-01T23:01:08.939+0000] {subprocess.py:93} INFO -       💾 Saved: TemperatureData.csv (745 rows, 8 parts)
[2026-06-01T23:01:08.940+0000] {subprocess.py:93} INFO - 
[2026-06-01T23:01:08.940+0000] {subprocess.py:93} INFO - 📡 Asset 205 → ENGRAIS/Elevateur_607AAT05
[2026-06-01T23:01:08.941+0000] {subprocess.py:93} INFO -       💾 Saved: AccelerationData.csv (745 rows, 4 parts)
[2026-06-01T23:01:08.942+0000] {subprocess.py:93} INFO -       💾 Saved: VibrationData.csv (745 rows, 4 parts)
[2026-06-01T23:01:08.945+0000] {subprocess.py:93} INFO -       💾 Saved: TemperatureData.csv (745 rows, 4 parts)
[2026-06-01T23:01:08.946+0000] {subprocess.py:93} INFO - 
[2026-06-01T23:01:08.946+0000] {subprocess.py:93} INFO - 📡 Asset 209 → ENGRAIS/Elevateur_607AAT06
[2026-06-01T23:01:08.947+0000] {subprocess.py:93} INFO -       💾 Saved: AccelerationData.csv (745 rows, 8 parts)
[2026-06-01T23:01:08.948+0000] {subprocess.py:93} INFO -       💾 Saved: VibrationData.csv (745 rows, 8 parts)
[2026-06-01T23:01:08.949+0000] {subprocess.py:93} INFO -       💾 Saved: TemperatureData.csv (745 rows, 8 parts)
[2026-06-01T23:01:08.951+0000] {subprocess.py:93} INFO - 
[2026-06-01T23:01:08.952+0000] {subprocess.py:93} INFO - 📡 Asset 213 → ENGRAIS/Enrobeur_607AAM04
[2026-06-01T23:01:08.953+0000] {subprocess.py:93} INFO -       💾 Saved: AccelerationData.csv (725 rows, 8 parts)
[2026-06-01T23:01:08.954+0000] {subprocess.py:93} INFO -       💾 Saved: VibrationData.csv (725 rows, 8 parts)
[2026-06-01T23:01:08.955+0000] {subprocess.py:93} INFO -       💾 Saved: TemperatureData.csv (725 rows, 8 parts)
[2026-06-01T23:01:08.956+0000] {subprocess.py:93} INFO - 
[2026-06-01T23:01:08.957+0000] {subprocess.py:93} INFO - 📡 Asset 217 → ENGRAIS/Granulateur_607AAM03
[2026-06-01T23:01:08.958+0000] {subprocess.py:93} INFO -       💾 Saved: AccelerationData.csv (745 rows, 8 parts)
[2026-06-01T23:01:08.959+0000] {subprocess.py:93} INFO -       💾 Saved: VibrationData.csv (745 rows, 8 parts)
[2026-06-01T23:01:08.960+0000] {subprocess.py:93} INFO -       💾 Saved: TemperatureData.csv (745 rows, 8 parts)
[2026-06-01T23:01:08.960+0000] {subprocess.py:93} INFO - 
[2026-06-01T23:01:08.961+0000] {subprocess.py:93} INFO - 📡 Asset 221 → ENGRAIS/Tube_secheur_607AAF02
[2026-06-01T23:01:08.962+0000] {subprocess.py:93} INFO -       💾 Saved: AccelerationData.csv (721 rows, 8 parts)
[2026-06-01T23:01:08.962+0000] {subprocess.py:93} INFO -       💾 Saved: VibrationData.csv (721 rows, 8 parts)
[2026-06-01T23:01:08.963+0000] {subprocess.py:93} INFO -       💾 Saved: TemperatureData.csv (721 rows, 8 parts)
[2026-06-01T23:01:08.964+0000] {subprocess.py:93} INFO - 
[2026-06-01T23:01:08.965+0000] {subprocess.py:93} INFO - ================================================================================
[2026-06-01T23:01:08.966+0000] {subprocess.py:93} INFO - 📊 FETCH SUMMARY - ALL DEPARTMENTS
[2026-06-01T23:01:08.968+0000] {subprocess.py:93} INFO - ================================================================================
[2026-06-01T23:01:08.968+0000] {subprocess.py:93} INFO - 
[2026-06-01T23:01:08.969+0000] {subprocess.py:93} INFO - ✅ SAP: 3/3 machines
[2026-06-01T23:01:08.970+0000] {subprocess.py:93} INFO - 
[2026-06-01T23:01:08.971+0000] {subprocess.py:93} INFO - ✅ AF: 4/4 machines
[2026-06-01T23:01:08.972+0000] {subprocess.py:93} INFO - 
[2026-06-01T23:01:08.972+0000] {subprocess.py:93} INFO - ✅ CAP: 3/3 machines
[2026-06-01T23:01:08.973+0000] {subprocess.py:93} INFO - 
[2026-06-01T23:01:08.974+0000] {subprocess.py:93} INFO - ✅ ENGRAIS: 7/7 machines
[2026-06-01T23:01:09.033+0000] {subprocess.py:97} INFO - Command exited with return code 0
[2026-06-01T23:01:09.074+0000] {taskinstance.py:1138} INFO - Marking task as SUCCESS. dag_id=i_sense_pipeline, task_id=fetch_isense_data, execution_date=20260601T220000, start_date=20260601T230004, end_date=20260601T230109
[2026-06-01T23:01:09.140+0000] {local_task_job_runner.py:234} INFO - Task exited with return code 0
[2026-06-01T23:01:09.208+0000] {taskinstance.py:3281} INFO - 1 downstream tasks scheduled from follow-on schedule check
