[2026-06-01T10:41:42.455+0000] {taskinstance.py:1957} INFO - Dependencies all met for dep_context=non-requeueable deps ti=<TaskInstance: i_sense_pipeline.fetch_isense_data manual__2026-06-01T10:41:40.543447+00:00 [queued]>
[2026-06-01T10:41:42.467+0000] {taskinstance.py:1957} INFO - Dependencies all met for dep_context=requeueable deps ti=<TaskInstance: i_sense_pipeline.fetch_isense_data manual__2026-06-01T10:41:40.543447+00:00 [queued]>
[2026-06-01T10:41:42.468+0000] {taskinstance.py:2171} INFO - Starting attempt 1 of 2
[2026-06-01T10:41:42.489+0000] {taskinstance.py:2192} INFO - Executing <Task(BashOperator): fetch_isense_data> on 2026-06-01 10:41:40.543447+00:00
[2026-06-01T10:41:42.496+0000] {standard_task_runner.py:60} INFO - Started process 185 to run task
[2026-06-01T10:41:42.503+0000] {standard_task_runner.py:87} INFO - Running: ['***', 'tasks', 'run', 'i_sense_pipeline', 'fetch_isense_data', 'manual__2026-06-01T10:41:40.543447+00:00', '--job-id', '28', '--raw', '--subdir', 'DAGS_FOLDER/i_sense_pipeline.py', '--cfg-path', '/tmp/tmp7wxw4pzo']
[2026-06-01T10:41:42.507+0000] {standard_task_runner.py:88} INFO - Job 28: Subtask fetch_isense_data
[2026-06-01T10:41:42.587+0000] {task_command.py:423} INFO - Running <TaskInstance: i_sense_pipeline.fetch_isense_data manual__2026-06-01T10:41:40.543447+00:00 [running]> on host df1f9e41c6bf
[2026-06-01T10:41:42.711+0000] {taskinstance.py:2481} INFO - Exporting env vars: AIRFLOW_CTX_DAG_OWNER='data_team' AIRFLOW_CTX_DAG_ID='i_sense_pipeline' AIRFLOW_CTX_TASK_ID='fetch_isense_data' AIRFLOW_CTX_EXECUTION_DATE='2026-06-01T10:41:40.543447+00:00' AIRFLOW_CTX_TRY_NUMBER='1' AIRFLOW_CTX_DAG_RUN_ID='manual__2026-06-01T10:41:40.543447+00:00'
[2026-06-01T10:41:42.714+0000] {subprocess.py:63} INFO - Tmp dir root location: /tmp
[2026-06-01T10:41:42.717+0000] {subprocess.py:75} INFO - Running command: ['/usr/bin/bash', '-c', 'python /opt/***/scripts/fetch_isense.py']
[2026-06-01T10:41:42.732+0000] {subprocess.py:86} INFO - Output:
[2026-06-01T10:44:07.020+0000] {subprocess.py:93} INFO - 
[2026-06-01T10:44:07.021+0000] {subprocess.py:93} INFO - ================================================================================
[2026-06-01T10:44:07.024+0000] {subprocess.py:93} INFO - 🏭 i-SENSE COMPLETE DATA FETCHER
[2026-06-01T10:44:07.025+0000] {subprocess.py:93} INFO -    SAP | AF | CAP | ENGRAIS
[2026-06-01T10:44:07.026+0000] {subprocess.py:93} INFO - ================================================================================
[2026-06-01T10:44:07.027+0000] {subprocess.py:93} INFO - 
[2026-06-01T10:44:07.029+0000] {subprocess.py:93} INFO - ================================================================================
[2026-06-01T10:44:07.031+0000] {subprocess.py:93} INFO - 🚀 FETCHING DATA FOR ALL DEPARTMENTS
[2026-06-01T10:44:07.032+0000] {subprocess.py:93} INFO -    Total machines: 17
[2026-06-01T10:44:07.035+0000] {subprocess.py:93} INFO - ================================================================================
[2026-06-01T10:44:07.037+0000] {subprocess.py:93} INFO - ✅ Logged in successfully
[2026-06-01T10:44:07.038+0000] {subprocess.py:93} INFO - 
[2026-06-01T10:44:07.040+0000] {subprocess.py:93} INFO - 📡 Asset 153 → SAP/Pompe_HRS_601ABP04
[2026-06-01T10:44:07.042+0000] {subprocess.py:93} INFO -       💾 Saved: AccelerationData.csv (745 rows, 3 parts)
[2026-06-01T10:44:07.043+0000] {subprocess.py:93} INFO -       💾 Saved: VibrationData.csv (745 rows, 3 parts)
[2026-06-01T10:44:07.044+0000] {subprocess.py:93} INFO -       💾 Saved: TemperatureData.csv (745 rows, 3 parts)
[2026-06-01T10:44:07.045+0000] {subprocess.py:93} INFO - 
[2026-06-01T10:44:07.047+0000] {subprocess.py:93} INFO - 📡 Asset 156 → SAP/Pompe_circulation_bac_commun_601AAP01
[2026-06-01T10:44:07.048+0000] {subprocess.py:93} INFO -       💾 Saved: AccelerationData.csv (745 rows, 2 parts)
[2026-06-01T10:44:07.050+0000] {subprocess.py:93} INFO -       💾 Saved: VibrationData.csv (745 rows, 2 parts)
[2026-06-01T10:44:07.051+0000] {subprocess.py:93} INFO -       💾 Saved: TemperatureData.csv (745 rows, 2 parts)
[2026-06-01T10:44:07.052+0000] {subprocess.py:93} INFO - 
[2026-06-01T10:44:07.053+0000] {subprocess.py:93} INFO - 📡 Asset 159 → SAP/Pompe_circulation_bac_commun_601AAP02
[2026-06-01T10:44:07.054+0000] {subprocess.py:93} INFO -       💾 Saved: AccelerationData.csv (490 rows, 3 parts)
[2026-06-01T10:44:07.055+0000] {subprocess.py:93} INFO -       💾 Saved: VibrationData.csv (490 rows, 3 parts)
[2026-06-01T10:44:07.057+0000] {subprocess.py:93} INFO -       💾 Saved: TemperatureData.csv (490 rows, 3 parts)
[2026-06-01T10:44:07.058+0000] {subprocess.py:93} INFO - 
[2026-06-01T10:44:07.060+0000] {subprocess.py:93} INFO - 📡 Asset 168 → AF/POMPE_A_VIDE_603AAC01
[2026-06-01T10:44:07.062+0000] {subprocess.py:93} INFO -       💾 Saved: AccelerationData.csv (745 rows, 1 parts)
[2026-06-01T10:44:07.065+0000] {subprocess.py:93} INFO -       💾 Saved: VibrationData.csv (745 rows, 1 parts)
[2026-06-01T10:44:07.066+0000] {subprocess.py:93} INFO -       💾 Saved: TemperatureData.csv (745 rows, 1 parts)
[2026-06-01T10:44:07.067+0000] {subprocess.py:93} INFO - 
[2026-06-01T10:44:07.069+0000] {subprocess.py:93} INFO - 📡 Asset 171 → AF/POMPE_A_VIDE_603AAC06
[2026-06-01T10:44:07.070+0000] {subprocess.py:93} INFO -       💾 Saved: AccelerationData.csv (745 rows, 4 parts)
[2026-06-01T10:44:07.070+0000] {subprocess.py:93} INFO -       💾 Saved: VibrationData.csv (745 rows, 4 parts)
[2026-06-01T10:44:07.072+0000] {subprocess.py:93} INFO -       💾 Saved: TemperatureData.csv (745 rows, 4 parts)
[2026-06-01T10:44:07.073+0000] {subprocess.py:93} INFO - 
[2026-06-01T10:44:07.080+0000] {subprocess.py:93} INFO - 📡 Asset 174 → AF/POMPE_A_VIDE_603ABC06
[2026-06-01T10:44:07.082+0000] {subprocess.py:93} INFO -       💾 Saved: AccelerationData.csv (745 rows, 4 parts)
[2026-06-01T10:44:07.084+0000] {subprocess.py:93} INFO -       💾 Saved: VibrationData.csv (745 rows, 4 parts)
[2026-06-01T10:44:07.085+0000] {subprocess.py:93} INFO -       💾 Saved: TemperatureData.csv (745 rows, 4 parts)
[2026-06-01T10:44:07.087+0000] {subprocess.py:93} INFO - 
[2026-06-01T10:44:07.090+0000] {subprocess.py:93} INFO - 📡 Asset 193 → AF/POMPE_B_FLASH_COOLER_603ABP01
[2026-06-01T10:44:07.091+0000] {subprocess.py:93} INFO -       💾 Saved: AccelerationData.csv (599 rows, 4 parts)
[2026-06-01T10:44:07.093+0000] {subprocess.py:93} INFO -       💾 Saved: VibrationData.csv (599 rows, 4 parts)
[2026-06-01T10:44:07.101+0000] {subprocess.py:93} INFO -       💾 Saved: TemperatureData.csv (599 rows, 4 parts)
[2026-06-01T10:44:07.107+0000] {subprocess.py:93} INFO - 
[2026-06-01T10:44:07.109+0000] {subprocess.py:93} INFO - 📡 Asset 177 → CAP/POMPE_DE_CIRCULATION_J_604JAP04
[2026-06-01T10:44:07.112+0000] {subprocess.py:93} INFO -       💾 Saved: AccelerationData.csv (524 rows, 6 parts)
[2026-06-01T10:44:07.116+0000] {subprocess.py:93} INFO -       💾 Saved: VibrationData.csv (524 rows, 6 parts)
[2026-06-01T10:44:07.118+0000] {subprocess.py:93} INFO -       💾 Saved: TemperatureData.csv (524 rows, 6 parts)
[2026-06-01T10:44:07.120+0000] {subprocess.py:93} INFO - 
[2026-06-01T10:44:07.122+0000] {subprocess.py:93} INFO - 📡 Asset 181 → CAP/POMPE_DE_CIRCULATION_K_604KAP04
[2026-06-01T10:44:07.124+0000] {subprocess.py:93} INFO -       💾 Saved: AccelerationData.csv (400 rows, 5 parts)
[2026-06-01T10:44:07.125+0000] {subprocess.py:93} INFO -       💾 Saved: VibrationData.csv (400 rows, 5 parts)
[2026-06-01T10:44:07.136+0000] {subprocess.py:93} INFO -       💾 Saved: TemperatureData.csv (400 rows, 5 parts)
[2026-06-01T10:44:07.138+0000] {subprocess.py:93} INFO - 
[2026-06-01T10:44:07.141+0000] {subprocess.py:93} INFO - 📡 Asset 185 → CAP/POMPE_DE_CIRCULATION_L_604LAP04
[2026-06-01T10:44:07.145+0000] {subprocess.py:93} INFO -       💾 Saved: AccelerationData.csv (706 rows, 7 parts)
[2026-06-01T10:44:07.146+0000] {subprocess.py:93} INFO -       💾 Saved: VibrationData.csv (706 rows, 7 parts)
[2026-06-01T10:44:07.147+0000] {subprocess.py:93} INFO -       💾 Saved: TemperatureData.csv (706 rows, 7 parts)
[2026-06-01T10:44:07.149+0000] {subprocess.py:93} INFO - 
[2026-06-01T10:44:07.152+0000] {subprocess.py:93} INFO - 📡 Asset 197 → ENGRAIS/Elevateur_607AAT01
[2026-06-01T10:44:07.153+0000] {subprocess.py:93} INFO -       💾 Saved: AccelerationData.csv (745 rows, 8 parts)
[2026-06-01T10:44:07.154+0000] {subprocess.py:93} INFO -       💾 Saved: VibrationData.csv (745 rows, 8 parts)
[2026-06-01T10:44:07.156+0000] {subprocess.py:93} INFO -       💾 Saved: TemperatureData.csv (745 rows, 8 parts)
[2026-06-01T10:44:07.158+0000] {subprocess.py:93} INFO - 
[2026-06-01T10:44:07.162+0000] {subprocess.py:93} INFO - 📡 Asset 201 → ENGRAIS/Elevateur_607AAT04
[2026-06-01T10:44:07.165+0000] {subprocess.py:93} INFO -       💾 Saved: AccelerationData.csv (745 rows, 8 parts)
[2026-06-01T10:44:07.167+0000] {subprocess.py:93} INFO -       💾 Saved: VibrationData.csv (745 rows, 8 parts)
[2026-06-01T10:44:07.167+0000] {subprocess.py:93} INFO -       💾 Saved: TemperatureData.csv (745 rows, 8 parts)
[2026-06-01T10:44:07.169+0000] {subprocess.py:93} INFO - 
[2026-06-01T10:44:07.170+0000] {subprocess.py:93} INFO - 📡 Asset 205 → ENGRAIS/Elevateur_607AAT05
[2026-06-01T10:44:07.171+0000] {subprocess.py:93} INFO -       💾 Saved: AccelerationData.csv (745 rows, 4 parts)
[2026-06-01T10:44:07.172+0000] {subprocess.py:93} INFO -       💾 Saved: VibrationData.csv (745 rows, 4 parts)
[2026-06-01T10:44:07.174+0000] {subprocess.py:93} INFO -       💾 Saved: TemperatureData.csv (745 rows, 4 parts)
[2026-06-01T10:44:07.178+0000] {subprocess.py:93} INFO - 
[2026-06-01T10:44:07.184+0000] {subprocess.py:93} INFO - 📡 Asset 209 → ENGRAIS/Elevateur_607AAT06
[2026-06-01T10:44:07.189+0000] {subprocess.py:93} INFO -       💾 Saved: AccelerationData.csv (745 rows, 8 parts)
[2026-06-01T10:44:07.192+0000] {subprocess.py:93} INFO -       💾 Saved: VibrationData.csv (745 rows, 8 parts)
[2026-06-01T10:44:07.197+0000] {subprocess.py:93} INFO -       💾 Saved: TemperatureData.csv (745 rows, 8 parts)
[2026-06-01T10:44:07.199+0000] {subprocess.py:93} INFO - 
[2026-06-01T10:44:07.203+0000] {subprocess.py:93} INFO - 📡 Asset 213 → ENGRAIS/Enrobeur_607AAM04
[2026-06-01T10:44:07.213+0000] {subprocess.py:93} INFO -       💾 Saved: AccelerationData.csv (725 rows, 8 parts)
[2026-06-01T10:44:07.216+0000] {subprocess.py:93} INFO -       💾 Saved: VibrationData.csv (725 rows, 8 parts)
[2026-06-01T10:44:07.217+0000] {subprocess.py:93} INFO -       💾 Saved: TemperatureData.csv (725 rows, 8 parts)
[2026-06-01T10:44:07.218+0000] {subprocess.py:93} INFO - 
[2026-06-01T10:44:07.219+0000] {subprocess.py:93} INFO - 📡 Asset 217 → ENGRAIS/Granulateur_607AAM03
[2026-06-01T10:44:07.221+0000] {subprocess.py:93} INFO -       💾 Saved: AccelerationData.csv (745 rows, 8 parts)
[2026-06-01T10:44:07.223+0000] {subprocess.py:93} INFO -       💾 Saved: VibrationData.csv (745 rows, 8 parts)
[2026-06-01T10:44:07.227+0000] {subprocess.py:93} INFO -       💾 Saved: TemperatureData.csv (745 rows, 8 parts)
[2026-06-01T10:44:07.231+0000] {subprocess.py:93} INFO - 
[2026-06-01T10:44:07.234+0000] {subprocess.py:93} INFO - 📡 Asset 221 → ENGRAIS/Tube_secheur_607AAF02
[2026-06-01T10:44:07.235+0000] {subprocess.py:93} INFO -       💾 Saved: AccelerationData.csv (721 rows, 8 parts)
[2026-06-01T10:44:07.236+0000] {subprocess.py:93} INFO -       💾 Saved: VibrationData.csv (721 rows, 8 parts)
[2026-06-01T10:44:07.238+0000] {subprocess.py:93} INFO -       💾 Saved: TemperatureData.csv (721 rows, 8 parts)
[2026-06-01T10:44:07.239+0000] {subprocess.py:93} INFO - 
[2026-06-01T10:44:07.240+0000] {subprocess.py:93} INFO - ================================================================================
[2026-06-01T10:44:07.240+0000] {subprocess.py:93} INFO - 📊 FETCH SUMMARY - ALL DEPARTMENTS
[2026-06-01T10:44:07.242+0000] {subprocess.py:93} INFO - ================================================================================
[2026-06-01T10:44:07.243+0000] {subprocess.py:93} INFO - 
[2026-06-01T10:44:07.244+0000] {subprocess.py:93} INFO - ✅ SAP: 3/3 machines
[2026-06-01T10:44:07.245+0000] {subprocess.py:93} INFO - 
[2026-06-01T10:44:07.245+0000] {subprocess.py:93} INFO - ✅ AF: 4/4 machines
[2026-06-01T10:44:07.246+0000] {subprocess.py:93} INFO - 
[2026-06-01T10:44:07.247+0000] {subprocess.py:93} INFO - ✅ CAP: 3/3 machines
[2026-06-01T10:44:07.248+0000] {subprocess.py:93} INFO - 
[2026-06-01T10:44:07.250+0000] {subprocess.py:93} INFO - ✅ ENGRAIS: 7/7 machines
[2026-06-01T10:44:07.280+0000] {subprocess.py:97} INFO - Command exited with return code 0
[2026-06-01T10:44:07.358+0000] {taskinstance.py:1138} INFO - Marking task as SUCCESS. dag_id=i_sense_pipeline, task_id=fetch_isense_data, execution_date=20260601T104140, start_date=20260601T104142, end_date=20260601T104407
[2026-06-01T10:44:07.442+0000] {local_task_job_runner.py:234} INFO - Task exited with return code 0
[2026-06-01T10:44:07.543+0000] {taskinstance.py:3281} INFO - 1 downstream tasks scheduled from follow-on schedule check
